--- Running Timestamp#172NN/TimestampNN, strategy: relancer
[ERR MSG]: OrderedDict([('project', 'Timestamp#172NN'), ('notebook', 'TimestampNN'), ('text', '  File "TimestampNN.py", line 2, in <module>\n    pd.Timestamp(\'2017-01-01T12\',  None,  None,  None, fold=None, minute=None, microsecond=None, hour=None, day=None, nanosecond=None, month=None, second=None, year=None)\n  File "pandas/_libs/tslibs/timestamps.pyx", line 1523, in pandas._libs.tslibs.timestamps.Timestamp.__new__\nTypeError: __new__() got multiple values for keyword argument \'day\'\n')])
  File "TimestampNN.py", line 2, in <module>
Error inducing API short name: Timestamp, line no: 2
Error inducing API fqn: pandas.Timestamp, line no: 2
*** TypeError: PLACEHOLDER
Repair Action: arg_name
Key Params: ['IMPLICIT_0', 'IMPLICIT_1', 'IMPLICIT_2', 'IMPLICIT_3', 'fold', 'minute', 'microsecond', 'hour', 'day', 'nanosecond', 'month', 'second', 'year']
Prev Params: None
Prev Repair Action: None
Line No: 2
Prev Line No: 0
GitHub Candidates:
[]
KP:['IMPLICIT_0', 'IMPLICIT_1', 'IMPLICIT_2', 'IMPLICIT_3', 'fold', 'minute', 'microsecond', 'hour', 'day', 'nanosecond', 'month', 'second', 'year']
EXPP: ['IMPLICIT_0', 'IMPLICIT_1', 'IMPLICIT_2', 'IMPLICIT_3', 'fold', 'minute', 'microsecond', 'hour', 'day', 'nanosecond', 'month', 'second', 'year']
APIDoc Candidates:
[]
All Solution Candidates:
[]
[INFO] This case cannot be fixed!


real	0m0.655s
user	0m1.580s
sys	0m5.408s
