--- Running scipy.sparse.linalg.qmr#43NN/qmrNN, strategy: relancer
[ERR MSG]: OrderedDict([('project', 'scipy.sparse.linalg.qmr#43NN'), ('notebook', 'qmrNN'), ('text', '  File "qmrNN.py", line 6, in <module>\n    result = qmr(A,  b,  x0,  1e-05,  None,  None,  None,  None,  None)\nTypeError: qmr() takes from 2 to 8 positional arguments but 9 were given\n')])
  File "qmrNN.py", line 6, in <module>
Error inducing API short name: qmr, line no: 6
Error inducing API fqn: scipy.sparse.linalg.qmr, line no: 6
*** TypeError: PLACEHOLDER
Repair Action: arg_name
Key Params: ['IMPLICIT_0', 'IMPLICIT_1', 'IMPLICIT_2', 'IMPLICIT_3', 'IMPLICIT_4', 'IMPLICIT_5', 'IMPLICIT_6', 'IMPLICIT_7', 'IMPLICIT_8']
Prev Params: None
Prev Repair Action: None
Line No: 6
Prev Line No: 0
GitHub Candidates:
[]
KP:['IMPLICIT_0', 'IMPLICIT_1', 'IMPLICIT_2', 'IMPLICIT_3', 'IMPLICIT_4', 'IMPLICIT_5', 'IMPLICIT_6', 'IMPLICIT_7', 'IMPLICIT_8']
EXPP: ['IMPLICIT_0', 'IMPLICIT_1', 'IMPLICIT_2', 'IMPLICIT_3', 'IMPLICIT_4', 'IMPLICIT_5', 'IMPLICIT_6', 'IMPLICIT_7', 'IMPLICIT_8']
APIDoc Candidates:
[]
All Solution Candidates:
[]
[INFO] This case cannot be fixed!


real	0m0.756s
user	0m1.537s
sys	0m5.559s
