--- Running matplotlib.patches.FancyBboxPatch#37NN/FancyBboxPatchNN, strategy: relancer
[ERR MSG]: OrderedDict([('project', 'matplotlib.patches.FancyBboxPatch#37NN'), ('notebook', 'FancyBboxPatchNN'), ('text', '  File "FancyBboxPatchNN.py", line 3, in <module>\n    bbox = patches.FancyBboxPatch((0.2, 0.4),  0.4,  0.2,  \'round\',  None)\nTypeError: __init__() takes from 4 to 5 positional arguments but 6 were given\n')])
  File "FancyBboxPatchNN.py", line 3, in <module>
Error inducing API short name: FancyBboxPatch, line no: 3
Error inducing API fqn: matplotlib.patches.FancyBboxPatch, line no: 3
*** TypeError: PLACEHOLDER
Repair Action: arg_name
Key Params: ['IMPLICIT_0', 'IMPLICIT_1', 'IMPLICIT_2', 'IMPLICIT_3', 'IMPLICIT_4']
Prev Params: None
Prev Repair Action: None
Line No: 3
Prev Line No: 0
GitHub Candidates:
[]
KP:['IMPLICIT_0', 'IMPLICIT_1', 'IMPLICIT_2', 'IMPLICIT_3', 'IMPLICIT_4']
EXPP: ['IMPLICIT_0', 'IMPLICIT_1', 'IMPLICIT_2', 'IMPLICIT_3', 'IMPLICIT_4']
APIDoc Candidates:
[]
All Solution Candidates:
[]
[INFO] This case cannot be fixed!


real	0m0.752s
user	0m2.045s
sys	0m6.787s
