--- Running networkx.min_weight_matching#6NN/min_weight_matchingNN, strategy: relancer
[ERR MSG]: OrderedDict([('project', 'networkx.min_weight_matching#6NN'), ('notebook', 'min_weight_matchingNN'), ('text', '  File "min_weight_matchingNN.py", line 4, in <module>\n    matching = nx.min_weight_matching(G,  None,  \'weight\')\n  File "/dataset/zhang/anaconda3/envs/Rnetworkx3.0/lib/python3.8/site-packages/networkx/utils/decorators.py", line 766, in func\n    return argmap._lazy_compile(__wrapper)(*args, **kwargs)\nTypeError: argmap_min_weight_matching_1() takes from 1 to 2 positional arguments but 3 were given\n')])
  File "min_weight_matchingNN.py", line 4, in <module>
Error inducing API short name: min_weight_matching, line no: 4
Error inducing API fqn: networkx.min_weight_matching, line no: 4
*** TypeError: PLACEHOLDER
Repair Action: arg_name
Key Params: ['IMPLICIT_0', 'IMPLICIT_1', 'IMPLICIT_2']
Prev Params: None
Prev Repair Action: None
Line No: 4
Prev Line No: 0
GitHub Candidates:
[]
KP:['IMPLICIT_0', 'IMPLICIT_1', 'IMPLICIT_2']
EXPP: ['IMPLICIT_0', 'IMPLICIT_1', 'IMPLICIT_2']
APIDoc Candidates:
[]
All Solution Candidates:
[]
[INFO] This case cannot be fixed!


real	0m0.433s
user	0m0.386s
sys	0m0.047s
