--- Running Panel#6NN/PanelNN, strategy: relancer
[ERR MSG]: OrderedDict([('project', 'Panel#6NN'), ('notebook', 'PanelNN'), ('text', '  File "PanelNN.py", line 2, in <module>\n    panel = Panel(None,  None,  True)\nTypeError: __init__() takes from 2 to 3 positional arguments but 4 were given\n')])
  File "PanelNN.py", line 2, in <module>
Error inducing API short name: Panel, line no: 2
Error inducing API fqn: rich.panel.Panel, line no: 2
*** TypeError: PLACEHOLDER
Repair Action: arg_name
Key Params: ['IMPLICIT_0', 'IMPLICIT_1', 'IMPLICIT_2']
Prev Params: None
Prev Repair Action: None
Line No: 2
Prev Line No: 0
GitHub Candidates:
[]
KP:['IMPLICIT_0', 'IMPLICIT_1', 'IMPLICIT_2']
EXPP: ['IMPLICIT_0', 'IMPLICIT_1', 'IMPLICIT_2']
APIDoc Candidates:
[]
All Solution Candidates:
[]
[INFO] This case cannot be fixed!


real	0m0.361s
user	0m0.302s
sys	0m0.060s
