--- Running read_csv#66NN/read_csvNN, strategy: relancer
[ERR MSG]: OrderedDict([('project', 'read_csv#66NN'), ('notebook', 'read_csvNN'), ('text', '  File "read_csvNN.py", line 2, in <module>\n    pd.read_csv(\'/home/zhang/Packages/tensorflow_file/dev.csv\', false_values=None, converters=None, squeeze=None, mangle_dupe_cols=True, skipinitialspace=False, names=None, sep=\',\', delimiter=None, header=\'infer\', usecols=None, engine=None, index_col=None, prefix=None, dtype=None, true_values=None)\nTypeError: read_csv() got an unexpected keyword argument \'squeeze\'\n')])
  File "read_csvNN.py", line 2, in <module>
Error inducing API short name: read_csv, line no: 2
Error inducing API fqn: pandas.read_csv, line no: 2
*** TypeError: PLACEHOLDER
Repair Action: arg_name
Key Params: ['IMPLICIT_0', 'false_values', 'converters', 'squeeze', 'mangle_dupe_cols', 'skipinitialspace', 'names', 'sep', 'delimiter', 'header', 'usecols', 'engine', 'index_col', 'prefix', 'dtype', 'true_values']
Prev Params: None
Prev Repair Action: None
Line No: 2
Prev Line No: 0
GitHub Candidates:
[]
KP:['IMPLICIT_0', 'false_values', 'converters', 'squeeze', 'mangle_dupe_cols', 'skipinitialspace', 'names', 'sep', 'delimiter', 'header', 'usecols', 'engine', 'index_col', 'prefix', 'dtype', 'true_values']
EXPP: ['IMPLICIT_0', 'false_values', 'converters', 'squeeze', 'mangle_dupe_cols', 'skipinitialspace', 'names', 'sep', 'delimiter', 'header', 'usecols', 'engine', 'index_col', 'prefix', 'dtype', 'true_values']
APIDoc Candidates:
[]
All Solution Candidates:
[]
[INFO] This case cannot be fixed!


real	0m0.627s
user	0m1.661s
sys	0m5.647s
