--- Running rich.syntax.Syntax#60NN/SyntaxNN, strategy: relancer
[ERR MSG]: OrderedDict([('project', 'rich.syntax.Syntax#60NN'), ('notebook', 'SyntaxNN'), ('text', '  File "SyntaxNN.py", line 2, in <module>\n    syntax = Syntax(code="print(\'hello world\')", lexer_name=\'python\', theme=\'monokai\', line_numbers=True, line_range=(1, 5), dedent=False, start_line=1)\nTypeError: __init__() got an unexpected keyword argument \'lexer_name\'\n')])
  File "SyntaxNN.py", line 2, in <module>
Error inducing API short name: , line no: 2
Error inducing API fqn: rich.syntax.Syntax, line no: 2
*** TypeError: PLACEHOLDER
Repair Action: arg_name
Key Params: ['code', 'lexer_name', 'theme', 'line_numbers', 'line_range', 'dedent', 'start_line']
Prev Params: None
Prev Repair Action: None
Line No: 2
Prev Line No: 0
GitHub Candidates:
[]
KP:['code', 'lexer_name', 'theme', 'line_numbers', 'line_range', 'dedent', 'start_line']
EXPP: ['code', 'lexer_name', 'theme', 'line_numbers', 'line_range', 'dedent', 'start_line']
APIDoc Candidates:
[]
All Solution Candidates:
[]
[INFO] This case cannot be fixed!


real	0m0.368s
user	0m0.333s
sys	0m0.035s
