--- Running polars.Expr.str.strip#3NN/stripNN, strategy: relancer
[ERR MSG]: OrderedDict([('project', 'polars.Expr.str.strip#3NN'), ('notebook', 'stripNN'), ('text', '  File "stripNN.py", line 4, in <module>\n    df_with_stripped_text = df.select(context.str.strip(matches=None))\nTypeError: strip() got an unexpected keyword argument \'matches\'\n')])
  File "stripNN.py", line 4, in <module>
Error inducing API short name: select, line no: 4
Error inducing API fqn: UNKNOWN, line no: 4
*** TypeError: PLACEHOLDER
Repair Action: arg_name
Key Params: []
Prev Params: None
Prev Repair Action: None
Line No: 4
Prev Line No: 0
GitHub Candidates:
[]
KP:[]
EXPP: []
APIDoc Candidates:
[]
All Solution Candidates:
[]
[INFO] This case cannot be fixed!


real	0m0.396s
user	0m0.365s
sys	0m0.032s
