--- Running Timestamp.fromordinal#5NN/fromordinalNN, strategy: relancer
[ERR MSG]: OrderedDict([('project', 'Timestamp.fromordinal#5NN'), ('notebook', 'fromordinalNN'), ('text', '  File "fromordinalNN.py", line 2, in <module>\n    pd.Timestamp.fromordinal(ordinal=737425, freq=None)\n  File "pandas/_libs/tslibs/timestamps.pyx", line 1343, in pandas._libs.tslibs.timestamps.Timestamp.fromordinal\nTypeError: fromordinal() got an unexpected keyword argument \'freq\'\n')])
  File "fromordinalNN.py", line 2, in <module>
Error inducing API short name: fromordinal, line no: 2
Error inducing API fqn: pandas.Timestamp.fromordinal, line no: 2
*** TypeError: PLACEHOLDER
Repair Action: arg_name
Key Params: ['ordinal', 'freq']
Prev Params: None
Prev Repair Action: None
Line No: 2
Prev Line No: 0
GitHub Candidates:
[]
KP:['ordinal', 'freq']
EXPP: ['ordinal', 'freq']
APIDoc Candidates:
[]
All Solution Candidates:
[]
[INFO] This case cannot be fixed!


real	0m0.624s
user	0m1.975s
sys	0m6.733s
