--- Running read_csv#204NN/read_csvNN, strategy: relancer
[ERR MSG]: OrderedDict([('project', 'read_csv#204NN'), ('notebook', 'read_csvNN'), ('text', '  File "read_csvNN.py", line 2, in <module>\n    pd.read_csv(skipfooter=0, quotechar=\'"\', names=None, na_values=None, nrows=None, sep=\',\', date_parser=None, dialect=None, squeeze=None, true_values=None, skiprows=None, prefix=None, encoding=None, converters=None, quoting=0, dayfirst=False, thousands=None, engine=None, verbose=False, compression=\'infer\', comment=None, false_values=None, escapechar=None, mangle_dupe_cols=True, skip_blank_lines=True, decimal=\'.\', usecols=None, float_precision=None, warn_bad_lines=None, encoding_errors=\'strict\', doublequote=True, filepath_or_buffer=\'/home/zhang/Packages/tensorflow_file/dev.csv\', low_memory=True, iterator=False, infer_datetime_format=False, skipinitialspace=False, delim_whitespace=False, keep_date_col=False, na_filter=True, dtype=None, cache_dates=True, parse_dates=None, index_col=None, keep_default_na=True, header=\'infer\', error_bad_lines=None, on_bad_lines=None, memory_map=False, storage_options=None, chunksize=None, lineterminator=None, delimiter=None)\nTypeError: read_csv() got an unexpected keyword argument \'squeeze\'\n')])
  File "read_csvNN.py", line 2, in <module>
Error inducing API short name: read_csv, line no: 2
Error inducing API fqn: pandas.read_csv, line no: 2
*** TypeError: PLACEHOLDER
Repair Action: arg_name
Key Params: ['skipfooter', 'quotechar', 'names', 'na_values', 'nrows', 'sep', 'date_parser', 'dialect', 'squeeze', 'true_values', 'skiprows', 'prefix', 'encoding', 'converters', 'quoting', 'dayfirst', 'thousands', 'engine', 'verbose', 'compression', 'comment', 'false_values', 'escapechar', 'mangle_dupe_cols', 'skip_blank_lines', 'decimal', 'usecols', 'float_precision', 'warn_bad_lines', 'encoding_errors', 'doublequote', 'filepath_or_buffer', 'low_memory', 'iterator', 'infer_datetime_format', 'skipinitialspace', 'delim_whitespace', 'keep_date_col', 'na_filter', 'dtype', 'cache_dates', 'parse_dates', 'index_col', 'keep_default_na', 'header', 'error_bad_lines', 'on_bad_lines', 'memory_map', 'storage_options', 'chunksize', 'lineterminator', 'delimiter']
Prev Params: None
Prev Repair Action: None
Line No: 2
Prev Line No: 0
GitHub Candidates:
[]
KP:['skipfooter', 'quotechar', 'names', 'na_values', 'nrows', 'sep', 'date_parser', 'dialect', 'squeeze', 'true_values', 'skiprows', 'prefix', 'encoding', 'converters', 'quoting', 'dayfirst', 'thousands', 'engine', 'verbose', 'compression', 'comment', 'false_values', 'escapechar', 'mangle_dupe_cols', 'skip_blank_lines', 'decimal', 'usecols', 'float_precision', 'warn_bad_lines', 'encoding_errors', 'doublequote', 'filepath_or_buffer', 'low_memory', 'iterator', 'infer_datetime_format', 'skipinitialspace', 'delim_whitespace', 'keep_date_col', 'na_filter', 'dtype', 'cache_dates', 'parse_dates', 'index_col', 'keep_default_na', 'header', 'error_bad_lines', 'on_bad_lines', 'memory_map', 'storage_options', 'chunksize', 'lineterminator', 'delimiter']
EXPP: ['skipfooter', 'quotechar', 'names', 'na_values', 'nrows', 'sep', 'date_parser', 'dialect', 'squeeze', 'true_values', 'skiprows', 'prefix', 'encoding', 'converters', 'quoting', 'dayfirst', 'thousands', 'engine', 'verbose', 'compression', 'comment', 'false_values', 'escapechar', 'mangle_dupe_cols', 'skip_blank_lines', 'decimal', 'usecols', 'float_precision', 'warn_bad_lines', 'encoding_errors', 'doublequote', 'filepath_or_buffer', 'low_memory', 'iterator', 'infer_datetime_format', 'skipinitialspace', 'delim_whitespace', 'keep_date_col', 'na_filter', 'dtype', 'cache_dates', 'parse_dates', 'index_col', 'keep_default_na', 'header', 'error_bad_lines', 'on_bad_lines', 'memory_map', 'storage_options', 'chunksize', 'lineterminator', 'delimiter']
APIDoc Candidates:
[]
All Solution Candidates:
[]
[INFO] This case cannot be fixed!


real	0m0.612s
user	0m1.629s
sys	0m5.422s
