--- Running Series.groupby#40NN/groupbyNN, strategy: relancer
[ERR MSG]: OrderedDict([('project', 'Series.groupby#40NN'), ('notebook', 'groupbyNN'), ('text', '  File "groupbyNN.py", line 3, in <module>\n    ser.groupby([\'a\', \'b\', \'a\', \'b\'],  0,  None,  True, sort=True, group_keys=False, squeeze=False, observed=False).mean()\nTypeError: groupby() got an unexpected keyword argument \'squeeze\'\n')])
  File "groupbyNN.py", line 3, in <module>
Error inducing API short name: groupby, line no: 3
Error inducing API fqn: UNKNOWN, line no: 3
*** TypeError: PLACEHOLDER
Repair Action: arg_name
Key Params: []
Prev Params: None
Prev Repair Action: None
Line No: 3
Prev Line No: 0
GitHub Candidates:
[]
KP:[]
EXPP: []
APIDoc Candidates:
[]
All Solution Candidates:
[]
[INFO] This case cannot be fixed!


real	0m0.635s
user	0m1.470s
sys	0m4.703s
