--- Running date_range#43NN/date_rangeNN, strategy: relancer
[ERR MSG]: OrderedDict([('project', 'date_range#43NN'), ('notebook', 'date_rangeNN'), ('text', '  File "date_rangeNN.py", line 2, in <module>\n    pd.date_range(\'1/1/2018\',  \'1/08/2018\',  None,  None,  None,  False,  None,  None,  None)\nTypeError: date_range() takes from 0 to 8 positional arguments but 9 were given\n')])
  File "date_rangeNN.py", line 2, in <module>
Error inducing API short name: date_range, line no: 2
Error inducing API fqn: pandas.date_range, line no: 2
*** TypeError: PLACEHOLDER
Repair Action: arg_name
Key Params: ['IMPLICIT_0', 'IMPLICIT_1', 'IMPLICIT_2', 'IMPLICIT_3', 'IMPLICIT_4', 'IMPLICIT_5', 'IMPLICIT_6', 'IMPLICIT_7', 'IMPLICIT_8']
Prev Params: None
Prev Repair Action: None
Line No: 2
Prev Line No: 0
GitHub Candidates:
[]
KP:['IMPLICIT_0', 'IMPLICIT_1', 'IMPLICIT_2', 'IMPLICIT_3', 'IMPLICIT_4', 'IMPLICIT_5', 'IMPLICIT_6', 'IMPLICIT_7', 'IMPLICIT_8']
EXPP: ['IMPLICIT_0', 'IMPLICIT_1', 'IMPLICIT_2', 'IMPLICIT_3', 'IMPLICIT_4', 'IMPLICIT_5', 'IMPLICIT_6', 'IMPLICIT_7', 'IMPLICIT_8']
APIDoc Candidates:
[]
All Solution Candidates:
[]
[INFO] This case cannot be fixed!


real	0m0.602s
user	0m1.655s
sys	0m5.404s
