--- Running gensim.models.hdpmodel.HdpModel.show_topics#5NN/show_topicsNN, strategy: relancer
[ERR MSG]: OrderedDict([('project', 'gensim.models.hdpmodel.HdpModel.show_topics#5NN'), ('notebook', 'show_topicsNN'), ('text', '  File "show_topicsNN.py", line 7, in <module>\n    topics = hdp.show_topics(20, topn=20)\nTypeError: show_topics() got an unexpected keyword argument \'topn\'\n')])
  File "show_topicsNN.py", line 7, in <module>
Error inducing API short name: show_topics, line no: 7
Error inducing API fqn: UNKNOWN, line no: 7
*** TypeError: PLACEHOLDER
Repair Action: arg_name
Key Params: []
Prev Params: None
Prev Repair Action: None
Line No: 7
Prev Line No: 0
GitHub Candidates:
[]
KP:[]
EXPP: []
APIDoc Candidates:
[]
All Solution Candidates:
[]
[INFO] This case cannot be fixed!


real	0m0.785s
user	0m2.310s
sys	0m5.379s
