--- Running numpy.genfromtxt#180NN/genfromtxtNN, strategy: relancer
[ERR MSG]: OrderedDict([('project', 'numpy.genfromtxt#180NN'), ('notebook', 'genfromtxtNN'), ('text', '  File "genfromtxtNN.py", line 4, in <module>\n    data = np.genfromtxt(f,  float,  \'#\',  \',\',  0,  0,  0,  None,  \'\', missing_values=None, filling_values=None, usecols=None, names=None, excludelist=None, deletechars=None, replace_space=\'_\', autostrip=False, case_sensitive=True)\nTypeError: genfromtxt() got multiple values for argument \'missing_values\'\n')])
  File "genfromtxtNN.py", line 4, in <module>
Error inducing API short name: genfromtxt, line no: 4
Error inducing API fqn: numpy.genfromtxt, line no: 4
*** TypeError: PLACEHOLDER
Repair Action: arg_name
Key Params: ['IMPLICIT_0', 'IMPLICIT_1', 'IMPLICIT_2', 'IMPLICIT_3', 'IMPLICIT_4', 'IMPLICIT_5', 'IMPLICIT_6', 'IMPLICIT_7', 'IMPLICIT_8', 'missing_values', 'filling_values', 'usecols', 'names', 'excludelist', 'deletechars', 'replace_space', 'autostrip', 'case_sensitive']
Prev Params: None
Prev Repair Action: None
Line No: 4
Prev Line No: 0
GitHub Candidates:
[]
KP:['IMPLICIT_0', 'IMPLICIT_1', 'IMPLICIT_2', 'IMPLICIT_3', 'IMPLICIT_4', 'IMPLICIT_5', 'IMPLICIT_6', 'IMPLICIT_7', 'IMPLICIT_8', 'missing_values', 'filling_values', 'usecols', 'names', 'excludelist', 'deletechars', 'replace_space', 'autostrip', 'case_sensitive']
EXPP: ['IMPLICIT_0', 'IMPLICIT_1', 'IMPLICIT_2', 'IMPLICIT_3', 'IMPLICIT_4', 'IMPLICIT_5', 'IMPLICIT_6', 'IMPLICIT_7', 'IMPLICIT_8', 'missing_values', 'filling_values', 'usecols', 'names', 'excludelist', 'deletechars', 'replace_space', 'autostrip', 'case_sensitive']
APIDoc Candidates:
[]
All Solution Candidates:
[]
[INFO] This case cannot be fixed!


real	0m0.503s
user	0m1.409s
sys	0m3.712s
