--- Running tornado.httpclient.AsyncHTTPClient.fetch#7NN/fetchNN, strategy: relancer
[ERR MSG]: OrderedDict([('project', 'tornado.httpclient.AsyncHTTPClient.fetch#7NN'), ('notebook', 'fetchNN'), ('text', '  File "fetchNN.py", line 7, in <module>\n    tornado.ioloop.IOLoop.current().run_sync(fetch_url)\n  File "/dataset/zhang/anaconda3/envs/Rtornado6.0/lib/python3.8/site-packages/tornado/ioloop.py", line 532, in run_sync\n    return future_cell[0].result()\n  File "fetchNN.py", line 6, in fetch_url\n    response = await http_client.fetch(\'http://example.com\',  None, raise_error=True)\nTypeError: fetch() got multiple values for argument \'raise_error\'\n')])
  File "fetchNN.py", line 7, in <module>
Error inducing API short name: current, line no: 7
Error inducing API fqn: tornado.ioloop.IOLoop.current, line no: 7
*** TypeError: PLACEHOLDER
Repair Action: arg_name
Key Params: []
Prev Params: None
Prev Repair Action: None
Line No: 7
Prev Line No: 0
GitHub Candidates:
[]
KP:[]
EXPP: []
APIDoc Candidates:
[]
All Solution Candidates:
[]
[INFO] This case cannot be fixed!


real	0m0.459s
user	0m0.425s
sys	0m0.028s
