--- Running scipy.sparse.linalg.cg#28NN/cgNN, strategy: relancer
[ERR MSG]: OrderedDict([('project', 'scipy.sparse.linalg.cg#28NN'), ('notebook', 'cgNN'), ('text', '  File "cgNN.py", line 5, in <module>\n    (x, info) = cg(A,  b,  None,  1e-05,  None, xtype=None, M=None)\nTypeError: cg() got an unexpected keyword argument \'xtype\'\n')])
  File "cgNN.py", line 5, in <module>
Error inducing API short name: , line no: 5
Error inducing API fqn: scipy.sparse.linalg.cg, line no: 5
*** TypeError: PLACEHOLDER
Repair Action: arg_name
Key Params: ['IMPLICIT_0', 'IMPLICIT_1', 'IMPLICIT_2', 'IMPLICIT_3', 'IMPLICIT_4', 'xtype', 'M']
Prev Params: None
Prev Repair Action: None
Line No: 5
Prev Line No: 0
GitHub Candidates:
[]
KP:['IMPLICIT_0', 'IMPLICIT_1', 'IMPLICIT_2', 'IMPLICIT_3', 'IMPLICIT_4', 'xtype', 'M']
EXPP: ['IMPLICIT_0', 'IMPLICIT_1', 'IMPLICIT_2', 'IMPLICIT_3', 'IMPLICIT_4', 'xtype', 'M']
APIDoc Candidates:
[]
All Solution Candidates:
[]
[INFO] This case cannot be fixed!


real	0m0.515s
user	0m1.469s
sys	0m4.850s
