--- Running DataFrame.between_time#4NN/between_timeNN, strategy: relancer
[ERR MSG]: OrderedDict([('project', 'DataFrame.between_time#4NN'), ('notebook', 'between_timeNN'), ('text', '  File "between_timeNN.py", line 4, in <module>\n    ts.between_time(\'0:15\',  \'0:45\',  True)\n  File "/dataset/zhang/anaconda3/envs/Rpandas2.0.0/lib/python3.8/site-packages/pandas/core/generic.py", line 8498, in between_time\n    left_inclusive, right_inclusive = validate_inclusive(inclusive)\n  File "/dataset/zhang/anaconda3/envs/Rpandas2.0.0/lib/python3.8/site-packages/pandas/util/_validators.py", line 420, in validate_inclusive\n    raise ValueError(\nValueError: Inclusive has to be either \'both\', \'neither\', \'left\' or \'right\'\n')])
  File "between_timeNN.py", line 4, in <module>
Error inducing API short name: between_time, line no: 4
Error inducing API fqn: UNKNOWN, line no: 4
*** ValueError: PLACEHOLDER
All known params: []
All known params' names: []
Error line tokens: ['valueerror', 'placeholder']
Repair Action: arg_value
Key Params: []
Prev Params: None
Prev Repair Action: None
Line No: 4
Prev Line No: 0
GitHub Candidates:
[]
APIDoc Candidates:
[]
All Solution Candidates:
[]
[INFO] This case cannot be fixed!


real	0m0.638s
user	0m1.710s
sys	0m5.899s
