--- Running matplotlib.cbook.normalize_kwargs#7NN/normalize_kwargsNN, strategy: relancer
[ERR MSG]: OrderedDict([('project', 'matplotlib.cbook.normalize_kwargs#7NN'), ('notebook', 'normalize_kwargsNN'), ('text', '  File "normalize_kwargsNN.py", line 4, in <module>\n    result = normalize_kwargs(kw,  alias_mapping, required=[\'alpha\', \'linestyle\', \'linewidth\'])\nTypeError: normalize_kwargs() got an unexpected keyword argument \'required\'\n')])
  File "normalize_kwargsNN.py", line 4, in <module>
Error inducing API short name: normalize_kwargs, line no: 4
Error inducing API fqn: matplotlib.cbook.normalize_kwargs, line no: 4
*** TypeError: PLACEHOLDER
Repair Action: arg_name
Key Params: ['IMPLICIT_0', 'IMPLICIT_1', 'required']
Prev Params: None
Prev Repair Action: None
Line No: 4
Prev Line No: 0
GitHub Candidates:
[]
KP:['IMPLICIT_0', 'IMPLICIT_1', 'required']
EXPP: ['IMPLICIT_0', 'IMPLICIT_1', 'required']
APIDoc Candidates:
[]
All Solution Candidates:
[]
[INFO] This case cannot be fixed!


real	0m0.537s
user	0m1.685s
sys	0m6.575s
