--- Running read_csv#199NN/read_csvNN, strategy: relancer
[ERR MSG]: OrderedDict([('project', 'read_csv#199NN'), ('notebook', 'read_csvNN'), ('text', '  File "read_csvNN.py", line 2, in <module>\n    pd.read_csv(squeeze=None, comment=None, escapechar=None, verbose=False, thousands=None, skiprows=None, iterator=False, converters=None, cache_dates=True, mangle_dupe_cols=True, index_col=None, decimal=\'.\', error_bad_lines=None, dayfirst=False, keep_date_col=False, warn_bad_lines=None, names=None, encoding=None, sep=\',\', skipinitialspace=False, quoting=0, na_filter=True, chunksize=None, usecols=None, on_bad_lines=None, filepath_or_buffer=\'/home/zhang/Packages/tensorflow_file/dev.csv\', lineterminator=None, encoding_errors=\'strict\', engine=None, quotechar=\'"\', date_parser=None, true_values=None, nrows=None, skipfooter=0, doublequote=True, compression=\'infer\', infer_datetime_format=False, dtype=None, keep_default_na=True, prefix=None, false_values=None, na_values=None, delimiter=None, header=\'infer\', dialect=None, skip_blank_lines=True, parse_dates=None)\nTypeError: read_csv() got an unexpected keyword argument \'squeeze\'\n')])
  File "read_csvNN.py", line 2, in <module>
Error inducing API short name: read_csv, line no: 2
Error inducing API fqn: pandas.read_csv, line no: 2
*** TypeError: PLACEHOLDER
Repair Action: arg_name
Key Params: ['squeeze', 'comment', 'escapechar', 'verbose', 'thousands', 'skiprows', 'iterator', 'converters', 'cache_dates', 'mangle_dupe_cols', 'index_col', 'decimal', 'error_bad_lines', 'dayfirst', 'keep_date_col', 'warn_bad_lines', 'names', 'encoding', 'sep', 'skipinitialspace', 'quoting', 'na_filter', 'chunksize', 'usecols', 'on_bad_lines', 'filepath_or_buffer', 'lineterminator', 'encoding_errors', 'engine', 'quotechar', 'date_parser', 'true_values', 'nrows', 'skipfooter', 'doublequote', 'compression', 'infer_datetime_format', 'dtype', 'keep_default_na', 'prefix', 'false_values', 'na_values', 'delimiter', 'header', 'dialect', 'skip_blank_lines', 'parse_dates']
Prev Params: None
Prev Repair Action: None
Line No: 2
Prev Line No: 0
GitHub Candidates:
[]
KP:['squeeze', 'comment', 'escapechar', 'verbose', 'thousands', 'skiprows', 'iterator', 'converters', 'cache_dates', 'mangle_dupe_cols', 'index_col', 'decimal', 'error_bad_lines', 'dayfirst', 'keep_date_col', 'warn_bad_lines', 'names', 'encoding', 'sep', 'skipinitialspace', 'quoting', 'na_filter', 'chunksize', 'usecols', 'on_bad_lines', 'filepath_or_buffer', 'lineterminator', 'encoding_errors', 'engine', 'quotechar', 'date_parser', 'true_values', 'nrows', 'skipfooter', 'doublequote', 'compression', 'infer_datetime_format', 'dtype', 'keep_default_na', 'prefix', 'false_values', 'na_values', 'delimiter', 'header', 'dialect', 'skip_blank_lines', 'parse_dates']
EXPP: ['squeeze', 'comment', 'escapechar', 'verbose', 'thousands', 'skiprows', 'iterator', 'converters', 'cache_dates', 'mangle_dupe_cols', 'index_col', 'decimal', 'error_bad_lines', 'dayfirst', 'keep_date_col', 'warn_bad_lines', 'names', 'encoding', 'sep', 'skipinitialspace', 'quoting', 'na_filter', 'chunksize', 'usecols', 'on_bad_lines', 'filepath_or_buffer', 'lineterminator', 'encoding_errors', 'engine', 'quotechar', 'date_parser', 'true_values', 'nrows', 'skipfooter', 'doublequote', 'compression', 'infer_datetime_format', 'dtype', 'keep_default_na', 'prefix', 'false_values', 'na_values', 'delimiter', 'header', 'dialect', 'skip_blank_lines', 'parse_dates']
APIDoc Candidates:
[]
All Solution Candidates:
[]
[INFO] This case cannot be fixed!


real	0m0.685s
user	0m1.643s
sys	0m5.856s
