--- Running gensim.models.doc2vec.Doc2Vec.infer_vector#19NN/infer_vectorNN, strategy: relancer
[ERR MSG]: OrderedDict([('project', 'gensim.models.doc2vec.Doc2Vec.infer_vector#19NN'), ('notebook', 'infer_vectorNN'), ('text', '  File "infer_vectorNN.py", line 6, in <module>\n    vector = model.infer_vector(doc_words, alpha=0.025, min_alpha=0.0001, epochs=1, steps=None)\nTypeError: infer_vector() got an unexpected keyword argument \'steps\'\n')])
  File "infer_vectorNN.py", line 6, in <module>
Error inducing API short name: infer_vector, line no: 6
Error inducing API fqn: UNKNOWN, line no: 6
*** TypeError: PLACEHOLDER
Repair Action: arg_name
Key Params: []
Prev Params: None
Prev Repair Action: None
Line No: 6
Prev Line No: 0
GitHub Candidates:
[]
KP:[]
EXPP: []
APIDoc Candidates:
[]
All Solution Candidates:
[]
[INFO] This case cannot be fixed!


real	0m1.149s
user	0m3.069s
sys	0m10.696s
