--- Running gensim.models.fasttext.FastText#396NN/FastTextNN, strategy: relancer
[ERR MSG]: OrderedDict([('project', 'gensim.models.fasttext.FastText#396NN'), ('notebook', 'FastTextNN'), ('text', '  File "FastTextNN.py", line 2, in <module>\n    FastText(None,  None,  0,  0,  100,  0.025,  5,  5,  None,  1, sample=0.001, seed=1, workers=3, min_alpha=0.0001, negative=5, ns_exponent=0.75, cbow_mean=1, hashfxn=hash, iter=1, null_word=0, min_n=3, max_n=6, sorted_vocab=1, bucket=2000000, trim_rule=None, batch_words=10000, callbacks=())\nTypeError: __init__() got an unexpected keyword argument \'iter\'\n')])
  File "FastTextNN.py", line 2, in <module>
Error inducing API short name: FastText, line no: 2
Error inducing API fqn: gensim.models.FastText, line no: 2
*** TypeError: PLACEHOLDER
Repair Action: arg_name
Key Params: ['IMPLICIT_0', 'IMPLICIT_1', 'IMPLICIT_2', 'IMPLICIT_3', 'IMPLICIT_4', 'IMPLICIT_5', 'IMPLICIT_6', 'IMPLICIT_7', 'IMPLICIT_8', 'IMPLICIT_9', 'sample', 'seed', 'workers', 'min_alpha', 'negative', 'ns_exponent', 'cbow_mean', 'hashfxn', 'iter', 'null_word', 'min_n', 'max_n', 'sorted_vocab', 'bucket', 'trim_rule', 'batch_words', 'callbacks']
Prev Params: None
Prev Repair Action: None
Line No: 2
Prev Line No: 0
GitHub Candidates:
[]
KP:['IMPLICIT_0', 'IMPLICIT_1', 'IMPLICIT_2', 'IMPLICIT_3', 'IMPLICIT_4', 'IMPLICIT_5', 'IMPLICIT_6', 'IMPLICIT_7', 'IMPLICIT_8', 'IMPLICIT_9', 'sample', 'seed', 'workers', 'min_alpha', 'negative', 'ns_exponent', 'cbow_mean', 'hashfxn', 'iter', 'null_word', 'min_n', 'max_n', 'sorted_vocab', 'bucket', 'trim_rule', 'batch_words', 'callbacks']
EXPP: ['IMPLICIT_0', 'IMPLICIT_1', 'IMPLICIT_2', 'IMPLICIT_3', 'IMPLICIT_4', 'IMPLICIT_5', 'IMPLICIT_6', 'IMPLICIT_7', 'IMPLICIT_8', 'IMPLICIT_9', 'sample', 'seed', 'workers', 'min_alpha', 'negative', 'ns_exponent', 'cbow_mean', 'hashfxn', 'iter', 'null_word', 'min_n', 'max_n', 'sorted_vocab', 'bucket', 'trim_rule', 'batch_words', 'callbacks']
APIDoc Candidates:
[]
All Solution Candidates:
[]
[INFO] This case cannot be fixed!


real	0m0.843s
user	0m2.945s
sys	0m10.555s
