--- Running Index.slice_indexer#11NN/slice_indexerNN, strategy: relancer
[ERR MSG]: OrderedDict([('project', 'Index.slice_indexer#11NN'), ('notebook', 'slice_indexerNN'), ('text', '  File "slice_indexerNN.py", line 3, in <module>\n    idx.slice_indexer(\'b\',  \'c\',  None,  None)\nTypeError: slice_indexer() takes from 1 to 4 positional arguments but 5 were given\n')])
  File "slice_indexerNN.py", line 3, in <module>
Error inducing API short name: slice_indexer, line no: 3
Error inducing API fqn: UNKNOWN, line no: 3
*** TypeError: PLACEHOLDER
Repair Action: arg_name
Key Params: []
Prev Params: None
Prev Repair Action: None
Line No: 3
Prev Line No: 0
GitHub Candidates:
[]
KP:[]
EXPP: []
APIDoc Candidates:
[]
All Solution Candidates:
[]
[INFO] This case cannot be fixed!


real	0m0.620s
user	0m1.862s
sys	0m5.913s
