--- Running read_csv#69NN/read_csvNN, strategy: relancer
[ERR MSG]: OrderedDict([('project', 'read_csv#69NN'), ('notebook', 'read_csvNN'), ('text', '  File "read_csvNN.py", line 2, in <module>\n    pd.read_csv(\'/home/zhang/Packages/tensorflow_file/dev.csv\', header=\'infer\', true_values=None, converters=None, nrows=None, dtype=None, usecols=None, false_values=None, index_col=None, mangle_dupe_cols=True, skipinitialspace=False, names=None, delimiter=None, prefix=None, sep=\',\', skipfooter=0, engine=None, skiprows=None, squeeze=None)\nTypeError: read_csv() got an unexpected keyword argument \'mangle_dupe_cols\'\n')])
  File "read_csvNN.py", line 2, in <module>
Error inducing API short name: read_csv, line no: 2
Error inducing API fqn: pandas.read_csv, line no: 2
*** TypeError: PLACEHOLDER
Repair Action: arg_name
Key Params: ['IMPLICIT_0', 'header', 'true_values', 'converters', 'nrows', 'dtype', 'usecols', 'false_values', 'index_col', 'mangle_dupe_cols', 'skipinitialspace', 'names', 'delimiter', 'prefix', 'sep', 'skipfooter', 'engine', 'skiprows', 'squeeze']
Prev Params: None
Prev Repair Action: None
Line No: 2
Prev Line No: 0
GitHub Candidates:
[]
KP:['IMPLICIT_0', 'header', 'true_values', 'converters', 'nrows', 'dtype', 'usecols', 'false_values', 'index_col', 'mangle_dupe_cols', 'skipinitialspace', 'names', 'delimiter', 'prefix', 'sep', 'skipfooter', 'engine', 'skiprows', 'squeeze']
EXPP: ['IMPLICIT_0', 'header', 'true_values', 'converters', 'nrows', 'dtype', 'usecols', 'false_values', 'index_col', 'mangle_dupe_cols', 'skipinitialspace', 'names', 'delimiter', 'prefix', 'sep', 'skipfooter', 'engine', 'skiprows', 'squeeze']
APIDoc Candidates:
[]
All Solution Candidates:
[]
[INFO] This case cannot be fixed!


real	0m0.630s
user	0m1.624s
sys	0m4.830s
