--- Running pydantic.main.create_model#16NN/create_modelNN, strategy: relancer
[ERR MSG]: OrderedDict([('project', 'pydantic.main.create_model#16NN'), ('notebook', 'create_modelNN'), ('text', '  File "create_modelNN.py", line 13, in <module>\n    DynamicModel = create_model(model_name=\'DynamicModel\', __config__=None, __module__=None, __validators__={\'validate_dynamic_field\': validate_dynamic_field}, __base__=MyBaseModel)\nTypeError: create_model() missing 1 required positional argument: \'__model_name\'\n')])
  File "create_modelNN.py", line 13, in <module>
Error inducing API short name: create_model, line no: 13
Error inducing API fqn: pydantic.create_model, line no: 13
*** TypeError: PLACEHOLDER
Repair Action: arg_name
Key Params: ['model_name', '__config__', '__module__', '__validators__', '__base__']
Prev Params: None
Prev Repair Action: None
Line No: 13
Prev Line No: 0
GitHub Candidates:
[]
KP:['model_name', '__config__', '__module__', '__validators__', '__base__']
EXPP: ['model_name', '__config__', '__module__', '__validators__', '__base__']
APIDoc Candidates:
[]
All Solution Candidates:
[]
[INFO] This case cannot be fixed!


real	0m0.485s
user	0m0.436s
sys	0m0.050s
