--- Running django.views.static.was_modified_since#10NN/was_modified_sinceNN, strategy: relancer
[ERR MSG]: OrderedDict([('project', 'django.views.static.was_modified_since#10NN'), ('notebook', 'was_modified_sinceNN'), ('text', '  File "was_modified_sinceNN.py", line 2, in <module>\n    was_modified_since(header=None, mtime=0, size=0)\nTypeError: was_modified_since() got an unexpected keyword argument \'size\'\n')])
  File "was_modified_sinceNN.py", line 2, in <module>
Error inducing API short name: was_modified_since, line no: 2
Error inducing API fqn: django.views.static.was_modified_since, line no: 2
*** TypeError: PLACEHOLDER
Repair Action: arg_name
Key Params: ['header', 'mtime', 'size']
Prev Params: None
Prev Repair Action: None
Line No: 2
Prev Line No: 0
GitHub Candidates:
[]
KP:['header', 'mtime', 'size']
EXPP: ['header', 'mtime', 'size']
APIDoc Candidates:
[]
All Solution Candidates:
[]
[INFO] This case cannot be fixed!


real	0m0.431s
user	0m0.374s
sys	0m0.058s
