--- Running read_csv#178NN/read_csvNN, strategy: relancer
[ERR MSG]: OrderedDict([('project', 'read_csv#178NN'), ('notebook', 'read_csvNN'), ('text', '  File "read_csvNN.py", line 2, in <module>\n    pd.read_csv(skipfooter=0, mangle_dupe_cols=True, index_col=None, prefix=None, engine=None, keep_default_na=True, nrows=None, skip_blank_lines=True, true_values=None, dtype=None, na_values=None, false_values=None, usecols=None, infer_datetime_format=False, header=\'infer\', filepath_or_buffer=\'/home/zhang/Packages/tensorflow_file/dev.csv\', squeeze=None, sep=\',\', delimiter=None, parse_dates=None, skiprows=None, names=None, na_filter=True, skipinitialspace=False, converters=None, verbose=False)\nTypeError: read_csv() got an unexpected keyword argument \'mangle_dupe_cols\'\n')])
  File "read_csvNN.py", line 2, in <module>
Error inducing API short name: read_csv, line no: 2
Error inducing API fqn: pandas.read_csv, line no: 2
*** TypeError: PLACEHOLDER
Repair Action: arg_name
Key Params: ['skipfooter', 'mangle_dupe_cols', 'index_col', 'prefix', 'engine', 'keep_default_na', 'nrows', 'skip_blank_lines', 'true_values', 'dtype', 'na_values', 'false_values', 'usecols', 'infer_datetime_format', 'header', 'filepath_or_buffer', 'squeeze', 'sep', 'delimiter', 'parse_dates', 'skiprows', 'names', 'na_filter', 'skipinitialspace', 'converters', 'verbose']
Prev Params: None
Prev Repair Action: None
Line No: 2
Prev Line No: 0
GitHub Candidates:
[]
KP:['skipfooter', 'mangle_dupe_cols', 'index_col', 'prefix', 'engine', 'keep_default_na', 'nrows', 'skip_blank_lines', 'true_values', 'dtype', 'na_values', 'false_values', 'usecols', 'infer_datetime_format', 'header', 'filepath_or_buffer', 'squeeze', 'sep', 'delimiter', 'parse_dates', 'skiprows', 'names', 'na_filter', 'skipinitialspace', 'converters', 'verbose']
EXPP: ['skipfooter', 'mangle_dupe_cols', 'index_col', 'prefix', 'engine', 'keep_default_na', 'nrows', 'skip_blank_lines', 'true_values', 'dtype', 'na_values', 'false_values', 'usecols', 'infer_datetime_format', 'header', 'filepath_or_buffer', 'squeeze', 'sep', 'delimiter', 'parse_dates', 'skiprows', 'names', 'na_filter', 'skipinitialspace', 'converters', 'verbose']
APIDoc Candidates:
[]
All Solution Candidates:
[]
[INFO] This case cannot be fixed!


real	0m0.616s
user	0m1.896s
sys	0m6.001s
