--- Running httpx.delete#50NN/deleteNN, strategy: relancer
[ERR MSG]: OrderedDict([('project', 'httpx.delete#50NN'), ('notebook', 'deleteNN'), ('text', '  File "deleteNN.py", line 2, in <module>\n    delete(auth=None, stream=False, params=None, data=None, url=\'https://example.com/resource\', json=None, headers=None, cookies=None, files=None)\nTypeError: delete() got an unexpected keyword argument \'data\'\n')])
  File "deleteNN.py", line 2, in <module>
Error inducing API short name: delete, line no: 2
Error inducing API fqn: httpx.delete, line no: 2
*** TypeError: PLACEHOLDER
Repair Action: arg_name
Key Params: ['auth', 'stream', 'params', 'data', 'url', 'json', 'headers', 'cookies', 'files']
Prev Params: None
Prev Repair Action: None
Line No: 2
Prev Line No: 0
GitHub Candidates:
[]
KP:['auth', 'stream', 'params', 'data', 'url', 'json', 'headers', 'cookies', 'files']
EXPP: ['auth', 'stream', 'params', 'data', 'url', 'json', 'headers', 'cookies', 'files']
APIDoc Candidates:
[]
All Solution Candidates:
[]
[INFO] This case cannot be fixed!


real	0m0.424s
user	0m0.382s
sys	0m0.043s
