--- Running scipy.sparse.linalg.cgs#25NN/cgsNN, strategy: relancer
[ERR MSG]: OrderedDict([('project', 'scipy.sparse.linalg.cgs#25NN'), ('notebook', 'cgsNN'), ('text', '  File "cgsNN.py", line 6, in <module>\n    (x, info) = cgs(A=A, b=b, x0=None, tol=1e-05, maxiter=100, xtype=None)\nTypeError: cgs() got an unexpected keyword argument \'xtype\'\n')])
  File "cgsNN.py", line 6, in <module>
Error inducing API short name: , line no: 6
Error inducing API fqn: scipy.sparse.linalg.cgs, line no: 6
*** TypeError: PLACEHOLDER
Repair Action: arg_name
Key Params: ['A', 'b', 'x0', 'tol', 'maxiter', 'xtype']
Prev Params: None
Prev Repair Action: None
Line No: 6
Prev Line No: 0
GitHub Candidates:
[]
KP:['A', 'b', 'x0', 'tol', 'maxiter', 'xtype']
EXPP: ['A', 'b', 'x0', 'tol', 'maxiter', 'xtype']
APIDoc Candidates:
[]
All Solution Candidates:
[]
[INFO] This case cannot be fixed!


real	0m0.590s
user	0m1.571s
sys	0m5.919s
