--- Running polars.DataFrame.write_json#16NN/write_jsonNN, strategy: relancer
[ERR MSG]: OrderedDict([('project', 'polars.DataFrame.write_json#16NN'), ('notebook', 'write_jsonNN'), ('text', '  File "write_jsonNN.py", line 3, in <module>\n    df.write_json(\'output.json\',  False, row_oriented=False, to_string=None)\nTypeError: write_json() got an unexpected keyword argument \'to_string\'\n')])
  File "write_jsonNN.py", line 3, in <module>
Error inducing API short name: write_json, line no: 3
Error inducing API fqn: UNKNOWN, line no: 3
*** TypeError: PLACEHOLDER
Repair Action: arg_name
Key Params: []
Prev Params: None
Prev Repair Action: None
Line No: 3
Prev Line No: 0
GitHub Candidates:
[]
KP:[]
EXPP: []
APIDoc Candidates:
[]
All Solution Candidates:
[]
[INFO] This case cannot be fixed!


real	0m0.381s
user	0m0.350s
sys	0m0.031s
