--- Running scipy.sparse.linalg.cg#34NN/cgNN, strategy: relancer
[ERR MSG]: OrderedDict([('project', 'scipy.sparse.linalg.cg#34NN'), ('notebook', 'cgNN'), ('text', '  File "cgNN.py", line 5, in <module>\n    (x, info) = cg(A,  b,  None,  1e-05,  None,  None,  None,  None)\nTypeError: cg() takes from 2 to 7 positional arguments but 8 were given\n')])
  File "cgNN.py", line 5, in <module>
Error inducing API short name: , line no: 5
Error inducing API fqn: scipy.sparse.linalg.cg, line no: 5
*** TypeError: PLACEHOLDER
Repair Action: arg_name
Key Params: ['IMPLICIT_0', 'IMPLICIT_1', 'IMPLICIT_2', 'IMPLICIT_3', 'IMPLICIT_4', 'IMPLICIT_5', 'IMPLICIT_6', 'IMPLICIT_7']
Prev Params: None
Prev Repair Action: None
Line No: 5
Prev Line No: 0
GitHub Candidates:
[]
KP:['IMPLICIT_0', 'IMPLICIT_1', 'IMPLICIT_2', 'IMPLICIT_3', 'IMPLICIT_4', 'IMPLICIT_5', 'IMPLICIT_6', 'IMPLICIT_7']
EXPP: ['IMPLICIT_0', 'IMPLICIT_1', 'IMPLICIT_2', 'IMPLICIT_3', 'IMPLICIT_4', 'IMPLICIT_5', 'IMPLICIT_6', 'IMPLICIT_7']
APIDoc Candidates:
[]
All Solution Candidates:
[]
[INFO] This case cannot be fixed!


real	0m0.556s
user	0m1.597s
sys	0m5.275s
