--- Running core.arrays.SparseArray#21NN/SparseArrayNN, strategy: relancer
[ERR MSG]: OrderedDict([('project', 'core.arrays.SparseArray#21NN'), ('notebook', 'SparseArrayNN'), ('text', '  File "SparseArrayNN.py", line 2, in <module>\n    arr = SparseArray([0, 0, 1, 2],  None,  None,  None,  \'integer\',  None)\n  File "/dataset/zhang/anaconda3/envs/Rpandas2.0.0/lib/python3.8/site-packages/pandas/core/arrays/sparse/array.py", line 399, in __init__\n    dtype = pandas_dtype(dtype)\n  File "/dataset/zhang/anaconda3/envs/Rpandas2.0.0/lib/python3.8/site-packages/pandas/core/dtypes/common.py", line 1687, in pandas_dtype\n    npdtype = np.dtype(dtype)\nTypeError: data type \'integer\' not understood\n')])
  File "SparseArrayNN.py", line 2, in <module>
Error inducing API short name: SparseArray, line no: 2
Error inducing API fqn: pandas.arrays.SparseArray, line no: 2
*** TypeError: PLACEHOLDER
Repair Action: arg_name
Key Params: ['IMPLICIT_0', 'IMPLICIT_1', 'IMPLICIT_2', 'IMPLICIT_3', 'IMPLICIT_4', 'IMPLICIT_5']
Prev Params: None
Prev Repair Action: None
Line No: 2
Prev Line No: 0
GitHub Candidates:
[]
KP:['IMPLICIT_0', 'IMPLICIT_1', 'IMPLICIT_2', 'IMPLICIT_3', 'IMPLICIT_4', 'IMPLICIT_5']
EXPP: ['IMPLICIT_0', 'IMPLICIT_1', 'IMPLICIT_2', 'IMPLICIT_3', 'IMPLICIT_4', 'IMPLICIT_5']
APIDoc Candidates:
[]
All Solution Candidates:
[]
[INFO] This case cannot be fixed!


real	0m0.676s
user	0m1.727s
sys	0m5.849s
