--- Running PIL.Image.Image.show#6NN/showNN, strategy: relancer
[ERR MSG]: OrderedDict([('project', 'PIL.Image.Image.show#6NN'), ('notebook', 'showNN'), ('text', '  File "showNN.py", line 3, in <module>\n    image.show(title=None, command=None)\nTypeError: show() got an unexpected keyword argument \'command\'\n')])
  File "showNN.py", line 3, in <module>
Error inducing API short name: show, line no: 3
Error inducing API fqn: UNKNOWN, line no: 3
*** TypeError: PLACEHOLDER
Repair Action: arg_name
Key Params: []
Prev Params: None
Prev Repair Action: None
Line No: 3
Prev Line No: 0
GitHub Candidates:
[]
KP:[]
EXPP: []
APIDoc Candidates:
[]
All Solution Candidates:
[]
[INFO] This case cannot be fixed!


real	0m0.377s
user	0m0.327s
sys	0m0.039s
