--- Running aiohttp.ClientSession#14NN/ClientSessionNN, strategy: relancer
[ERR MSG]: OrderedDict([('project', 'aiohttp.ClientSession#14NN'), ('notebook', 'ClientSessionNN'), ('text', '  File "ClientSessionNN.py", line 24, in <module>\n    loop.run_until_complete(main())\n  File "/dataset/zhang/anaconda3/envs/Raiohttp2.0.0/lib/python3.6/asyncio/base_events.py", line 488, in run_until_complete\n    return future.result()\n  File "ClientSessionNN.py", line 18, in main\n    session = aiohttp.ClientSession(time_service=None)\nTypeError: __init__() got an unexpected keyword argument \'time_service\'\n')])
  File "ClientSessionNN.py", line 24, in <module>
Error inducing API short name: run_until_complete, line no: 24
  File "ClientSessionNN.py", line 18, in main
Error inducing API short name: ClientSession, line no: 18
Error inducing API fqn: aiohttp.ClientSession, line no: 18
*** TypeError: PLACEHOLDER
Repair Action: arg_name
Key Params: ['time_service']
Prev Params: None
Prev Repair Action: None
Line No: 18
Prev Line No: 0
GitHub Candidates:
[]
KP:['time_service']
EXPP: ['time_service']
APIDoc Candidates:
[]
All Solution Candidates:
[]
[INFO] This case cannot be fixed!


real	0m0.510s
user	0m0.435s
sys	0m0.076s
