--- Running httpx.delete#53NN/deleteNN, strategy: relancer
[ERR MSG]: OrderedDict([('project', 'httpx.delete#53NN'), ('notebook', 'deleteNN'), ('text', '  File "deleteNN.py", line 2, in <module>\n    delete(stream=False, auth=None, data=None, verify=True, params=None, headers=None, cookies=None, files=None, url=\'https://example.com/resource\', json=None, cert=None, allow_redirects=True)\nTypeError: delete() got an unexpected keyword argument \'data\'\n')])
  File "deleteNN.py", line 2, in <module>
Error inducing API short name: delete, line no: 2
Error inducing API fqn: httpx.delete, line no: 2
*** TypeError: PLACEHOLDER
Repair Action: arg_name
Key Params: ['stream', 'auth', 'data', 'verify', 'params', 'headers', 'cookies', 'files', 'url', 'json', 'cert', 'allow_redirects']
Prev Params: None
Prev Repair Action: None
Line No: 2
Prev Line No: 0
GitHub Candidates:
[]
KP:['stream', 'auth', 'data', 'verify', 'params', 'headers', 'cookies', 'files', 'url', 'json', 'cert', 'allow_redirects']
EXPP: ['stream', 'auth', 'data', 'verify', 'params', 'headers', 'cookies', 'files', 'url', 'json', 'cert', 'allow_redirects']
APIDoc Candidates:
[]
All Solution Candidates:
[]
[INFO] This case cannot be fixed!


real	0m0.440s
user	0m0.406s
sys	0m0.034s
