--- Running polars.Expr.str.starts_with#2NN/starts_withNN, strategy: relancer
[ERR MSG]: OrderedDict([('project', 'polars.Expr.str.starts_with#2NN'), ('notebook', 'starts_withNN'), ('text', '  File "starts_withNN.py", line 3, in <module>\n    a.str.starts_with(sub=\'app\')\nTypeError: starts_with() got an unexpected keyword argument \'sub\'\n')])
  File "starts_withNN.py", line 3, in <module>
Error inducing API short name: starts_with, line no: 3
Error inducing API fqn: UNKNOWN, line no: 3
*** TypeError: PLACEHOLDER
Repair Action: arg_name
Key Params: []
Prev Params: None
Prev Repair Action: None
Line No: 3
Prev Line No: 0
GitHub Candidates:
[]
KP:[]
EXPP: []
APIDoc Candidates:
[]
All Solution Candidates:
[]
[INFO] This case cannot be fixed!


real	0m0.386s
user	0m0.334s
sys	0m0.052s
