--- Running models.Index#4NN/IndexNN, strategy: relancer
[ERR MSG]: OrderedDict([('project', 'models.Index#4NN'), ('notebook', 'IndexNN'), ('text', '  File "IndexNN.py", line 2, in <module>\n    models.Index([\'question_text\', \'pub_date\'], name=None)\nTypeError: __init__() takes 1 positional argument but 2 positional arguments (and 1 keyword-only argument) were given\n')])
  File "IndexNN.py", line 2, in <module>
Error inducing API short name: Index, line no: 2
Error inducing API fqn: django.db.models.Index, line no: 2
*** TypeError: PLACEHOLDER
Repair Action: arg_name
Key Params: ['IMPLICIT_0', 'name']
Prev Params: None
Prev Repair Action: None
Line No: 2
Prev Line No: 0
GitHub Candidates:
[]
KP:['IMPLICIT_0', 'name']
EXPP: ['IMPLICIT_0', 'name']
APIDoc Candidates:
[]
All Solution Candidates:
[]
[INFO] This case cannot be fixed!


real	0m0.449s
user	0m0.412s
sys	0m0.038s
