--- Running tf.contrib.data.make_csv_dataset#8NN/make_csv_datasetNN, strategy: relancer
[ERR MSG]: OrderedDict([('project', 'tf.contrib.data.make_csv_dataset#8NN'), ('notebook', 'make_csv_datasetNN'), ('text', '  File "make_csv_datasetNN.py", line 2, in <module>\n    tf.contrib.data.make_csv_dataset(\'/home/zhang/Packages/tensorflow_file/dev.csv\',  1,  None,  None,  None,  None,  \',\',  True,  \'\',  True,  None,  True, shuffle_buffer_size=10000, shuffle_seed=None, prefetch_buffer_size=1, num_parallel_reads=1, num_parallel_parser_calls=2, sloppy=False, num_rows_for_inference=1)\nTypeError: make_csv_dataset() got an unexpected keyword argument \'num_parallel_parser_calls\'\n')])
  File "make_csv_datasetNN.py", line 2, in <module>
Error inducing API short name: make_csv_dataset, line no: 2
Error inducing API fqn: tensorflow.contrib.data.make_csv_dataset, line no: 2
*** TypeError: PLACEHOLDER
Repair Action: arg_name
Key Params: ['IMPLICIT_0', 'IMPLICIT_1', 'IMPLICIT_2', 'IMPLICIT_3', 'IMPLICIT_4', 'IMPLICIT_5', 'IMPLICIT_6', 'IMPLICIT_7', 'IMPLICIT_8', 'IMPLICIT_9', 'IMPLICIT_10', 'IMPLICIT_11', 'shuffle_buffer_size', 'shuffle_seed', 'prefetch_buffer_size', 'num_parallel_reads', 'num_parallel_parser_calls', 'sloppy', 'num_rows_for_inference']
Prev Params: None
Prev Repair Action: None
Line No: 2
Prev Line No: 0
GitHub Candidates:
[]
KP:['IMPLICIT_0', 'IMPLICIT_1', 'IMPLICIT_2', 'IMPLICIT_3', 'IMPLICIT_4', 'IMPLICIT_5', 'IMPLICIT_6', 'IMPLICIT_7', 'IMPLICIT_8', 'IMPLICIT_9', 'IMPLICIT_10', 'IMPLICIT_11', 'shuffle_buffer_size', 'shuffle_seed', 'prefetch_buffer_size', 'num_parallel_reads', 'num_parallel_parser_calls', 'sloppy', 'num_rows_for_inference']
EXPP: ['IMPLICIT_0', 'IMPLICIT_1', 'IMPLICIT_2', 'IMPLICIT_3', 'IMPLICIT_4', 'IMPLICIT_5', 'IMPLICIT_6', 'IMPLICIT_7', 'IMPLICIT_8', 'IMPLICIT_9', 'IMPLICIT_10', 'IMPLICIT_11', 'shuffle_buffer_size', 'shuffle_seed', 'prefetch_buffer_size', 'num_parallel_reads', 'num_parallel_parser_calls', 'sloppy', 'num_rows_for_inference']
APIDoc Candidates:
[]
All Solution Candidates:
[]
[INFO] This case cannot be fixed!


real	0m2.567s
user	0m3.746s
sys	0m6.778s
