--- Running read_csv#173NN/read_csvNN, strategy: relancer
[ERR MSG]: OrderedDict([('project', 'read_csv#173NN'), ('notebook', 'read_csvNN'), ('text', '  File "read_csvNN.py", line 2, in <module>\n    pd.read_csv(converters=None, engine=None, squeeze=None, dtype=None, delimiter=None, skiprows=None, skipfooter=0, false_values=None, sep=\',\', usecols=None, index_col=None, prefix=None, true_values=None, na_values=None, mangle_dupe_cols=True, header=\'infer\', skipinitialspace=False, filepath_or_buffer=\'/home/zhang/Packages/tensorflow_file/dev.csv\', keep_default_na=True, nrows=None, names=None)\nTypeError: read_csv() got an unexpected keyword argument \'squeeze\'\n')])
  File "read_csvNN.py", line 2, in <module>
Error inducing API short name: read_csv, line no: 2
Error inducing API fqn: pandas.read_csv, line no: 2
*** TypeError: PLACEHOLDER
Repair Action: arg_name
Key Params: ['converters', 'engine', 'squeeze', 'dtype', 'delimiter', 'skiprows', 'skipfooter', 'false_values', 'sep', 'usecols', 'index_col', 'prefix', 'true_values', 'na_values', 'mangle_dupe_cols', 'header', 'skipinitialspace', 'filepath_or_buffer', 'keep_default_na', 'nrows', 'names']
Prev Params: None
Prev Repair Action: None
Line No: 2
Prev Line No: 0
GitHub Candidates:
[]
KP:['converters', 'engine', 'squeeze', 'dtype', 'delimiter', 'skiprows', 'skipfooter', 'false_values', 'sep', 'usecols', 'index_col', 'prefix', 'true_values', 'na_values', 'mangle_dupe_cols', 'header', 'skipinitialspace', 'filepath_or_buffer', 'keep_default_na', 'nrows', 'names']
EXPP: ['converters', 'engine', 'squeeze', 'dtype', 'delimiter', 'skiprows', 'skipfooter', 'false_values', 'sep', 'usecols', 'index_col', 'prefix', 'true_values', 'na_values', 'mangle_dupe_cols', 'header', 'skipinitialspace', 'filepath_or_buffer', 'keep_default_na', 'nrows', 'names']
APIDoc Candidates:
[]
All Solution Candidates:
[]
[INFO] This case cannot be fixed!


real	0m0.639s
user	0m1.686s
sys	0m5.811s
