--- Running read_csv#161NN/read_csvNN, strategy: relancer
[ERR MSG]: OrderedDict([('project', 'read_csv#161NN'), ('notebook', 'read_csvNN'), ('text', '  File "read_csvNN.py", line 2, in <module>\n    pd.read_csv(delimiter=None, prefix=None, squeeze=None, sep=\',\', index_col=None, usecols=None, header=\'infer\', filepath_or_buffer=\'/home/zhang/Packages/tensorflow_file/dev.csv\', names=None)\nTypeError: read_csv() got an unexpected keyword argument \'prefix\'\n')])
  File "read_csvNN.py", line 2, in <module>
Error inducing API short name: read_csv, line no: 2
Error inducing API fqn: pandas.read_csv, line no: 2
*** TypeError: PLACEHOLDER
Repair Action: arg_name
Key Params: ['delimiter', 'prefix', 'squeeze', 'sep', 'index_col', 'usecols', 'header', 'filepath_or_buffer', 'names']
Prev Params: None
Prev Repair Action: None
Line No: 2
Prev Line No: 0
GitHub Candidates:
[]
KP:['delimiter', 'prefix', 'squeeze', 'sep', 'index_col', 'usecols', 'header', 'filepath_or_buffer', 'names']
EXPP: ['delimiter', 'prefix', 'squeeze', 'sep', 'index_col', 'usecols', 'header', 'filepath_or_buffer', 'names']
APIDoc Candidates:
[]
All Solution Candidates:
[]
[INFO] This case cannot be fixed!


real	0m0.623s
user	0m1.620s
sys	0m5.331s
