--- Running gensim.models.fasttext.FastText#66NN/FastTextNN, strategy: relancer
[ERR MSG]: OrderedDict([('project', 'gensim.models.fasttext.FastText#66NN'), ('notebook', 'FastTextNN'), ('text', '  File "FastTextNN.py", line 2, in <module>\n    FastText(sentences=None, corpus_file=None, sg=0, hs=0, size=100, alpha=0.025, window=5, min_count=5, max_vocab_size=None, word_ngrams=1)\nTypeError: __init__() got an unexpected keyword argument \'size\'\n')])
  File "FastTextNN.py", line 2, in <module>
Error inducing API short name: FastText, line no: 2
Error inducing API fqn: gensim.models.FastText, line no: 2
*** TypeError: PLACEHOLDER
Repair Action: arg_name
Key Params: ['sentences', 'corpus_file', 'sg', 'hs', 'size', 'alpha', 'window', 'min_count', 'max_vocab_size', 'word_ngrams']
Prev Params: None
Prev Repair Action: None
Line No: 2
Prev Line No: 0
GitHub Candidates:
[]
KP:['sentences', 'corpus_file', 'sg', 'hs', 'size', 'alpha', 'window', 'min_count', 'max_vocab_size', 'word_ngrams']
EXPP: ['sentences', 'corpus_file', 'sg', 'hs', 'size', 'alpha', 'window', 'min_count', 'max_vocab_size', 'word_ngrams']
APIDoc Candidates:
[]
All Solution Candidates:
[]
[INFO] This case cannot be fixed!


real	0m0.874s
user	0m2.845s
sys	0m10.171s
