--- Running DataFrame.info#22NN/infoNN, strategy: relancer
[ERR MSG]: OrderedDict([('project', 'DataFrame.info#22NN'), ('notebook', 'infoNN'), ('text', '  File "infoNN.py", line 6, in <module>\n    df.info(True,  None,  None,  None,  None,  None)\nTypeError: info() takes from 1 to 6 positional arguments but 7 were given\n')])
  File "infoNN.py", line 6, in <module>
Error inducing API short name: info, line no: 6
Error inducing API fqn: UNKNOWN, line no: 6
*** TypeError: PLACEHOLDER
Repair Action: arg_name
Key Params: []
Prev Params: None
Prev Repair Action: None
Line No: 6
Prev Line No: 0
GitHub Candidates:
[]
KP:[]
EXPP: []
APIDoc Candidates:
[]
All Solution Candidates:
[]
[INFO] This case cannot be fixed!


real	0m0.646s
user	0m1.655s
sys	0m5.331s
