--- Running Rule#7NN/RuleNN, strategy: relancer
[ERR MSG]: OrderedDict([('project', 'Rule#7NN'), ('notebook', 'RuleNN'), ('text', '  File "RuleNN.py", line 2, in <module>\n    rule = Rule(\'\',  None,  \'rule.line\')\nTypeError: __init__() takes from 1 to 2 positional arguments but 4 were given\n')])
  File "RuleNN.py", line 2, in <module>
Error inducing API short name: Rule, line no: 2
Error inducing API fqn: rich.rule.Rule, line no: 2
*** TypeError: PLACEHOLDER
Repair Action: arg_name
Key Params: ['IMPLICIT_0', 'IMPLICIT_1', 'IMPLICIT_2']
Prev Params: None
Prev Repair Action: None
Line No: 2
Prev Line No: 0
GitHub Candidates:
[]
KP:['IMPLICIT_0', 'IMPLICIT_1', 'IMPLICIT_2']
EXPP: ['IMPLICIT_0', 'IMPLICIT_1', 'IMPLICIT_2']
APIDoc Candidates:
[]
All Solution Candidates:
[]
[INFO] This case cannot be fixed!


real	0m0.335s
user	0m0.308s
sys	0m0.028s
