--- Running DataFrame.describe#11NN/describeNN, strategy: relancer
[ERR MSG]: OrderedDict([('project', 'DataFrame.describe#11NN'), ('notebook', 'describeNN'), ('text', '  File "describeNN.py", line 3, in <module>\n    df.describe(None,  None,  None,  False)\nTypeError: describe() takes from 1 to 4 positional arguments but 5 were given\n')])
  File "describeNN.py", line 3, in <module>
Error inducing API short name: describe, line no: 3
Error inducing API fqn: UNKNOWN, line no: 3
*** TypeError: PLACEHOLDER
Repair Action: arg_name
Key Params: []
Prev Params: None
Prev Repair Action: None
Line No: 3
Prev Line No: 0
GitHub Candidates:
[]
KP:[]
EXPP: []
APIDoc Candidates:
[]
All Solution Candidates:
[]
[INFO] This case cannot be fixed!


real	0m0.628s
user	0m1.751s
sys	0m5.773s
