--- Running plotly.express.density_heatmap#495NN/density_heatmapNN, strategy: relancer
[ERR MSG]: OrderedDict([('project', 'plotly.express.density_heatmap#495NN'), ('notebook', 'density_heatmapNN'), ('text', '  File "density_heatmapNN.py", line 3, in <module>\n    fig = px.density_heatmap(df,  \'total_bill\',  \'tip\',  None,  None,  None,  0,  None,  None,  None,  None,  None,  None,  None,  None,  None,  None,  None,  None,  None,  None,  None,  False,  False,  None,  None,  None,  None,  None,  None,  None)\n  File "/dataset/zhang/anaconda3/envs/Rplotly5.5.0/lib/python3.6/site-packages/plotly/express/_chart_types.py", line 196, in density_heatmap\n    ybingroup="y",\n  File "/dataset/zhang/anaconda3/envs/Rplotly5.5.0/lib/python3.6/site-packages/plotly/express/_core.py", line 1953, in make_figure\n    args, constructor, trace_patch, layout_patch\n  File "/dataset/zhang/anaconda3/envs/Rplotly5.5.0/lib/python3.6/site-packages/plotly/express/_core.py", line 1804, in infer_config\n    trace_patch["texttemplate"] = "%{" + letter + ":" + args["text_auto"] + "}"\nTypeError: must be str, not NoneType\n')])
  File "density_heatmapNN.py", line 3, in <module>
Error inducing API short name: density_heatmap, line no: 3
Error inducing API fqn: plotly.express.density_heatmap, line no: 3
*** TypeError: PLACEHOLDER
Repair Action: arg_name
Key Params: ['IMPLICIT_0', 'IMPLICIT_1', 'IMPLICIT_2', 'IMPLICIT_3', 'IMPLICIT_4', 'IMPLICIT_5', 'IMPLICIT_6', 'IMPLICIT_7', 'IMPLICIT_8', 'IMPLICIT_9', 'IMPLICIT_10', 'IMPLICIT_11', 'IMPLICIT_12', 'IMPLICIT_13', 'IMPLICIT_14', 'IMPLICIT_15', 'IMPLICIT_16', 'IMPLICIT_17', 'IMPLICIT_18', 'IMPLICIT_19', 'IMPLICIT_20', 'IMPLICIT_21', 'IMPLICIT_22', 'IMPLICIT_23', 'IMPLICIT_24', 'IMPLICIT_25', 'IMPLICIT_26', 'IMPLICIT_27', 'IMPLICIT_28', 'IMPLICIT_29', 'IMPLICIT_30']
Prev Params: None
Prev Repair Action: None
Line No: 3
Prev Line No: 0
GitHub Candidates:
[]
KP:['IMPLICIT_0', 'IMPLICIT_1', 'IMPLICIT_2', 'IMPLICIT_3', 'IMPLICIT_4', 'IMPLICIT_5', 'IMPLICIT_6', 'IMPLICIT_7', 'IMPLICIT_8', 'IMPLICIT_9', 'IMPLICIT_10', 'IMPLICIT_11', 'IMPLICIT_12', 'IMPLICIT_13', 'IMPLICIT_14', 'IMPLICIT_15', 'IMPLICIT_16', 'IMPLICIT_17', 'IMPLICIT_18', 'IMPLICIT_19', 'IMPLICIT_20', 'IMPLICIT_21', 'IMPLICIT_22', 'IMPLICIT_23', 'IMPLICIT_24', 'IMPLICIT_25', 'IMPLICIT_26', 'IMPLICIT_27', 'IMPLICIT_28', 'IMPLICIT_29', 'IMPLICIT_30']
EXPP: ['IMPLICIT_0', 'IMPLICIT_1', 'IMPLICIT_2', 'IMPLICIT_3', 'IMPLICIT_4', 'IMPLICIT_5', 'IMPLICIT_6', 'IMPLICIT_7', 'IMPLICIT_8', 'IMPLICIT_9', 'IMPLICIT_10', 'IMPLICIT_11', 'IMPLICIT_12', 'IMPLICIT_13', 'IMPLICIT_14', 'IMPLICIT_15', 'IMPLICIT_16', 'IMPLICIT_17', 'IMPLICIT_18', 'IMPLICIT_19', 'IMPLICIT_20', 'IMPLICIT_21', 'IMPLICIT_22', 'IMPLICIT_23', 'IMPLICIT_24', 'IMPLICIT_25', 'IMPLICIT_26', 'IMPLICIT_27', 'IMPLICIT_28', 'IMPLICIT_29', 'IMPLICIT_30']
APIDoc Candidates:
[]
All Solution Candidates:
[]
[INFO] This case cannot be fixed!


real	0m1.091s
user	0m2.166s
sys	0m6.025s
