--- Running linear_model.LinearRegression#10NN/LinearRegressionNN, strategy: relancer
[ERR MSG]: OrderedDict([('project', 'linear_model.LinearRegression#10NN'), ('notebook', 'LinearRegressionNN'), ('text', '  File "LinearRegressionNN.py", line 5, in <module>\n    reg = LinearRegression(positive=False, n_jobs=None, fit_intercept=True, copy_X=True, normalize=\'deprecated\')\nTypeError: __init__() got an unexpected keyword argument \'normalize\'\n')])
  File "LinearRegressionNN.py", line 5, in <module>
Error inducing API short name: LinearRegression, line no: 5
Error inducing API fqn: sklearn.linear_model.LinearRegression, line no: 5
*** TypeError: PLACEHOLDER
Repair Action: arg_name
Key Params: ['positive', 'n_jobs', 'fit_intercept', 'copy_X', 'normalize']
Prev Params: None
Prev Repair Action: None
Line No: 5
Prev Line No: 0
GitHub Candidates:
[]
KP:['positive', 'n_jobs', 'fit_intercept', 'copy_X', 'normalize']
EXPP: ['positive', 'n_jobs', 'fit_intercept', 'copy_X', 'normalize']
APIDoc Candidates:
[]
All Solution Candidates:
[]
[INFO] This case cannot be fixed!


real	0m0.820s
user	0m2.463s
sys	0m9.489s
