--- Running aiohttp.TCPConnector#18NN/TCPConnectorNN, strategy: relancer
[ERR MSG]: OrderedDict([('project', 'aiohttp.TCPConnector#18NN'), ('notebook', 'TCPConnectorNN'), ('text', '  File "TCPConnectorNN.py", line 14, in <module>\n    loop.run_until_complete(main())\n  File "/dataset/zhang/anaconda3/envs/Raiohttp3.0.0/lib/python3.6/asyncio/base_events.py", line 488, in run_until_complete\n    return future.result()\n  File "TCPConnectorNN.py", line 9, in main\n    connector = aiohttp.TCPConnector(resolve=object(), verify_ssl=True, fingerprint=None)\nTypeError: __init__() got an unexpected keyword argument \'resolve\'\n')])
  File "TCPConnectorNN.py", line 14, in <module>
Error inducing API short name: run_until_complete, line no: 14
  File "TCPConnectorNN.py", line 9, in main
Error inducing API short name: TCPConnector, line no: 9
Error inducing API fqn: aiohttp.TCPConnector, line no: 9
*** TypeError: PLACEHOLDER
Repair Action: arg_name
Key Params: ['resolve', 'verify_ssl', 'fingerprint']
Prev Params: None
Prev Repair Action: None
Line No: 9
Prev Line No: 0
GitHub Candidates:
[]
KP:['resolve', 'verify_ssl', 'fingerprint']
EXPP: ['resolve', 'verify_ssl', 'fingerprint']
APIDoc Candidates:
[]
All Solution Candidates:
[]
[INFO] This case cannot be fixed!


real	0m0.525s
user	0m0.463s
sys	0m0.063s
