--- Running Index.slice_indexer#15NN/slice_indexerNN, strategy: relancer
[ERR MSG]: OrderedDict([('project', 'Index.slice_indexer#15NN'), ('notebook', 'slice_indexerNN'), ('text', '  File "slice_indexerNN.py", line 3, in <module>\n    idx.slice_indexer(start=\'b\', end=\'c\', step=None, kind=None)\nTypeError: slice_indexer() got an unexpected keyword argument \'kind\'\n')])
  File "slice_indexerNN.py", line 3, in <module>
Error inducing API short name: slice_indexer, line no: 3
Error inducing API fqn: UNKNOWN, line no: 3
*** TypeError: PLACEHOLDER
Repair Action: arg_name
Key Params: []
Prev Params: None
Prev Repair Action: None
Line No: 3
Prev Line No: 0
GitHub Candidates:
[]
KP:[]
EXPP: []
APIDoc Candidates:
[]
All Solution Candidates:
[]
[INFO] This case cannot be fixed!


real	0m0.622s
user	0m1.693s
sys	0m5.555s
