--- Running httpx.AsyncClient#16NN/AsyncClientNN, strategy: relancer
[ERR MSG]: OrderedDict([('project', 'httpx.AsyncClient#16NN'), ('notebook', 'AsyncClientNN'), ('text', '  File "AsyncClientNN.py", line 3, in <module>\n    client = httpx.AsyncClient(backend=\'auto\')\nTypeError: __init__() got an unexpected keyword argument \'backend\'\n')])
  File "AsyncClientNN.py", line 3, in <module>
Error inducing API short name: AsyncClient, line no: 3
Error inducing API fqn: httpx.AsyncClient, line no: 3
*** TypeError: PLACEHOLDER
Repair Action: arg_name
Key Params: ['backend']
Prev Params: None
Prev Repair Action: None
Line No: 3
Prev Line No: 0
GitHub Candidates:
[]
KP:['backend']
EXPP: ['backend']
APIDoc Candidates:
[]
All Solution Candidates:
[]
[INFO] This case cannot be fixed!


real	0m0.441s
user	0m0.393s
sys	0m0.041s
