--- Running DataFrame.to_excel#105NN/to_excelNN, strategy: relancer
[ERR MSG]: OrderedDict([('project', 'DataFrame.to_excel#105NN'), ('notebook', 'to_excelNN'), ('text', '  File "to_excelNN.py", line 3, in <module>\n    df1.to_excel(\'output.xlsx\',  \'Sheet1\',  \'\',  None,  None,  True,  True,  None,  0,  0,  None,  True,  False,  \'inf\')\n  File "/dataset/zhang/anaconda3/envs/Rpandas2.0.0/lib/python3.8/site-packages/pandas/core/generic.py", line 2252, in to_excel\n    formatter.write(\n  File "/dataset/zhang/anaconda3/envs/Rpandas2.0.0/lib/python3.8/site-packages/pandas/io/formats/excel.py", line 940, in write\n    writer._write_cells(\n  File "/dataset/zhang/anaconda3/envs/Rpandas2.0.0/lib/python3.8/site-packages/pandas/io/excel/_openpyxl.py", line 479, in _write_cells\n    if validate_freeze_panes(freeze_panes):\n  File "/dataset/zhang/anaconda3/envs/Rpandas2.0.0/lib/python3.8/site-packages/pandas/io/excel/_util.py", line 229, in validate_freeze_panes\n    raise ValueError(\nValueError: freeze_panes must be of form (row, column) where row and column are integers\n')])
  File "to_excelNN.py", line 3, in <module>
Error inducing API short name: to_excel, line no: 3
Error inducing API fqn: UNKNOWN, line no: 3
*** ValueError: PLACEHOLDER
All known params: []
All known params' names: []
Error line tokens: ['valueerror', 'placeholder']
Repair Action: arg_value
Key Params: []
Prev Params: None
Prev Repair Action: None
Line No: 3
Prev Line No: 0
GitHub Candidates:
[]
APIDoc Candidates:
[]
All Solution Candidates:
[]
[INFO] This case cannot be fixed!


real	0m0.735s
user	0m1.662s
sys	0m4.974s
