--- Running rich.syntax.Syntax#44NN/SyntaxNN, strategy: relancer
[ERR MSG]: OrderedDict([('project', 'rich.syntax.Syntax#44NN'), ('notebook', 'SyntaxNN'), ('text', '  File "SyntaxNN.py", line 2, in <module>\n    syntax = Syntax("print(\'hello world\')", code_width=50, background_color=\'yellow\', theme=\'monokai\', indent_guides=True, tab_size=4, line_range=(1, 5), word_wrap=True, line_numbers=True, start_line=1, highlight_lines={2, 3}, lexer_name=\'python\', dedent=False)\nTypeError: __init__() got an unexpected keyword argument \'lexer_name\'\n')])
  File "SyntaxNN.py", line 2, in <module>
Error inducing API short name: , line no: 2
Error inducing API fqn: rich.syntax.Syntax, line no: 2
*** TypeError: PLACEHOLDER
Repair Action: arg_name
Key Params: ['IMPLICIT_0', 'code_width', 'background_color', 'theme', 'indent_guides', 'tab_size', 'line_range', 'word_wrap', 'line_numbers', 'start_line', 'highlight_lines', 'lexer_name', 'dedent']
Prev Params: None
Prev Repair Action: None
Line No: 2
Prev Line No: 0
GitHub Candidates:
[]
KP:['IMPLICIT_0', 'code_width', 'background_color', 'theme', 'indent_guides', 'tab_size', 'line_range', 'word_wrap', 'line_numbers', 'start_line', 'highlight_lines', 'lexer_name', 'dedent']
EXPP: ['IMPLICIT_0', 'code_width', 'background_color', 'theme', 'indent_guides', 'tab_size', 'line_range', 'word_wrap', 'line_numbers', 'start_line', 'highlight_lines', 'lexer_name', 'dedent']
APIDoc Candidates:
[]
All Solution Candidates:
[]
[INFO] This case cannot be fixed!


real	0m0.379s
user	0m0.353s
sys	0m0.026s
