--- Running DataFrame.where#20NN/whereNN, strategy: relancer
[ERR MSG]: OrderedDict([('project', 'DataFrame.where#20NN'), ('notebook', 'whereNN'), ('text', '  File "whereNN.py", line 3, in <module>\n    s.where(axis=None, errors=\'raise\', try_cast=False, cond=s > 0, level=None, inplace=False)\nTypeError: where() got an unexpected keyword argument \'errors\'\n')])
  File "whereNN.py", line 3, in <module>
Error inducing API short name: where, line no: 3
Error inducing API fqn: UNKNOWN, line no: 3
*** TypeError: PLACEHOLDER
Repair Action: arg_name
Key Params: []
Prev Params: None
Prev Repair Action: None
Line No: 3
Prev Line No: 0
GitHub Candidates:
[]
KP:[]
EXPP: []
APIDoc Candidates:
[]
All Solution Candidates:
[]
[INFO] This case cannot be fixed!


real	0m0.630s
user	0m1.551s
sys	0m4.803s
