--- Running sympy.GramSchmidt#5NN/GramSchmidtNN, strategy: relancer
[ERR MSG]: OrderedDict([('project', 'sympy.GramSchmidt#5NN'), ('notebook', 'GramSchmidtNN'), ('text', '  File "GramSchmidtNN.py", line 6, in <module>\n    orthogonalized_vectors = sp.GramSchmidt(vlist=independent_vectors, orthog=True)\nTypeError: GramSchmidt() got an unexpected keyword argument \'orthog\'\n')])
  File "GramSchmidtNN.py", line 6, in <module>
Error inducing API short name: GramSchmidt, line no: 6
Error inducing API fqn: sympy.GramSchmidt, line no: 6
*** TypeError: PLACEHOLDER
Repair Action: arg_name
Key Params: ['vlist', 'orthog']
Prev Params: None
Prev Repair Action: None
Line No: 6
Prev Line No: 0
GitHub Candidates:
[]
KP:['vlist', 'orthog']
EXPP: ['vlist', 'orthog']
APIDoc Candidates:
[]
All Solution Candidates:
[]
[INFO] This case cannot be fixed!


real	0m0.659s
user	0m0.559s
sys	0m0.100s
