--- Running read_csv#61NN/read_csvNN, strategy: relancer
[ERR MSG]: OrderedDict([('project', 'read_csv#61NN'), ('notebook', 'read_csvNN'), ('text', '  File "read_csvNN.py", line 2, in <module>\n    pd.read_csv(\'/home/zhang/Packages/tensorflow_file/dev.csv\', dtype=None, delimiter=None, sep=\',\', prefix=None, mangle_dupe_cols=True, names=None, usecols=None, index_col=None, squeeze=None, header=\'infer\')\nTypeError: read_csv() got an unexpected keyword argument \'prefix\'\n')])
  File "read_csvNN.py", line 2, in <module>
Error inducing API short name: read_csv, line no: 2
Error inducing API fqn: pandas.read_csv, line no: 2
*** TypeError: PLACEHOLDER
Repair Action: arg_name
Key Params: ['IMPLICIT_0', 'dtype', 'delimiter', 'sep', 'prefix', 'mangle_dupe_cols', 'names', 'usecols', 'index_col', 'squeeze', 'header']
Prev Params: None
Prev Repair Action: None
Line No: 2
Prev Line No: 0
GitHub Candidates:
[]
KP:['IMPLICIT_0', 'dtype', 'delimiter', 'sep', 'prefix', 'mangle_dupe_cols', 'names', 'usecols', 'index_col', 'squeeze', 'header']
EXPP: ['IMPLICIT_0', 'dtype', 'delimiter', 'sep', 'prefix', 'mangle_dupe_cols', 'names', 'usecols', 'index_col', 'squeeze', 'header']
APIDoc Candidates:
[]
All Solution Candidates:
[]
[INFO] This case cannot be fixed!


real	0m0.627s
user	0m1.712s
sys	0m6.050s
