--- Running sympy.itermonomials#3NN/itermonomialsNN, strategy: relancer
[ERR MSG]: OrderedDict([('project', 'sympy.itermonomials#3NN'), ('notebook', 'itermonomialsNN'), ('text', '  File "itermonomialsNN.py", line 3, in <module>\n    monomials = itermonomials(variables=[x, y], degree=2)\nTypeError: itermonomials() got an unexpected keyword argument \'degree\'\n')])
  File "itermonomialsNN.py", line 3, in <module>
Error inducing API short name: itermonomials, line no: 3
Error inducing API fqn: sympy.itermonomials, line no: 3
*** TypeError: PLACEHOLDER
Repair Action: arg_name
Key Params: ['variables', 'degree']
Prev Params: None
Prev Repair Action: None
Line No: 3
Prev Line No: 0
GitHub Candidates:
[]
KP:['variables', 'degree']
EXPP: ['variables', 'degree']
APIDoc Candidates:
[]
All Solution Candidates:
[]
[INFO] This case cannot be fixed!


real	0m3.636s
user	0m0.547s
sys	0m0.059s
