--- Running httpx.delete#26NN/deleteNN, strategy: relancer
[ERR MSG]: OrderedDict([('project', 'httpx.delete#26NN'), ('notebook', 'deleteNN'), ('text', '  File "deleteNN.py", line 2, in <module>\n    delete(\'https://example.com/resource\', allow_redirects=True, data=None, files=None, json=None, stream=False, cookies=None, auth=None, params=None, cert=None, timeout=None, headers=None, verify=True)\nTypeError: delete() got an unexpected keyword argument \'data\'\n')])
  File "deleteNN.py", line 2, in <module>
Error inducing API short name: delete, line no: 2
Error inducing API fqn: httpx.delete, line no: 2
*** TypeError: PLACEHOLDER
Repair Action: arg_name
Key Params: ['IMPLICIT_0', 'allow_redirects', 'data', 'files', 'json', 'stream', 'cookies', 'auth', 'params', 'cert', 'timeout', 'headers', 'verify']
Prev Params: None
Prev Repair Action: None
Line No: 2
Prev Line No: 0
GitHub Candidates:
[]
KP:['IMPLICIT_0', 'allow_redirects', 'data', 'files', 'json', 'stream', 'cookies', 'auth', 'params', 'cert', 'timeout', 'headers', 'verify']
EXPP: ['IMPLICIT_0', 'allow_redirects', 'data', 'files', 'json', 'stream', 'cookies', 'auth', 'params', 'cert', 'timeout', 'headers', 'verify']
APIDoc Candidates:
[]
All Solution Candidates:
[]
[INFO] This case cannot be fixed!


real	0m0.437s
user	0m0.411s
sys	0m0.027s
