--- Running read_csv#86NN/read_csvNN, strategy: relancer
[ERR MSG]: OrderedDict([('project', 'read_csv#86NN'), ('notebook', 'read_csvNN'), ('text', '  File "read_csvNN.py", line 2, in <module>\n    pd.read_csv(\'/home/zhang/Packages/tensorflow_file/dev.csv\', names=None, usecols=None, compression=\'infer\', dayfirst=False, index_col=None, dtype=None, skiprows=None, date_parser=None, nrows=None, skipinitialspace=False, false_values=None, iterator=False, header=\'infer\', na_filter=True, infer_datetime_format=False, true_values=None, skip_blank_lines=True, cache_dates=True, engine=None, delimiter=None, skipfooter=0, converters=None, mangle_dupe_cols=True, chunksize=None, keep_default_na=True, verbose=False, na_values=None, prefix=None, keep_date_col=False, thousands=None, lineterminator=None, sep=\',\', decimal=\'.\', squeeze=None, parse_dates=None)\nTypeError: read_csv() got an unexpected keyword argument \'mangle_dupe_cols\'\n')])
  File "read_csvNN.py", line 2, in <module>
Error inducing API short name: read_csv, line no: 2
Error inducing API fqn: pandas.read_csv, line no: 2
*** TypeError: PLACEHOLDER
Repair Action: arg_name
Key Params: ['IMPLICIT_0', 'names', 'usecols', 'compression', 'dayfirst', 'index_col', 'dtype', 'skiprows', 'date_parser', 'nrows', 'skipinitialspace', 'false_values', 'iterator', 'header', 'na_filter', 'infer_datetime_format', 'true_values', 'skip_blank_lines', 'cache_dates', 'engine', 'delimiter', 'skipfooter', 'converters', 'mangle_dupe_cols', 'chunksize', 'keep_default_na', 'verbose', 'na_values', 'prefix', 'keep_date_col', 'thousands', 'lineterminator', 'sep', 'decimal', 'squeeze', 'parse_dates']
Prev Params: None
Prev Repair Action: None
Line No: 2
Prev Line No: 0
GitHub Candidates:
[]
KP:['IMPLICIT_0', 'names', 'usecols', 'compression', 'dayfirst', 'index_col', 'dtype', 'skiprows', 'date_parser', 'nrows', 'skipinitialspace', 'false_values', 'iterator', 'header', 'na_filter', 'infer_datetime_format', 'true_values', 'skip_blank_lines', 'cache_dates', 'engine', 'delimiter', 'skipfooter', 'converters', 'mangle_dupe_cols', 'chunksize', 'keep_default_na', 'verbose', 'na_values', 'prefix', 'keep_date_col', 'thousands', 'lineterminator', 'sep', 'decimal', 'squeeze', 'parse_dates']
EXPP: ['IMPLICIT_0', 'names', 'usecols', 'compression', 'dayfirst', 'index_col', 'dtype', 'skiprows', 'date_parser', 'nrows', 'skipinitialspace', 'false_values', 'iterator', 'header', 'na_filter', 'infer_datetime_format', 'true_values', 'skip_blank_lines', 'cache_dates', 'engine', 'delimiter', 'skipfooter', 'converters', 'mangle_dupe_cols', 'chunksize', 'keep_default_na', 'verbose', 'na_values', 'prefix', 'keep_date_col', 'thousands', 'lineterminator', 'sep', 'decimal', 'squeeze', 'parse_dates']
APIDoc Candidates:
[]
All Solution Candidates:
[]
[INFO] This case cannot be fixed!


real	0m0.660s
user	0m1.716s
sys	0m5.773s
