--- Running read_csv#93NN/read_csvNN, strategy: relancer
[ERR MSG]: OrderedDict([('project', 'read_csv#93NN'), ('notebook', 'read_csvNN'), ('text', '  File "read_csvNN.py", line 2, in <module>\n    pd.read_csv(\'/home/zhang/Packages/tensorflow_file/dev.csv\', encoding=None, false_values=None, nrows=None, escapechar=None, keep_default_na=True, doublequote=True, verbose=False, converters=None, infer_datetime_format=False, sep=\',\', dayfirst=False, dtype=None, true_values=None, chunksize=None, compression=\'infer\', header=\'infer\', keep_date_col=False, lineterminator=None, iterator=False, na_values=None, quotechar=\'"\', quoting=0, usecols=None, skip_blank_lines=True, parse_dates=None, skipfooter=0, mangle_dupe_cols=True, na_filter=True, index_col=None, thousands=None, skipinitialspace=False, comment=None, delimiter=None, prefix=None, encoding_errors=\'strict\', engine=None, cache_dates=True, skiprows=None, decimal=\'.\', date_parser=None, names=None, squeeze=None)\nTypeError: read_csv() got an unexpected keyword argument \'mangle_dupe_cols\'\n')])
  File "read_csvNN.py", line 2, in <module>
Error inducing API short name: read_csv, line no: 2
Error inducing API fqn: pandas.read_csv, line no: 2
*** TypeError: PLACEHOLDER
Repair Action: arg_name
Key Params: ['IMPLICIT_0', 'encoding', 'false_values', 'nrows', 'escapechar', 'keep_default_na', 'doublequote', 'verbose', 'converters', 'infer_datetime_format', 'sep', 'dayfirst', 'dtype', 'true_values', 'chunksize', 'compression', 'header', 'keep_date_col', 'lineterminator', 'iterator', 'na_values', 'quotechar', 'quoting', 'usecols', 'skip_blank_lines', 'parse_dates', 'skipfooter', 'mangle_dupe_cols', 'na_filter', 'index_col', 'thousands', 'skipinitialspace', 'comment', 'delimiter', 'prefix', 'encoding_errors', 'engine', 'cache_dates', 'skiprows', 'decimal', 'date_parser', 'names', 'squeeze']
Prev Params: None
Prev Repair Action: None
Line No: 2
Prev Line No: 0
GitHub Candidates:
[]
KP:['IMPLICIT_0', 'encoding', 'false_values', 'nrows', 'escapechar', 'keep_default_na', 'doublequote', 'verbose', 'converters', 'infer_datetime_format', 'sep', 'dayfirst', 'dtype', 'true_values', 'chunksize', 'compression', 'header', 'keep_date_col', 'lineterminator', 'iterator', 'na_values', 'quotechar', 'quoting', 'usecols', 'skip_blank_lines', 'parse_dates', 'skipfooter', 'mangle_dupe_cols', 'na_filter', 'index_col', 'thousands', 'skipinitialspace', 'comment', 'delimiter', 'prefix', 'encoding_errors', 'engine', 'cache_dates', 'skiprows', 'decimal', 'date_parser', 'names', 'squeeze']
EXPP: ['IMPLICIT_0', 'encoding', 'false_values', 'nrows', 'escapechar', 'keep_default_na', 'doublequote', 'verbose', 'converters', 'infer_datetime_format', 'sep', 'dayfirst', 'dtype', 'true_values', 'chunksize', 'compression', 'header', 'keep_date_col', 'lineterminator', 'iterator', 'na_values', 'quotechar', 'quoting', 'usecols', 'skip_blank_lines', 'parse_dates', 'skipfooter', 'mangle_dupe_cols', 'na_filter', 'index_col', 'thousands', 'skipinitialspace', 'comment', 'delimiter', 'prefix', 'encoding_errors', 'engine', 'cache_dates', 'skiprows', 'decimal', 'date_parser', 'names', 'squeeze']
APIDoc Candidates:
[]
All Solution Candidates:
[]
[INFO] This case cannot be fixed!


real	0m0.662s
user	0m1.623s
sys	0m5.556s
