--- Running read_csv#63NN/read_csvNN, strategy: relancer
[ERR MSG]: OrderedDict([('project', 'read_csv#63NN'), ('notebook', 'read_csvNN'), ('text', '  File "read_csvNN.py", line 2, in <module>\n    pd.read_csv(\'/home/zhang/Packages/tensorflow_file/dev.csv\', prefix=None, mangle_dupe_cols=True, engine=None, squeeze=None, usecols=None, sep=\',\', header=\'infer\', names=None, index_col=None, dtype=None, converters=None, delimiter=None)\nTypeError: read_csv() got an unexpected keyword argument \'prefix\'\n')])
  File "read_csvNN.py", line 2, in <module>
Error inducing API short name: read_csv, line no: 2
Error inducing API fqn: pandas.read_csv, line no: 2
*** TypeError: PLACEHOLDER
Repair Action: arg_name
Key Params: ['IMPLICIT_0', 'prefix', 'mangle_dupe_cols', 'engine', 'squeeze', 'usecols', 'sep', 'header', 'names', 'index_col', 'dtype', 'converters', 'delimiter']
Prev Params: None
Prev Repair Action: None
Line No: 2
Prev Line No: 0
GitHub Candidates:
[]
KP:['IMPLICIT_0', 'prefix', 'mangle_dupe_cols', 'engine', 'squeeze', 'usecols', 'sep', 'header', 'names', 'index_col', 'dtype', 'converters', 'delimiter']
EXPP: ['IMPLICIT_0', 'prefix', 'mangle_dupe_cols', 'engine', 'squeeze', 'usecols', 'sep', 'header', 'names', 'index_col', 'dtype', 'converters', 'delimiter']
APIDoc Candidates:
[]
All Solution Candidates:
[]
[INFO] This case cannot be fixed!


real	0m0.604s
user	0m1.654s
sys	0m5.113s
