--- Running tornado.netutil.add_accept_handler#7NN/add_accept_handlerNN, strategy: relancer
[ERR MSG]: OrderedDict([('project', 'tornado.netutil.add_accept_handler#7NN'), ('notebook', 'add_accept_handlerNN'), ('text', '  File "add_accept_handlerNN.py", line 9, in <module>\n    tornado.netutil.add_accept_handler(sock=sock, callback=accept_handler, io_loop=None)\nTypeError: add_accept_handler() got an unexpected keyword argument \'io_loop\'\n')])
  File "add_accept_handlerNN.py", line 9, in <module>
Error inducing API short name: add_accept_handler, line no: 9
Error inducing API fqn: tornado.netutil.add_accept_handler, line no: 9
*** TypeError: PLACEHOLDER
Repair Action: arg_name
Key Params: ['sock', 'callback', 'io_loop']
Prev Params: None
Prev Repair Action: None
Line No: 9
Prev Line No: 0
GitHub Candidates:
[]
KP:['sock', 'callback', 'io_loop']
EXPP: ['sock', 'callback', 'io_loop']
APIDoc Candidates:
[]
All Solution Candidates:
[]
[INFO] This case cannot be fixed!


real	0m0.440s
user	0m0.412s
sys	0m0.020s
