--- Running sympy.geometry.Line3D.equation#11NN/equationNN, strategy: relancer
[ERR MSG]: OrderedDict([('project', 'sympy.geometry.Line3D.equation#11NN'), ('notebook', 'equationNN'), ('text', '  File "equationNN.py", line 5, in <module>\n    equation = line.equation(\'x\',  \'y\',  \'z\',  None)\nTypeError: equation() takes from 1 to 4 positional arguments but 5 were given\n')])
  File "equationNN.py", line 5, in <module>
Error inducing API short name: equation, line no: 5
Error inducing API fqn: UNKNOWN, line no: 5
*** TypeError: PLACEHOLDER
Repair Action: arg_name
Key Params: []
Prev Params: None
Prev Repair Action: None
Line No: 5
Prev Line No: 0
GitHub Candidates:
[]
KP:[]
EXPP: []
APIDoc Candidates:
[]
All Solution Candidates:
[]
[INFO] This case cannot be fixed!


real	0m0.591s
user	0m0.543s
sys	0m0.033s
