--- Running matplotlib.patches.FancyArrowPatch#76NN/FancyArrowPatchNN, strategy: relancer
[ERR MSG]: OrderedDict([('project', 'matplotlib.patches.FancyArrowPatch#76NN'), ('notebook', 'FancyArrowPatchNN'), ('text', '  File "FancyArrowPatchNN.py", line 3, in <module>\n    arrow = FancyArrowPatch((0.2, 0.2),  (0.8, 0.8),  None,  \'simple\',  \'arc3\',  None,  None,  0.1,  0.1,  1,  1,  1.0)\n  File "/dataset/zhang/anaconda3/envs/Rmatplotlib3.6.0/lib/python3.8/site-packages/matplotlib/_api/deprecation.py", line 454, in wrapper\n    return func(*args, **kwargs)\nTypeError: __init__() takes from 1 to 12 positional arguments but 13 were given\n')])
  File "FancyArrowPatchNN.py", line 3, in <module>
Error inducing API short name: FancyArrowPatch, line no: 3
Error inducing API fqn: matplotlib.patches.FancyArrowPatch, line no: 3
*** TypeError: PLACEHOLDER
Repair Action: arg_name
Key Params: ['IMPLICIT_0', 'IMPLICIT_1', 'IMPLICIT_2', 'IMPLICIT_3', 'IMPLICIT_4', 'IMPLICIT_5', 'IMPLICIT_6', 'IMPLICIT_7', 'IMPLICIT_8', 'IMPLICIT_9', 'IMPLICIT_10', 'IMPLICIT_11']
Prev Params: None
Prev Repair Action: None
Line No: 3
Prev Line No: 0
GitHub Candidates:
[]
KP:['IMPLICIT_0', 'IMPLICIT_1', 'IMPLICIT_2', 'IMPLICIT_3', 'IMPLICIT_4', 'IMPLICIT_5', 'IMPLICIT_6', 'IMPLICIT_7', 'IMPLICIT_8', 'IMPLICIT_9', 'IMPLICIT_10', 'IMPLICIT_11']
EXPP: ['IMPLICIT_0', 'IMPLICIT_1', 'IMPLICIT_2', 'IMPLICIT_3', 'IMPLICIT_4', 'IMPLICIT_5', 'IMPLICIT_6', 'IMPLICIT_7', 'IMPLICIT_8', 'IMPLICIT_9', 'IMPLICIT_10', 'IMPLICIT_11']
APIDoc Candidates:
[]
All Solution Candidates:
[]
[INFO] This case cannot be fixed!


real	0m0.760s
user	0m1.861s
sys	0m5.776s
