--- Running httpx.delete#52NN/deleteNN, strategy: relancer
[ERR MSG]: OrderedDict([('project', 'httpx.delete#52NN'), ('notebook', 'deleteNN'), ('text', '  File "deleteNN.py", line 2, in <module>\n    delete(files=None, headers=None, auth=None, cert=None, params=None, stream=False, cookies=None, url=\'https://example.com/resource\', json=None, allow_redirects=True, data=None)\nTypeError: delete() got an unexpected keyword argument \'files\'\n')])
  File "deleteNN.py", line 2, in <module>
Error inducing API short name: delete, line no: 2
Error inducing API fqn: httpx.delete, line no: 2
*** TypeError: PLACEHOLDER
Repair Action: arg_name
Key Params: ['files', 'headers', 'auth', 'cert', 'params', 'stream', 'cookies', 'url', 'json', 'allow_redirects', 'data']
Prev Params: None
Prev Repair Action: None
Line No: 2
Prev Line No: 0
GitHub Candidates:
[]
KP:['files', 'headers', 'auth', 'cert', 'params', 'stream', 'cookies', 'url', 'json', 'allow_redirects', 'data']
EXPP: ['files', 'headers', 'auth', 'cert', 'params', 'stream', 'cookies', 'url', 'json', 'allow_redirects', 'data']
APIDoc Candidates:
[]
All Solution Candidates:
[]
[INFO] This case cannot be fixed!


real	0m0.442s
user	0m0.395s
sys	0m0.048s
