--- Running numpy.histogram#21NN/histogramNN, strategy: relancer
[ERR MSG]: OrderedDict([('project', 'numpy.histogram#21NN'), ('notebook', 'histogramNN'), ('text', '  File "histogramNN.py", line 8, in <module>\n    (hist, bin_edges) = np.histogram(a,  bins,  range,  normed,  weights,  density)\n  File "<__array_function__ internals>", line 198, in histogram\nTypeError: histogram() takes from 1 to 5 positional arguments but 6 were given\n')])
  File "histogramNN.py", line 8, in <module>
Error inducing API short name: , line no: 8
Error inducing API fqn: numpy.histogram, line no: 8
*** TypeError: PLACEHOLDER
Repair Action: arg_name
Key Params: ['IMPLICIT_0', 'IMPLICIT_1', 'IMPLICIT_2', 'IMPLICIT_3', 'IMPLICIT_4', 'IMPLICIT_5']
Prev Params: None
Prev Repair Action: None
Line No: 8
Prev Line No: 0
GitHub Candidates:
[]
KP:['IMPLICIT_0', 'IMPLICIT_1', 'IMPLICIT_2', 'IMPLICIT_3', 'IMPLICIT_4', 'IMPLICIT_5']
EXPP: ['IMPLICIT_0', 'IMPLICIT_1', 'IMPLICIT_2', 'IMPLICIT_3', 'IMPLICIT_4', 'IMPLICIT_5']
APIDoc Candidates:
[]
All Solution Candidates:
[]
[INFO] This case cannot be fixed!


real	0m0.480s
user	0m1.179s
sys	0m3.720s
