--- Running Timestamp#108NN/TimestampNN, strategy: relancer
[ERR MSG]: OrderedDict([('project', 'Timestamp#108NN'), ('notebook', 'TimestampNN'), ('text', '  File "TimestampNN.py", line 2, in <module>\n    pd.Timestamp(fold=None, year=None, freq=None, month=None, ts_input=\'2017-01-01T12\', hour=None, tz=None, minute=None, day=None, unit=None)\n  File "pandas/_libs/tslibs/timestamps.pyx", line 1523, in pandas._libs.tslibs.timestamps.Timestamp.__new__\nTypeError: __new__() got an unexpected keyword argument \'freq\'\n')])
  File "TimestampNN.py", line 2, in <module>
Error inducing API short name: Timestamp, line no: 2
Error inducing API fqn: pandas.Timestamp, line no: 2
*** TypeError: PLACEHOLDER
Repair Action: arg_name
Key Params: ['fold', 'year', 'freq', 'month', 'ts_input', 'hour', 'tz', 'minute', 'day', 'unit']
Prev Params: None
Prev Repair Action: None
Line No: 2
Prev Line No: 0
GitHub Candidates:
[]
KP:['fold', 'year', 'freq', 'month', 'ts_input', 'hour', 'tz', 'minute', 'day', 'unit']
EXPP: ['fold', 'year', 'freq', 'month', 'ts_input', 'hour', 'tz', 'minute', 'day', 'unit']
APIDoc Candidates:
[]
All Solution Candidates:
[]
[INFO] This case cannot be fixed!


real	0m0.611s
user	0m1.641s
sys	0m5.508s
