--- Running read_csv#62NN/read_csvNN, strategy: relancer
[ERR MSG]: OrderedDict([('project', 'read_csv#62NN'), ('notebook', 'read_csvNN'), ('text', '  File "read_csvNN.py", line 2, in <module>\n    pd.read_csv(\'/home/zhang/Packages/tensorflow_file/dev.csv\', header=\'infer\', squeeze=None, index_col=None, usecols=None, names=None, dtype=None, delimiter=None, sep=\',\', engine=None, prefix=None, mangle_dupe_cols=True)\nTypeError: read_csv() got an unexpected keyword argument \'squeeze\'\n')])
  File "read_csvNN.py", line 2, in <module>
Error inducing API short name: read_csv, line no: 2
Error inducing API fqn: pandas.read_csv, line no: 2
*** TypeError: PLACEHOLDER
Repair Action: arg_name
Key Params: ['IMPLICIT_0', 'header', 'squeeze', 'index_col', 'usecols', 'names', 'dtype', 'delimiter', 'sep', 'engine', 'prefix', 'mangle_dupe_cols']
Prev Params: None
Prev Repair Action: None
Line No: 2
Prev Line No: 0
GitHub Candidates:
[]
KP:['IMPLICIT_0', 'header', 'squeeze', 'index_col', 'usecols', 'names', 'dtype', 'delimiter', 'sep', 'engine', 'prefix', 'mangle_dupe_cols']
EXPP: ['IMPLICIT_0', 'header', 'squeeze', 'index_col', 'usecols', 'names', 'dtype', 'delimiter', 'sep', 'engine', 'prefix', 'mangle_dupe_cols']
APIDoc Candidates:
[]
All Solution Candidates:
[]
[INFO] This case cannot be fixed!


real	0m0.634s
user	0m1.615s
sys	0m4.705s
