--- Running matplotlib.path.Path.cleaned#41NN/cleanedNN, strategy: relancer
[ERR MSG]: OrderedDict([('project', 'matplotlib.path.Path.cleaned#41NN'), ('notebook', 'cleanedNN'), ('text', '  File "cleanedNN.py", line 5, in <module>\n    cleaned_path = path.cleaned(None,  False,  None,  None, simplify=False, curves=False, stroke_width=1.0, snap=False)\nTypeError: cleaned() takes from 1 to 4 positional arguments but 5 positional arguments (and 4 keyword-only arguments) were given\n')])
  File "cleanedNN.py", line 5, in <module>
Error inducing API short name: cleaned, line no: 5
Error inducing API fqn: UNKNOWN, line no: 5
*** TypeError: PLACEHOLDER
Repair Action: arg_name
Key Params: []
Prev Params: None
Prev Repair Action: None
Line No: 5
Prev Line No: 0
GitHub Candidates:
[]
KP:[]
EXPP: []
APIDoc Candidates:
[]
All Solution Candidates:
[]
[INFO] This case cannot be fixed!


real	0m0.546s
user	0m1.510s
sys	0m5.172s
