--- Running scipy.linalg.solve#5NN/solveNN, strategy: relancer
[ERR MSG]: OrderedDict([('project', 'scipy.linalg.solve#5NN'), ('notebook', 'solveNN'), ('text', '  File "/home/zhang/CC/Python/RepairTool/ToolCompare/relancer/relancer-exp/fixed_notebooks/relancer/scipy.linalg.solve#5NN/solveNN.py", line 4, in <module>\n    x = scipy.linalg.solve(a,  b, sym_pos=False)\nTypeError: solve() got an unexpected keyword argument \'sym_pos\'\n')])
  File "/home/zhang/CC/Python/RepairTool/ToolCompare/relancer/relancer-exp/fixed_notebooks/relancer/scipy.linalg.solve#5NN/solveNN.py", line 4, in <module>
Error inducing API short name: solve, line no: 4
Error inducing API fqn: scipy.linalg.solve, line no: 4
*** TypeError: PLACEHOLDER
Repair Action: arg_name
Key Params: ['IMPLICIT_0', 'IMPLICIT_1', 'sym_pos']
Prev Params: None
Prev Repair Action: None
Line No: 4
Prev Line No: 0
GitHub Candidates:
[]
KP:['IMPLICIT_0', 'IMPLICIT_1', 'sym_pos']
EXPP: ['IMPLICIT_0', 'IMPLICIT_1', 'sym_pos']
APIDoc Candidates:
[]
All Solution Candidates:
[]
[INFO] This case cannot be fixed!


real	0m0.583s
user	0m2.596s
sys	0m9.956s
