--- Running Index.get_loc#5NN/get_locNN, strategy: relancer
[ERR MSG]: OrderedDict([('project', 'Index.get_loc#5NN'), ('notebook', 'get_locNN'), ('text', '  File "get_locNN.py", line 3, in <module>\n    unique_index.get_loc(key=\'b\', method=None)\nTypeError: get_loc() got an unexpected keyword argument \'method\'\n')])
  File "get_locNN.py", line 3, in <module>
Error inducing API short name: get_loc, line no: 3
Error inducing API fqn: UNKNOWN, line no: 3
*** TypeError: PLACEHOLDER
Repair Action: arg_name
Key Params: []
Prev Params: None
Prev Repair Action: None
Line No: 3
Prev Line No: 0
GitHub Candidates:
[]
KP:[]
EXPP: []
APIDoc Candidates:
[]
All Solution Candidates:
[]
[INFO] This case cannot be fixed!


real	0m0.658s
user	0m1.779s
sys	0m4.929s
