--- Running read_csv#160NN/read_csvNN, strategy: relancer
[ERR MSG]: OrderedDict([('project', 'read_csv#160NN'), ('notebook', 'read_csvNN'), ('text', '  File "read_csvNN.py", line 2, in <module>\n    pd.read_csv(sep=\',\', usecols=None, index_col=None, names=None, filepath_or_buffer=\'/home/zhang/Packages/tensorflow_file/dev.csv\', header=\'infer\', squeeze=None, delimiter=None)\nTypeError: read_csv() got an unexpected keyword argument \'squeeze\'\n')])
  File "read_csvNN.py", line 2, in <module>
Error inducing API short name: read_csv, line no: 2
Error inducing API fqn: pandas.read_csv, line no: 2
*** TypeError: PLACEHOLDER
Repair Action: arg_name
Key Params: ['sep', 'usecols', 'index_col', 'names', 'filepath_or_buffer', 'header', 'squeeze', 'delimiter']
Prev Params: None
Prev Repair Action: None
Line No: 2
Prev Line No: 0
GitHub Candidates:
[]
KP:['sep', 'usecols', 'index_col', 'names', 'filepath_or_buffer', 'header', 'squeeze', 'delimiter']
EXPP: ['sep', 'usecols', 'index_col', 'names', 'filepath_or_buffer', 'header', 'squeeze', 'delimiter']
APIDoc Candidates:
[]
All Solution Candidates:
[]
[INFO] This case cannot be fixed!


real	0m0.600s
user	0m1.833s
sys	0m5.624s
