--- Running matplotlib.patheffects.SimplePatchShadow#17NN/SimplePatchShadowNN, strategy: relancer
[ERR MSG]: OrderedDict([('project', 'matplotlib.patheffects.SimplePatchShadow#17NN'), ('notebook', 'SimplePatchShadowNN'), ('text', '  File "SimplePatchShadowNN.py", line 5, in <module>\n    pe_shadow = pe.SimplePatchShadow((3, -3),  \'gray\',  None,  0.2, rho=0.5)\nTypeError: __init__() got multiple values for argument \'rho\'\n')])
  File "SimplePatchShadowNN.py", line 5, in <module>
Error inducing API short name: SimplePatchShadow, line no: 5
Error inducing API fqn: matplotlib.patheffects.SimplePatchShadow, line no: 5
*** TypeError: PLACEHOLDER
Repair Action: arg_name
Key Params: ['IMPLICIT_0', 'IMPLICIT_1', 'IMPLICIT_2', 'IMPLICIT_3', 'rho']
Prev Params: None
Prev Repair Action: None
Line No: 5
Prev Line No: 0
GitHub Candidates:
[]
KP:['IMPLICIT_0', 'IMPLICIT_1', 'IMPLICIT_2', 'IMPLICIT_3', 'rho']
EXPP: ['IMPLICIT_0', 'IMPLICIT_1', 'IMPLICIT_2', 'IMPLICIT_3', 'rho']
APIDoc Candidates:
[]
All Solution Candidates:
[]
[INFO] This case cannot be fixed!


real	0m0.707s
user	0m1.807s
sys	0m5.848s
