--- Running scipy.sparse.linalg.cgs#22NN/cgsNN, strategy: relancer
[ERR MSG]: OrderedDict([('project', 'scipy.sparse.linalg.cgs#22NN'), ('notebook', 'cgsNN'), ('text', '  File "cgsNN.py", line 6, in <module>\n    (x, info) = cgs(A,  b,  None, tol=1e-05, maxiter=100, xtype=None)\nTypeError: cgs() got an unexpected keyword argument \'xtype\'\n')])
  File "cgsNN.py", line 6, in <module>
Error inducing API short name: , line no: 6
Error inducing API fqn: scipy.sparse.linalg.cgs, line no: 6
*** TypeError: PLACEHOLDER
Repair Action: arg_name
Key Params: ['IMPLICIT_0', 'IMPLICIT_1', 'IMPLICIT_2', 'tol', 'maxiter', 'xtype']
Prev Params: None
Prev Repair Action: None
Line No: 6
Prev Line No: 0
GitHub Candidates:
[]
KP:['IMPLICIT_0', 'IMPLICIT_1', 'IMPLICIT_2', 'tol', 'maxiter', 'xtype']
EXPP: ['IMPLICIT_0', 'IMPLICIT_1', 'IMPLICIT_2', 'tol', 'maxiter', 'xtype']
APIDoc Candidates:
[]
All Solution Candidates:
[]
[INFO] This case cannot be fixed!


real	0m0.545s
user	0m1.489s
sys	0m4.704s
