--- Running geographical_threshold_graph#19NN/geographical_threshold_graphNN, strategy: relancer
[ERR MSG]: OrderedDict([('project', 'geographical_threshold_graph#19NN'), ('notebook', 'geographical_threshold_graphNN'), ('text', '  File "geographical_threshold_graphNN.py", line 2, in <module>\n    G = nx.geographical_threshold_graph(10,  0.1,  2,  2,  None,  None)\n  File "/dataset/zhang/anaconda3/envs/Rnetworkx2.1/lib/python3.8/site-packages/decorator.py", line 232, in fun\n    return caller(func, *(extras + args), **kw)\n  File "/dataset/zhang/anaconda3/envs/Rnetworkx2.1/lib/python3.8/site-packages/networkx/utils/decorators.py", line 290, in _nodes_or_number\n    return func_to_be_decorated(*new_args, **kw)\n  File "/dataset/zhang/anaconda3/envs/Rnetworkx2.1/lib/python3.8/site-packages/networkx/generators/geometric.py", line 455, in geographical_threshold_graph\n    G.add_edges_from(filter(should_join, combinations(G, 2)))\n  File "/dataset/zhang/anaconda3/envs/Rnetworkx2.1/lib/python3.8/site-packages/networkx/classes/graph.py", line 925, in add_edges_from\n    for e in ebunch_to_add:\n  File "/dataset/zhang/anaconda3/envs/Rnetworkx2.1/lib/python3.8/site-packages/networkx/generators/geometric.py", line 451, in should_join\n    u_pos, v_pos = pos[u], pos[v]\nTypeError: \'int\' object is not subscriptable\n')])
  File "geographical_threshold_graphNN.py", line 2, in <module>
Error inducing API short name: geographical_threshold_graph, line no: 2
Error inducing API fqn: networkx.geographical_threshold_graph, line no: 2
*** TypeError: PLACEHOLDER
Repair Action: arg_name
Key Params: ['IMPLICIT_0', 'IMPLICIT_1', 'IMPLICIT_2', 'IMPLICIT_3', 'IMPLICIT_4', 'IMPLICIT_5']
Prev Params: None
Prev Repair Action: None
Line No: 2
Prev Line No: 0
GitHub Candidates:
[]
KP:['IMPLICIT_0', 'IMPLICIT_1', 'IMPLICIT_2', 'IMPLICIT_3', 'IMPLICIT_4', 'IMPLICIT_5']
EXPP: ['IMPLICIT_0', 'IMPLICIT_1', 'IMPLICIT_2', 'IMPLICIT_3', 'IMPLICIT_4', 'IMPLICIT_5']
APIDoc Candidates:
[]
All Solution Candidates:
[]
[INFO] This case cannot be fixed!


real	0m0.460s
user	0m0.418s
sys	0m0.043s
