--- Running DataFrame.set_axis#12NN/set_axisNN, strategy: relancer
[ERR MSG]: OrderedDict([('project', 'DataFrame.set_axis#12NN'), ('notebook', 'set_axisNN'), ('text', '  File "set_axisNN.py", line 3, in <module>\n    df.set_axis(copy=False, inplace=False, labels=[\'a\', \'b\', \'c\'], axis=\'index\')\nTypeError: set_axis() got an unexpected keyword argument \'inplace\'\n')])
  File "set_axisNN.py", line 3, in <module>
Error inducing API short name: set_axis, line no: 3
Error inducing API fqn: UNKNOWN, line no: 3
*** TypeError: PLACEHOLDER
Repair Action: arg_name
Key Params: []
Prev Params: None
Prev Repair Action: None
Line No: 3
Prev Line No: 0
GitHub Candidates:
[]
KP:[]
EXPP: []
APIDoc Candidates:
[]
All Solution Candidates:
[]
[INFO] This case cannot be fixed!


real	0m0.670s
user	0m1.582s
sys	0m4.926s
