--- Running gensim.models.fasttext.FastText#104NN/FastTextNN, strategy: relancer
[ERR MSG]: OrderedDict([('project', 'gensim.models.fasttext.FastText#104NN'), ('notebook', 'FastTextNN'), ('text', '  File "FastTextNN.py", line 2, in <module>\n    FastText(None, corpus_file=None, sg=0, hs=0, size=100, alpha=0.025, window=5, min_count=5, max_vocab_size=None, word_ngrams=1, sample=0.001, seed=1, workers=3)\nTypeError: __init__() got an unexpected keyword argument \'size\'\n')])
  File "FastTextNN.py", line 2, in <module>
Error inducing API short name: FastText, line no: 2
Error inducing API fqn: gensim.models.FastText, line no: 2
*** TypeError: PLACEHOLDER
Repair Action: arg_name
Key Params: ['IMPLICIT_0', 'corpus_file', 'sg', 'hs', 'size', 'alpha', 'window', 'min_count', 'max_vocab_size', 'word_ngrams', 'sample', 'seed', 'workers']
Prev Params: None
Prev Repair Action: None
Line No: 2
Prev Line No: 0
GitHub Candidates:
[]
KP:['IMPLICIT_0', 'corpus_file', 'sg', 'hs', 'size', 'alpha', 'window', 'min_count', 'max_vocab_size', 'word_ngrams', 'sample', 'seed', 'workers']
EXPP: ['IMPLICIT_0', 'corpus_file', 'sg', 'hs', 'size', 'alpha', 'window', 'min_count', 'max_vocab_size', 'word_ngrams', 'sample', 'seed', 'workers']
APIDoc Candidates:
[]
All Solution Candidates:
[]
[INFO] This case cannot be fixed!


real	0m0.828s
user	0m3.140s
sys	0m12.271s
