--- Running Index.get_slice_bound#4NN/get_slice_boundNN, strategy: relancer
[ERR MSG]: OrderedDict([('project', 'Index.get_slice_bound#4NN'), ('notebook', 'get_slice_boundNN'), ('text', '  File "get_slice_boundNN.py", line 6, in <module>\n    start_bound = index.get_slice_bound(start,  \'left\',  None)\nTypeError: get_slice_bound() takes 3 positional arguments but 4 were given\n')])
  File "get_slice_boundNN.py", line 6, in <module>
Error inducing API short name: get_slice_bound, line no: 6
Error inducing API fqn: UNKNOWN, line no: 6
*** TypeError: PLACEHOLDER
Repair Action: arg_name
Key Params: []
Prev Params: None
Prev Repair Action: None
Line No: 6
Prev Line No: 0
GitHub Candidates:
[]
KP:[]
EXPP: []
APIDoc Candidates:
[]
All Solution Candidates:
[]
[INFO] This case cannot be fixed!


real	0m0.627s
user	0m1.592s
sys	0m5.459s
