--- Running scipy.sparse.linalg.qmr#52NN/qmrNN, strategy: relancer
[ERR MSG]: OrderedDict([('project', 'scipy.sparse.linalg.qmr#52NN'), ('notebook', 'qmrNN'), ('text', '  File "qmrNN.py", line 6, in <module>\n    result = qmr(A=A, b=b, x0=x0, tol=1e-05, maxiter=None, xtype=None, M1=None, M2=None, callback=None)\nTypeError: qmr() got an unexpected keyword argument \'xtype\'\n')])
  File "qmrNN.py", line 6, in <module>
Error inducing API short name: qmr, line no: 6
Error inducing API fqn: scipy.sparse.linalg.qmr, line no: 6
*** TypeError: PLACEHOLDER
Repair Action: arg_name
Key Params: ['A', 'b', 'x0', 'tol', 'maxiter', 'xtype', 'M1', 'M2', 'callback']
Prev Params: None
Prev Repair Action: None
Line No: 6
Prev Line No: 0
GitHub Candidates:
[]
KP:['A', 'b', 'x0', 'tol', 'maxiter', 'xtype', 'M1', 'M2', 'callback']
EXPP: ['A', 'b', 'x0', 'tol', 'maxiter', 'xtype', 'M1', 'M2', 'callback']
APIDoc Candidates:
[]
All Solution Candidates:
[]
[INFO] This case cannot be fixed!


real	0m0.776s
user	0m1.692s
sys	0m5.944s
