--- Running spacy.load#11NN/loadNN, strategy: relancer
[ERR MSG]: OrderedDict([('project', 'spacy.load#11NN'), ('notebook', 'loadNN'), ('text', '  File "loadNN.py", line 7, in <module>\n    nlp = spacy.load(model_name,  disable_components,  exclude_components, config=custom_config)\nTypeError: load() takes 1 positional argument but 3 positional arguments (and 1 keyword-only argument) were given\n')])
  File "loadNN.py", line 7, in <module>
Error inducing API short name: load, line no: 7
Error inducing API fqn: spacy.load, line no: 7
*** TypeError: PLACEHOLDER
Repair Action: arg_name
Key Params: ['IMPLICIT_0', 'IMPLICIT_1', 'IMPLICIT_2', 'config']
Prev Params: None
Prev Repair Action: None
Line No: 7
Prev Line No: 0
GitHub Candidates:
[]
KP:['IMPLICIT_0', 'IMPLICIT_1', 'IMPLICIT_2', 'config']
EXPP: ['IMPLICIT_0', 'IMPLICIT_1', 'IMPLICIT_2', 'config']
APIDoc Candidates:
[]
All Solution Candidates:
[]
[INFO] This case cannot be fixed!


real	0m0.735s
user	0m1.522s
sys	0m4.104s
