--- Running polars.read_json#4NN/read_jsonNN, strategy: relancer
[ERR MSG]: OrderedDict([('project', 'polars.read_json#4NN'), ('notebook', 'read_jsonNN'), ('text', '  File "read_jsonNN.py", line 2, in <module>\n    df = pl.read_json(\'/home/zhang/output.json\', json_lines=None)\nTypeError: read_json() got an unexpected keyword argument \'json_lines\'\n')])
  File "read_jsonNN.py", line 2, in <module>
Error inducing API short name: read_json, line no: 2
Error inducing API fqn: polars.read_json, line no: 2
*** TypeError: PLACEHOLDER
Repair Action: arg_name
Key Params: ['IMPLICIT_0', 'json_lines']
Prev Params: None
Prev Repair Action: None
Line No: 2
Prev Line No: 0
GitHub Candidates:
[]
KP:['IMPLICIT_0', 'json_lines']
EXPP: ['IMPLICIT_0', 'json_lines']
APIDoc Candidates:
[]
All Solution Candidates:
[]
[INFO] This case cannot be fixed!


real	0m0.369s
user	0m0.333s
sys	0m0.035s
