--- Running ensemble.GradientBoostingRegressor#43NN/GradientBoostingRegressorNN, strategy: relancer
[ERR MSG]: OrderedDict([('project', 'ensemble.GradientBoostingRegressor#43NN'), ('notebook', 'GradientBoostingRegressorNN'), ('text', '  File "GradientBoostingRegressorNN.py", line 6, in <module>\n    reg = GradientBoostingRegressor(min_impurity_decrease=0.0, min_samples_leaf=1, max_depth=3, alpha=0.9, subsample=1.0, verbose=0, random_state=0, min_impurity_split=None, min_weight_fraction_leaf=0.0, learning_rate=0.1, validation_fraction=0.1, presort=\'deprecated\', n_estimators=100, warm_start=False, max_leaf_nodes=None, loss=\'ls\', max_features=None, criterion=\'friedman_mse\', min_samples_split=2, init=None)\n  File "/dataset/zhang/anaconda3/envs/Rsklearn0.24.0/lib/python3.6/site-packages/sklearn/utils/validation.py", line 63, in inner_f\n    return f(*args, **kwargs)\nTypeError: __init__() got an unexpected keyword argument \'presort\'\n')])
  File "GradientBoostingRegressorNN.py", line 6, in <module>
Error inducing API short name: GradientBoostingRegressor, line no: 6
Error inducing API fqn: sklearn.ensemble.GradientBoostingRegressor, line no: 6
*** TypeError: PLACEHOLDER
Repair Action: arg_name
Key Params: ['min_impurity_decrease', 'min_samples_leaf', 'max_depth', 'alpha', 'subsample', 'verbose', 'random_state', 'min_impurity_split', 'min_weight_fraction_leaf', 'learning_rate', 'validation_fraction', 'presort', 'n_estimators', 'warm_start', 'max_leaf_nodes', 'loss', 'max_features', 'criterion', 'min_samples_split', 'init']
Prev Params: None
Prev Repair Action: None
Line No: 6
Prev Line No: 0
GitHub Candidates:
[]
KP:['min_impurity_decrease', 'min_samples_leaf', 'max_depth', 'alpha', 'subsample', 'verbose', 'random_state', 'min_impurity_split', 'min_weight_fraction_leaf', 'learning_rate', 'validation_fraction', 'presort', 'n_estimators', 'warm_start', 'max_leaf_nodes', 'loss', 'max_features', 'criterion', 'min_samples_split', 'init']
EXPP: ['min_impurity_decrease', 'min_samples_leaf', 'max_depth', 'alpha', 'subsample', 'verbose', 'random_state', 'min_impurity_split', 'min_weight_fraction_leaf', 'learning_rate', 'validation_fraction', 'presort', 'n_estimators', 'warm_start', 'max_leaf_nodes', 'loss', 'max_features', 'criterion', 'min_samples_split', 'init']
APIDoc Candidates:
[]
All Solution Candidates:
[]
[INFO] This case cannot be fixed!


real	0m1.029s
user	0m4.122s
sys	0m13.958s
