--- Running scipy.sparse.linalg.bicgstab#34NN/bicgstabNN, strategy: relancer
[ERR MSG]: OrderedDict([('project', 'scipy.sparse.linalg.bicgstab#34NN'), ('notebook', 'bicgstabNN'), ('text', '  File "bicgstabNN.py", line 8, in <module>\n    (x, info) = bicgstab(A,  b,  x0,  tol,  maxiter,  None,  None,  None)\nTypeError: bicgstab() takes from 2 to 7 positional arguments but 8 were given\n')])
  File "bicgstabNN.py", line 8, in <module>
Error inducing API short name: , line no: 8
Error inducing API fqn: scipy.sparse.linalg.bicgstab, line no: 8
*** TypeError: PLACEHOLDER
Repair Action: arg_name
Key Params: ['IMPLICIT_0', 'IMPLICIT_1', 'IMPLICIT_2', 'IMPLICIT_3', 'IMPLICIT_4', 'IMPLICIT_5', 'IMPLICIT_6', 'IMPLICIT_7']
Prev Params: None
Prev Repair Action: None
Line No: 8
Prev Line No: 0
GitHub Candidates:
[]
KP:['IMPLICIT_0', 'IMPLICIT_1', 'IMPLICIT_2', 'IMPLICIT_3', 'IMPLICIT_4', 'IMPLICIT_5', 'IMPLICIT_6', 'IMPLICIT_7']
EXPP: ['IMPLICIT_0', 'IMPLICIT_1', 'IMPLICIT_2', 'IMPLICIT_3', 'IMPLICIT_4', 'IMPLICIT_5', 'IMPLICIT_6', 'IMPLICIT_7']
APIDoc Candidates:
[]
All Solution Candidates:
[]
[INFO] This case cannot be fixed!


real	0m0.570s
user	0m1.617s
sys	0m5.387s
