--- Running polars.DataFrame.replace#3NN/replaceNN, strategy: relancer
[ERR MSG]: OrderedDict([('project', 'polars.DataFrame.replace#3NN'), ('notebook', 'replaceNN'), ('text', '  File "replaceNN.py", line 4, in <module>\n    df.replace(column=\'foo\', new_col=s)\nTypeError: replace() got an unexpected keyword argument \'new_col\'\n')])
  File "replaceNN.py", line 4, in <module>
Error inducing API short name: replace, line no: 4
Error inducing API fqn: UNKNOWN, line no: 4
*** TypeError: PLACEHOLDER
Repair Action: arg_name
Key Params: []
Prev Params: None
Prev Repair Action: None
Line No: 4
Prev Line No: 0
GitHub Candidates:
[]
KP:[]
EXPP: []
APIDoc Candidates:
[]
All Solution Candidates:
[]
[INFO] This case cannot be fixed!


real	0m0.396s
user	0m0.360s
sys	0m0.036s
