--- Running core.arrays.SparseArray#16NN/SparseArrayNN, strategy: relancer
[ERR MSG]: OrderedDict([('project', 'core.arrays.SparseArray#16NN'), ('notebook', 'SparseArrayNN'), ('text', '  File "SparseArrayNN.py", line 2, in <module>\n    arr = SparseArray([0, 0, 1, 2],  None,  None,  None, kind=\'integer\')\nTypeError: __init__() got multiple values for argument \'kind\'\n')])
  File "SparseArrayNN.py", line 2, in <module>
Error inducing API short name: SparseArray, line no: 2
Error inducing API fqn: pandas.arrays.SparseArray, line no: 2
*** TypeError: PLACEHOLDER
Repair Action: arg_name
Key Params: ['IMPLICIT_0', 'IMPLICIT_1', 'IMPLICIT_2', 'IMPLICIT_3', 'kind']
Prev Params: None
Prev Repair Action: None
Line No: 2
Prev Line No: 0
GitHub Candidates:
[]
KP:['IMPLICIT_0', 'IMPLICIT_1', 'IMPLICIT_2', 'IMPLICIT_3', 'kind']
EXPP: ['IMPLICIT_0', 'IMPLICIT_1', 'IMPLICIT_2', 'IMPLICIT_3', 'kind']
APIDoc Candidates:
[]
All Solution Candidates:
[]
[INFO] This case cannot be fixed!


real	0m0.627s
user	0m1.662s
sys	0m6.022s
