--- Running read_csv#192NN/read_csvNN, strategy: relancer
[ERR MSG]: OrderedDict([('project', 'read_csv#192NN'), ('notebook', 'read_csvNN'), ('text', '  File "read_csvNN.py", line 2, in <module>\n    pd.read_csv(na_filter=True, index_col=None, doublequote=True, thousands=None, lineterminator=None, verbose=False, header=\'infer\', false_values=None, sep=\',\', quoting=0, na_values=None, converters=None, true_values=None, filepath_or_buffer=\'/home/zhang/Packages/tensorflow_file/dev.csv\', prefix=None, delimiter=None, mangle_dupe_cols=True, decimal=\'.\', skip_blank_lines=True, cache_dates=True, keep_default_na=True, compression=\'infer\', usecols=None, skipfooter=0, skiprows=None, date_parser=None, squeeze=None, quotechar=\'"\', iterator=False, skipinitialspace=False, dtype=None, engine=None, chunksize=None, escapechar=None, names=None, infer_datetime_format=False, keep_date_col=False, parse_dates=None, nrows=None, dayfirst=False)\nTypeError: read_csv() got an unexpected keyword argument \'prefix\'\n')])
  File "read_csvNN.py", line 2, in <module>
Error inducing API short name: read_csv, line no: 2
Error inducing API fqn: pandas.read_csv, line no: 2
*** TypeError: PLACEHOLDER
Repair Action: arg_name
Key Params: ['na_filter', 'index_col', 'doublequote', 'thousands', 'lineterminator', 'verbose', 'header', 'false_values', 'sep', 'quoting', 'na_values', 'converters', 'true_values', 'filepath_or_buffer', 'prefix', 'delimiter', 'mangle_dupe_cols', 'decimal', 'skip_blank_lines', 'cache_dates', 'keep_default_na', 'compression', 'usecols', 'skipfooter', 'skiprows', 'date_parser', 'squeeze', 'quotechar', 'iterator', 'skipinitialspace', 'dtype', 'engine', 'chunksize', 'escapechar', 'names', 'infer_datetime_format', 'keep_date_col', 'parse_dates', 'nrows', 'dayfirst']
Prev Params: None
Prev Repair Action: None
Line No: 2
Prev Line No: 0
GitHub Candidates:
[]
KP:['na_filter', 'index_col', 'doublequote', 'thousands', 'lineterminator', 'verbose', 'header', 'false_values', 'sep', 'quoting', 'na_values', 'converters', 'true_values', 'filepath_or_buffer', 'prefix', 'delimiter', 'mangle_dupe_cols', 'decimal', 'skip_blank_lines', 'cache_dates', 'keep_default_na', 'compression', 'usecols', 'skipfooter', 'skiprows', 'date_parser', 'squeeze', 'quotechar', 'iterator', 'skipinitialspace', 'dtype', 'engine', 'chunksize', 'escapechar', 'names', 'infer_datetime_format', 'keep_date_col', 'parse_dates', 'nrows', 'dayfirst']
EXPP: ['na_filter', 'index_col', 'doublequote', 'thousands', 'lineterminator', 'verbose', 'header', 'false_values', 'sep', 'quoting', 'na_values', 'converters', 'true_values', 'filepath_or_buffer', 'prefix', 'delimiter', 'mangle_dupe_cols', 'decimal', 'skip_blank_lines', 'cache_dates', 'keep_default_na', 'compression', 'usecols', 'skipfooter', 'skiprows', 'date_parser', 'squeeze', 'quotechar', 'iterator', 'skipinitialspace', 'dtype', 'engine', 'chunksize', 'escapechar', 'names', 'infer_datetime_format', 'keep_date_col', 'parse_dates', 'nrows', 'dayfirst']
APIDoc Candidates:
[]
All Solution Candidates:
[]
[INFO] This case cannot be fixed!


real	0m0.675s
user	0m1.616s
sys	0m4.952s
