--- Running tornado.tcpserver.TCPServer#13NN/TCPServerNN, strategy: relancer
[ERR MSG]: OrderedDict([('project', 'tornado.tcpserver.TCPServer#13NN'), ('notebook', 'TCPServerNN'), ('text', '  File "TCPServerNN.py", line 3, in <module>\n    server = tornado.tcpserver.TCPServer(None,  None, max_buffer_size=None, read_chunk_size=None)\nTypeError: __init__() got multiple values for argument \'max_buffer_size\'\n')])
  File "TCPServerNN.py", line 3, in <module>
Error inducing API short name: TCPServer, line no: 3
Error inducing API fqn: tornado.tcpserver.TCPServer, line no: 3
*** TypeError: PLACEHOLDER
Repair Action: arg_name
Key Params: ['IMPLICIT_0', 'IMPLICIT_1', 'max_buffer_size', 'read_chunk_size']
Prev Params: None
Prev Repair Action: None
Line No: 3
Prev Line No: 0
GitHub Candidates:
[]
KP:['IMPLICIT_0', 'IMPLICIT_1', 'max_buffer_size', 'read_chunk_size']
EXPP: ['IMPLICIT_0', 'IMPLICIT_1', 'max_buffer_size', 'read_chunk_size']
APIDoc Candidates:
[]
All Solution Candidates:
[]
[INFO] This case cannot be fixed!


real	0m0.448s
user	0m0.384s
sys	0m0.054s
