--- Running rich.syntax.Syntax#38NN/SyntaxNN, strategy: relancer
[ERR MSG]: OrderedDict([('project', 'rich.syntax.Syntax#38NN'), ('notebook', 'SyntaxNN'), ('text', '  File "SyntaxNN.py", line 2, in <module>\n    syntax = Syntax("print(\'hello world\')", theme=\'monokai\', line_range=(1, 5), dedent=False, lexer_name=\'python\', line_numbers=True, start_line=1)\nTypeError: __init__() got an unexpected keyword argument \'lexer_name\'\n')])
  File "SyntaxNN.py", line 2, in <module>
Error inducing API short name: , line no: 2
Error inducing API fqn: rich.syntax.Syntax, line no: 2
*** TypeError: PLACEHOLDER
Repair Action: arg_name
Key Params: ['IMPLICIT_0', 'theme', 'line_range', 'dedent', 'lexer_name', 'line_numbers', 'start_line']
Prev Params: None
Prev Repair Action: None
Line No: 2
Prev Line No: 0
GitHub Candidates:
[]
KP:['IMPLICIT_0', 'theme', 'line_range', 'dedent', 'lexer_name', 'line_numbers', 'start_line']
EXPP: ['IMPLICIT_0', 'theme', 'line_range', 'dedent', 'lexer_name', 'line_numbers', 'start_line']
APIDoc Candidates:
[]
All Solution Candidates:
[]
[INFO] This case cannot be fixed!


real	0m0.364s
user	0m0.316s
sys	0m0.049s
