--- Running pandas.Series.resample#44NN/resampleNN, strategy: relancer
[ERR MSG]: OrderedDict([('project', 'pandas.Series.resample#44NN'), ('notebook', 'resampleNN'), ('text', '  File "resampleNN.py", line 4, in <module>\n    series.resample(rule=\'3T\', axis=0, closed=None, label=None, convention=\'start\', kind=None, loffset=None, base=None).sum()\nTypeError: resample() got an unexpected keyword argument \'loffset\'\n')])
  File "resampleNN.py", line 4, in <module>
Error inducing API short name: resample, line no: 4
Error inducing API fqn: UNKNOWN, line no: 4
*** TypeError: PLACEHOLDER
Repair Action: arg_name
Key Params: []
Prev Params: None
Prev Repair Action: None
Line No: 4
Prev Line No: 0
GitHub Candidates:
[]
KP:[]
EXPP: []
APIDoc Candidates:
[]
All Solution Candidates:
[]
[INFO] This case cannot be fixed!


real	0m0.632s
user	0m1.776s
sys	0m6.940s
