--- Running scipy.linalg.solve_triangular#34NN/solve_triangularNN, strategy: relancer
[ERR MSG]: OrderedDict([('project', 'scipy.linalg.solve_triangular#34NN'), ('notebook', 'solve_triangularNN'), ('text', '  File "solve_triangularNN.py", line 5, in <module>\n    x = solve_triangular(a,  b,  0,  True,  True,  True,  None,  True)\nTypeError: solve_triangular() takes from 2 to 7 positional arguments but 8 were given\n')])
  File "solve_triangularNN.py", line 5, in <module>
Error inducing API short name: solve_triangular, line no: 5
Error inducing API fqn: scipy.linalg.solve_triangular, line no: 5
*** TypeError: PLACEHOLDER
Repair Action: arg_name
Key Params: ['IMPLICIT_0', 'IMPLICIT_1', 'IMPLICIT_2', 'IMPLICIT_3', 'IMPLICIT_4', 'IMPLICIT_5', 'IMPLICIT_6', 'IMPLICIT_7']
Prev Params: None
Prev Repair Action: None
Line No: 5
Prev Line No: 0
GitHub Candidates:
[]
KP:['IMPLICIT_0', 'IMPLICIT_1', 'IMPLICIT_2', 'IMPLICIT_3', 'IMPLICIT_4', 'IMPLICIT_5', 'IMPLICIT_6', 'IMPLICIT_7']
EXPP: ['IMPLICIT_0', 'IMPLICIT_1', 'IMPLICIT_2', 'IMPLICIT_3', 'IMPLICIT_4', 'IMPLICIT_5', 'IMPLICIT_6', 'IMPLICIT_7']
APIDoc Candidates:
[]
All Solution Candidates:
[]
[INFO] This case cannot be fixed!


real	0m0.560s
user	0m2.438s
sys	0m9.103s
