--- Running plotly.figure_factory.create_choropleth#104NN/create_choroplethNN, strategy: relancer
[ERR MSG]: OrderedDict([('project', 'plotly.figure_factory.create_choropleth#104NN'), ('notebook', 'create_choroplethNN'), ('text', '  File "create_choroplethNN.py", line 11, in <module>\n    fig = ff.create_choropleth(fips,  values,  [\'Florida\'],  binning_endpoints,  colorscale,  None,  0.02,  0.02,  None,  False,  True,  True,  None, county_outline=None)\nTypeError: create_choropleth() got multiple values for argument \'county_outline\'\n')])
  File "create_choroplethNN.py", line 11, in <module>
Error inducing API short name: create_choropleth, line no: 11
Error inducing API fqn: plotly.figure_factory.create_choropleth, line no: 11
*** TypeError: PLACEHOLDER
Repair Action: arg_name
Key Params: ['IMPLICIT_0', 'IMPLICIT_1', 'IMPLICIT_2', 'IMPLICIT_3', 'IMPLICIT_4', 'IMPLICIT_5', 'IMPLICIT_6', 'IMPLICIT_7', 'IMPLICIT_8', 'IMPLICIT_9', 'IMPLICIT_10', 'IMPLICIT_11', 'IMPLICIT_12', 'county_outline']
Prev Params: None
Prev Repair Action: None
Line No: 11
Prev Line No: 0
GitHub Candidates:
[]
KP:['IMPLICIT_0', 'IMPLICIT_1', 'IMPLICIT_2', 'IMPLICIT_3', 'IMPLICIT_4', 'IMPLICIT_5', 'IMPLICIT_6', 'IMPLICIT_7', 'IMPLICIT_8', 'IMPLICIT_9', 'IMPLICIT_10', 'IMPLICIT_11', 'IMPLICIT_12', 'county_outline']
EXPP: ['IMPLICIT_0', 'IMPLICIT_1', 'IMPLICIT_2', 'IMPLICIT_3', 'IMPLICIT_4', 'IMPLICIT_5', 'IMPLICIT_6', 'IMPLICIT_7', 'IMPLICIT_8', 'IMPLICIT_9', 'IMPLICIT_10', 'IMPLICIT_11', 'IMPLICIT_12', 'county_outline']
APIDoc Candidates:
[]
All Solution Candidates:
[]
[INFO] This case cannot be fixed!


real	0m1.046s
user	0m2.074s
sys	0m5.306s
