--- Running client.send#7NN/sendNN, strategy: relancer
[ERR MSG]: OrderedDict([('project', 'client.send#7NN'), ('notebook', 'sendNN'), ('text', '  File "sendNN.py", line 6, in <module>\n    client.send(request, stream=False, allow_redirects=USE_CLIENT_DEFAULT, auth=USE_CLIENT_DEFAULT)\nTypeError: send() got an unexpected keyword argument \'allow_redirects\'\n')])
  File "sendNN.py", line 6, in <module>
Error inducing API short name: send, line no: 6
Error inducing API fqn: UNKNOWN, line no: 6
*** TypeError: PLACEHOLDER
Repair Action: arg_name
Key Params: []
Prev Params: None
Prev Repair Action: None
Line No: 6
Prev Line No: 0
GitHub Candidates:
[]
KP:[]
EXPP: []
APIDoc Candidates:
[]
All Solution Candidates:
[]
[INFO] This case cannot be fixed!


real	0m0.476s
user	0m0.379s
sys	0m0.082s
