--- Running Timestamp#208NN/TimestampNN, strategy: relancer
[ERR MSG]: OrderedDict([('project', 'Timestamp#208NN'), ('notebook', 'TimestampNN'), ('text', '  File "TimestampNN.py", line 2, in <module>\n    pd.Timestamp(tzinfo=None, tz=None, day=None, unit=None, microsecond=None, month=None, year=None, hour=None, nanosecond=None, ts_input=\'2017-01-01T12\', fold=None, minute=None, second=None, freq=None)\n  File "pandas/_libs/tslibs/timestamps.pyx", line 1523, in pandas._libs.tslibs.timestamps.Timestamp.__new__\nTypeError: __new__() got an unexpected keyword argument \'freq\'\n')])
  File "TimestampNN.py", line 2, in <module>
Error inducing API short name: Timestamp, line no: 2
Error inducing API fqn: pandas.Timestamp, line no: 2
*** TypeError: PLACEHOLDER
Repair Action: arg_name
Key Params: ['tzinfo', 'tz', 'day', 'unit', 'microsecond', 'month', 'year', 'hour', 'nanosecond', 'ts_input', 'fold', 'minute', 'second', 'freq']
Prev Params: None
Prev Repair Action: None
Line No: 2
Prev Line No: 0
GitHub Candidates:
[]
KP:['tzinfo', 'tz', 'day', 'unit', 'microsecond', 'month', 'year', 'hour', 'nanosecond', 'ts_input', 'fold', 'minute', 'second', 'freq']
EXPP: ['tzinfo', 'tz', 'day', 'unit', 'microsecond', 'month', 'year', 'hour', 'nanosecond', 'ts_input', 'fold', 'minute', 'second', 'freq']
APIDoc Candidates:
[]
All Solution Candidates:
[]
[INFO] This case cannot be fixed!


real	0m0.625s
user	0m1.602s
sys	0m5.514s
