--- Running sklearn.linear_model.PassiveAggressiveClassifier#59NN/PassiveAggressiveClassifierNN, strategy: relancer
[ERR MSG]: OrderedDict([('project', 'sklearn.linear_model.PassiveAggressiveClassifier#59NN'), ('notebook', 'PassiveAggressiveClassifierNN'), ('text', '  File "PassiveAggressiveClassifierNN.py", line 2, in <module>\n    clf = PassiveAggressiveClassifier(1.0,  True,  5,  True,  0,  \'hinge\',  1, random_state=None, warm_start=False, class_weight=None)\n  File "/dataset/zhang/anaconda3/envs/Rsklearn0.19.0/lib/python3.6/site-packages/sklearn/linear_model/passive_aggressive.py", line 157, in __init__\n    n_iter=n_iter)\n  File "/dataset/zhang/anaconda3/envs/Rsklearn0.19.0/lib/python3.6/site-packages/sklearn/linear_model/stochastic_gradient.py", line 350, in __init__\n    n_iter=n_iter)\n  File "/dataset/zhang/anaconda3/envs/Rsklearn0.19.0/lib/python3.6/site-packages/sklearn/linear_model/stochastic_gradient.py", line 92, in __init__\n    self._validate_params()\n  File "/dataset/zhang/anaconda3/envs/Rsklearn0.19.0/lib/python3.6/site-packages/sklearn/linear_model/stochastic_gradient.py", line 106, in _validate_params\n    raise ValueError("shuffle must be either True or False")\nValueError: shuffle must be either True or False\n')])
  File "PassiveAggressiveClassifierNN.py", line 2, in <module>
Error inducing API short name: PassiveAggressiveClassifier, line no: 2
Error inducing API fqn: sklearn.linear_model.PassiveAggressiveClassifier, line no: 2
*** ValueError: PLACEHOLDER
All known params: []
All known params' names: []
Error line tokens: ['valueerror', 'placeholder']
Repair Action: arg_value
Key Params: []
Prev Params: None
Prev Repair Action: None
Line No: 2
Prev Line No: 0
GitHub Candidates:
[]
APIDoc Candidates:
[]
All Solution Candidates:
[]
[INFO] This case cannot be fixed!


real	0m0.633s
user	0m2.166s
sys	0m5.284s
