--- Running networkx.community.greedy_modularity_communities#21NN/greedy_modularity_communitiesNN, strategy: relancer
[ERR MSG]: OrderedDict([('project', 'networkx.community.greedy_modularity_communities#21NN'), ('notebook', 'greedy_modularity_communitiesNN'), ('text', '  File "greedy_modularity_communitiesNN.py", line 3, in <module>\n    communities = nx.community.greedy_modularity_communities(G,  None,  1,  1,  None,  None)\nTypeError: greedy_modularity_communities() takes from 1 to 5 positional arguments but 6 were given\n')])
  File "greedy_modularity_communitiesNN.py", line 3, in <module>
Error inducing API short name: greedy_modularity_communities, line no: 3
Error inducing API fqn: networkx.community.greedy_modularity_communities, line no: 3
*** TypeError: PLACEHOLDER
Repair Action: arg_name
Key Params: ['IMPLICIT_0', 'IMPLICIT_1', 'IMPLICIT_2', 'IMPLICIT_3', 'IMPLICIT_4', 'IMPLICIT_5']
Prev Params: None
Prev Repair Action: None
Line No: 3
Prev Line No: 0
GitHub Candidates:
[]
KP:['IMPLICIT_0', 'IMPLICIT_1', 'IMPLICIT_2', 'IMPLICIT_3', 'IMPLICIT_4', 'IMPLICIT_5']
EXPP: ['IMPLICIT_0', 'IMPLICIT_1', 'IMPLICIT_2', 'IMPLICIT_3', 'IMPLICIT_4', 'IMPLICIT_5']
APIDoc Candidates:
[]
All Solution Candidates:
[]
[INFO] This case cannot be fixed!


real	0m0.419s
user	0m0.355s
sys	0m0.064s
