--- Running DataFrame.groupby#45NN/groupbyNN, strategy: relancer
[ERR MSG]: OrderedDict([('project', 'DataFrame.groupby#45NN'), ('notebook', 'groupbyNN'), ('text', '  File "groupbyNN.py", line 3, in <module>\n    df.groupby([\'Animal\'],  0,  None,  True,  True,  False,  False,  False,  True).mean()\nTypeError: groupby() takes from 1 to 9 positional arguments but 10 were given\n')])
  File "groupbyNN.py", line 3, in <module>
Error inducing API short name: groupby, line no: 3
Error inducing API fqn: UNKNOWN, line no: 3
*** TypeError: PLACEHOLDER
Repair Action: arg_name
Key Params: []
Prev Params: None
Prev Repair Action: None
Line No: 3
Prev Line No: 0
GitHub Candidates:
[]
KP:[]
EXPP: []
APIDoc Candidates:
[]
All Solution Candidates:
[]
[INFO] This case cannot be fixed!


real	0m0.638s
user	0m1.615s
sys	0m5.286s
