--- Running read_csv#202NN/read_csvNN, strategy: relancer
[ERR MSG]: OrderedDict([('project', 'read_csv#202NN'), ('notebook', 'read_csvNN'), ('text', '  File "read_csvNN.py", line 2, in <module>\n    pd.read_csv(keep_date_col=False, compression=\'infer\', engine=None, dayfirst=False, sep=\',\', true_values=None, on_bad_lines=None, skiprows=None, chunksize=None, dialect=None, doublequote=True, iterator=False, prefix=None, skip_blank_lines=True, quotechar=\'"\', skipinitialspace=False, keep_default_na=True, cache_dates=True, thousands=None, squeeze=None, memory_map=False, verbose=False, date_parser=None, nrows=None, encoding=None, na_filter=True, delimiter=None, error_bad_lines=None, infer_datetime_format=False, lineterminator=None, dtype=None, usecols=None, converters=None, comment=None, false_values=None, escapechar=None, parse_dates=None, quoting=0, names=None, low_memory=True, delim_whitespace=False, na_values=None, header=\'infer\', filepath_or_buffer=\'/home/zhang/Packages/tensorflow_file/dev.csv\', encoding_errors=\'strict\', mangle_dupe_cols=True, decimal=\'.\', warn_bad_lines=None, index_col=None, skipfooter=0)\nTypeError: read_csv() got an unexpected keyword argument \'prefix\'\n')])
  File "read_csvNN.py", line 2, in <module>
Error inducing API short name: read_csv, line no: 2
Error inducing API fqn: pandas.read_csv, line no: 2
*** TypeError: PLACEHOLDER
Repair Action: arg_name
Key Params: ['keep_date_col', 'compression', 'engine', 'dayfirst', 'sep', 'true_values', 'on_bad_lines', 'skiprows', 'chunksize', 'dialect', 'doublequote', 'iterator', 'prefix', 'skip_blank_lines', 'quotechar', 'skipinitialspace', 'keep_default_na', 'cache_dates', 'thousands', 'squeeze', 'memory_map', 'verbose', 'date_parser', 'nrows', 'encoding', 'na_filter', 'delimiter', 'error_bad_lines', 'infer_datetime_format', 'lineterminator', 'dtype', 'usecols', 'converters', 'comment', 'false_values', 'escapechar', 'parse_dates', 'quoting', 'names', 'low_memory', 'delim_whitespace', 'na_values', 'header', 'filepath_or_buffer', 'encoding_errors', 'mangle_dupe_cols', 'decimal', 'warn_bad_lines', 'index_col', 'skipfooter']
Prev Params: None
Prev Repair Action: None
Line No: 2
Prev Line No: 0
GitHub Candidates:
[]
KP:['keep_date_col', 'compression', 'engine', 'dayfirst', 'sep', 'true_values', 'on_bad_lines', 'skiprows', 'chunksize', 'dialect', 'doublequote', 'iterator', 'prefix', 'skip_blank_lines', 'quotechar', 'skipinitialspace', 'keep_default_na', 'cache_dates', 'thousands', 'squeeze', 'memory_map', 'verbose', 'date_parser', 'nrows', 'encoding', 'na_filter', 'delimiter', 'error_bad_lines', 'infer_datetime_format', 'lineterminator', 'dtype', 'usecols', 'converters', 'comment', 'false_values', 'escapechar', 'parse_dates', 'quoting', 'names', 'low_memory', 'delim_whitespace', 'na_values', 'header', 'filepath_or_buffer', 'encoding_errors', 'mangle_dupe_cols', 'decimal', 'warn_bad_lines', 'index_col', 'skipfooter']
EXPP: ['keep_date_col', 'compression', 'engine', 'dayfirst', 'sep', 'true_values', 'on_bad_lines', 'skiprows', 'chunksize', 'dialect', 'doublequote', 'iterator', 'prefix', 'skip_blank_lines', 'quotechar', 'skipinitialspace', 'keep_default_na', 'cache_dates', 'thousands', 'squeeze', 'memory_map', 'verbose', 'date_parser', 'nrows', 'encoding', 'na_filter', 'delimiter', 'error_bad_lines', 'infer_datetime_format', 'lineterminator', 'dtype', 'usecols', 'converters', 'comment', 'false_values', 'escapechar', 'parse_dates', 'quoting', 'names', 'low_memory', 'delim_whitespace', 'na_values', 'header', 'filepath_or_buffer', 'encoding_errors', 'mangle_dupe_cols', 'decimal', 'warn_bad_lines', 'index_col', 'skipfooter']
APIDoc Candidates:
[]
All Solution Candidates:
[]
[INFO] This case cannot be fixed!


real	0m0.665s
user	0m1.714s
sys	0m6.204s
