--- Running aiohttp.TCPConnector#29NN/TCPConnectorNN, strategy: relancer
[ERR MSG]: OrderedDict([('project', 'aiohttp.TCPConnector#29NN'), ('notebook', 'TCPConnectorNN'), ('text', '  File "TCPConnectorNN.py", line 14, in <module>\n    loop.run_until_complete(main())\n  File "/dataset/zhang/anaconda3/envs/Raiohttp3.0.0/lib/python3.6/asyncio/base_events.py", line 488, in run_until_complete\n    return future.result()\n  File "TCPConnectorNN.py", line 9, in main\n    connector = aiohttp.TCPConnector(enable_cleanup_closed=False, keepalive_timeout=30, fingerprint=None, verify_ssl=True, ttl_dns_cache=10, limit=100, use_dns_cache=True, resolve=object(), ssl_context=None, local_addr=None, force_close=False, limit_per_host=0, resolver=None, family=0)\nTypeError: __init__() got an unexpected keyword argument \'resolve\'\n')])
  File "TCPConnectorNN.py", line 14, in <module>
Error inducing API short name: run_until_complete, line no: 14
  File "TCPConnectorNN.py", line 9, in main
Error inducing API short name: TCPConnector, line no: 9
Error inducing API fqn: aiohttp.TCPConnector, line no: 9
*** TypeError: PLACEHOLDER
Repair Action: arg_name
Key Params: ['enable_cleanup_closed', 'keepalive_timeout', 'fingerprint', 'verify_ssl', 'ttl_dns_cache', 'limit', 'use_dns_cache', 'resolve', 'ssl_context', 'local_addr', 'force_close', 'limit_per_host', 'resolver', 'family']
Prev Params: None
Prev Repair Action: None
Line No: 9
Prev Line No: 0
GitHub Candidates:
[]
KP:['enable_cleanup_closed', 'keepalive_timeout', 'fingerprint', 'verify_ssl', 'ttl_dns_cache', 'limit', 'use_dns_cache', 'resolve', 'ssl_context', 'local_addr', 'force_close', 'limit_per_host', 'resolver', 'family']
EXPP: ['enable_cleanup_closed', 'keepalive_timeout', 'fingerprint', 'verify_ssl', 'ttl_dns_cache', 'limit', 'use_dns_cache', 'resolve', 'ssl_context', 'local_addr', 'force_close', 'limit_per_host', 'resolver', 'family']
APIDoc Candidates:
[]
All Solution Candidates:
[]
[INFO] This case cannot be fixed!


real	0m0.567s
user	0m0.516s
sys	0m0.044s
