--- Running read_csv#180NN/read_csvNN, strategy: relancer
[ERR MSG]: OrderedDict([('project', 'read_csv#180NN'), ('notebook', 'read_csvNN'), ('text', '  File "read_csvNN.py", line 2, in <module>\n    pd.read_csv(nrows=None, header=\'infer\', true_values=None, skipinitialspace=False, skipfooter=0, dtype=None, prefix=None, keep_default_na=True, filepath_or_buffer=\'/home/zhang/Packages/tensorflow_file/dev.csv\', names=None, infer_datetime_format=False, verbose=False, skiprows=None, converters=None, usecols=None, na_filter=True, skip_blank_lines=True, mangle_dupe_cols=True, false_values=None, index_col=None, sep=\',\', date_parser=None, engine=None, na_values=None, delimiter=None, keep_date_col=False, squeeze=None, parse_dates=None)\nTypeError: read_csv() got an unexpected keyword argument \'prefix\'\n')])
  File "read_csvNN.py", line 2, in <module>
Error inducing API short name: read_csv, line no: 2
Error inducing API fqn: pandas.read_csv, line no: 2
*** TypeError: PLACEHOLDER
Repair Action: arg_name
Key Params: ['nrows', 'header', 'true_values', 'skipinitialspace', 'skipfooter', 'dtype', 'prefix', 'keep_default_na', 'filepath_or_buffer', 'names', 'infer_datetime_format', 'verbose', 'skiprows', 'converters', 'usecols', 'na_filter', 'skip_blank_lines', 'mangle_dupe_cols', 'false_values', 'index_col', 'sep', 'date_parser', 'engine', 'na_values', 'delimiter', 'keep_date_col', 'squeeze', 'parse_dates']
Prev Params: None
Prev Repair Action: None
Line No: 2
Prev Line No: 0
GitHub Candidates:
[]
KP:['nrows', 'header', 'true_values', 'skipinitialspace', 'skipfooter', 'dtype', 'prefix', 'keep_default_na', 'filepath_or_buffer', 'names', 'infer_datetime_format', 'verbose', 'skiprows', 'converters', 'usecols', 'na_filter', 'skip_blank_lines', 'mangle_dupe_cols', 'false_values', 'index_col', 'sep', 'date_parser', 'engine', 'na_values', 'delimiter', 'keep_date_col', 'squeeze', 'parse_dates']
EXPP: ['nrows', 'header', 'true_values', 'skipinitialspace', 'skipfooter', 'dtype', 'prefix', 'keep_default_na', 'filepath_or_buffer', 'names', 'infer_datetime_format', 'verbose', 'skiprows', 'converters', 'usecols', 'na_filter', 'skip_blank_lines', 'mangle_dupe_cols', 'false_values', 'index_col', 'sep', 'date_parser', 'engine', 'na_values', 'delimiter', 'keep_date_col', 'squeeze', 'parse_dates']
APIDoc Candidates:
[]
All Solution Candidates:
[]
[INFO] This case cannot be fixed!


real	0m0.642s
user	0m1.815s
sys	0m6.191s
