--- Running torch.btrifact#6NN/btrifactNN, strategy: relancer
[ERR MSG]: OrderedDict([('project', 'torch.btrifact#6NN'), ('notebook', 'btrifactNN'), ('text', '  File "btrifactNN.py", line 3, in <module>\n    (A_LU, pivots) = torch.btrifact(A,  None,  True)\n  File "/dataset/zhang/anaconda3/envs/Rtorch1.1.0/lib/python3.7/site-packages/torch/functional.py", line 886, in btrifact\n    return lu(A, pivot=pivot, get_infos=False, out=out)\n  File "/dataset/zhang/anaconda3/envs/Rtorch1.1.0/lib/python3.7/site-packages/torch/functional.py", line 999, in lu\n    result = torch._lu_with_info(A, pivot=pivot, check_errors=(not get_infos))\nTypeError: _lu_with_info(): argument \'pivot\' must be bool, not NoneType\n')])
  File "btrifactNN.py", line 3, in <module>
Error inducing API short name: , line no: 3
Error inducing API fqn: torch.btrifact, line no: 3
*** TypeError: PLACEHOLDER
Repair Action: arg_name
Key Params: ['IMPLICIT_0', 'IMPLICIT_1', 'IMPLICIT_2']
Prev Params: None
Prev Repair Action: None
Line No: 3
Prev Line No: 0
GitHub Candidates:
[]
KP:['IMPLICIT_0', 'IMPLICIT_1', 'IMPLICIT_2']
EXPP: ['IMPLICIT_0', 'IMPLICIT_1', 'IMPLICIT_2']
APIDoc Candidates:
[]
All Solution Candidates:
[]
[INFO] This case cannot be fixed!


real	0m0.634s
user	0m0.732s
sys	0m1.138s
