--- Running read_csv#98NN/read_csvNN, strategy: relancer
[ERR MSG]: OrderedDict([('project', 'read_csv#98NN'), ('notebook', 'read_csvNN'), ('text', '  File "read_csvNN.py", line 2, in <module>\n    pd.read_csv(\'/home/zhang/Packages/tensorflow_file/dev.csv\', quoting=0, infer_datetime_format=False, delimiter=None, dtype=None, dialect=None, true_values=None, skipinitialspace=False, doublequote=True, cache_dates=True, na_filter=True, skiprows=None, escapechar=None, date_parser=None, decimal=\'.\', keep_date_col=False, encoding_errors=\'strict\', on_bad_lines=None, keep_default_na=True, parse_dates=None, engine=None, prefix=None, encoding=None, converters=None, iterator=False, thousands=None, skip_blank_lines=True, false_values=None, names=None, warn_bad_lines=None, chunksize=None, index_col=None, na_values=None, sep=\',\', skipfooter=0, dayfirst=False, nrows=None, error_bad_lines=None, comment=None, delim_whitespace=False, verbose=False, compression=\'infer\', quotechar=\'"\', header=\'infer\', squeeze=None, usecols=None, mangle_dupe_cols=True, lineterminator=None)\nTypeError: read_csv() got an unexpected keyword argument \'prefix\'\n')])
  File "read_csvNN.py", line 2, in <module>
Error inducing API short name: read_csv, line no: 2
Error inducing API fqn: pandas.read_csv, line no: 2
*** TypeError: PLACEHOLDER
Repair Action: arg_name
Key Params: ['IMPLICIT_0', 'quoting', 'infer_datetime_format', 'delimiter', 'dtype', 'dialect', 'true_values', 'skipinitialspace', 'doublequote', 'cache_dates', 'na_filter', 'skiprows', 'escapechar', 'date_parser', 'decimal', 'keep_date_col', 'encoding_errors', 'on_bad_lines', 'keep_default_na', 'parse_dates', 'engine', 'prefix', 'encoding', 'converters', 'iterator', 'thousands', 'skip_blank_lines', 'false_values', 'names', 'warn_bad_lines', 'chunksize', 'index_col', 'na_values', 'sep', 'skipfooter', 'dayfirst', 'nrows', 'error_bad_lines', 'comment', 'delim_whitespace', 'verbose', 'compression', 'quotechar', 'header', 'squeeze', 'usecols', 'mangle_dupe_cols', 'lineterminator']
Prev Params: None
Prev Repair Action: None
Line No: 2
Prev Line No: 0
GitHub Candidates:
[]
KP:['IMPLICIT_0', 'quoting', 'infer_datetime_format', 'delimiter', 'dtype', 'dialect', 'true_values', 'skipinitialspace', 'doublequote', 'cache_dates', 'na_filter', 'skiprows', 'escapechar', 'date_parser', 'decimal', 'keep_date_col', 'encoding_errors', 'on_bad_lines', 'keep_default_na', 'parse_dates', 'engine', 'prefix', 'encoding', 'converters', 'iterator', 'thousands', 'skip_blank_lines', 'false_values', 'names', 'warn_bad_lines', 'chunksize', 'index_col', 'na_values', 'sep', 'skipfooter', 'dayfirst', 'nrows', 'error_bad_lines', 'comment', 'delim_whitespace', 'verbose', 'compression', 'quotechar', 'header', 'squeeze', 'usecols', 'mangle_dupe_cols', 'lineterminator']
EXPP: ['IMPLICIT_0', 'quoting', 'infer_datetime_format', 'delimiter', 'dtype', 'dialect', 'true_values', 'skipinitialspace', 'doublequote', 'cache_dates', 'na_filter', 'skiprows', 'escapechar', 'date_parser', 'decimal', 'keep_date_col', 'encoding_errors', 'on_bad_lines', 'keep_default_na', 'parse_dates', 'engine', 'prefix', 'encoding', 'converters', 'iterator', 'thousands', 'skip_blank_lines', 'false_values', 'names', 'warn_bad_lines', 'chunksize', 'index_col', 'na_values', 'sep', 'skipfooter', 'dayfirst', 'nrows', 'error_bad_lines', 'comment', 'delim_whitespace', 'verbose', 'compression', 'quotechar', 'header', 'squeeze', 'usecols', 'mangle_dupe_cols', 'lineterminator']
APIDoc Candidates:
[]
All Solution Candidates:
[]
[INFO] This case cannot be fixed!


real	0m0.632s
user	0m1.689s
sys	0m5.365s
