--- Running matplotlib.use#5NN/useNN, strategy: relancer
[ERR MSG]: OrderedDict([('project', 'matplotlib.use#5NN'), ('notebook', 'useNN'), ('text', '  File "useNN.py", line 2, in <module>\n    matplotlib.use(backend=\'Agg\', warn=None)\nTypeError: use() got an unexpected keyword argument \'warn\'\n')])
  File "useNN.py", line 2, in <module>
Error inducing API short name: use, line no: 2
Error inducing API fqn: matplotlib.use, line no: 2
*** TypeError: PLACEHOLDER
Repair Action: arg_name
Key Params: ['backend', 'warn']
Prev Params: None
Prev Repair Action: None
Line No: 2
Prev Line No: 0
GitHub Candidates:
[]
KP:['backend', 'warn']
EXPP: ['backend', 'warn']
APIDoc Candidates:
[]
All Solution Candidates:
[]
[INFO] This case cannot be fixed!


real	0m0.581s
user	0m1.665s
sys	0m5.582s
