--- Running pandas.DataFrame.resample#95NN/resampleNN, strategy: relancer
[ERR MSG]: OrderedDict([('project', 'pandas.DataFrame.resample#95NN'), ('notebook', 'resampleNN'), ('text', '  File "resampleNN.py", line 4, in <module>\n    DataFrame.resample(\'3T\',  0,  None,  None,  \'start\',  None,  None,  None,  None, level=None, origin=\'start_day\', offset=None, group_keys=False).sum()\nTypeError: resample() got multiple values for argument \'level\'\n')])
  File "resampleNN.py", line 4, in <module>
Error inducing API short name: resample, line no: 4
Error inducing API fqn: UNKNOWN, line no: 4
*** TypeError: PLACEHOLDER
Repair Action: arg_name
Key Params: []
Prev Params: None
Prev Repair Action: None
Line No: 4
Prev Line No: 0
GitHub Candidates:
[]
KP:[]
EXPP: []
APIDoc Candidates:
[]
All Solution Candidates:
[]
[INFO] This case cannot be fixed!


real	0m0.637s
user	0m1.679s
sys	0m6.102s
