--- Running bdate_range#62NN/bdate_rangeNN, strategy: relancer
[ERR MSG]: OrderedDict([('project', 'bdate_range#62NN'), ('notebook', 'bdate_rangeNN'), ('text', '  File "bdate_rangeNN.py", line 2, in <module>\n    pd.bdate_range(\'1/1/2018\', end=\'1/08/2018\', periods=None, freq=\'B\', tz=None, normalize=True, name=None, weekmask=None, holidays=None, closed=None)\n  File "/dataset/zhang/anaconda3/envs/Rpandas2.0.0/lib/python3.8/site-packages/pandas/core/indexes/datetimes.py", line 1049, in bdate_range\n    return date_range(\n  File "/dataset/zhang/anaconda3/envs/Rpandas2.0.0/lib/python3.8/site-packages/pandas/core/indexes/datetimes.py", line 945, in date_range\n    dtarr = DatetimeArray._generate_range(\nTypeError: _generate_range() got an unexpected keyword argument \'closed\'\n')])
  File "bdate_rangeNN.py", line 2, in <module>
Error inducing API short name: bdate_range, line no: 2
Error inducing API fqn: pandas.bdate_range, line no: 2
*** TypeError: PLACEHOLDER
Repair Action: arg_name
Key Params: ['IMPLICIT_0', 'end', 'periods', 'freq', 'tz', 'normalize', 'name', 'weekmask', 'holidays', 'closed']
Prev Params: None
Prev Repair Action: None
Line No: 2
Prev Line No: 0
GitHub Candidates:
[]
KP:['IMPLICIT_0', 'end', 'periods', 'freq', 'tz', 'normalize', 'name', 'weekmask', 'holidays', 'closed']
EXPP: ['IMPLICIT_0', 'end', 'periods', 'freq', 'tz', 'normalize', 'name', 'weekmask', 'holidays', 'closed']
APIDoc Candidates:
[]
All Solution Candidates:
[]
[INFO] This case cannot be fixed!


real	0m0.594s
user	0m1.651s
sys	0m5.209s
