--- Running networkx.to_pandas_edgelist#30NN/to_pandas_edgelistNN, strategy: relancer
[ERR MSG]: OrderedDict([('project', 'networkx.to_pandas_edgelist#30NN'), ('notebook', 'to_pandas_edgelistNN'), ('text', '  File "to_pandas_edgelistNN.py", line 7, in <module>\n    edgelist = nx.to_pandas_edgelist(G,  \'source\',  \'target\',  None,  None, order=None, edge_key=None)\nTypeError: to_pandas_edgelist() got an unexpected keyword argument \'order\'\n')])
  File "to_pandas_edgelistNN.py", line 7, in <module>
Error inducing API short name: to_pandas_edgelist, line no: 7
Error inducing API fqn: networkx.to_pandas_edgelist, line no: 7
*** TypeError: PLACEHOLDER
Repair Action: arg_name
Key Params: ['IMPLICIT_0', 'IMPLICIT_1', 'IMPLICIT_2', 'IMPLICIT_3', 'IMPLICIT_4', 'order', 'edge_key']
Prev Params: None
Prev Repair Action: None
Line No: 7
Prev Line No: 0
GitHub Candidates:
[]
KP:['IMPLICIT_0', 'IMPLICIT_1', 'IMPLICIT_2', 'IMPLICIT_3', 'IMPLICIT_4', 'order', 'edge_key']
EXPP: ['IMPLICIT_0', 'IMPLICIT_1', 'IMPLICIT_2', 'IMPLICIT_3', 'IMPLICIT_4', 'order', 'edge_key']
APIDoc Candidates:
[]
All Solution Candidates:
[]
[INFO] This case cannot be fixed!


real	0m0.442s
user	0m0.408s
sys	0m0.035s
