--- Running URL#5NN/URLNN, strategy: relancer
[ERR MSG]: OrderedDict([('project', 'URL#5NN'), ('notebook', 'URLNN'), ('text', '  File "URLNN.py", line 4, in <module>\n    url = httpx.URL(url=url_str, allow_relative=False)\nTypeError: __init__() got an unexpected keyword argument \'allow_relative\'\n')])
  File "URLNN.py", line 4, in <module>
Error inducing API short name: URL, line no: 4
Error inducing API fqn: httpx.URL, line no: 4
*** TypeError: PLACEHOLDER
Repair Action: arg_name
Key Params: ['url', 'allow_relative']
Prev Params: None
Prev Repair Action: None
Line No: 4
Prev Line No: 0
GitHub Candidates:
[]
KP:['url', 'allow_relative']
EXPP: ['url', 'allow_relative']
APIDoc Candidates:
[]
All Solution Candidates:
[]
[INFO] This case cannot be fixed!


real	0m0.424s
user	0m0.375s
sys	0m0.049s
