--- Running tf.data.experimental.service.DispatchServer#4NN/DispatchServerNN, strategy: relancer
[ERR MSG]: OrderedDict([('project', 'tf.data.experimental.service.DispatchServer#4NN'), ('notebook', 'DispatchServerNN'), ('text', '  File "DispatchServerNN.py", line 2, in <module>\n    tf.data.experimental.service.DispatchServer(0, protocol=None)\nTypeError: __init__() got an unexpected keyword argument \'protocol\'\n')])
  File "DispatchServerNN.py", line 2, in <module>
Error inducing API short name: DispatchServer, line no: 2
Error inducing API fqn: tensorflow.data.experimental.experimental.service.DispatchServer, line no: 2
*** TypeError: PLACEHOLDER
Repair Action: arg_name
Key Params: ['IMPLICIT_0', 'protocol']
Prev Params: None
Prev Repair Action: None
Line No: 2
Prev Line No: 0
GitHub Candidates:
[]
KP:['IMPLICIT_0', 'protocol']
EXPP: ['IMPLICIT_0', 'protocol']
APIDoc Candidates:
[]
All Solution Candidates:
[]
[INFO] This case cannot be fixed!


real	0m1.669s
user	0m2.702s
sys	0m5.723s
