--- Running bdate_range#65NN/bdate_rangeNN, strategy: relancer
[ERR MSG]: OrderedDict([('project', 'bdate_range#65NN'), ('notebook', 'bdate_rangeNN'), ('text', '  File "bdate_rangeNN.py", line 2, in <module>\n    pd.bdate_range(\'1/1/2018\',  \'1/08/2018\',  None,  \'B\',  None,  True,  None,  None,  None,  None, inclusive=None)\nTypeError: bdate_range() got multiple values for argument \'inclusive\'\n')])
  File "bdate_rangeNN.py", line 2, in <module>
Error inducing API short name: bdate_range, line no: 2
Error inducing API fqn: pandas.bdate_range, line no: 2
*** TypeError: PLACEHOLDER
Repair Action: arg_name
Key Params: ['IMPLICIT_0', 'IMPLICIT_1', 'IMPLICIT_2', 'IMPLICIT_3', 'IMPLICIT_4', 'IMPLICIT_5', 'IMPLICIT_6', 'IMPLICIT_7', 'IMPLICIT_8', 'IMPLICIT_9', 'inclusive']
Prev Params: None
Prev Repair Action: None
Line No: 2
Prev Line No: 0
GitHub Candidates:
[]
KP:['IMPLICIT_0', 'IMPLICIT_1', 'IMPLICIT_2', 'IMPLICIT_3', 'IMPLICIT_4', 'IMPLICIT_5', 'IMPLICIT_6', 'IMPLICIT_7', 'IMPLICIT_8', 'IMPLICIT_9', 'inclusive']
EXPP: ['IMPLICIT_0', 'IMPLICIT_1', 'IMPLICIT_2', 'IMPLICIT_3', 'IMPLICIT_4', 'IMPLICIT_5', 'IMPLICIT_6', 'IMPLICIT_7', 'IMPLICIT_8', 'IMPLICIT_9', 'inclusive']
APIDoc Candidates:
[]
All Solution Candidates:
[]
[INFO] This case cannot be fixed!


real	0m0.671s
user	0m1.631s
sys	0m4.305s
