--- Running httpx.delete#25NN/deleteNN, strategy: relancer
[ERR MSG]: OrderedDict([('project', 'httpx.delete#25NN'), ('notebook', 'deleteNN'), ('text', '  File "deleteNN.py", line 2, in <module>\n    delete(\'https://example.com/resource\', data=None, verify=True, files=None, allow_redirects=True, params=None, auth=None, cert=None, json=None, stream=False, headers=None, cookies=None)\nTypeError: delete() got an unexpected keyword argument \'data\'\n')])
  File "deleteNN.py", line 2, in <module>
Error inducing API short name: delete, line no: 2
Error inducing API fqn: httpx.delete, line no: 2
*** TypeError: PLACEHOLDER
Repair Action: arg_name
Key Params: ['IMPLICIT_0', 'data', 'verify', 'files', 'allow_redirects', 'params', 'auth', 'cert', 'json', 'stream', 'headers', 'cookies']
Prev Params: None
Prev Repair Action: None
Line No: 2
Prev Line No: 0
GitHub Candidates:
[]
KP:['IMPLICIT_0', 'data', 'verify', 'files', 'allow_redirects', 'params', 'auth', 'cert', 'json', 'stream', 'headers', 'cookies']
EXPP: ['IMPLICIT_0', 'data', 'verify', 'files', 'allow_redirects', 'params', 'auth', 'cert', 'json', 'stream', 'headers', 'cookies']
APIDoc Candidates:
[]
All Solution Candidates:
[]
[INFO] This case cannot be fixed!


real	0m0.438s
user	0m0.399s
sys	0m0.039s
