--- Running rich.syntax.Syntax#41NN/SyntaxNN, strategy: relancer
[ERR MSG]: OrderedDict([('project', 'rich.syntax.Syntax#41NN'), ('notebook', 'SyntaxNN'), ('text', '  File "SyntaxNN.py", line 2, in <module>\n    syntax = Syntax("print(\'hello world\')", tab_size=4, dedent=False, lexer_name=\'python\', theme=\'monokai\', line_range=(1, 5), line_numbers=True, start_line=1, code_width=50, highlight_lines={2, 3})\nTypeError: __init__() got an unexpected keyword argument \'lexer_name\'\n')])
  File "SyntaxNN.py", line 2, in <module>
Error inducing API short name: , line no: 2
Error inducing API fqn: rich.syntax.Syntax, line no: 2
*** TypeError: PLACEHOLDER
Repair Action: arg_name
Key Params: ['IMPLICIT_0', 'tab_size', 'dedent', 'lexer_name', 'theme', 'line_range', 'line_numbers', 'start_line', 'code_width', 'highlight_lines']
Prev Params: None
Prev Repair Action: None
Line No: 2
Prev Line No: 0
GitHub Candidates:
[]
KP:['IMPLICIT_0', 'tab_size', 'dedent', 'lexer_name', 'theme', 'line_range', 'line_numbers', 'start_line', 'code_width', 'highlight_lines']
EXPP: ['IMPLICIT_0', 'tab_size', 'dedent', 'lexer_name', 'theme', 'line_range', 'line_numbers', 'start_line', 'code_width', 'highlight_lines']
APIDoc Candidates:
[]
All Solution Candidates:
[]
[INFO] This case cannot be fixed!


real	0m0.370s
user	0m0.336s
sys	0m0.034s
