--- Running scipy.optimize.fmin_cobyla#58NN/fmin_cobylaNN, strategy: relancer
[ERR MSG]: OrderedDict([('project', 'scipy.optimize.fmin_cobyla#58NN'), ('notebook', 'fmin_cobylaNN'), ('text', '  File "fmin_cobylaNN.py", line 13, in <module>\n    result = fmin_cobyla(objective,  x0, cons=constraints, args=(), consargs=None, rhobeg=rhobeg, rhoend=rhoend, iprint=iprint, maxfun=maxfun, disp=disp)\nTypeError: fmin_cobyla() got an unexpected keyword argument \'iprint\'\n')])
  File "fmin_cobylaNN.py", line 13, in <module>
Error inducing API short name: fmin_cobyla, line no: 13
Error inducing API fqn: scipy.optimize.fmin_cobyla, line no: 13
*** TypeError: PLACEHOLDER
Repair Action: arg_name
Key Params: ['IMPLICIT_0', 'IMPLICIT_1', 'cons', 'args', 'consargs', 'rhobeg', 'rhoend', 'iprint', 'maxfun', 'disp']
Prev Params: None
Prev Repair Action: None
Line No: 13
Prev Line No: 0
GitHub Candidates:
[]
KP:['IMPLICIT_0', 'IMPLICIT_1', 'cons', 'args', 'consargs', 'rhobeg', 'rhoend', 'iprint', 'maxfun', 'disp']
EXPP: ['IMPLICIT_0', 'IMPLICIT_1', 'cons', 'args', 'consargs', 'rhobeg', 'rhoend', 'iprint', 'maxfun', 'disp']
APIDoc Candidates:
[]
All Solution Candidates:
[]
[INFO] This case cannot be fixed!


real	0m0.615s
user	0m1.705s
sys	0m5.412s
