--- Running DepthwiseConv2D#37NN/DepthwiseConv2DNN, strategy: relancer
[ERR MSG]: OrderedDict([('project', 'DepthwiseConv2D#37NN'), ('notebook', 'DepthwiseConv2DNN'), ('text', '  File "DepthwiseConv2DNN.py", line 4, in <module>\n    model.add(DepthwiseConv2D((3, 3),  (1, 1),  \'valid\',  1,  None,  None,  True, depthwise_initializer=\'glorot_uniform\'))\n  File "/dataset/zhang/anaconda3/envs/Rkeras2.2.5/lib/python3.6/site-packages/keras/layers/convolutional.py", line 1799, in __init__\n    **kwargs)\n  File "/dataset/zhang/anaconda3/envs/Rkeras2.2.5/lib/python3.6/site-packages/keras/legacy/interfaces.py", line 91, in wrapper\n    return func(*args, **kwargs)\n  File "/dataset/zhang/anaconda3/envs/Rkeras2.2.5/lib/python3.6/site-packages/keras/layers/convolutional.py", line 484, in __init__\n    **kwargs)\n  File "/dataset/zhang/anaconda3/envs/Rkeras2.2.5/lib/python3.6/site-packages/keras/layers/convolutional.py", line 114, in __init__\n    \'dilation_rate\')\n  File "/dataset/zhang/anaconda3/envs/Rkeras2.2.5/lib/python3.6/site-packages/keras/utils/conv_utils.py", line 36, in normalize_tuple\n    str(n) + \' integers. Received: \' + str(value))\nValueError: The `dilation_rate` argument must be a tuple of 2 integers. Received: None\n')])
  File "DepthwiseConv2DNN.py", line 4, in <module>
Error inducing API short name: DepthwiseConv2D, line no: 4
Error inducing API fqn: keras.layers.DepthwiseConv2D, line no: 4
*** ValueError: PLACEHOLDER
All known params: []
All known params' names: []
Error line tokens: ['valueerror', 'placeholder']
Repair Action: arg_value
Key Params: []
Prev Params: None
Prev Repair Action: None
Line No: 4
Prev Line No: 0
GitHub Candidates:
[]
APIDoc Candidates:
[]
All Solution Candidates:
[]
[INFO] This case cannot be fixed!


real	0m1.206s
user	0m3.935s
sys	0m12.195s
