--- Running scipy.sparse.linalg.gmres#49NN/gmresNN, strategy: relancer
[ERR MSG]: OrderedDict([('project', 'scipy.sparse.linalg.gmres#49NN'), ('notebook', 'gmresNN'), ('text', '  File "gmresNN.py", line 13, in <module>\n    (x, info) = gmres(A,  b,  x0, tol=tol, restart=restart, maxiter=maxiter, xtype=xtype, M=M, callback=callback)\nTypeError: gmres() got an unexpected keyword argument \'xtype\'\n')])
  File "gmresNN.py", line 13, in <module>
Error inducing API short name: , line no: 13
Error inducing API fqn: scipy.sparse.linalg.gmres, line no: 13
*** TypeError: PLACEHOLDER
Repair Action: arg_name
Key Params: ['IMPLICIT_0', 'IMPLICIT_1', 'IMPLICIT_2', 'tol', 'restart', 'maxiter', 'xtype', 'M', 'callback']
Prev Params: None
Prev Repair Action: None
Line No: 13
Prev Line No: 0
GitHub Candidates:
[]
KP:['IMPLICIT_0', 'IMPLICIT_1', 'IMPLICIT_2', 'tol', 'restart', 'maxiter', 'xtype', 'M', 'callback']
EXPP: ['IMPLICIT_0', 'IMPLICIT_1', 'IMPLICIT_2', 'tol', 'restart', 'maxiter', 'xtype', 'M', 'callback']
APIDoc Candidates:
[]
All Solution Candidates:
[]
[INFO] This case cannot be fixed!


real	0m0.603s
user	0m1.766s
sys	0m5.647s
