--- Running ensemble.GradientBoostingRegressor#45NN/GradientBoostingRegressorNN, strategy: relancer
[ERR MSG]: OrderedDict([('project', 'ensemble.GradientBoostingRegressor#45NN'), ('notebook', 'GradientBoostingRegressorNN'), ('text', '  File "GradientBoostingRegressorNN.py", line 6, in <module>\n    reg = GradientBoostingRegressor(min_impurity_decrease=0.0, min_weight_fraction_leaf=0.0, random_state=0, min_samples_split=2, max_features=None, n_iter_no_change=None, tol=0.0001, presort=\'deprecated\', loss=\'ls\', max_leaf_nodes=None, alpha=0.9, subsample=1.0, verbose=0, init=None, min_samples_leaf=1, min_impurity_split=None, criterion=\'friedman_mse\', max_depth=3, learning_rate=0.1, validation_fraction=0.1, warm_start=False, n_estimators=100)\n  File "/dataset/zhang/anaconda3/envs/Rsklearn0.24.0/lib/python3.6/site-packages/sklearn/utils/validation.py", line 63, in inner_f\n    return f(*args, **kwargs)\nTypeError: __init__() got an unexpected keyword argument \'presort\'\n')])
  File "GradientBoostingRegressorNN.py", line 6, in <module>
Error inducing API short name: GradientBoostingRegressor, line no: 6
Error inducing API fqn: sklearn.ensemble.GradientBoostingRegressor, line no: 6
*** TypeError: PLACEHOLDER
Repair Action: arg_name
Key Params: ['min_impurity_decrease', 'min_weight_fraction_leaf', 'random_state', 'min_samples_split', 'max_features', 'n_iter_no_change', 'tol', 'presort', 'loss', 'max_leaf_nodes', 'alpha', 'subsample', 'verbose', 'init', 'min_samples_leaf', 'min_impurity_split', 'criterion', 'max_depth', 'learning_rate', 'validation_fraction', 'warm_start', 'n_estimators']
Prev Params: None
Prev Repair Action: None
Line No: 6
Prev Line No: 0
GitHub Candidates:
[]
KP:['min_impurity_decrease', 'min_weight_fraction_leaf', 'random_state', 'min_samples_split', 'max_features', 'n_iter_no_change', 'tol', 'presort', 'loss', 'max_leaf_nodes', 'alpha', 'subsample', 'verbose', 'init', 'min_samples_leaf', 'min_impurity_split', 'criterion', 'max_depth', 'learning_rate', 'validation_fraction', 'warm_start', 'n_estimators']
EXPP: ['min_impurity_decrease', 'min_weight_fraction_leaf', 'random_state', 'min_samples_split', 'max_features', 'n_iter_no_change', 'tol', 'presort', 'loss', 'max_leaf_nodes', 'alpha', 'subsample', 'verbose', 'init', 'min_samples_leaf', 'min_impurity_split', 'criterion', 'max_depth', 'learning_rate', 'validation_fraction', 'warm_start', 'n_estimators']
APIDoc Candidates:
[]
All Solution Candidates:
[]
[INFO] This case cannot be fixed!


real	0m1.033s
user	0m4.348s
sys	0m14.326s
