--- Running torch.btrifact#5NN/btrifactNN, strategy: relancer
[ERR MSG]: OrderedDict([('project', 'torch.btrifact#5NN'), ('notebook', 'btrifactNN'), ('text', '  File "btrifactNN.py", line 3, in <module>\n    (A_LU, pivots) = torch.btrifact(A=A, info=None)\nTypeError: btrifact() got an unexpected keyword argument \'info\'\n')])
  File "btrifactNN.py", line 3, in <module>
Error inducing API short name: , line no: 3
Error inducing API fqn: torch.btrifact, line no: 3
*** TypeError: PLACEHOLDER
Repair Action: arg_name
Key Params: ['A', 'info']
Prev Params: None
Prev Repair Action: None
Line No: 3
Prev Line No: 0
GitHub Candidates:
[]
KP:['A', 'info']
EXPP: ['A', 'info']
APIDoc Candidates:
[]
All Solution Candidates:
[]
[INFO] This case cannot be fixed!


real	0m0.658s
user	0m0.904s
sys	0m1.644s
