--- Running Response#19NN/ResponseNN, strategy: relancer
[ERR MSG]: OrderedDict([('project', 'Response#19NN'), ('notebook', 'ResponseNN'), ('text', '  File "ResponseNN.py", line 2, in <module>\n    Response(1, request=None, content=None, headers=None, stream=None, ext=None, history=None, json=None, text=None, html=None)\nTypeError: __init__() got an unexpected keyword argument \'ext\'\n')])
  File "ResponseNN.py", line 2, in <module>
Error inducing API short name: Response, line no: 2
Error inducing API fqn: httpx.Response, line no: 2
*** TypeError: PLACEHOLDER
Repair Action: arg_name
Key Params: ['IMPLICIT_0', 'request', 'content', 'headers', 'stream', 'ext', 'history', 'json', 'text', 'html']
Prev Params: None
Prev Repair Action: None
Line No: 2
Prev Line No: 0
GitHub Candidates:
[]
KP:['IMPLICIT_0', 'request', 'content', 'headers', 'stream', 'ext', 'history', 'json', 'text', 'html']
EXPP: ['IMPLICIT_0', 'request', 'content', 'headers', 'stream', 'ext', 'history', 'json', 'text', 'html']
APIDoc Candidates:
[]
All Solution Candidates:
[]
[INFO] This case cannot be fixed!


real	0m0.428s
user	0m0.415s
sys	0m0.013s
