--- Running jax.experimental.jax2tf.convert#14NN/convertNN, strategy: relancer
[ERR MSG]: OrderedDict([('project', 'jax.experimental.jax2tf.convert#14NN'), ('notebook', 'convertNN'), ('text', '  File "convertNN.py", line 7, in <module>\n    jax2tf.convert(sum_of_squares, with_gradient=True, native_serialization_strict_checks=True, native_serialization_platforms=(), enable_xla=True, polymorphic_shapes=None, experimental_native_lowering=\'default\', native_serialization=\'default\')\nTypeError: convert() got an unexpected keyword argument \'native_serialization_strict_checks\'\n')])
  File "convertNN.py", line 7, in <module>
Error inducing API short name: convert, line no: 7
Error inducing API fqn: jax.experimental.jax2tf.convert, line no: 7
*** TypeError: PLACEHOLDER
Repair Action: arg_name
Key Params: ['IMPLICIT_0', 'with_gradient', 'native_serialization_strict_checks', 'native_serialization_platforms', 'enable_xla', 'polymorphic_shapes', 'experimental_native_lowering', 'native_serialization']
Prev Params: None
Prev Repair Action: None
Line No: 7
Prev Line No: 0
GitHub Candidates:
[]
KP:['IMPLICIT_0', 'with_gradient', 'native_serialization_strict_checks', 'native_serialization_platforms', 'enable_xla', 'polymorphic_shapes', 'experimental_native_lowering', 'native_serialization']
EXPP: ['IMPLICIT_0', 'with_gradient', 'native_serialization_strict_checks', 'native_serialization_platforms', 'enable_xla', 'polymorphic_shapes', 'experimental_native_lowering', 'native_serialization']
APIDoc Candidates:
[]
All Solution Candidates:
[]
[INFO] This case cannot be fixed!


real	0m2.580s
user	0m4.848s
sys	0m13.123s
