--- Running read_csv#193NN/read_csvNN, strategy: relancer
[ERR MSG]: OrderedDict([('project', 'read_csv#193NN'), ('notebook', 'read_csvNN'), ('text', '  File "read_csvNN.py", line 2, in <module>\n    pd.read_csv(date_parser=None, quotechar=\'"\', prefix=None, usecols=None, comment=None, quoting=0, doublequote=True, dayfirst=False, decimal=\'.\', skiprows=None, thousands=None, dtype=None, true_values=None, lineterminator=None, skipinitialspace=False, mangle_dupe_cols=True, engine=None, false_values=None, parse_dates=None, filepath_or_buffer=\'/home/zhang/Packages/tensorflow_file/dev.csv\', infer_datetime_format=False, sep=\',\', keep_default_na=True, escapechar=None, header=\'infer\', skip_blank_lines=True, iterator=False, na_filter=True, names=None, nrows=None, na_values=None, squeeze=None, skipfooter=0, delimiter=None, index_col=None, compression=\'infer\', cache_dates=True, chunksize=None, verbose=False, keep_date_col=False, converters=None)\nTypeError: read_csv() got an unexpected keyword argument \'prefix\'\n')])
  File "read_csvNN.py", line 2, in <module>
Error inducing API short name: read_csv, line no: 2
Error inducing API fqn: pandas.read_csv, line no: 2
*** TypeError: PLACEHOLDER
Repair Action: arg_name
Key Params: ['date_parser', 'quotechar', 'prefix', 'usecols', 'comment', 'quoting', 'doublequote', 'dayfirst', 'decimal', 'skiprows', 'thousands', 'dtype', 'true_values', 'lineterminator', 'skipinitialspace', 'mangle_dupe_cols', 'engine', 'false_values', 'parse_dates', 'filepath_or_buffer', 'infer_datetime_format', 'sep', 'keep_default_na', 'escapechar', 'header', 'skip_blank_lines', 'iterator', 'na_filter', 'names', 'nrows', 'na_values', 'squeeze', 'skipfooter', 'delimiter', 'index_col', 'compression', 'cache_dates', 'chunksize', 'verbose', 'keep_date_col', 'converters']
Prev Params: None
Prev Repair Action: None
Line No: 2
Prev Line No: 0
GitHub Candidates:
[]
KP:['date_parser', 'quotechar', 'prefix', 'usecols', 'comment', 'quoting', 'doublequote', 'dayfirst', 'decimal', 'skiprows', 'thousands', 'dtype', 'true_values', 'lineterminator', 'skipinitialspace', 'mangle_dupe_cols', 'engine', 'false_values', 'parse_dates', 'filepath_or_buffer', 'infer_datetime_format', 'sep', 'keep_default_na', 'escapechar', 'header', 'skip_blank_lines', 'iterator', 'na_filter', 'names', 'nrows', 'na_values', 'squeeze', 'skipfooter', 'delimiter', 'index_col', 'compression', 'cache_dates', 'chunksize', 'verbose', 'keep_date_col', 'converters']
EXPP: ['date_parser', 'quotechar', 'prefix', 'usecols', 'comment', 'quoting', 'doublequote', 'dayfirst', 'decimal', 'skiprows', 'thousands', 'dtype', 'true_values', 'lineterminator', 'skipinitialspace', 'mangle_dupe_cols', 'engine', 'false_values', 'parse_dates', 'filepath_or_buffer', 'infer_datetime_format', 'sep', 'keep_default_na', 'escapechar', 'header', 'skip_blank_lines', 'iterator', 'na_filter', 'names', 'nrows', 'na_values', 'squeeze', 'skipfooter', 'delimiter', 'index_col', 'compression', 'cache_dates', 'chunksize', 'verbose', 'keep_date_col', 'converters']
APIDoc Candidates:
[]
All Solution Candidates:
[]
[INFO] This case cannot be fixed!


real	0m0.632s
user	0m1.657s
sys	0m5.208s
