--- Running linear_model.LinearRegression#3NN/LinearRegressionNN, strategy: relancer
[ERR MSG]: OrderedDict([('project', 'linear_model.LinearRegression#3NN'), ('notebook', 'LinearRegressionNN'), ('text', '  File "LinearRegressionNN.py", line 5, in <module>\n    reg = LinearRegression(normalize=\'deprecated\')\nTypeError: __init__() got an unexpected keyword argument \'normalize\'\n')])
  File "LinearRegressionNN.py", line 5, in <module>
Error inducing API short name: LinearRegression, line no: 5
Error inducing API fqn: sklearn.linear_model.LinearRegression, line no: 5
*** TypeError: PLACEHOLDER
Repair Action: arg_name
Key Params: ['normalize']
Prev Params: None
Prev Repair Action: None
Line No: 5
Prev Line No: 0
GitHub Candidates:
[]
KP:['normalize']
EXPP: ['normalize']
APIDoc Candidates:
[]
All Solution Candidates:
[]
[INFO] This case cannot be fixed!


real	0m0.838s
user	0m2.633s
sys	0m8.849s
