--- Running tornado.gen.YieldFuture#3NN/YieldFutureNN, strategy: relancer
[ERR MSG]: OrderedDict([('project', 'tornado.gen.YieldFuture#3NN'), ('notebook', 'YieldFutureNN'), ('text', '  File "YieldFutureNN.py", line 5, in <module>\n    result = tornado.gen.YieldFuture(future,  None)\nTypeError: __init__() takes 2 positional arguments but 3 were given\n')])
  File "YieldFutureNN.py", line 5, in <module>
Error inducing API short name: YieldFuture, line no: 5
Error inducing API fqn: tornado.gen.YieldFuture, line no: 5
*** TypeError: PLACEHOLDER
Repair Action: arg_name
Key Params: ['IMPLICIT_0', 'IMPLICIT_1']
Prev Params: None
Prev Repair Action: None
Line No: 5
Prev Line No: 0
GitHub Candidates:
[]
KP:['IMPLICIT_0', 'IMPLICIT_1']
EXPP: ['IMPLICIT_0', 'IMPLICIT_1']
APIDoc Candidates:
[]
All Solution Candidates:
[]
[INFO] This case cannot be fixed!


real	0m0.386s
user	0m0.308s
sys	0m0.078s
