--- Running plotly.express.scatter#902NN/scatterNN, strategy: relancer
[ERR MSG]: OrderedDict([('project', 'plotly.express.scatter#902NN'), ('notebook', 'scatterNN'), ('text', '  File "scatterNN.py", line 3, in <module>\n    fig = px.scatter(df,  \'sepal_width\',  \'sepal_length\',  None,  None,  None,  None,  None,  None,  None,  None,  None,  0,  None,  None,  None,  None,  None,  None,  None,  None,  None,  None,  None,  None,  None,  None,  None,  None,  None,  None,  None,  None,  None,  None,  None,  None,  False,  False,  None,  None,  \'auto\')\n  File "/dataset/zhang/anaconda3/envs/Rplotly5.2.1/lib/python3.6/site-packages/plotly/express/_chart_types.py", line 66, in scatter\n    return make_figure(args=locals(), constructor=go.Scatter)\n  File "/dataset/zhang/anaconda3/envs/Rplotly5.2.1/lib/python3.6/site-packages/plotly/express/_core.py", line 2219, in make_figure\n    configure_axes(args, constructor, fig, orders)\n  File "/dataset/zhang/anaconda3/envs/Rplotly5.2.1/lib/python3.6/site-packages/plotly/express/_core.py", line 541, in configure_axes\n    configurators[constructor](args, fig, orders)\n  File "/dataset/zhang/anaconda3/envs/Rplotly5.2.1/lib/python3.6/site-packages/plotly/express/_core.py", line 650, in configure_cartesian_axes\n    set_cartesian_axis_opts(args, xaxis, "x", orders)\n  File "/dataset/zhang/anaconda3/envs/Rplotly5.2.1/lib/python3.6/site-packages/plotly/express/_core.py", line 552, in set_cartesian_axis_opts\n    axis["range"] = args[range_key]\n  File "/dataset/zhang/anaconda3/envs/Rplotly5.2.1/lib/python3.6/site-packages/plotly/basedatatypes.py", line 4819, in __setitem__\n    self._set_prop(prop, value)\n  File "/dataset/zhang/anaconda3/envs/Rplotly5.2.1/lib/python3.6/site-packages/plotly/basedatatypes.py", line 5163, in _set_prop\n    raise err\n  File "/dataset/zhang/anaconda3/envs/Rplotly5.2.1/lib/python3.6/site-packages/plotly/basedatatypes.py", line 5158, in _set_prop\n    val = validator.validate_coerce(val)\n  File "/dataset/zhang/anaconda3/envs/Rplotly5.2.1/lib/python3.6/site-packages/_plotly_utils/basevalidators.py", line 2140, in validate_coerce\n    self.raise_invalid_val(v)\n  File "/dataset/zhang/anaconda3/envs/Rplotly5.2.1/lib/python3.6/site-packages/_plotly_utils/basevalidators.py", line 299, in raise_invalid_val\n    valid_clr_desc=self.description(),\nValueError: \n    Invalid value of type \'builtins.str\' received for the \'range\' property of layout.xaxis\n        Received value: \'auto\'\n\n    The \'range\' property is an info array that may be specified as:\n\n    * a list or tuple of 2 elements where:\n(0) The \'range[0]\' property accepts values of any type\n(1) The \'range[1]\' property accepts values of any type\n')])
  File "scatterNN.py", line 3, in <module>
Error inducing API short name: scatter, line no: 3
Error inducing API fqn: plotly.express.scatter, line no: 3
*** ValueError: PLACEHOLDER
All known params: []
All known params' names: []
Error line tokens: ['valueerror', 'placeholder']
Repair Action: arg_value
Key Params: []
Prev Params: None
Prev Repair Action: None
Line No: 3
Prev Line No: 0
GitHub Candidates:
[]
APIDoc Candidates:
[]
All Solution Candidates:
[]
[INFO] This case cannot be fixed!


real	0m1.484s
user	0m2.439s
sys	0m6.268s
