--- Running polars.Expr.clip#2NN/clipNN, strategy: relancer
[ERR MSG]: OrderedDict([('project', 'polars.Expr.clip#2NN'), ('notebook', 'clipNN'), ('text', '  File "clipNN.py", line 2, in <module>\n    pl.col(\'a\').clip(1, max_val=10)\nTypeError: clip() got an unexpected keyword argument \'max_val\'\n')])
  File "clipNN.py", line 2, in <module>
Error inducing API short name: col, line no: 2
Error inducing API fqn: polars.col, line no: 2
*** TypeError: PLACEHOLDER
Repair Action: arg_name
Key Params: ['IMPLICIT_0']
Prev Params: None
Prev Repair Action: None
Line No: 2
Prev Line No: 0
GitHub Candidates:
[]
KP:['IMPLICIT_0']
EXPP: ['IMPLICIT_0']
APIDoc Candidates:
[]
All Solution Candidates:
[]
[INFO] This case cannot be fixed!


real	0m0.381s
user	0m0.331s
sys	0m0.050s
