--- Running gensim.models.doc2vec.Doc2Vec.similarity_unseen_docs#15NN/similarity_unseen_docsNN, strategy: relancer
[ERR MSG]: OrderedDict([('project', 'gensim.models.doc2vec.Doc2Vec.similarity_unseen_docs#15NN'), ('notebook', 'similarity_unseen_docsNN'), ('text', '  File "similarity_unseen_docsNN.py", line 7, in <module>\n    similarity = model.similarity_unseen_docs(doc_words1,  doc_words2,  0.025, min_alpha=0.0001, steps=5)\nTypeError: similarity_unseen_docs() got an unexpected keyword argument \'steps\'\n')])
  File "similarity_unseen_docsNN.py", line 7, in <module>
Error inducing API short name: similarity_unseen_docs, line no: 7
Error inducing API fqn: UNKNOWN, line no: 7
*** TypeError: PLACEHOLDER
Repair Action: arg_name
Key Params: []
Prev Params: None
Prev Repair Action: None
Line No: 7
Prev Line No: 0
GitHub Candidates:
[]
KP:[]
EXPP: []
APIDoc Candidates:
[]
All Solution Candidates:
[]
[INFO] This case cannot be fixed!


real	0m1.040s
user	0m3.171s
sys	0m11.367s
