--- Running Panel#11NN/PanelNN, strategy: relancer
[ERR MSG]: OrderedDict([('project', 'Panel#11NN'), ('notebook', 'PanelNN'), ('text', '  File "PanelNN.py", line 2, in <module>\n    panel = Panel(None,  None,  True, style=\'none\')\nTypeError: __init__() takes from 2 to 3 positional arguments but 4 positional arguments (and 1 keyword-only argument) were given\n')])
  File "PanelNN.py", line 2, in <module>
Error inducing API short name: Panel, line no: 2
Error inducing API fqn: rich.panel.Panel, line no: 2
*** TypeError: PLACEHOLDER
Repair Action: arg_name
Key Params: ['IMPLICIT_0', 'IMPLICIT_1', 'IMPLICIT_2', 'style']
Prev Params: None
Prev Repair Action: None
Line No: 2
Prev Line No: 0
GitHub Candidates:
[]
KP:['IMPLICIT_0', 'IMPLICIT_1', 'IMPLICIT_2', 'style']
EXPP: ['IMPLICIT_0', 'IMPLICIT_1', 'IMPLICIT_2', 'style']
APIDoc Candidates:
[]
All Solution Candidates:
[]
[INFO] This case cannot be fixed!


real	0m0.335s
user	0m0.306s
sys	0m0.029s
