--- Running numpy.correlate#8NN/correlateNN, strategy: relancer
[ERR MSG]: OrderedDict([('project', 'numpy.correlate#8NN'), ('notebook', 'correlateNN'), ('text', '  File "correlateNN.py", line 9, in <module>\n    main()\n  File "correlateNN.py", line 6, in main\n    result = np.correlate(a,  v,  \'valid\',  False)\nTypeError: correlate() takes from 2 to 3 positional arguments but 4 were given\n')])
  File "correlateNN.py", line 9, in <module>
Error inducing API short name: main, line no: 9
  File "correlateNN.py", line 6, in main
Error inducing API short name: correlate, line no: 6
Error inducing API fqn: numpy.correlate, line no: 6
*** TypeError: PLACEHOLDER
Repair Action: arg_name
Key Params: ['IMPLICIT_0', 'IMPLICIT_1', 'IMPLICIT_2', 'IMPLICIT_3']
Prev Params: None
Prev Repair Action: None
Line No: 6
Prev Line No: 0
GitHub Candidates:
[]
KP:['IMPLICIT_0', 'IMPLICIT_1', 'IMPLICIT_2', 'IMPLICIT_3']
EXPP: ['IMPLICIT_0', 'IMPLICIT_1', 'IMPLICIT_2', 'IMPLICIT_3']
APIDoc Candidates:
[]
All Solution Candidates:
[]
[INFO] This case cannot be fixed!


real	0m0.525s
user	0m1.626s
sys	0m3.805s
