--- Running sklearn.cluster.SpectralClustering#48NN/SpectralClusteringNN, strategy: relancer
[ERR MSG]: OrderedDict([('project', 'sklearn.cluster.SpectralClustering#48NN'), ('notebook', 'SpectralClusteringNN'), ('text', '  File "SpectralClusteringNN.py", line 4, in <module>\n    clustering = SpectralClustering(5,  None,  None,  10,  1.0,  \'rbf\', n_neighbors=10, eigen_tol=0.0, assign_labels=\'kmeans\').fit(X)\n  File "/dataset/zhang/anaconda3/envs/Rsklearn0.22/lib/python3.6/site-packages/sklearn/cluster/_spectral.py", line 510, in fit\n    **params)\n  File "/dataset/zhang/anaconda3/envs/Rsklearn0.22/lib/python3.6/site-packages/sklearn/metrics/pairwise.py", line 1909, in pairwise_kernels\n    return _parallel_pairwise(X, Y, func, n_jobs, **kwds)\n  File "/dataset/zhang/anaconda3/envs/Rsklearn0.22/lib/python3.6/site-packages/sklearn/metrics/pairwise.py", line 1348, in _parallel_pairwise\n    return func(X, Y, **kwds)\n  File "/dataset/zhang/anaconda3/envs/Rsklearn0.22/lib/python3.6/site-packages/sklearn/metrics/pairwise.py", line 1093, in rbf_kernel\n    K *= -gamma\nTypeError: bad operand type for unary -: \'str\'\n')])
  File "SpectralClusteringNN.py", line 4, in <module>
Error inducing API short name: SpectralClustering, line no: 4
Error inducing API fqn: sklearn.cluster.SpectralClustering, line no: 4
*** TypeError: PLACEHOLDER
Repair Action: arg_name
Key Params: ['IMPLICIT_0', 'IMPLICIT_1', 'IMPLICIT_2', 'IMPLICIT_3', 'IMPLICIT_4', 'IMPLICIT_5', 'n_neighbors', 'eigen_tol', 'assign_labels']
Prev Params: None
Prev Repair Action: None
Line No: 4
Prev Line No: 0
GitHub Candidates:
[]
KP:['IMPLICIT_0', 'IMPLICIT_1', 'IMPLICIT_2', 'IMPLICIT_3', 'IMPLICIT_4', 'IMPLICIT_5', 'n_neighbors', 'eigen_tol', 'assign_labels']
EXPP: ['IMPLICIT_0', 'IMPLICIT_1', 'IMPLICIT_2', 'IMPLICIT_3', 'IMPLICIT_4', 'IMPLICIT_5', 'n_neighbors', 'eigen_tol', 'assign_labels']
APIDoc Candidates:
[]
All Solution Candidates:
[]
[INFO] This case cannot be fixed!


real	0m0.882s
user	0m3.490s
sys	0m11.101s
