--- Running Timestamp#86NN/TimestampNN, strategy: relancer
[ERR MSG]: OrderedDict([('project', 'Timestamp#86NN'), ('notebook', 'TimestampNN'), ('text', '  File "TimestampNN.py", line 2, in <module>\n    pd.Timestamp(\'2017-01-01T12\', year=None, day=None, tz=None, hour=None, freq=None, fold=None, unit=None, month=None)\n  File "pandas/_libs/tslibs/timestamps.pyx", line 1523, in pandas._libs.tslibs.timestamps.Timestamp.__new__\nTypeError: __new__() got an unexpected keyword argument \'freq\'\n')])
  File "TimestampNN.py", line 2, in <module>
Error inducing API short name: Timestamp, line no: 2
Error inducing API fqn: pandas.Timestamp, line no: 2
*** TypeError: PLACEHOLDER
Repair Action: arg_name
Key Params: ['IMPLICIT_0', 'year', 'day', 'tz', 'hour', 'freq', 'fold', 'unit', 'month']
Prev Params: None
Prev Repair Action: None
Line No: 2
Prev Line No: 0
GitHub Candidates:
[]
KP:['IMPLICIT_0', 'year', 'day', 'tz', 'hour', 'freq', 'fold', 'unit', 'month']
EXPP: ['IMPLICIT_0', 'year', 'day', 'tz', 'hour', 'freq', 'fold', 'unit', 'month']
APIDoc Candidates:
[]
All Solution Candidates:
[]
[INFO] This case cannot be fixed!


real	0m0.609s
user	0m1.433s
sys	0m4.871s
