--- Running tornado.platform.twisted.TornadoReactor#2NN/TornadoReactorNN, strategy: relancer
[ERR MSG]: OrderedDict([('project', 'tornado.platform.twisted.TornadoReactor#2NN'), ('notebook', 'TornadoReactorNN'), ('text', '  File "TornadoReactorNN.py", line 3, in <module>\n    tornado.platform.twisted.TornadoReactor(None)\nTypeError: __init__() takes 1 positional argument but 2 were given\n')])
  File "TornadoReactorNN.py", line 3, in <module>
Error inducing API short name: TornadoReactor, line no: 3
Error inducing API fqn: tornado.platform.twisted.TornadoReactor, line no: 3
*** TypeError: PLACEHOLDER
Repair Action: arg_name
Key Params: ['IMPLICIT_0']
Prev Params: None
Prev Repair Action: None
Line No: 3
Prev Line No: 0
GitHub Candidates:
[]
KP:['IMPLICIT_0']
EXPP: ['IMPLICIT_0']
APIDoc Candidates:
[]
All Solution Candidates:
[]
[INFO] This case cannot be fixed!


real	0m0.834s
user	0m0.500s
sys	0m0.027s
