--- Running read_csv#166NN/read_csvNN, strategy: relancer
[ERR MSG]: OrderedDict([('project', 'read_csv#166NN'), ('notebook', 'read_csvNN'), ('text', '  File "read_csvNN.py", line 2, in <module>\n    pd.read_csv(dtype=None, prefix=None, header=\'infer\', converters=None, names=None, engine=None, usecols=None, squeeze=None, index_col=None, mangle_dupe_cols=True, delimiter=None, true_values=None, sep=\',\', filepath_or_buffer=\'/home/zhang/Packages/tensorflow_file/dev.csv\')\nTypeError: read_csv() got an unexpected keyword argument \'prefix\'\n')])
  File "read_csvNN.py", line 2, in <module>
Error inducing API short name: read_csv, line no: 2
Error inducing API fqn: pandas.read_csv, line no: 2
*** TypeError: PLACEHOLDER
Repair Action: arg_name
Key Params: ['dtype', 'prefix', 'header', 'converters', 'names', 'engine', 'usecols', 'squeeze', 'index_col', 'mangle_dupe_cols', 'delimiter', 'true_values', 'sep', 'filepath_or_buffer']
Prev Params: None
Prev Repair Action: None
Line No: 2
Prev Line No: 0
GitHub Candidates:
[]
KP:['dtype', 'prefix', 'header', 'converters', 'names', 'engine', 'usecols', 'squeeze', 'index_col', 'mangle_dupe_cols', 'delimiter', 'true_values', 'sep', 'filepath_or_buffer']
EXPP: ['dtype', 'prefix', 'header', 'converters', 'names', 'engine', 'usecols', 'squeeze', 'index_col', 'mangle_dupe_cols', 'delimiter', 'true_values', 'sep', 'filepath_or_buffer']
APIDoc Candidates:
[]
All Solution Candidates:
[]
[INFO] This case cannot be fixed!


real	0m0.659s
user	0m1.475s
sys	0m4.813s
