--- Running polars.Expr.is_between#2NN/is_betweenNN, strategy: relancer
[ERR MSG]: OrderedDict([('project', 'polars.Expr.is_between#2NN'), ('notebook', 'is_betweenNN'), ('text', '  File "is_betweenNN.py", line 2, in <module>\n    pl.col(\'num\').is_between(2, end=4)\nTypeError: is_between() got an unexpected keyword argument \'end\'\n')])
  File "is_betweenNN.py", line 2, in <module>
Error inducing API short name: col, line no: 2
Error inducing API fqn: polars.col, line no: 2
*** TypeError: PLACEHOLDER
Repair Action: arg_name
Key Params: ['IMPLICIT_0']
Prev Params: None
Prev Repair Action: None
Line No: 2
Prev Line No: 0
GitHub Candidates:
[]
KP:['IMPLICIT_0']
EXPP: ['IMPLICIT_0']
APIDoc Candidates:
[]
All Solution Candidates:
[]
[INFO] This case cannot be fixed!


real	0m0.391s
user	0m0.341s
sys	0m0.050s
