--- Running scipy.stats.shapiro#6NN/shapiroNN, strategy: relancer
[ERR MSG]: OrderedDict([('project', 'scipy.stats.shapiro#6NN'), ('notebook', 'shapiroNN'), ('text', '  File "shapiroNN.py", line 3, in <module>\n    (statistic, p_value) = stats.shapiro(x,  None,  False)\nTypeError: shapiro() takes 1 positional argument but 3 were given\n')])
  File "shapiroNN.py", line 3, in <module>
Error inducing API short name: , line no: 3
Error inducing API fqn: scipy.stats.shapiro, line no: 3
*** TypeError: PLACEHOLDER
Repair Action: arg_name
Key Params: ['IMPLICIT_0', 'IMPLICIT_1', 'IMPLICIT_2']
Prev Params: None
Prev Repair Action: None
Line No: 3
Prev Line No: 0
GitHub Candidates:
[]
KP:['IMPLICIT_0', 'IMPLICIT_1', 'IMPLICIT_2']
EXPP: ['IMPLICIT_0', 'IMPLICIT_1', 'IMPLICIT_2']
APIDoc Candidates:
[]
All Solution Candidates:
[]
[INFO] This case cannot be fixed!


real	0m0.620s
user	0m1.680s
sys	0m6.880s
