--- Running numpy.genfromtxt#33NN/genfromtxtNN, strategy: relancer
[ERR MSG]: OrderedDict([('project', 'numpy.genfromtxt#33NN'), ('notebook', 'genfromtxtNN'), ('text', '  File "genfromtxtNN.py", line 4, in <module>\n    data = np.genfromtxt(f,  float, comments=\'#\', delimiter=\',\', skiprows=0, skip_header=0, skip_footer=0)\nTypeError: genfromtxt() got an unexpected keyword argument \'skiprows\'\n')])
  File "genfromtxtNN.py", line 4, in <module>
Error inducing API short name: genfromtxt, line no: 4
Error inducing API fqn: numpy.genfromtxt, line no: 4
*** TypeError: PLACEHOLDER
Repair Action: arg_name
Key Params: ['IMPLICIT_0', 'IMPLICIT_1', 'comments', 'delimiter', 'skiprows', 'skip_header', 'skip_footer']
Prev Params: None
Prev Repair Action: None
Line No: 4
Prev Line No: 0
GitHub Candidates:
[]
KP:['IMPLICIT_0', 'IMPLICIT_1', 'comments', 'delimiter', 'skiprows', 'skip_header', 'skip_footer']
EXPP: ['IMPLICIT_0', 'IMPLICIT_1', 'comments', 'delimiter', 'skiprows', 'skip_header', 'skip_footer']
APIDoc Candidates:
[]
All Solution Candidates:
[]
[INFO] This case cannot be fixed!


real	0m0.497s
user	0m1.488s
sys	0m4.227s
