--- Running sklearn.feature_selection.RFECV#27NN/RFECVNN, strategy: relancer
[ERR MSG]: OrderedDict([('project', 'sklearn.feature_selection.RFECV#27NN'), ('notebook', 'RFECVNN'), ('text', '  File "RFECVNN.py", line 6, in <module>\n    selector = RFECV(estimator=estimator, step=5, cv=None, scoring=None, estimator_params=None, verbose=0)\nTypeError: __init__() got an unexpected keyword argument \'estimator_params\'\n')])
  File "RFECVNN.py", line 6, in <module>
Error inducing API short name: RFECV, line no: 6
Error inducing API fqn: sklearn.feature_selection.RFECV, line no: 6
*** TypeError: PLACEHOLDER
Repair Action: arg_name
Key Params: ['estimator', 'step', 'cv', 'scoring', 'estimator_params', 'verbose']
Prev Params: None
Prev Repair Action: None
Line No: 6
Prev Line No: 0
GitHub Candidates:
[]
KP:['estimator', 'step', 'cv', 'scoring', 'estimator_params', 'verbose']
EXPP: ['estimator', 'step', 'cv', 'scoring', 'estimator_params', 'verbose']
APIDoc Candidates:
[]
All Solution Candidates:
[]
[INFO] This case cannot be fixed!


real	0m0.693s
user	0m2.002s
sys	0m5.318s
