--- Running httpx.delete#21NN/deleteNN, strategy: relancer
[ERR MSG]: OrderedDict([('project', 'httpx.delete#21NN'), ('notebook', 'deleteNN'), ('text', '  File "deleteNN.py", line 2, in <module>\n    delete(\'https://example.com/resource\', data=None, headers=None, files=None, stream=False, json=None, params=None, cookies=None)\nTypeError: delete() got an unexpected keyword argument \'data\'\n')])
  File "deleteNN.py", line 2, in <module>
Error inducing API short name: delete, line no: 2
Error inducing API fqn: httpx.delete, line no: 2
*** TypeError: PLACEHOLDER
Repair Action: arg_name
Key Params: ['IMPLICIT_0', 'data', 'headers', 'files', 'stream', 'json', 'params', 'cookies']
Prev Params: None
Prev Repair Action: None
Line No: 2
Prev Line No: 0
GitHub Candidates:
[]
KP:['IMPLICIT_0', 'data', 'headers', 'files', 'stream', 'json', 'params', 'cookies']
EXPP: ['IMPLICIT_0', 'data', 'headers', 'files', 'stream', 'json', 'params', 'cookies']
APIDoc Candidates:
[]
All Solution Candidates:
[]
[INFO] This case cannot be fixed!


real	0m0.437s
user	0m0.374s
sys	0m0.064s
