--- Running httpx.delete#49NN/deleteNN, strategy: relancer
[ERR MSG]: OrderedDict([('project', 'httpx.delete#49NN'), ('notebook', 'deleteNN'), ('text', '  File "deleteNN.py", line 2, in <module>\n    delete(json=None, cookies=None, headers=None, stream=False, url=\'https://example.com/resource\', params=None, files=None, data=None)\nTypeError: delete() got an unexpected keyword argument \'json\'\n')])
  File "deleteNN.py", line 2, in <module>
Error inducing API short name: delete, line no: 2
Error inducing API fqn: httpx.delete, line no: 2
*** TypeError: PLACEHOLDER
Repair Action: arg_name
Key Params: ['json', 'cookies', 'headers', 'stream', 'url', 'params', 'files', 'data']
Prev Params: None
Prev Repair Action: None
Line No: 2
Prev Line No: 0
GitHub Candidates:
[]
KP:['json', 'cookies', 'headers', 'stream', 'url', 'params', 'files', 'data']
EXPP: ['json', 'cookies', 'headers', 'stream', 'url', 'params', 'files', 'data']
APIDoc Candidates:
[]
All Solution Candidates:
[]
[INFO] This case cannot be fixed!


real	0m0.436s
user	0m0.409s
sys	0m0.027s
