--- Running loguru.logger.configure#10NN/configureNN, strategy: relancer
[ERR MSG]: OrderedDict([('project', 'loguru.logger.configure#10NN'), ('notebook', 'configureNN'), ('text', '  File "configureNN.py", line 2, in <module>\n    logger.configure(extra=None, activation=None, levels=None, patch=None, handlers=None)\nTypeError: configure() got an unexpected keyword argument \'patch\'\n')])
  File "configureNN.py", line 2, in <module>
Error inducing API short name: configure, line no: 2
Error inducing API fqn: loguru.logger.configure, line no: 2
*** TypeError: PLACEHOLDER
Repair Action: arg_name
Key Params: ['extra', 'activation', 'levels', 'patch', 'handlers']
Prev Params: None
Prev Repair Action: None
Line No: 2
Prev Line No: 0
GitHub Candidates:
[]
KP:['extra', 'activation', 'levels', 'patch', 'handlers']
EXPP: ['extra', 'activation', 'levels', 'patch', 'handlers']
APIDoc Candidates:
[]
All Solution Candidates:
[]
[INFO] This case cannot be fixed!


real	0m0.450s
user	0m0.437s
sys	0m0.012s
