--- Running dask.dataframe.drop_duplicates#4NN/drop_duplicatesNN, strategy: relancer
[ERR MSG]: OrderedDict([('project', 'dask.dataframe.drop_duplicates#4NN'), ('notebook', 'drop_duplicatesNN'), ('text', '  File "drop_duplicatesNN.py", line 5, in <module>\n    ddf_unique = ddf.drop_duplicates(None,  1)\n  File "/dataset/zhang/anaconda3/envs/Rdask2.5.0/lib/python3.6/site-packages/dask/dataframe/core.py", line 499, in drop_duplicates\n    **kwargs\n  File "/dataset/zhang/anaconda3/envs/Rdask2.5.0/lib/python3.6/site-packages/dask/dataframe/core.py", line 4597, in apply_concat_apply\n    raise ValueError("split_every must be an integer >= 2")\nValueError: split_every must be an integer >= 2\n')])
  File "drop_duplicatesNN.py", line 5, in <module>
Error inducing API short name: drop_duplicates, line no: 5
Error inducing API fqn: UNKNOWN, line no: 5
*** ValueError: PLACEHOLDER
All known params: []
All known params' names: []
Error line tokens: ['valueerror', 'placeholder']
Repair Action: arg_value
Key Params: []
Prev Params: None
Prev Repair Action: None
Line No: 5
Prev Line No: 0
GitHub Candidates:
[]
APIDoc Candidates:
[]
All Solution Candidates:
[]
[INFO] This case cannot be fixed!


real	0m4.520s
user	0m2.729s
sys	0m6.043s
