--- Running scipy.sparse.linalg.qmr#30NN/qmrNN, strategy: relancer
[ERR MSG]: OrderedDict([('project', 'scipy.sparse.linalg.qmr#30NN'), ('notebook', 'qmrNN'), ('text', '  File "qmrNN.py", line 6, in <module>\n    result = qmr(A,  b,  x0, tol=1e-05, maxiter=None, xtype=None, M1=None)\nTypeError: qmr() got an unexpected keyword argument \'xtype\'\n')])
  File "qmrNN.py", line 6, in <module>
Error inducing API short name: qmr, line no: 6
Error inducing API fqn: scipy.sparse.linalg.qmr, line no: 6
*** TypeError: PLACEHOLDER
Repair Action: arg_name
Key Params: ['IMPLICIT_0', 'IMPLICIT_1', 'IMPLICIT_2', 'tol', 'maxiter', 'xtype', 'M1']
Prev Params: None
Prev Repair Action: None
Line No: 6
Prev Line No: 0
GitHub Candidates:
[]
KP:['IMPLICIT_0', 'IMPLICIT_1', 'IMPLICIT_2', 'tol', 'maxiter', 'xtype', 'M1']
EXPP: ['IMPLICIT_0', 'IMPLICIT_1', 'IMPLICIT_2', 'tol', 'maxiter', 'xtype', 'M1']
APIDoc Candidates:
[]
All Solution Candidates:
[]
[INFO] This case cannot be fixed!


real	0m0.576s
user	0m1.544s
sys	0m6.327s
