--- Running scipy.sparse.linalg.bicg#34NN/bicgNN, strategy: relancer
[ERR MSG]: OrderedDict([('project', 'scipy.sparse.linalg.bicg#34NN'), ('notebook', 'bicgNN'), ('text', '  File "bicgNN.py", line 6, in <module>\n    (x, info) = spla.bicg(A,  b,  None,  1e-06,  100,  None,  None,  None)\nTypeError: bicg() takes from 2 to 7 positional arguments but 8 were given\n')])
  File "bicgNN.py", line 6, in <module>
Error inducing API short name: , line no: 6
Error inducing API fqn: scipy.sparse.linalg.bicg, line no: 6
*** TypeError: PLACEHOLDER
Repair Action: arg_name
Key Params: ['IMPLICIT_0', 'IMPLICIT_1', 'IMPLICIT_2', 'IMPLICIT_3', 'IMPLICIT_4', 'IMPLICIT_5', 'IMPLICIT_6', 'IMPLICIT_7']
Prev Params: None
Prev Repair Action: None
Line No: 6
Prev Line No: 0
GitHub Candidates:
[]
KP:['IMPLICIT_0', 'IMPLICIT_1', 'IMPLICIT_2', 'IMPLICIT_3', 'IMPLICIT_4', 'IMPLICIT_5', 'IMPLICIT_6', 'IMPLICIT_7']
EXPP: ['IMPLICIT_0', 'IMPLICIT_1', 'IMPLICIT_2', 'IMPLICIT_3', 'IMPLICIT_4', 'IMPLICIT_5', 'IMPLICIT_6', 'IMPLICIT_7']
APIDoc Candidates:
[]
All Solution Candidates:
[]
[INFO] This case cannot be fixed!


real	0m0.531s
user	0m1.558s
sys	0m5.007s
