--- Running geographical_threshold_graph#20NN/geographical_threshold_graphNN, strategy: relancer
[ERR MSG]: OrderedDict([('project', 'geographical_threshold_graph#20NN'), ('notebook', 'geographical_threshold_graphNN'), ('text', '  File "geographical_threshold_graphNN.py", line 2, in <module>\n    G = nx.geographical_threshold_graph(10,  0.1,  2,  2,  None, weight=None)\n  File "/dataset/zhang/anaconda3/envs/Rnetworkx2.1/lib/python3.8/site-packages/decorator.py", line 231, in fun\n    args, kw = fix(args, kw, sig)\n  File "/dataset/zhang/anaconda3/envs/Rnetworkx2.1/lib/python3.8/site-packages/decorator.py", line 203, in fix\n    ba = sig.bind(*args, **kwargs)\n  File "/dataset/zhang/anaconda3/envs/Rnetworkx2.1/lib/python3.8/inspect.py", line 3037, in bind\n    return self._bind(args, kwargs)\n  File "/dataset/zhang/anaconda3/envs/Rnetworkx2.1/lib/python3.8/inspect.py", line 2976, in _bind\n    raise TypeError(\nTypeError: multiple values for argument \'weight\'\n')])
  File "geographical_threshold_graphNN.py", line 2, in <module>
Error inducing API short name: geographical_threshold_graph, line no: 2
Error inducing API fqn: networkx.geographical_threshold_graph, line no: 2
*** TypeError: PLACEHOLDER
Repair Action: arg_name
Key Params: ['IMPLICIT_0', 'IMPLICIT_1', 'IMPLICIT_2', 'IMPLICIT_3', 'IMPLICIT_4', 'weight']
Prev Params: None
Prev Repair Action: None
Line No: 2
Prev Line No: 0
GitHub Candidates:
[]
KP:['IMPLICIT_0', 'IMPLICIT_1', 'IMPLICIT_2', 'IMPLICIT_3', 'IMPLICIT_4', 'weight']
EXPP: ['IMPLICIT_0', 'IMPLICIT_1', 'IMPLICIT_2', 'IMPLICIT_3', 'IMPLICIT_4', 'weight']
APIDoc Candidates:
[]
All Solution Candidates:
[]
[INFO] This case cannot be fixed!


real	0m0.464s
user	0m0.423s
sys	0m0.041s
