--- Running read_csv#88NN/read_csvNN, strategy: relancer
[ERR MSG]: OrderedDict([('project', 'read_csv#88NN'), ('notebook', 'read_csvNN'), ('text', '  File "read_csvNN.py", line 2, in <module>\n    pd.read_csv(\'/home/zhang/Packages/tensorflow_file/dev.csv\', skipfooter=0, na_filter=True, converters=None, verbose=False, skipinitialspace=False, chunksize=None, compression=\'infer\', quoting=0, true_values=None, skiprows=None, keep_date_col=False, parse_dates=None, header=\'infer\', lineterminator=None, dayfirst=False, false_values=None, nrows=None, names=None, engine=None, na_values=None, mangle_dupe_cols=True, skip_blank_lines=True, delimiter=None, infer_datetime_format=False, squeeze=None, prefix=None, date_parser=None, thousands=None, usecols=None, sep=\',\', cache_dates=True, keep_default_na=True, decimal=\'.\', dtype=None, iterator=False, index_col=None, quotechar=\'"\')\nTypeError: read_csv() got an unexpected keyword argument \'mangle_dupe_cols\'\n')])
  File "read_csvNN.py", line 2, in <module>
Error inducing API short name: read_csv, line no: 2
Error inducing API fqn: pandas.read_csv, line no: 2
*** TypeError: PLACEHOLDER
Repair Action: arg_name
Key Params: ['IMPLICIT_0', 'skipfooter', 'na_filter', 'converters', 'verbose', 'skipinitialspace', 'chunksize', 'compression', 'quoting', 'true_values', 'skiprows', 'keep_date_col', 'parse_dates', 'header', 'lineterminator', 'dayfirst', 'false_values', 'nrows', 'names', 'engine', 'na_values', 'mangle_dupe_cols', 'skip_blank_lines', 'delimiter', 'infer_datetime_format', 'squeeze', 'prefix', 'date_parser', 'thousands', 'usecols', 'sep', 'cache_dates', 'keep_default_na', 'decimal', 'dtype', 'iterator', 'index_col', 'quotechar']
Prev Params: None
Prev Repair Action: None
Line No: 2
Prev Line No: 0
GitHub Candidates:
[]
KP:['IMPLICIT_0', 'skipfooter', 'na_filter', 'converters', 'verbose', 'skipinitialspace', 'chunksize', 'compression', 'quoting', 'true_values', 'skiprows', 'keep_date_col', 'parse_dates', 'header', 'lineterminator', 'dayfirst', 'false_values', 'nrows', 'names', 'engine', 'na_values', 'mangle_dupe_cols', 'skip_blank_lines', 'delimiter', 'infer_datetime_format', 'squeeze', 'prefix', 'date_parser', 'thousands', 'usecols', 'sep', 'cache_dates', 'keep_default_na', 'decimal', 'dtype', 'iterator', 'index_col', 'quotechar']
EXPP: ['IMPLICIT_0', 'skipfooter', 'na_filter', 'converters', 'verbose', 'skipinitialspace', 'chunksize', 'compression', 'quoting', 'true_values', 'skiprows', 'keep_date_col', 'parse_dates', 'header', 'lineterminator', 'dayfirst', 'false_values', 'nrows', 'names', 'engine', 'na_values', 'mangle_dupe_cols', 'skip_blank_lines', 'delimiter', 'infer_datetime_format', 'squeeze', 'prefix', 'date_parser', 'thousands', 'usecols', 'sep', 'cache_dates', 'keep_default_na', 'decimal', 'dtype', 'iterator', 'index_col', 'quotechar']
APIDoc Candidates:
[]
All Solution Candidates:
[]
[INFO] This case cannot be fixed!


real	0m0.656s
user	0m1.754s
sys	0m6.027s
