--- Running DataFrame.to_latex#254NN/to_latexNN, strategy: relancer
[ERR MSG]: OrderedDict([('project', 'DataFrame.to_latex#254NN'), ('notebook', 'to_latexNN'), ('text', '  File "to_latexNN.py", line 3, in <module>\n    print(df.to_latex(None,  None,  None,  True,  True,  \'NaN\',  None,  None,  None,  True,  False,  None,  None,  None,  None,  \'.\',  None,  None,  None,  None,  None,  None))\nTypeError: to_latex() takes from 1 to 22 positional arguments but 23 were given\n')])
  File "to_latexNN.py", line 3, in <module>
Error inducing API short name: to_latex, line no: 3
Error inducing API fqn: UNKNOWN, line no: 3
*** TypeError: PLACEHOLDER
Repair Action: arg_name
Key Params: []
Prev Params: None
Prev Repair Action: None
Line No: 3
Prev Line No: 0
GitHub Candidates:
[]
KP:[]
EXPP: []
APIDoc Candidates:
[]
All Solution Candidates:
[]
[INFO] This case cannot be fixed!


real	0m0.645s
user	0m1.582s
sys	0m5.602s
