--- Running rich.layout.Layout#31NN/LayoutNN, strategy: relancer
[ERR MSG]: OrderedDict([('project', 'rich.layout.Layout#31NN'), ('notebook', 'LayoutNN'), ('text', '  File "LayoutNN.py", line 2, in <module>\n    layout = Layout(renderable=None, height=None)\nTypeError: __init__() got an unexpected keyword argument \'height\'\n')])
  File "LayoutNN.py", line 2, in <module>
Error inducing API short name: Layout, line no: 2
Error inducing API fqn: rich.layout.Layout, line no: 2
*** TypeError: PLACEHOLDER
Repair Action: arg_name
Key Params: ['renderable', 'height']
Prev Params: None
Prev Repair Action: None
Line No: 2
Prev Line No: 0
GitHub Candidates:
[]
KP:['renderable', 'height']
EXPP: ['renderable', 'height']
APIDoc Candidates:
[]
All Solution Candidates:
[]
[INFO] This case cannot be fixed!


real	0m0.353s
user	0m0.319s
sys	0m0.034s
