--- Running tornado.iostream.BaseIOStream.read_bytes#9NN/read_bytesNN, strategy: relancer
[ERR MSG]: OrderedDict([('project', 'tornado.iostream.BaseIOStream.read_bytes#9NN'), ('notebook', 'read_bytesNN'), ('text', '  File "read_bytesNN.py", line 12, in <module>\n    tornado.ioloop.IOLoop.current().run_sync(read_bytes_from_stream)\n  File "/dataset/zhang/anaconda3/envs/Rtornado6.0/lib/python3.8/site-packages/tornado/ioloop.py", line 532, in run_sync\n    return future_cell[0].result()\n  File "read_bytesNN.py", line 11, in read_bytes_from_stream\n    data = await stream.read_bytes(num_bytes=10, callback=None, streaming_callback=None)\nTypeError: read_bytes() got an unexpected keyword argument \'callback\'\n')])
  File "read_bytesNN.py", line 12, in <module>
Error inducing API short name: current, line no: 12
Error inducing API fqn: tornado.ioloop.IOLoop.current, line no: 12
*** TypeError: PLACEHOLDER
Repair Action: arg_name
Key Params: []
Prev Params: None
Prev Repair Action: None
Line No: 12
Prev Line No: 0
GitHub Candidates:
[]
KP:[]
EXPP: []
APIDoc Candidates:
[]
All Solution Candidates:
[]
[INFO] This case cannot be fixed!


real	0m0.666s
user	0m0.404s
sys	0m0.035s
