--- Running core.arrays.SparseArray#30NN/SparseArrayNN, strategy: relancer
[ERR MSG]: OrderedDict([('project', 'core.arrays.SparseArray#30NN'), ('notebook', 'SparseArrayNN'), ('text', '  File "SparseArrayNN.py", line 2, in <module>\n    arr = SparseArray([0, 0, 1, 2],  None,  None,  None,  \'integer\', dtype=None, copy=False)\nTypeError: __init__() got multiple values for argument \'dtype\'\n')])
  File "SparseArrayNN.py", line 2, in <module>
Error inducing API short name: SparseArray, line no: 2
Error inducing API fqn: pandas.arrays.SparseArray, line no: 2
*** TypeError: PLACEHOLDER
Repair Action: arg_name
Key Params: ['IMPLICIT_0', 'IMPLICIT_1', 'IMPLICIT_2', 'IMPLICIT_3', 'IMPLICIT_4', 'dtype', 'copy']
Prev Params: None
Prev Repair Action: None
Line No: 2
Prev Line No: 0
GitHub Candidates:
[]
KP:['IMPLICIT_0', 'IMPLICIT_1', 'IMPLICIT_2', 'IMPLICIT_3', 'IMPLICIT_4', 'dtype', 'copy']
EXPP: ['IMPLICIT_0', 'IMPLICIT_1', 'IMPLICIT_2', 'IMPLICIT_3', 'IMPLICIT_4', 'dtype', 'copy']
APIDoc Candidates:
[]
All Solution Candidates:
[]
[INFO] This case cannot be fixed!


real	0m0.642s
user	0m1.516s
sys	0m4.653s
