--- Running networkx.linalg.graphmatrix.adjacency_matrix#6NN/adjacency_matrixNN, strategy: relancer
[ERR MSG]: OrderedDict([('project', 'networkx.linalg.graphmatrix.adjacency_matrix#6NN'), ('notebook', 'adjacency_matrixNN'), ('text', '  File "adjacency_matrixNN.py", line 4, in <module>\n    adj_matrix = nx.adjacency_matrix(G,  None,  \'weight\')\n  File "/dataset/zhang/anaconda3/envs/Rnetworkx2.6/lib/python3.8/site-packages/networkx/linalg/graphmatrix.py", line 157, in adjacency_matrix\n    return nx.to_scipy_sparse_matrix(G, nodelist=nodelist, dtype=dtype, weight=weight)\n  File "/dataset/zhang/anaconda3/envs/Rnetworkx2.6/lib/python3.8/site-packages/networkx/convert_matrix.py", line 898, in to_scipy_sparse_matrix\n    M = sp.sparse.coo_matrix((d, (r, c)), shape=(nlen, nlen), dtype=dtype)\n  File "/dataset/zhang/anaconda3/envs/Rnetworkx2.6/lib/python3.8/site-packages/scipy/sparse/_coo.py", line 161, in __init__\n    self.data = getdata(obj, copy=copy, dtype=dtype)\n  File "/dataset/zhang/anaconda3/envs/Rnetworkx2.6/lib/python3.8/site-packages/scipy/sparse/_sputils.py", line 140, in getdata\n    data = np.array(obj, dtype=dtype, copy=copy)\nTypeError: data type \'weight\' not understood\n')])
  File "adjacency_matrixNN.py", line 4, in <module>
Error inducing API short name: adjacency_matrix, line no: 4
Error inducing API fqn: networkx.adjacency_matrix, line no: 4
*** TypeError: PLACEHOLDER
Repair Action: arg_name
Key Params: ['IMPLICIT_0', 'IMPLICIT_1', 'IMPLICIT_2']
Prev Params: None
Prev Repair Action: None
Line No: 4
Prev Line No: 0
GitHub Candidates:
[]
KP:['IMPLICIT_0', 'IMPLICIT_1', 'IMPLICIT_2']
EXPP: ['IMPLICIT_0', 'IMPLICIT_1', 'IMPLICIT_2']
APIDoc Candidates:
[]
All Solution Candidates:
[]
[INFO] This case cannot be fixed!


real	0m0.681s
user	0m2.659s
sys	0m10.008s
