--- Running matplotlib.patches.Shadow#5NN/ShadowNN, strategy: relancer
[ERR MSG]: OrderedDict([('project', 'matplotlib.patches.Shadow#5NN'), ('notebook', 'ShadowNN'), ('text', '  File "ShadowNN.py", line 3, in <module>\n    shadow = patches.Shadow(patch,  0.1,  0.1,  None)\nTypeError: __init__() takes 4 positional arguments but 5 were given\n')])
  File "ShadowNN.py", line 3, in <module>
Error inducing API short name: Shadow, line no: 3
Error inducing API fqn: matplotlib.patches.Shadow, line no: 3
*** TypeError: PLACEHOLDER
Repair Action: arg_name
Key Params: ['IMPLICIT_0', 'IMPLICIT_1', 'IMPLICIT_2', 'IMPLICIT_3']
Prev Params: None
Prev Repair Action: None
Line No: 3
Prev Line No: 0
GitHub Candidates:
[]
KP:['IMPLICIT_0', 'IMPLICIT_1', 'IMPLICIT_2', 'IMPLICIT_3']
EXPP: ['IMPLICIT_0', 'IMPLICIT_1', 'IMPLICIT_2', 'IMPLICIT_3']
APIDoc Candidates:
[]
All Solution Candidates:
[]
[INFO] This case cannot be fixed!


real	0m0.603s
user	0m1.706s
sys	0m5.733s
