--- Running scipy.stats.rv_discrete#59NN/rv_discreteNN, strategy: relancer
[ERR MSG]: OrderedDict([('project', 'scipy.stats.rv_discrete#59NN'), ('notebook', 'rv_discreteNN'), ('text', '  File "/home/zhang/CC/Python/RepairTool/ToolCompare/relancer/relancer-exp/fixed_notebooks/relancer/scipy.stats.rv_discrete#59NN/rv_discreteNN.py", line 2, in <module>\n    data = rv_discrete(0,  float(\'inf\'),  None,  None,  1e-08,  None,  1, longname=None, shapes=None, extradoc=None)\nTypeError: __new__() got an unexpected keyword argument \'extradoc\'\n')])
  File "/home/zhang/CC/Python/RepairTool/ToolCompare/relancer/relancer-exp/fixed_notebooks/relancer/scipy.stats.rv_discrete#59NN/rv_discreteNN.py", line 2, in <module>
Error inducing API short name: rv_discrete, line no: 2
Error inducing API fqn: scipy.stats.rv_discrete, line no: 2
*** TypeError: PLACEHOLDER
Repair Action: arg_name
Key Params: ['IMPLICIT_0', 'IMPLICIT_1', 'IMPLICIT_2', 'IMPLICIT_3', 'IMPLICIT_4', 'IMPLICIT_5', 'IMPLICIT_6', 'longname', 'shapes', 'extradoc']
Prev Params: None
Prev Repair Action: None
Line No: 2
Prev Line No: 0
GitHub Candidates:
[]
KP:['IMPLICIT_0', 'IMPLICIT_1', 'IMPLICIT_2', 'IMPLICIT_3', 'IMPLICIT_4', 'IMPLICIT_5', 'IMPLICIT_6', 'longname', 'shapes', 'extradoc']
EXPP: ['IMPLICIT_0', 'IMPLICIT_1', 'IMPLICIT_2', 'IMPLICIT_3', 'IMPLICIT_4', 'IMPLICIT_5', 'IMPLICIT_6', 'longname', 'shapes', 'extradoc']
APIDoc Candidates:
[]
All Solution Candidates:
[]
[INFO] This case cannot be fixed!


real	0m0.901s
user	0m2.668s
sys	0m10.111s
