--- Running read_csv#169NN/read_csvNN, strategy: relancer
[ERR MSG]: OrderedDict([('project', 'read_csv#169NN'), ('notebook', 'read_csvNN'), ('text', '  File "read_csvNN.py", line 2, in <module>\n    pd.read_csv(filepath_or_buffer=\'/home/zhang/Packages/tensorflow_file/dev.csv\', prefix=None, converters=None, dtype=None, squeeze=None, skiprows=None, index_col=None, mangle_dupe_cols=True, header=\'infer\', skipinitialspace=False, usecols=None, sep=\',\', names=None, true_values=None, engine=None, delimiter=None, false_values=None)\nTypeError: read_csv() got an unexpected keyword argument \'prefix\'\n')])
  File "read_csvNN.py", line 2, in <module>
Error inducing API short name: read_csv, line no: 2
Error inducing API fqn: pandas.read_csv, line no: 2
*** TypeError: PLACEHOLDER
Repair Action: arg_name
Key Params: ['filepath_or_buffer', 'prefix', 'converters', 'dtype', 'squeeze', 'skiprows', 'index_col', 'mangle_dupe_cols', 'header', 'skipinitialspace', 'usecols', 'sep', 'names', 'true_values', 'engine', 'delimiter', 'false_values']
Prev Params: None
Prev Repair Action: None
Line No: 2
Prev Line No: 0
GitHub Candidates:
[]
KP:['filepath_or_buffer', 'prefix', 'converters', 'dtype', 'squeeze', 'skiprows', 'index_col', 'mangle_dupe_cols', 'header', 'skipinitialspace', 'usecols', 'sep', 'names', 'true_values', 'engine', 'delimiter', 'false_values']
EXPP: ['filepath_or_buffer', 'prefix', 'converters', 'dtype', 'squeeze', 'skiprows', 'index_col', 'mangle_dupe_cols', 'header', 'skipinitialspace', 'usecols', 'sep', 'names', 'true_values', 'engine', 'delimiter', 'false_values']
APIDoc Candidates:
[]
All Solution Candidates:
[]
[INFO] This case cannot be fixed!


real	0m0.633s
user	0m1.686s
sys	0m5.483s
