--- Running scipy.linalg.solve#26NN/solveNN, strategy: relancer
[ERR MSG]: OrderedDict([('project', 'scipy.linalg.solve#26NN'), ('notebook', 'solveNN'), ('text', '  File "/home/zhang/CC/Python/RepairTool/ToolCompare/relancer/relancer-exp/fixed_notebooks/relancer/scipy.linalg.solve#26NN/solveNN.py", line 4, in <module>\n    x = scipy.linalg.solve(a,  b,  False,  False,  False,  False,  True)\n  File "/dataset/zhang/anaconda3/envs/Rscipy1.11.0/lib/python3.9/site-packages/scipy/linalg/_basic.py", line 177, in solve\n    raise ValueError(\'{} is not a recognized matrix structure\'\nValueError: True is not a recognized matrix structure\n')])
  File "/home/zhang/CC/Python/RepairTool/ToolCompare/relancer/relancer-exp/fixed_notebooks/relancer/scipy.linalg.solve#26NN/solveNN.py", line 4, in <module>
Error inducing API short name: solve, line no: 4
Error inducing API fqn: scipy.linalg.solve, line no: 4
*** ValueError: PLACEHOLDER
All known params: []
All known params' names: []
Error line tokens: ['valueerror', 'placeholder']
Repair Action: arg_value
Key Params: []
Prev Params: None
Prev Repair Action: None
Line No: 4
Prev Line No: 0
GitHub Candidates:
[]
APIDoc Candidates:
[]
All Solution Candidates:
[]
[INFO] This case cannot be fixed!


real	0m0.540s
user	0m1.854s
sys	0m7.034s
