--- Running read_csv#167NN/read_csvNN, strategy: relancer
[ERR MSG]: OrderedDict([('project', 'read_csv#167NN'), ('notebook', 'read_csvNN'), ('text', '  File "read_csvNN.py", line 2, in <module>\n    pd.read_csv(dtype=None, prefix=None, engine=None, header=\'infer\', filepath_or_buffer=\'/home/zhang/Packages/tensorflow_file/dev.csv\', false_values=None, usecols=None, delimiter=None, squeeze=None, converters=None, mangle_dupe_cols=True, true_values=None, index_col=None, sep=\',\', names=None)\nTypeError: read_csv() got an unexpected keyword argument \'prefix\'\n')])
  File "read_csvNN.py", line 2, in <module>
Error inducing API short name: read_csv, line no: 2
Error inducing API fqn: pandas.read_csv, line no: 2
*** TypeError: PLACEHOLDER
Repair Action: arg_name
Key Params: ['dtype', 'prefix', 'engine', 'header', 'filepath_or_buffer', 'false_values', 'usecols', 'delimiter', 'squeeze', 'converters', 'mangle_dupe_cols', 'true_values', 'index_col', 'sep', 'names']
Prev Params: None
Prev Repair Action: None
Line No: 2
Prev Line No: 0
GitHub Candidates:
[]
KP:['dtype', 'prefix', 'engine', 'header', 'filepath_or_buffer', 'false_values', 'usecols', 'delimiter', 'squeeze', 'converters', 'mangle_dupe_cols', 'true_values', 'index_col', 'sep', 'names']
EXPP: ['dtype', 'prefix', 'engine', 'header', 'filepath_or_buffer', 'false_values', 'usecols', 'delimiter', 'squeeze', 'converters', 'mangle_dupe_cols', 'true_values', 'index_col', 'sep', 'names']
APIDoc Candidates:
[]
All Solution Candidates:
[]
[INFO] This case cannot be fixed!


real	0m0.610s
user	0m1.685s
sys	0m5.871s
