--- Running read_csv#84NN/read_csvNN, strategy: relancer
[ERR MSG]: OrderedDict([('project', 'read_csv#84NN'), ('notebook', 'read_csvNN'), ('text', '  File "read_csvNN.py", line 2, in <module>\n    pd.read_csv(\'/home/zhang/Packages/tensorflow_file/dev.csv\', mangle_dupe_cols=True, infer_datetime_format=False, converters=None, dtype=None, thousands=None, verbose=False, true_values=None, date_parser=None, names=None, header=\'infer\', cache_dates=True, sep=\',\', compression=\'infer\', index_col=None, delimiter=None, skiprows=None, keep_date_col=False, dayfirst=False, skipinitialspace=False, na_filter=True, parse_dates=None, squeeze=None, iterator=False, na_values=None, prefix=None, skipfooter=0, nrows=None, keep_default_na=True, engine=None, usecols=None, chunksize=None, skip_blank_lines=True, false_values=None)\nTypeError: read_csv() got an unexpected keyword argument \'mangle_dupe_cols\'\n')])
  File "read_csvNN.py", line 2, in <module>
Error inducing API short name: read_csv, line no: 2
Error inducing API fqn: pandas.read_csv, line no: 2
*** TypeError: PLACEHOLDER
Repair Action: arg_name
Key Params: ['IMPLICIT_0', 'mangle_dupe_cols', 'infer_datetime_format', 'converters', 'dtype', 'thousands', 'verbose', 'true_values', 'date_parser', 'names', 'header', 'cache_dates', 'sep', 'compression', 'index_col', 'delimiter', 'skiprows', 'keep_date_col', 'dayfirst', 'skipinitialspace', 'na_filter', 'parse_dates', 'squeeze', 'iterator', 'na_values', 'prefix', 'skipfooter', 'nrows', 'keep_default_na', 'engine', 'usecols', 'chunksize', 'skip_blank_lines', 'false_values']
Prev Params: None
Prev Repair Action: None
Line No: 2
Prev Line No: 0
GitHub Candidates:
[]
KP:['IMPLICIT_0', 'mangle_dupe_cols', 'infer_datetime_format', 'converters', 'dtype', 'thousands', 'verbose', 'true_values', 'date_parser', 'names', 'header', 'cache_dates', 'sep', 'compression', 'index_col', 'delimiter', 'skiprows', 'keep_date_col', 'dayfirst', 'skipinitialspace', 'na_filter', 'parse_dates', 'squeeze', 'iterator', 'na_values', 'prefix', 'skipfooter', 'nrows', 'keep_default_na', 'engine', 'usecols', 'chunksize', 'skip_blank_lines', 'false_values']
EXPP: ['IMPLICIT_0', 'mangle_dupe_cols', 'infer_datetime_format', 'converters', 'dtype', 'thousands', 'verbose', 'true_values', 'date_parser', 'names', 'header', 'cache_dates', 'sep', 'compression', 'index_col', 'delimiter', 'skiprows', 'keep_date_col', 'dayfirst', 'skipinitialspace', 'na_filter', 'parse_dates', 'squeeze', 'iterator', 'na_values', 'prefix', 'skipfooter', 'nrows', 'keep_default_na', 'engine', 'usecols', 'chunksize', 'skip_blank_lines', 'false_values']
APIDoc Candidates:
[]
All Solution Candidates:
[]
[INFO] This case cannot be fixed!


real	0m0.654s
user	0m1.731s
sys	0m5.717s
