--- Running tf.contrib.data.make_csv_dataset#1NN/make_csv_datasetNN, strategy: relancer
[ERR MSG]: OrderedDict([('project', 'tf.contrib.data.make_csv_dataset#1NN'), ('notebook', 'make_csv_datasetNN'), ('text', '  File "make_csv_datasetNN.py", line 2, in <module>\n    tf.contrib.data.make_csv_dataset(\'/home/zhang/Packages/tensorflow_file/dev.csv\',  1,  None,  None,  None,  None,  \',\',  True,  \'\',  True,  None,  True,  10000,  None,  1,  1,  2,  False,  1)\n  File "/dataset/zhang/anaconda3/envs/Rtensorflow1.11.0/lib/python3.6/site-packages/tensorflow/contrib/data/python/ops/readers.py", line 489, in make_csv_dataset\n    filename_to_dataset, cycle_length=num_parallel_reads, sloppy=sloppy))\n  File "/dataset/zhang/anaconda3/envs/Rtensorflow1.11.0/lib/python3.6/site-packages/tensorflow/python/data/ops/dataset_ops.py", line 1128, in apply\n    dataset = transformation_func(self)\n  File "/dataset/zhang/anaconda3/envs/Rtensorflow1.11.0/lib/python3.6/site-packages/tensorflow/contrib/data/python/ops/interleave_ops.py", line 87, in _apply_fn\n    buffer_output_elements, prefetch_input_elements)\n  File "/dataset/zhang/anaconda3/envs/Rtensorflow1.11.0/lib/python3.6/site-packages/tensorflow/python/data/ops/readers.py", line 128, in __init__\n    cycle_length, block_length)\n  File "/dataset/zhang/anaconda3/envs/Rtensorflow1.11.0/lib/python3.6/site-packages/tensorflow/python/data/ops/dataset_ops.py", line 2312, in __init__\n    super(InterleaveDataset, self).__init__(input_dataset, map_func)\n  File "/dataset/zhang/anaconda3/envs/Rtensorflow1.11.0/lib/python3.6/site-packages/tensorflow/python/data/ops/dataset_ops.py", line 2275, in __init__\n    experimental_nested_dataset_support=True)\n  File "/dataset/zhang/anaconda3/envs/Rtensorflow1.11.0/lib/python3.6/site-packages/tensorflow/python/data/ops/dataset_ops.py", line 1473, in __init__\n    self._function.add_to_graph(ops.get_default_graph())\n  File "/dataset/zhang/anaconda3/envs/Rtensorflow1.11.0/lib/python3.6/site-packages/tensorflow/python/framework/function.py", line 479, in add_to_graph\n    self._create_definition_if_needed()\n  File "/dataset/zhang/anaconda3/envs/Rtensorflow1.11.0/lib/python3.6/site-packages/tensorflow/python/framework/function.py", line 335, in _create_definition_if_needed\n    self._create_definition_if_needed_impl()\n  File "/dataset/zhang/anaconda3/envs/Rtensorflow1.11.0/lib/python3.6/site-packages/tensorflow/python/framework/function.py", line 344, in _create_definition_if_needed_impl\n    self._capture_by_value, self._caller_device)\n  File "/dataset/zhang/anaconda3/envs/Rtensorflow1.11.0/lib/python3.6/site-packages/tensorflow/python/framework/function.py", line 865, in func_graph_from_py_func\n    outputs = func(*func_graph.inputs)\n  File "/dataset/zhang/anaconda3/envs/Rtensorflow1.11.0/lib/python3.6/site-packages/tensorflow/python/data/ops/dataset_ops.py", line 1411, in tf_data_structured_function_wrapper\n    ret = func(*nested_args)\n  File "/dataset/zhang/anaconda3/envs/Rtensorflow1.11.0/lib/python3.6/site-packages/tensorflow/contrib/data/python/ops/readers.py", line 467, in filename_to_dataset\n    compression_type=compression_type,\n  File "/dataset/zhang/anaconda3/envs/Rtensorflow1.11.0/lib/python3.6/site-packages/tensorflow/contrib/data/python/ops/readers.py", line 601, in __init__\n    argument_dtype=dtypes.string)\n  File "/dataset/zhang/anaconda3/envs/Rtensorflow1.11.0/lib/python3.6/site-packages/tensorflow/python/data/util/convert.py", line 32, in optional_param_to_tensor\n    argument_value, dtype=argument_dtype, name=argument_name)\n  File "/dataset/zhang/anaconda3/envs/Rtensorflow1.11.0/lib/python3.6/site-packages/tensorflow/python/framework/ops.py", line 1048, in convert_to_tensor\n    as_ref=False)\n  File "/dataset/zhang/anaconda3/envs/Rtensorflow1.11.0/lib/python3.6/site-packages/tensorflow/python/framework/ops.py", line 1144, in internal_convert_to_tensor\n    ret = conversion_func(value, dtype=dtype, name=name, as_ref=as_ref)\n  File "/dataset/zhang/anaconda3/envs/Rtensorflow1.11.0/lib/python3.6/site-packages/tensorflow/python/framework/constant_op.py", line 228, in _constant_tensor_conversion_function\n    return constant(v, dtype=dtype, name=name)\n  File "/dataset/zhang/anaconda3/envs/Rtensorflow1.11.0/lib/python3.6/site-packages/tensorflow/python/framework/constant_op.py", line 207, in constant\n    value, dtype=dtype, shape=shape, verify_shape=verify_shape))\n  File "/dataset/zhang/anaconda3/envs/Rtensorflow1.11.0/lib/python3.6/site-packages/tensorflow/python/framework/tensor_util.py", line 442, in make_tensor_proto\n    _AssertCompatible(values, dtype)\n  File "/dataset/zhang/anaconda3/envs/Rtensorflow1.11.0/lib/python3.6/site-packages/tensorflow/python/framework/tensor_util.py", line 353, in _AssertCompatible\n    (dtype.name, repr(mismatch), type(mismatch).__name__))\nTypeError: Expected string, got 1 of type \'int\' instead.\n')])
  File "make_csv_datasetNN.py", line 2, in <module>
Error inducing API short name: make_csv_dataset, line no: 2
Error inducing API fqn: tensorflow.contrib.data.make_csv_dataset, line no: 2
*** TypeError: PLACEHOLDER
Repair Action: arg_name
Key Params: ['IMPLICIT_0', 'IMPLICIT_1', 'IMPLICIT_2', 'IMPLICIT_3', 'IMPLICIT_4', 'IMPLICIT_5', 'IMPLICIT_6', 'IMPLICIT_7', 'IMPLICIT_8', 'IMPLICIT_9', 'IMPLICIT_10', 'IMPLICIT_11', 'IMPLICIT_12', 'IMPLICIT_13', 'IMPLICIT_14', 'IMPLICIT_15', 'IMPLICIT_16', 'IMPLICIT_17', 'IMPLICIT_18']
Prev Params: None
Prev Repair Action: None
Line No: 2
Prev Line No: 0
GitHub Candidates:
[]
KP:['IMPLICIT_0', 'IMPLICIT_1', 'IMPLICIT_2', 'IMPLICIT_3', 'IMPLICIT_4', 'IMPLICIT_5', 'IMPLICIT_6', 'IMPLICIT_7', 'IMPLICIT_8', 'IMPLICIT_9', 'IMPLICIT_10', 'IMPLICIT_11', 'IMPLICIT_12', 'IMPLICIT_13', 'IMPLICIT_14', 'IMPLICIT_15', 'IMPLICIT_16', 'IMPLICIT_17', 'IMPLICIT_18']
EXPP: ['IMPLICIT_0', 'IMPLICIT_1', 'IMPLICIT_2', 'IMPLICIT_3', 'IMPLICIT_4', 'IMPLICIT_5', 'IMPLICIT_6', 'IMPLICIT_7', 'IMPLICIT_8', 'IMPLICIT_9', 'IMPLICIT_10', 'IMPLICIT_11', 'IMPLICIT_12', 'IMPLICIT_13', 'IMPLICIT_14', 'IMPLICIT_15', 'IMPLICIT_16', 'IMPLICIT_17', 'IMPLICIT_18']
APIDoc Candidates:
[]
All Solution Candidates:
[]
[INFO] This case cannot be fixed!


real	0m2.719s
user	0m3.435s
sys	0m6.301s
