--- Running DataFrame.info#23NN/infoNN, strategy: relancer
[ERR MSG]: OrderedDict([('project', 'DataFrame.info#23NN'), ('notebook', 'infoNN'), ('text', '  File "infoNN.py", line 6, in <module>\n    df.info(True,  None,  None,  None,  None, null_counts=None)\nTypeError: info() got an unexpected keyword argument \'null_counts\'\n')])
  File "infoNN.py", line 6, in <module>
Error inducing API short name: info, line no: 6
Error inducing API fqn: UNKNOWN, line no: 6
*** TypeError: PLACEHOLDER
Repair Action: arg_name
Key Params: []
Prev Params: None
Prev Repair Action: None
Line No: 6
Prev Line No: 0
GitHub Candidates:
[]
KP:[]
EXPP: []
APIDoc Candidates:
[]
All Solution Candidates:
[]
[INFO] This case cannot be fixed!


real	0m0.615s
user	0m1.613s
sys	0m5.140s
