--- Running scipy.stats.rv_continuous#56NN/rv_continuousNN, strategy: relancer
[ERR MSG]: OrderedDict([('project', 'scipy.stats.rv_continuous#56NN'), ('notebook', 'rv_continuousNN'), ('text', '  File "/home/zhang/CC/Python/RepairTool/ToolCompare/relancer/relancer-exp/fixed_notebooks/relancer/scipy.stats.rv_continuous#56NN/rv_continuousNN.py", line 2, in <module>\n    rv = stats.rv_continuous(1,  0,  1,  1e-14,  None,  \'my_distribution\',  None,  None,  None,  42)\nTypeError: __init__() takes from 1 to 10 positional arguments but 11 were given\n')])
  File "/home/zhang/CC/Python/RepairTool/ToolCompare/relancer/relancer-exp/fixed_notebooks/relancer/scipy.stats.rv_continuous#56NN/rv_continuousNN.py", line 2, in <module>
Error inducing API short name: rv_continuous, line no: 2
Error inducing API fqn: scipy.stats.rv_continuous, line no: 2
*** TypeError: PLACEHOLDER
Repair Action: arg_name
Key Params: ['IMPLICIT_0', 'IMPLICIT_1', 'IMPLICIT_2', 'IMPLICIT_3', 'IMPLICIT_4', 'IMPLICIT_5', 'IMPLICIT_6', 'IMPLICIT_7', 'IMPLICIT_8', 'IMPLICIT_9']
Prev Params: None
Prev Repair Action: None
Line No: 2
Prev Line No: 0
GitHub Candidates:
[]
KP:['IMPLICIT_0', 'IMPLICIT_1', 'IMPLICIT_2', 'IMPLICIT_3', 'IMPLICIT_4', 'IMPLICIT_5', 'IMPLICIT_6', 'IMPLICIT_7', 'IMPLICIT_8', 'IMPLICIT_9']
EXPP: ['IMPLICIT_0', 'IMPLICIT_1', 'IMPLICIT_2', 'IMPLICIT_3', 'IMPLICIT_4', 'IMPLICIT_5', 'IMPLICIT_6', 'IMPLICIT_7', 'IMPLICIT_8', 'IMPLICIT_9']
APIDoc Candidates:
[]
All Solution Candidates:
[]
[INFO] This case cannot be fixed!


real	0m0.808s
user	0m2.871s
sys	0m11.093s
