--- Running aiohttp.TCPConnector#26NN/TCPConnectorNN, strategy: relancer
[ERR MSG]: OrderedDict([('project', 'aiohttp.TCPConnector#26NN'), ('notebook', 'TCPConnectorNN'), ('text', '  File "TCPConnectorNN.py", line 14, in <module>\n    loop.run_until_complete(main())\n  File "/dataset/zhang/anaconda3/envs/Raiohttp3.0.0/lib/python3.6/asyncio/base_events.py", line 488, in run_until_complete\n    return future.result()\n  File "TCPConnectorNN.py", line 9, in main\n    connector = aiohttp.TCPConnector(verify_ssl=True, fingerprint=None, local_addr=None, resolver=None, keepalive_timeout=30, ttl_dns_cache=10, resolve=object(), force_close=False, ssl_context=None, use_dns_cache=True, family=0)\nTypeError: __init__() got an unexpected keyword argument \'resolve\'\n')])
  File "TCPConnectorNN.py", line 14, in <module>
Error inducing API short name: run_until_complete, line no: 14
  File "TCPConnectorNN.py", line 9, in main
Error inducing API short name: TCPConnector, line no: 9
Error inducing API fqn: aiohttp.TCPConnector, line no: 9
*** TypeError: PLACEHOLDER
Repair Action: arg_name
Key Params: ['verify_ssl', 'fingerprint', 'local_addr', 'resolver', 'keepalive_timeout', 'ttl_dns_cache', 'resolve', 'force_close', 'ssl_context', 'use_dns_cache', 'family']
Prev Params: None
Prev Repair Action: None
Line No: 9
Prev Line No: 0
GitHub Candidates:
[]
KP:['verify_ssl', 'fingerprint', 'local_addr', 'resolver', 'keepalive_timeout', 'ttl_dns_cache', 'resolve', 'force_close', 'ssl_context', 'use_dns_cache', 'family']
EXPP: ['verify_ssl', 'fingerprint', 'local_addr', 'resolver', 'keepalive_timeout', 'ttl_dns_cache', 'resolve', 'force_close', 'ssl_context', 'use_dns_cache', 'family']
APIDoc Candidates:
[]
All Solution Candidates:
[]
[INFO] This case cannot be fixed!


real	0m0.562s
user	0m0.512s
sys	0m0.044s
