--- Running plotly.express.density_heatmap#337NN/density_heatmapNN, strategy: relancer
[ERR MSG]: OrderedDict([('project', 'plotly.express.density_heatmap#337NN'), ('notebook', 'density_heatmapNN'), ('text', '  File "density_heatmapNN.py", line 3, in <module>\n    fig = px.density_heatmap(df,  \'total_bill\',  \'tip\',  None,  None,  None,  None,  None,  None,  None,  {},  {},  None,  None, color_continuous_midpoint=None, marginal_x=None, marginal_y=None, opacity=None, log_x=False, log_y=False, range_x=None, range_y=None, histfunc=None, histnorm=None, nbinsx=None)\n  File "/dataset/zhang/anaconda3/envs/Rplotly4.3.0/lib/python3.6/site-packages/plotly/express/_chart_types.py", line 165, in density_heatmap\n    ybingroup="y",\n  File "/dataset/zhang/anaconda3/envs/Rplotly4.3.0/lib/python3.6/site-packages/plotly/express/_core.py", line 1095, in make_figure\n    args, constructor, trace_patch\n  File "/dataset/zhang/anaconda3/envs/Rplotly4.3.0/lib/python3.6/site-packages/plotly/express/_core.py", line 971, in infer_config\n    args = build_dataframe(args, all_attrables, array_attrables)\n  File "/dataset/zhang/anaconda3/envs/Rplotly4.3.0/lib/python3.6/site-packages/plotly/express/_core.py", line 940, in build_dataframe\n    % (field, len(argument), str(list(df_output.columns)), length)\nValueError: All arguments should have the same length. The length of argument `animation_group` is 0, whereas the length of previous arguments [\'total_bill\', \'tip\'] is 244\n')])
  File "density_heatmapNN.py", line 3, in <module>
Error inducing API short name: density_heatmap, line no: 3
Error inducing API fqn: plotly.express.density_heatmap, line no: 3
*** ValueError: PLACEHOLDER
All known params: []
All known params' names: []
Error line tokens: ['valueerror', 'placeholder']
Repair Action: arg_value
Key Params: []
Prev Params: None
Prev Repair Action: None
Line No: 3
Prev Line No: 0
GitHub Candidates:
[]
APIDoc Candidates:
[]
All Solution Candidates:
[]
[INFO] This case cannot be fixed!


real	0m1.159s
user	0m2.322s
sys	0m6.526s
