--- Running read_csv#67NN/read_csvNN, strategy: relancer
[ERR MSG]: OrderedDict([('project', 'read_csv#67NN'), ('notebook', 'read_csvNN'), ('text', '  File "read_csvNN.py", line 2, in <module>\n    pd.read_csv(\'/home/zhang/Packages/tensorflow_file/dev.csv\', dtype=None, converters=None, header=\'infer\', index_col=None, true_values=None, mangle_dupe_cols=True, usecols=None, skipinitialspace=False, squeeze=None, names=None, sep=\',\', delimiter=None, false_values=None, prefix=None, skiprows=None, engine=None)\nTypeError: read_csv() got an unexpected keyword argument \'mangle_dupe_cols\'\n')])
  File "read_csvNN.py", line 2, in <module>
Error inducing API short name: read_csv, line no: 2
Error inducing API fqn: pandas.read_csv, line no: 2
*** TypeError: PLACEHOLDER
Repair Action: arg_name
Key Params: ['IMPLICIT_0', 'dtype', 'converters', 'header', 'index_col', 'true_values', 'mangle_dupe_cols', 'usecols', 'skipinitialspace', 'squeeze', 'names', 'sep', 'delimiter', 'false_values', 'prefix', 'skiprows', 'engine']
Prev Params: None
Prev Repair Action: None
Line No: 2
Prev Line No: 0
GitHub Candidates:
[]
KP:['IMPLICIT_0', 'dtype', 'converters', 'header', 'index_col', 'true_values', 'mangle_dupe_cols', 'usecols', 'skipinitialspace', 'squeeze', 'names', 'sep', 'delimiter', 'false_values', 'prefix', 'skiprows', 'engine']
EXPP: ['IMPLICIT_0', 'dtype', 'converters', 'header', 'index_col', 'true_values', 'mangle_dupe_cols', 'usecols', 'skipinitialspace', 'squeeze', 'names', 'sep', 'delimiter', 'false_values', 'prefix', 'skiprows', 'engine']
APIDoc Candidates:
[]
All Solution Candidates:
[]
[INFO] This case cannot be fixed!


real	0m0.604s
user	0m1.695s
sys	0m5.578s
