--- Running httpx.delete#46NN/deleteNN, strategy: relancer
[ERR MSG]: OrderedDict([('project', 'httpx.delete#46NN'), ('notebook', 'deleteNN'), ('text', '  File "deleteNN.py", line 2, in <module>\n    delete(params=None, url=\'https://example.com/resource\', files=None, data=None, json=None)\nTypeError: delete() got an unexpected keyword argument \'files\'\n')])
  File "deleteNN.py", line 2, in <module>
Error inducing API short name: delete, line no: 2
Error inducing API fqn: httpx.delete, line no: 2
*** TypeError: PLACEHOLDER
Repair Action: arg_name
Key Params: ['params', 'url', 'files', 'data', 'json']
Prev Params: None
Prev Repair Action: None
Line No: 2
Prev Line No: 0
GitHub Candidates:
[]
KP:['params', 'url', 'files', 'data', 'json']
EXPP: ['params', 'url', 'files', 'data', 'json']
APIDoc Candidates:
[]
All Solution Candidates:
[]
[INFO] This case cannot be fixed!


real	0m0.431s
user	0m0.365s
sys	0m0.066s
