--- Running clustering#8NN/clusteringNN, strategy: relancer
[ERR MSG]: OrderedDict([('project', 'clustering#8NN'), ('notebook', 'clusteringNN'), ('text', '  File "clusteringNN.py", line 4, in <module>\n    clust_coeff = nx.clustering(G, nodes=None, weighted=False)\nTypeError: clustering() got an unexpected keyword argument \'weighted\'\n')])
  File "clusteringNN.py", line 4, in <module>
Error inducing API short name: clustering, line no: 4
Error inducing API fqn: networkx.clustering, line no: 4
*** TypeError: PLACEHOLDER
Repair Action: arg_name
Key Params: ['IMPLICIT_0', 'nodes', 'weighted']
Prev Params: None
Prev Repair Action: None
Line No: 4
Prev Line No: 0
GitHub Candidates:
[]
KP:['IMPLICIT_0', 'nodes', 'weighted']
EXPP: ['IMPLICIT_0', 'nodes', 'weighted']
APIDoc Candidates:
[]
All Solution Candidates:
[]
[INFO] This case cannot be fixed!


real	0m0.383s
user	0m0.338s
sys	0m0.046s
