--- Running rich.syntax.Syntax#39NN/SyntaxNN, strategy: relancer
[ERR MSG]: OrderedDict([('project', 'rich.syntax.Syntax#39NN'), ('notebook', 'SyntaxNN'), ('text', '  File "SyntaxNN.py", line 2, in <module>\n    syntax = Syntax("print(\'hello world\')", theme=\'monokai\', start_line=1, lexer_name=\'python\', dedent=False, highlight_lines={2, 3}, line_numbers=True, line_range=(1, 5))\nTypeError: __init__() got an unexpected keyword argument \'lexer_name\'\n')])
  File "SyntaxNN.py", line 2, in <module>
Error inducing API short name: , line no: 2
Error inducing API fqn: rich.syntax.Syntax, line no: 2
*** TypeError: PLACEHOLDER
Repair Action: arg_name
Key Params: ['IMPLICIT_0', 'theme', 'start_line', 'lexer_name', 'dedent', 'highlight_lines', 'line_numbers', 'line_range']
Prev Params: None
Prev Repair Action: None
Line No: 2
Prev Line No: 0
GitHub Candidates:
[]
KP:['IMPLICIT_0', 'theme', 'start_line', 'lexer_name', 'dedent', 'highlight_lines', 'line_numbers', 'line_range']
EXPP: ['IMPLICIT_0', 'theme', 'start_line', 'lexer_name', 'dedent', 'highlight_lines', 'line_numbers', 'line_range']
APIDoc Candidates:
[]
All Solution Candidates:
[]
[INFO] This case cannot be fixed!


real	0m0.369s
user	0m0.327s
sys	0m0.042s
