--- Running read_csv#68NN/read_csvNN, strategy: relancer
[ERR MSG]: OrderedDict([('project', 'read_csv#68NN'), ('notebook', 'read_csvNN'), ('text', '  File "read_csvNN.py", line 2, in <module>\n    pd.read_csv(\'/home/zhang/Packages/tensorflow_file/dev.csv\', mangle_dupe_cols=True, true_values=None, skipfooter=0, prefix=None, squeeze=None, false_values=None, index_col=None, skipinitialspace=False, engine=None, usecols=None, delimiter=None, sep=\',\', skiprows=None, converters=None, names=None, header=\'infer\', dtype=None)\nTypeError: read_csv() got an unexpected keyword argument \'mangle_dupe_cols\'\n')])
  File "read_csvNN.py", line 2, in <module>
Error inducing API short name: read_csv, line no: 2
Error inducing API fqn: pandas.read_csv, line no: 2
*** TypeError: PLACEHOLDER
Repair Action: arg_name
Key Params: ['IMPLICIT_0', 'mangle_dupe_cols', 'true_values', 'skipfooter', 'prefix', 'squeeze', 'false_values', 'index_col', 'skipinitialspace', 'engine', 'usecols', 'delimiter', 'sep', 'skiprows', 'converters', 'names', 'header', 'dtype']
Prev Params: None
Prev Repair Action: None
Line No: 2
Prev Line No: 0
GitHub Candidates:
[]
KP:['IMPLICIT_0', 'mangle_dupe_cols', 'true_values', 'skipfooter', 'prefix', 'squeeze', 'false_values', 'index_col', 'skipinitialspace', 'engine', 'usecols', 'delimiter', 'sep', 'skiprows', 'converters', 'names', 'header', 'dtype']
EXPP: ['IMPLICIT_0', 'mangle_dupe_cols', 'true_values', 'skipfooter', 'prefix', 'squeeze', 'false_values', 'index_col', 'skipinitialspace', 'engine', 'usecols', 'delimiter', 'sep', 'skiprows', 'converters', 'names', 'header', 'dtype']
APIDoc Candidates:
[]
All Solution Candidates:
[]
[INFO] This case cannot be fixed!


real	0m0.628s
user	0m1.704s
sys	0m5.937s
