--- Running scipy.linalg.solve#25NN/solveNN, strategy: relancer
[ERR MSG]: OrderedDict([('project', 'scipy.linalg.solve#25NN'), ('notebook', 'solveNN'), ('text', '  File "/home/zhang/CC/Python/RepairTool/ToolCompare/relancer/relancer-exp/fixed_notebooks/relancer/scipy.linalg.solve#25NN/solveNN.py", line 4, in <module>\n    x = scipy.linalg.solve(a=a, b=b, sym_pos=False, lower=False, overwrite_a=False, overwrite_b=False)\nTypeError: solve() got an unexpected keyword argument \'sym_pos\'\n')])
  File "/home/zhang/CC/Python/RepairTool/ToolCompare/relancer/relancer-exp/fixed_notebooks/relancer/scipy.linalg.solve#25NN/solveNN.py", line 4, in <module>
Error inducing API short name: solve, line no: 4
Error inducing API fqn: scipy.linalg.solve, line no: 4
*** TypeError: PLACEHOLDER
Repair Action: arg_name
Key Params: ['a', 'b', 'sym_pos', 'lower', 'overwrite_a', 'overwrite_b']
Prev Params: None
Prev Repair Action: None
Line No: 4
Prev Line No: 0
GitHub Candidates:
[]
KP:['a', 'b', 'sym_pos', 'lower', 'overwrite_a', 'overwrite_b']
EXPP: ['a', 'b', 'sym_pos', 'lower', 'overwrite_a', 'overwrite_b']
APIDoc Candidates:
[]
All Solution Candidates:
[]
[INFO] This case cannot be fixed!


real	0m0.535s
user	0m1.940s
sys	0m6.757s
