--- Running rich.syntax.Syntax#42NN/SyntaxNN, strategy: relancer
[ERR MSG]: OrderedDict([('project', 'rich.syntax.Syntax#42NN'), ('notebook', 'SyntaxNN'), ('text', '  File "SyntaxNN.py", line 2, in <module>\n    syntax = Syntax("print(\'hello world\')", line_range=(1, 5), highlight_lines={2, 3}, line_numbers=True, tab_size=4, start_line=1, code_width=50, dedent=False, lexer_name=\'python\', theme=\'monokai\', word_wrap=True)\nTypeError: __init__() got an unexpected keyword argument \'lexer_name\'\n')])
  File "SyntaxNN.py", line 2, in <module>
Error inducing API short name: , line no: 2
Error inducing API fqn: rich.syntax.Syntax, line no: 2
*** TypeError: PLACEHOLDER
Repair Action: arg_name
Key Params: ['IMPLICIT_0', 'line_range', 'highlight_lines', 'line_numbers', 'tab_size', 'start_line', 'code_width', 'dedent', 'lexer_name', 'theme', 'word_wrap']
Prev Params: None
Prev Repair Action: None
Line No: 2
Prev Line No: 0
GitHub Candidates:
[]
KP:['IMPLICIT_0', 'line_range', 'highlight_lines', 'line_numbers', 'tab_size', 'start_line', 'code_width', 'dedent', 'lexer_name', 'theme', 'word_wrap']
EXPP: ['IMPLICIT_0', 'line_range', 'highlight_lines', 'line_numbers', 'tab_size', 'start_line', 'code_width', 'dedent', 'lexer_name', 'theme', 'word_wrap']
APIDoc Candidates:
[]
All Solution Candidates:
[]
[INFO] This case cannot be fixed!


real	0m0.389s
user	0m0.343s
sys	0m0.047s
