--- Running read_csv#181NN/read_csvNN, strategy: relancer
[ERR MSG]: OrderedDict([('project', 'read_csv#181NN'), ('notebook', 'read_csvNN'), ('text', '  File "read_csvNN.py", line 2, in <module>\n    pd.read_csv(dtype=None, true_values=None, filepath_or_buffer=\'/home/zhang/Packages/tensorflow_file/dev.csv\', squeeze=None, skipinitialspace=False, engine=None, usecols=None, names=None, keep_default_na=True, infer_datetime_format=False, converters=None, na_filter=True, delimiter=None, skiprows=None, skip_blank_lines=True, nrows=None, date_parser=None, sep=\',\', keep_date_col=False, mangle_dupe_cols=True, index_col=None, na_values=None, prefix=None, false_values=None, verbose=False, header=\'infer\', parse_dates=None, dayfirst=False, skipfooter=0)\nTypeError: read_csv() got an unexpected keyword argument \'squeeze\'\n')])
  File "read_csvNN.py", line 2, in <module>
Error inducing API short name: read_csv, line no: 2
Error inducing API fqn: pandas.read_csv, line no: 2
*** TypeError: PLACEHOLDER
Repair Action: arg_name
Key Params: ['dtype', 'true_values', 'filepath_or_buffer', 'squeeze', 'skipinitialspace', 'engine', 'usecols', 'names', 'keep_default_na', 'infer_datetime_format', 'converters', 'na_filter', 'delimiter', 'skiprows', 'skip_blank_lines', 'nrows', 'date_parser', 'sep', 'keep_date_col', 'mangle_dupe_cols', 'index_col', 'na_values', 'prefix', 'false_values', 'verbose', 'header', 'parse_dates', 'dayfirst', 'skipfooter']
Prev Params: None
Prev Repair Action: None
Line No: 2
Prev Line No: 0
GitHub Candidates:
[]
KP:['dtype', 'true_values', 'filepath_or_buffer', 'squeeze', 'skipinitialspace', 'engine', 'usecols', 'names', 'keep_default_na', 'infer_datetime_format', 'converters', 'na_filter', 'delimiter', 'skiprows', 'skip_blank_lines', 'nrows', 'date_parser', 'sep', 'keep_date_col', 'mangle_dupe_cols', 'index_col', 'na_values', 'prefix', 'false_values', 'verbose', 'header', 'parse_dates', 'dayfirst', 'skipfooter']
EXPP: ['dtype', 'true_values', 'filepath_or_buffer', 'squeeze', 'skipinitialspace', 'engine', 'usecols', 'names', 'keep_default_na', 'infer_datetime_format', 'converters', 'na_filter', 'delimiter', 'skiprows', 'skip_blank_lines', 'nrows', 'date_parser', 'sep', 'keep_date_col', 'mangle_dupe_cols', 'index_col', 'na_values', 'prefix', 'false_values', 'verbose', 'header', 'parse_dates', 'dayfirst', 'skipfooter']
APIDoc Candidates:
[]
All Solution Candidates:
[]
[INFO] This case cannot be fixed!


real	0m0.638s
user	0m1.690s
sys	0m5.225s
