--- Running aiohttp.TCPConnector#27NN/TCPConnectorNN, strategy: relancer
[ERR MSG]: OrderedDict([('project', 'aiohttp.TCPConnector#27NN'), ('notebook', 'TCPConnectorNN'), ('text', '  File "TCPConnectorNN.py", line 14, in <module>\n    loop.run_until_complete(main())\n  File "/dataset/zhang/anaconda3/envs/Raiohttp3.0.0/lib/python3.6/asyncio/base_events.py", line 488, in run_until_complete\n    return future.result()\n  File "TCPConnectorNN.py", line 9, in main\n    connector = aiohttp.TCPConnector(limit=100, fingerprint=None, force_close=False, keepalive_timeout=30, verify_ssl=True, ttl_dns_cache=10, local_addr=None, resolver=None, family=0, resolve=object(), use_dns_cache=True, ssl_context=None)\nTypeError: __init__() got an unexpected keyword argument \'resolve\'\n')])
  File "TCPConnectorNN.py", line 14, in <module>
Error inducing API short name: run_until_complete, line no: 14
  File "TCPConnectorNN.py", line 9, in main
Error inducing API short name: TCPConnector, line no: 9
Error inducing API fqn: aiohttp.TCPConnector, line no: 9
*** TypeError: PLACEHOLDER
Repair Action: arg_name
Key Params: ['limit', 'fingerprint', 'force_close', 'keepalive_timeout', 'verify_ssl', 'ttl_dns_cache', 'local_addr', 'resolver', 'family', 'resolve', 'use_dns_cache', 'ssl_context']
Prev Params: None
Prev Repair Action: None
Line No: 9
Prev Line No: 0
GitHub Candidates:
[]
KP:['limit', 'fingerprint', 'force_close', 'keepalive_timeout', 'verify_ssl', 'ttl_dns_cache', 'local_addr', 'resolver', 'family', 'resolve', 'use_dns_cache', 'ssl_context']
EXPP: ['limit', 'fingerprint', 'force_close', 'keepalive_timeout', 'verify_ssl', 'ttl_dns_cache', 'local_addr', 'resolver', 'family', 'resolve', 'use_dns_cache', 'ssl_context']
APIDoc Candidates:
[]
All Solution Candidates:
[]
[INFO] This case cannot be fixed!


real	0m0.561s
user	0m0.507s
sys	0m0.055s
