--- Running scipy.sparse.linalg.cg#25NN/cgNN, strategy: relancer
[ERR MSG]: OrderedDict([('project', 'scipy.sparse.linalg.cg#25NN'), ('notebook', 'cgNN'), ('text', '  File "cgNN.py", line 5, in <module>\n    (x, info) = cg(A=A, b=b, x0=None, tol=1e-05, maxiter=None, xtype=None)\nTypeError: cg() got an unexpected keyword argument \'xtype\'\n')])
  File "cgNN.py", line 5, in <module>
Error inducing API short name: , line no: 5
Error inducing API fqn: scipy.sparse.linalg.cg, line no: 5
*** TypeError: PLACEHOLDER
Repair Action: arg_name
Key Params: ['A', 'b', 'x0', 'tol', 'maxiter', 'xtype']
Prev Params: None
Prev Repair Action: None
Line No: 5
Prev Line No: 0
GitHub Candidates:
[]
KP:['A', 'b', 'x0', 'tol', 'maxiter', 'xtype']
EXPP: ['A', 'b', 'x0', 'tol', 'maxiter', 'xtype']
APIDoc Candidates:
[]
All Solution Candidates:
[]
[INFO] This case cannot be fixed!


real	0m0.546s
user	0m1.672s
sys	0m5.485s
