--- Running read_csv#148NN/read_csvNN, strategy: relancer
[ERR MSG]: OrderedDict([('project', 'read_csv#148NN'), ('notebook', 'read_csvNN'), ('text', '  File "read_csvNN.py", line 2, in <module>\n    pd.read_csv(warn_bad_lines=None, filepath_or_buffer=\'/home/zhang/Packages/tensorflow_file/dev.csv\')\nTypeError: read_csv() got an unexpected keyword argument \'warn_bad_lines\'\n')])
  File "read_csvNN.py", line 2, in <module>
Error inducing API short name: read_csv, line no: 2
Error inducing API fqn: pandas.read_csv, line no: 2
*** TypeError: PLACEHOLDER
Repair Action: arg_name
Key Params: ['warn_bad_lines', 'filepath_or_buffer']
Prev Params: None
Prev Repair Action: None
Line No: 2
Prev Line No: 0
GitHub Candidates:
[]
KP:['warn_bad_lines', 'filepath_or_buffer']
EXPP: ['warn_bad_lines', 'filepath_or_buffer']
APIDoc Candidates:
[]
All Solution Candidates:
[]
[INFO] This case cannot be fixed!


real	0m0.571s
user	0m1.461s
sys	0m5.174s
