--- Running matplotlib.use#3NN/useNN, strategy: relancer
[ERR MSG]: OrderedDict([('project', 'matplotlib.use#3NN'), ('notebook', 'useNN'), ('text', '  File "useNN.py", line 2, in <module>\n    matplotlib.use(\'Agg\',  None)\nTypeError: use() takes 1 positional argument but 2 were given\n')])
  File "useNN.py", line 2, in <module>
Error inducing API short name: use, line no: 2
Error inducing API fqn: matplotlib.use, line no: 2
*** TypeError: PLACEHOLDER
Repair Action: arg_name
Key Params: ['IMPLICIT_0', 'IMPLICIT_1']
Prev Params: None
Prev Repair Action: None
Line No: 2
Prev Line No: 0
GitHub Candidates:
[]
KP:['IMPLICIT_0', 'IMPLICIT_1']
EXPP: ['IMPLICIT_0', 'IMPLICIT_1']
APIDoc Candidates:
[]
All Solution Candidates:
[]
[INFO] This case cannot be fixed!


real	0m0.606s
user	0m1.623s
sys	0m5.924s
