--- Running numpy.histogram#12NN/histogramNN, strategy: relancer
[ERR MSG]: OrderedDict([('project', 'numpy.histogram#12NN'), ('notebook', 'histogramNN'), ('text', '  File "histogramNN.py", line 8, in <module>\n    (hist, bin_edges) = np.histogram(a,  bins, range=range, normed=normed)\n  File "<__array_function__ internals>", line 198, in histogram\nTypeError: histogram() got an unexpected keyword argument \'normed\'\n')])
  File "histogramNN.py", line 8, in <module>
Error inducing API short name: , line no: 8
Error inducing API fqn: numpy.histogram, line no: 8
*** TypeError: PLACEHOLDER
Repair Action: arg_name
Key Params: ['IMPLICIT_0', 'IMPLICIT_1', 'range', 'normed']
Prev Params: None
Prev Repair Action: None
Line No: 8
Prev Line No: 0
GitHub Candidates:
[]
KP:['IMPLICIT_0', 'IMPLICIT_1', 'range', 'normed']
EXPP: ['IMPLICIT_0', 'IMPLICIT_1', 'range', 'normed']
APIDoc Candidates:
[]
All Solution Candidates:
[]
[INFO] This case cannot be fixed!


real	0m0.436s
user	0m0.907s
sys	0m3.087s
