--- Running read_csv#91NN/read_csvNN, strategy: relancer
[ERR MSG]: OrderedDict([('project', 'read_csv#91NN'), ('notebook', 'read_csvNN'), ('text', '  File "read_csvNN.py", line 2, in <module>\n    pd.read_csv(\'/home/zhang/Packages/tensorflow_file/dev.csv\', converters=None, sep=\',\', parse_dates=None, false_values=None, nrows=None, doublequote=True, quoting=0, dtype=None, escapechar=None, true_values=None, infer_datetime_format=False, quotechar=\'"\', date_parser=None, decimal=\'.\', comment=None, mangle_dupe_cols=True, cache_dates=True, compression=\'infer\', usecols=None, lineterminator=None, prefix=None, keep_date_col=False, engine=None, delimiter=None, skiprows=None, header=\'infer\', squeeze=None, skip_blank_lines=True, names=None, iterator=False, skipinitialspace=False, na_filter=True, verbose=False, na_values=None, dayfirst=False, keep_default_na=True, thousands=None, index_col=None, chunksize=None, skipfooter=0)\nTypeError: read_csv() got an unexpected keyword argument \'mangle_dupe_cols\'\n')])
  File "read_csvNN.py", line 2, in <module>
Error inducing API short name: read_csv, line no: 2
Error inducing API fqn: pandas.read_csv, line no: 2
*** TypeError: PLACEHOLDER
Repair Action: arg_name
Key Params: ['IMPLICIT_0', 'converters', 'sep', 'parse_dates', 'false_values', 'nrows', 'doublequote', 'quoting', 'dtype', 'escapechar', 'true_values', 'infer_datetime_format', 'quotechar', 'date_parser', 'decimal', 'comment', 'mangle_dupe_cols', 'cache_dates', 'compression', 'usecols', 'lineterminator', 'prefix', 'keep_date_col', 'engine', 'delimiter', 'skiprows', 'header', 'squeeze', 'skip_blank_lines', 'names', 'iterator', 'skipinitialspace', 'na_filter', 'verbose', 'na_values', 'dayfirst', 'keep_default_na', 'thousands', 'index_col', 'chunksize', 'skipfooter']
Prev Params: None
Prev Repair Action: None
Line No: 2
Prev Line No: 0
GitHub Candidates:
[]
KP:['IMPLICIT_0', 'converters', 'sep', 'parse_dates', 'false_values', 'nrows', 'doublequote', 'quoting', 'dtype', 'escapechar', 'true_values', 'infer_datetime_format', 'quotechar', 'date_parser', 'decimal', 'comment', 'mangle_dupe_cols', 'cache_dates', 'compression', 'usecols', 'lineterminator', 'prefix', 'keep_date_col', 'engine', 'delimiter', 'skiprows', 'header', 'squeeze', 'skip_blank_lines', 'names', 'iterator', 'skipinitialspace', 'na_filter', 'verbose', 'na_values', 'dayfirst', 'keep_default_na', 'thousands', 'index_col', 'chunksize', 'skipfooter']
EXPP: ['IMPLICIT_0', 'converters', 'sep', 'parse_dates', 'false_values', 'nrows', 'doublequote', 'quoting', 'dtype', 'escapechar', 'true_values', 'infer_datetime_format', 'quotechar', 'date_parser', 'decimal', 'comment', 'mangle_dupe_cols', 'cache_dates', 'compression', 'usecols', 'lineterminator', 'prefix', 'keep_date_col', 'engine', 'delimiter', 'skiprows', 'header', 'squeeze', 'skip_blank_lines', 'names', 'iterator', 'skipinitialspace', 'na_filter', 'verbose', 'na_values', 'dayfirst', 'keep_default_na', 'thousands', 'index_col', 'chunksize', 'skipfooter']
APIDoc Candidates:
[]
All Solution Candidates:
[]
[INFO] This case cannot be fixed!


real	0m0.630s
user	0m1.677s
sys	0m5.501s
