--- Running read_csv#190NN/read_csvNN, strategy: relancer
[ERR MSG]: OrderedDict([('project', 'read_csv#190NN'), ('notebook', 'read_csvNN'), ('text', '  File "read_csvNN.py", line 2, in <module>\n    pd.read_csv(squeeze=None, header=\'infer\', usecols=None, mangle_dupe_cols=True, thousands=None, quotechar=\'"\', false_values=None, skipinitialspace=False, quoting=0, iterator=False, engine=None, verbose=False, compression=\'infer\', keep_date_col=False, keep_default_na=True, chunksize=None, names=None, infer_datetime_format=False, na_values=None, skiprows=None, converters=None, dtype=None, skipfooter=0, date_parser=None, true_values=None, prefix=None, na_filter=True, sep=\',\', dayfirst=False, lineterminator=None, delimiter=None, cache_dates=True, skip_blank_lines=True, nrows=None, filepath_or_buffer=\'/home/zhang/Packages/tensorflow_file/dev.csv\', index_col=None, decimal=\'.\', parse_dates=None)\nTypeError: read_csv() got an unexpected keyword argument \'squeeze\'\n')])
  File "read_csvNN.py", line 2, in <module>
Error inducing API short name: read_csv, line no: 2
Error inducing API fqn: pandas.read_csv, line no: 2
*** TypeError: PLACEHOLDER
Repair Action: arg_name
Key Params: ['squeeze', 'header', 'usecols', 'mangle_dupe_cols', 'thousands', 'quotechar', 'false_values', 'skipinitialspace', 'quoting', 'iterator', 'engine', 'verbose', 'compression', 'keep_date_col', 'keep_default_na', 'chunksize', 'names', 'infer_datetime_format', 'na_values', 'skiprows', 'converters', 'dtype', 'skipfooter', 'date_parser', 'true_values', 'prefix', 'na_filter', 'sep', 'dayfirst', 'lineterminator', 'delimiter', 'cache_dates', 'skip_blank_lines', 'nrows', 'filepath_or_buffer', 'index_col', 'decimal', 'parse_dates']
Prev Params: None
Prev Repair Action: None
Line No: 2
Prev Line No: 0
GitHub Candidates:
[]
KP:['squeeze', 'header', 'usecols', 'mangle_dupe_cols', 'thousands', 'quotechar', 'false_values', 'skipinitialspace', 'quoting', 'iterator', 'engine', 'verbose', 'compression', 'keep_date_col', 'keep_default_na', 'chunksize', 'names', 'infer_datetime_format', 'na_values', 'skiprows', 'converters', 'dtype', 'skipfooter', 'date_parser', 'true_values', 'prefix', 'na_filter', 'sep', 'dayfirst', 'lineterminator', 'delimiter', 'cache_dates', 'skip_blank_lines', 'nrows', 'filepath_or_buffer', 'index_col', 'decimal', 'parse_dates']
EXPP: ['squeeze', 'header', 'usecols', 'mangle_dupe_cols', 'thousands', 'quotechar', 'false_values', 'skipinitialspace', 'quoting', 'iterator', 'engine', 'verbose', 'compression', 'keep_date_col', 'keep_default_na', 'chunksize', 'names', 'infer_datetime_format', 'na_values', 'skiprows', 'converters', 'dtype', 'skipfooter', 'date_parser', 'true_values', 'prefix', 'na_filter', 'sep', 'dayfirst', 'lineterminator', 'delimiter', 'cache_dates', 'skip_blank_lines', 'nrows', 'filepath_or_buffer', 'index_col', 'decimal', 'parse_dates']
APIDoc Candidates:
[]
All Solution Candidates:
[]
[INFO] This case cannot be fixed!


real	0m0.656s
user	0m1.571s
sys	0m5.715s
