--- Running matplotlib.use#8NN/useNN, strategy: relancer
[ERR MSG]: OrderedDict([('project', 'matplotlib.use#8NN'), ('notebook', 'useNN'), ('text', '  File "useNN.py", line 2, in <module>\n    matplotlib.use(\'Agg\', warn=None, force=True)\nTypeError: use() got an unexpected keyword argument \'warn\'\n')])
  File "useNN.py", line 2, in <module>
Error inducing API short name: use, line no: 2
Error inducing API fqn: matplotlib.use, line no: 2
*** TypeError: PLACEHOLDER
Repair Action: arg_name
Key Params: ['IMPLICIT_0', 'warn', 'force']
Prev Params: None
Prev Repair Action: None
Line No: 2
Prev Line No: 0
GitHub Candidates:
[]
KP:['IMPLICIT_0', 'warn', 'force']
EXPP: ['IMPLICIT_0', 'warn', 'force']
APIDoc Candidates:
[]
All Solution Candidates:
[]
[INFO] This case cannot be fixed!


real	0m0.554s
user	0m1.733s
sys	0m5.711s
