--- Running read_csv#92NN/read_csvNN, strategy: relancer
[ERR MSG]: OrderedDict([('project', 'read_csv#92NN'), ('notebook', 'read_csvNN'), ('text', '  File "read_csvNN.py", line 2, in <module>\n    pd.read_csv(\'/home/zhang/Packages/tensorflow_file/dev.csv\', date_parser=None, verbose=False, lineterminator=None, keep_default_na=True, dtype=None, compression=\'infer\', thousands=None, keep_date_col=False, quoting=0, mangle_dupe_cols=True, infer_datetime_format=False, cache_dates=True, doublequote=True, names=None, comment=None, true_values=None, usecols=None, skip_blank_lines=True, escapechar=None, dayfirst=False, na_filter=True, decimal=\'.\', prefix=None, engine=None, sep=\',\', na_values=None, encoding=None, squeeze=None, parse_dates=None, iterator=False, delimiter=None, nrows=None, quotechar=\'"\', header=\'infer\', skiprows=None, chunksize=None, converters=None, index_col=None, skipfooter=0, false_values=None, skipinitialspace=False)\nTypeError: read_csv() got an unexpected keyword argument \'mangle_dupe_cols\'\n')])
  File "read_csvNN.py", line 2, in <module>
Error inducing API short name: read_csv, line no: 2
Error inducing API fqn: pandas.read_csv, line no: 2
*** TypeError: PLACEHOLDER
Repair Action: arg_name
Key Params: ['IMPLICIT_0', 'date_parser', 'verbose', 'lineterminator', 'keep_default_na', 'dtype', 'compression', 'thousands', 'keep_date_col', 'quoting', 'mangle_dupe_cols', 'infer_datetime_format', 'cache_dates', 'doublequote', 'names', 'comment', 'true_values', 'usecols', 'skip_blank_lines', 'escapechar', 'dayfirst', 'na_filter', 'decimal', 'prefix', 'engine', 'sep', 'na_values', 'encoding', 'squeeze', 'parse_dates', 'iterator', 'delimiter', 'nrows', 'quotechar', 'header', 'skiprows', 'chunksize', 'converters', 'index_col', 'skipfooter', 'false_values', 'skipinitialspace']
Prev Params: None
Prev Repair Action: None
Line No: 2
Prev Line No: 0
GitHub Candidates:
[]
KP:['IMPLICIT_0', 'date_parser', 'verbose', 'lineterminator', 'keep_default_na', 'dtype', 'compression', 'thousands', 'keep_date_col', 'quoting', 'mangle_dupe_cols', 'infer_datetime_format', 'cache_dates', 'doublequote', 'names', 'comment', 'true_values', 'usecols', 'skip_blank_lines', 'escapechar', 'dayfirst', 'na_filter', 'decimal', 'prefix', 'engine', 'sep', 'na_values', 'encoding', 'squeeze', 'parse_dates', 'iterator', 'delimiter', 'nrows', 'quotechar', 'header', 'skiprows', 'chunksize', 'converters', 'index_col', 'skipfooter', 'false_values', 'skipinitialspace']
EXPP: ['IMPLICIT_0', 'date_parser', 'verbose', 'lineterminator', 'keep_default_na', 'dtype', 'compression', 'thousands', 'keep_date_col', 'quoting', 'mangle_dupe_cols', 'infer_datetime_format', 'cache_dates', 'doublequote', 'names', 'comment', 'true_values', 'usecols', 'skip_blank_lines', 'escapechar', 'dayfirst', 'na_filter', 'decimal', 'prefix', 'engine', 'sep', 'na_values', 'encoding', 'squeeze', 'parse_dates', 'iterator', 'delimiter', 'nrows', 'quotechar', 'header', 'skiprows', 'chunksize', 'converters', 'index_col', 'skipfooter', 'false_values', 'skipinitialspace']
APIDoc Candidates:
[]
All Solution Candidates:
[]
[INFO] This case cannot be fixed!


real	0m0.633s
user	0m1.494s
sys	0m5.082s
