--- Running matplotlib.cbook.normalize_kwargs#15NN/normalize_kwargsNN, strategy: relancer
[ERR MSG]: OrderedDict([('project', 'matplotlib.cbook.normalize_kwargs#15NN'), ('notebook', 'normalize_kwargsNN'), ('text', '  File "normalize_kwargsNN.py", line 4, in <module>\n    result = normalize_kwargs(kw,  alias_mapping,  [\'alpha\', \'linestyle\', \'linewidth\'],  [],  [])\nTypeError: normalize_kwargs() takes from 1 to 2 positional arguments but 5 were given\n')])
  File "normalize_kwargsNN.py", line 4, in <module>
Error inducing API short name: normalize_kwargs, line no: 4
Error inducing API fqn: matplotlib.cbook.normalize_kwargs, line no: 4
*** TypeError: PLACEHOLDER
Repair Action: arg_name
Key Params: ['IMPLICIT_0', 'IMPLICIT_1', 'IMPLICIT_2', 'IMPLICIT_3', 'IMPLICIT_4']
Prev Params: None
Prev Repair Action: None
Line No: 4
Prev Line No: 0
GitHub Candidates:
[]
KP:['IMPLICIT_0', 'IMPLICIT_1', 'IMPLICIT_2', 'IMPLICIT_3', 'IMPLICIT_4']
EXPP: ['IMPLICIT_0', 'IMPLICIT_1', 'IMPLICIT_2', 'IMPLICIT_3', 'IMPLICIT_4']
APIDoc Candidates:
[]
All Solution Candidates:
[]
[INFO] This case cannot be fixed!


real	0m0.548s
user	0m1.576s
sys	0m5.981s
