--- Running read_csv#195NN/read_csvNN, strategy: relancer
[ERR MSG]: OrderedDict([('project', 'read_csv#195NN'), ('notebook', 'read_csvNN'), ('text', '  File "read_csvNN.py", line 2, in <module>\n    pd.read_csv(keep_default_na=True, skipfooter=0, skipinitialspace=False, cache_dates=True, engine=None, doublequote=True, delimiter=None, comment=None, names=None, lineterminator=None, compression=\'infer\', date_parser=None, sep=\',\', chunksize=None, skip_blank_lines=True, mangle_dupe_cols=True, na_values=None, escapechar=None, prefix=None, true_values=None, nrows=None, decimal=\'.\', false_values=None, dayfirst=False, thousands=None, dtype=None, verbose=False, quoting=0, filepath_or_buffer=\'/home/zhang/Packages/tensorflow_file/dev.csv\', quotechar=\'"\', keep_date_col=False, na_filter=True, encoding_errors=\'strict\', encoding=None, skiprows=None, squeeze=None, usecols=None, index_col=None, infer_datetime_format=False, header=\'infer\', iterator=False, parse_dates=None, converters=None)\nTypeError: read_csv() got an unexpected keyword argument \'mangle_dupe_cols\'\n')])
  File "read_csvNN.py", line 2, in <module>
Error inducing API short name: read_csv, line no: 2
Error inducing API fqn: pandas.read_csv, line no: 2
*** TypeError: PLACEHOLDER
Repair Action: arg_name
Key Params: ['keep_default_na', 'skipfooter', 'skipinitialspace', 'cache_dates', 'engine', 'doublequote', 'delimiter', 'comment', 'names', 'lineterminator', 'compression', 'date_parser', 'sep', 'chunksize', 'skip_blank_lines', 'mangle_dupe_cols', 'na_values', 'escapechar', 'prefix', 'true_values', 'nrows', 'decimal', 'false_values', 'dayfirst', 'thousands', 'dtype', 'verbose', 'quoting', 'filepath_or_buffer', 'quotechar', 'keep_date_col', 'na_filter', 'encoding_errors', 'encoding', 'skiprows', 'squeeze', 'usecols', 'index_col', 'infer_datetime_format', 'header', 'iterator', 'parse_dates', 'converters']
Prev Params: None
Prev Repair Action: None
Line No: 2
Prev Line No: 0
GitHub Candidates:
[]
KP:['keep_default_na', 'skipfooter', 'skipinitialspace', 'cache_dates', 'engine', 'doublequote', 'delimiter', 'comment', 'names', 'lineterminator', 'compression', 'date_parser', 'sep', 'chunksize', 'skip_blank_lines', 'mangle_dupe_cols', 'na_values', 'escapechar', 'prefix', 'true_values', 'nrows', 'decimal', 'false_values', 'dayfirst', 'thousands', 'dtype', 'verbose', 'quoting', 'filepath_or_buffer', 'quotechar', 'keep_date_col', 'na_filter', 'encoding_errors', 'encoding', 'skiprows', 'squeeze', 'usecols', 'index_col', 'infer_datetime_format', 'header', 'iterator', 'parse_dates', 'converters']
EXPP: ['keep_default_na', 'skipfooter', 'skipinitialspace', 'cache_dates', 'engine', 'doublequote', 'delimiter', 'comment', 'names', 'lineterminator', 'compression', 'date_parser', 'sep', 'chunksize', 'skip_blank_lines', 'mangle_dupe_cols', 'na_values', 'escapechar', 'prefix', 'true_values', 'nrows', 'decimal', 'false_values', 'dayfirst', 'thousands', 'dtype', 'verbose', 'quoting', 'filepath_or_buffer', 'quotechar', 'keep_date_col', 'na_filter', 'encoding_errors', 'encoding', 'skiprows', 'squeeze', 'usecols', 'index_col', 'infer_datetime_format', 'header', 'iterator', 'parse_dates', 'converters']
APIDoc Candidates:
[]
All Solution Candidates:
[]
[INFO] This case cannot be fixed!


real	0m0.611s
user	0m1.639s
sys	0m5.055s
