--- Running Index.copy#11NN/copyNN, strategy: relancer
[ERR MSG]: OrderedDict([('project', 'Index.copy#11NN'), ('notebook', 'copyNN'), ('text', '  File "copyNN.py", line 3, in <module>\n    index_copy = index.copy(None,  False,  None,  None)\nTypeError: copy() takes from 1 to 3 positional arguments but 5 were given\n')])
  File "copyNN.py", line 3, in <module>
Error inducing API short name: copy, line no: 3
Error inducing API fqn: UNKNOWN, line no: 3
*** TypeError: PLACEHOLDER
Repair Action: arg_name
Key Params: []
Prev Params: None
Prev Repair Action: None
Line No: 3
Prev Line No: 0
GitHub Candidates:
[]
KP:[]
EXPP: []
APIDoc Candidates:
[]
All Solution Candidates:
[]
[INFO] This case cannot be fixed!


real	0m0.637s
user	0m1.734s
sys	0m5.695s
