--- Running tornado.httpclient.AsyncHTTPClient#8NN/AsyncHTTPClientNN, strategy: relancer
[ERR MSG]: OrderedDict([('project', 'tornado.httpclient.AsyncHTTPClient#8NN'), ('notebook', 'AsyncHTTPClientNN'), ('text', '  File "AsyncHTTPClientNN.py", line 2, in <module>\n    http_client = tornado.httpclient.AsyncHTTPClient(None,  10, force_instance=False)\nTypeError: __new__() got multiple values for argument \'force_instance\'\n')])
  File "AsyncHTTPClientNN.py", line 2, in <module>
Error inducing API short name: AsyncHTTPClient, line no: 2
Error inducing API fqn: tornado.httpclient.AsyncHTTPClient, line no: 2
*** TypeError: PLACEHOLDER
Repair Action: arg_name
Key Params: ['IMPLICIT_0', 'IMPLICIT_1', 'force_instance']
Prev Params: None
Prev Repair Action: None
Line No: 2
Prev Line No: 0
GitHub Candidates:
[]
KP:['IMPLICIT_0', 'IMPLICIT_1', 'force_instance']
EXPP: ['IMPLICIT_0', 'IMPLICIT_1', 'force_instance']
APIDoc Candidates:
[]
All Solution Candidates:
[]
[INFO] This case cannot be fixed!


real	0m0.420s
user	0m0.380s
sys	0m0.031s
