--- Running plotly.express.bar#351NN/barNN, strategy: relancer
[ERR MSG]: OrderedDict([('project', 'plotly.express.bar#351NN'), ('notebook', 'barNN'), ('text', '  File "barNN.py", line 3, in <module>\n    fig = px.bar(data_canada,  \'year\',  \'pop\',  None,  None,  None,  0,  None,  None,  None,  None,  None,  None,  None,  None,  None,  None,  None,  None,  None,  None,  None,  None,  None,  None, range_color=None)\n  File "/dataset/zhang/anaconda3/envs/Rplotly5.0.0/lib/python3.6/site-packages/plotly/express/_chart_types.py", line 357, in bar\n    layout_patch=dict(barmode=barmode),\n  File "/dataset/zhang/anaconda3/envs/Rplotly5.0.0/lib/python3.6/site-packages/plotly/express/_core.py", line 1879, in make_figure\n    args = build_dataframe(args, constructor)\n  File "/dataset/zhang/anaconda3/envs/Rplotly5.0.0/lib/python3.6/site-packages/plotly/express/_core.py", line 1400, in build_dataframe\n    args, wide_mode, var_name, value_name\n  File "/dataset/zhang/anaconda3/envs/Rplotly5.0.0/lib/python3.6/site-packages/plotly/express/_core.py", line 1205, in process_args_into_dataframe\n    raise ValueError(err_msg)\nValueError: Value of \'facet_col\' is not the name of a column in \'data_frame\'. Expected one of [\'country\', \'continent\', \'year\', \'lifeExp\', \'pop\', \'gdpPercap\', \'iso_alpha\', \'iso_num\'] but received: 0\n')])
  File "barNN.py", line 3, in <module>
Error inducing API short name: bar, line no: 3
Error inducing API fqn: plotly.express.bar, line no: 3
*** ValueError: PLACEHOLDER
All known params: []
All known params' names: []
Error line tokens: ['valueerror', 'placeholder']
Repair Action: arg_value
Key Params: []
Prev Params: None
Prev Repair Action: None
Line No: 3
Prev Line No: 0
GitHub Candidates:
[]
APIDoc Candidates:
[]
All Solution Candidates:
[]
[INFO] This case cannot be fixed!


real	0m1.036s
user	0m2.184s
sys	0m6.935s
