--- Running betweenness_centrality_source#8NN/betweenness_centrality_sourceNN, strategy: relancer
[ERR MSG]: OrderedDict([('project', 'betweenness_centrality_source#8NN'), ('notebook', 'betweenness_centrality_sourceNN'), ('text', '  File "betweenness_centrality_sourceNN.py", line 4, in <module>\n    nx.betweenness_centrality_source(G, normalized=True, weighted_edges=False)\nTypeError: betweenness_centrality_source() got an unexpected keyword argument \'weighted_edges\'\n')])
  File "betweenness_centrality_sourceNN.py", line 4, in <module>
Error inducing API short name: betweenness_centrality_source, line no: 4
Error inducing API fqn: networkx.betweenness_centrality_source, line no: 4
*** TypeError: PLACEHOLDER
Repair Action: arg_name
Key Params: ['IMPLICIT_0', 'normalized', 'weighted_edges']
Prev Params: None
Prev Repair Action: None
Line No: 4
Prev Line No: 0
GitHub Candidates:
[]
KP:['IMPLICIT_0', 'normalized', 'weighted_edges']
EXPP: ['IMPLICIT_0', 'normalized', 'weighted_edges']
APIDoc Candidates:
[]
All Solution Candidates:
[]
[INFO] This case cannot be fixed!


real	0m0.363s
user	0m0.333s
sys	0m0.024s
