--- Running networkx.union#8NN/unionNN, strategy: relancer
[ERR MSG]: OrderedDict([('project', 'networkx.union#8NN'), ('notebook', 'unionNN'), ('text', '  File "unionNN.py", line 6, in <module>\n    union_graph = nx.union(G,  H,  (\'G-\', \'H-\'),  None)\nTypeError: union() takes from 2 to 3 positional arguments but 4 were given\n')])
  File "unionNN.py", line 6, in <module>
Error inducing API short name: union, line no: 6
Error inducing API fqn: networkx.union, line no: 6
*** TypeError: PLACEHOLDER
Repair Action: arg_name
Key Params: ['IMPLICIT_0', 'IMPLICIT_1', 'IMPLICIT_2', 'IMPLICIT_3']
Prev Params: None
Prev Repair Action: None
Line No: 6
Prev Line No: 0
GitHub Candidates:
[]
KP:['IMPLICIT_0', 'IMPLICIT_1', 'IMPLICIT_2', 'IMPLICIT_3']
EXPP: ['IMPLICIT_0', 'IMPLICIT_1', 'IMPLICIT_2', 'IMPLICIT_3']
APIDoc Candidates:
[]
All Solution Candidates:
[]
[INFO] This case cannot be fixed!


real	0m0.452s
user	0m0.400s
sys	0m0.041s
