--- Running tornado.ioloop.PeriodicCallback#4NN/PeriodicCallbackNN, strategy: relancer
[ERR MSG]: OrderedDict([('project', 'tornado.ioloop.PeriodicCallback#4NN'), ('notebook', 'PeriodicCallbackNN'), ('text', '  File "PeriodicCallbackNN.py", line 5, in <module>\n    tornado.ioloop.PeriodicCallback(my_callback,  1000,  None)\nTypeError: __init__() takes 3 positional arguments but 4 were given\n')])
  File "PeriodicCallbackNN.py", line 5, in <module>
Error inducing API short name: PeriodicCallback, line no: 5
Error inducing API fqn: tornado.ioloop.PeriodicCallback, line no: 5
*** TypeError: PLACEHOLDER
Repair Action: arg_name
Key Params: ['IMPLICIT_0', 'IMPLICIT_1', 'IMPLICIT_2']
Prev Params: None
Prev Repair Action: None
Line No: 5
Prev Line No: 0
GitHub Candidates:
[]
KP:['IMPLICIT_0', 'IMPLICIT_1', 'IMPLICIT_2']
EXPP: ['IMPLICIT_0', 'IMPLICIT_1', 'IMPLICIT_2']
APIDoc Candidates:
[]
All Solution Candidates:
[]
[INFO] This case cannot be fixed!


real	0m1.303s
user	0m0.372s
sys	0m0.035s
