--- Running plotly.express.histogram#339NN/histogramNN, strategy: relancer
[ERR MSG]: OrderedDict([('project', 'plotly.express.histogram#339NN'), ('notebook', 'histogramNN'), ('text', '  File "histogramNN.py", line 3, in <module>\n    fig = px.histogram(df,  \'total_bill\',  None,  None,  None,  None,  0,  None,  None,  None, hover_data=None, animation_frame=None, animation_group=None, category_orders=None, labels=None, color_discrete_sequence=None, color_discrete_map=None, marginal=None, opacity=None, orientation=None, barmode=\'relative\', barnorm=None, histnorm=None, log_x=False, log_y=False)\n  File "/dataset/zhang/anaconda3/envs/Rplotly5.0.0/lib/python3.6/site-packages/plotly/express/_chart_types.py", line 462, in histogram\n    layout_patch=dict(barmode=barmode, barnorm=barnorm),\n  File "/dataset/zhang/anaconda3/envs/Rplotly5.0.0/lib/python3.6/site-packages/plotly/express/_core.py", line 1879, in make_figure\n    args = build_dataframe(args, constructor)\n  File "/dataset/zhang/anaconda3/envs/Rplotly5.0.0/lib/python3.6/site-packages/plotly/express/_core.py", line 1400, in build_dataframe\n    args, wide_mode, var_name, value_name\n  File "/dataset/zhang/anaconda3/envs/Rplotly5.0.0/lib/python3.6/site-packages/plotly/express/_core.py", line 1205, in process_args_into_dataframe\n    raise ValueError(err_msg)\nValueError: Value of \'facet_col\' is not the name of a column in \'data_frame\'. Expected one of [\'total_bill\', \'tip\', \'sex\', \'smoker\', \'day\', \'time\', \'size\'] but received: 0\n')])
  File "histogramNN.py", line 3, in <module>
Error inducing API short name: histogram, line no: 3
Error inducing API fqn: plotly.express.histogram, line no: 3
*** ValueError: PLACEHOLDER
All known params: []
All known params' names: []
Error line tokens: ['valueerror', 'placeholder']
Repair Action: arg_value
Key Params: []
Prev Params: None
Prev Repair Action: None
Line No: 3
Prev Line No: 0
GitHub Candidates:
[]
APIDoc Candidates:
[]
All Solution Candidates:
[]
[INFO] This case cannot be fixed!


real	0m1.003s
user	0m2.216s
sys	0m6.750s
