--- Running Timestamp#70NN/TimestampNN, strategy: relancer
[ERR MSG]: OrderedDict([('project', 'Timestamp#70NN'), ('notebook', 'TimestampNN'), ('text', '  File "TimestampNN.py", line 2, in <module>\n    pd.Timestamp(unit=None, tz=None, fold=None, day=None, month=None, freq=None, year=None, ts_input=\'2017-01-01T12\')\n  File "pandas/_libs/tslibs/timestamps.pyx", line 1523, in pandas._libs.tslibs.timestamps.Timestamp.__new__\nTypeError: __new__() got an unexpected keyword argument \'freq\'\n')])
  File "TimestampNN.py", line 2, in <module>
Error inducing API short name: Timestamp, line no: 2
Error inducing API fqn: pandas.Timestamp, line no: 2
*** TypeError: PLACEHOLDER
Repair Action: arg_name
Key Params: ['unit', 'tz', 'fold', 'day', 'month', 'freq', 'year', 'ts_input']
Prev Params: None
Prev Repair Action: None
Line No: 2
Prev Line No: 0
GitHub Candidates:
[]
KP:['unit', 'tz', 'fold', 'day', 'month', 'freq', 'year', 'ts_input']
EXPP: ['unit', 'tz', 'fold', 'day', 'month', 'freq', 'year', 'ts_input']
APIDoc Candidates:
[]
All Solution Candidates:
[]
[INFO] This case cannot be fixed!


real	0m0.636s
user	0m1.772s
sys	0m5.889s
