--- Running matplotlib.path.Path.cleaned#54NN/cleanedNN, strategy: relancer
[ERR MSG]: OrderedDict([('project', 'matplotlib.path.Path.cleaned#54NN'), ('notebook', 'cleanedNN'), ('text', '  File "cleanedNN.py", line 5, in <module>\n    cleaned_path = path.cleaned(None, remove_nans=False, clip=None, quantize=None, simplify=False, curves=False, stroke_width=1.0, snap=False, sketch=None)\nTypeError: cleaned() got an unexpected keyword argument \'quantize\'\n')])
  File "cleanedNN.py", line 5, in <module>
Error inducing API short name: cleaned, line no: 5
Error inducing API fqn: UNKNOWN, line no: 5
*** TypeError: PLACEHOLDER
Repair Action: arg_name
Key Params: []
Prev Params: None
Prev Repair Action: None
Line No: 5
Prev Line No: 0
GitHub Candidates:
[]
KP:[]
EXPP: []
APIDoc Candidates:
[]
All Solution Candidates:
[]
[INFO] This case cannot be fixed!


real	0m0.550s
user	0m1.593s
sys	0m5.846s
