--- Running pandas.DataFrame.resample#92NN/resampleNN, strategy: relancer
[ERR MSG]: OrderedDict([('project', 'pandas.DataFrame.resample#92NN'), ('notebook', 'resampleNN'), ('text', '  File "resampleNN.py", line 4, in <module>\n    DataFrame.resample(\'3T\',  0,  None,  None,  \'start\',  None,  None,  None,  None,  None,  \'start_day\',  None, group_keys=False).sum()\nTypeError: resample() got multiple values for argument \'group_keys\'\n')])
  File "resampleNN.py", line 4, in <module>
Error inducing API short name: resample, line no: 4
Error inducing API fqn: UNKNOWN, line no: 4
*** TypeError: PLACEHOLDER
Repair Action: arg_name
Key Params: []
Prev Params: None
Prev Repair Action: None
Line No: 4
Prev Line No: 0
GitHub Candidates:
[]
KP:[]
EXPP: []
APIDoc Candidates:
[]
All Solution Candidates:
[]
[INFO] This case cannot be fixed!


real	0m0.633s
user	0m1.716s
sys	0m6.076s
