--- Running torch.btrifact#7NN/btrifactNN, strategy: relancer
[ERR MSG]: OrderedDict([('project', 'torch.btrifact#7NN'), ('notebook', 'btrifactNN'), ('text', '  File "btrifactNN.py", line 3, in <module>\n    (A_LU, pivots) = torch.btrifact(A,  None, pivot=True)\nTypeError: btrifact() got multiple values for argument \'pivot\'\n')])
  File "btrifactNN.py", line 3, in <module>
Error inducing API short name: , line no: 3
Error inducing API fqn: torch.btrifact, line no: 3
*** TypeError: PLACEHOLDER
Repair Action: arg_name
Key Params: ['IMPLICIT_0', 'IMPLICIT_1', 'pivot']
Prev Params: None
Prev Repair Action: None
Line No: 3
Prev Line No: 0
GitHub Candidates:
[]
KP:['IMPLICIT_0', 'IMPLICIT_1', 'pivot']
EXPP: ['IMPLICIT_0', 'IMPLICIT_1', 'pivot']
APIDoc Candidates:
[]
All Solution Candidates:
[]
[INFO] This case cannot be fixed!


real	0m0.656s
user	0m0.896s
sys	0m1.774s
