--- Running core.arrays.SparseArray#8NN/SparseArrayNN, strategy: relancer
[ERR MSG]: OrderedDict([('project', 'core.arrays.SparseArray#8NN'), ('notebook', 'SparseArrayNN'), ('text', '  File "SparseArrayNN.py", line 2, in <module>\n    arr = SparseArray([0, 0, 1, 2], sparse_index=None, index=None)\nTypeError: __init__() got an unexpected keyword argument \'index\'\n')])
  File "SparseArrayNN.py", line 2, in <module>
Error inducing API short name: SparseArray, line no: 2
Error inducing API fqn: pandas.arrays.SparseArray, line no: 2
*** TypeError: PLACEHOLDER
Repair Action: arg_name
Key Params: ['IMPLICIT_0', 'sparse_index', 'index']
Prev Params: None
Prev Repair Action: None
Line No: 2
Prev Line No: 0
GitHub Candidates:
[]
KP:['IMPLICIT_0', 'sparse_index', 'index']
EXPP: ['IMPLICIT_0', 'sparse_index', 'index']
APIDoc Candidates:
[]
All Solution Candidates:
[]
[INFO] This case cannot be fixed!


real	0m0.619s
user	0m1.566s
sys	0m4.769s
