--- Running networkx.closeness_centrality#14NN/closeness_centralityNN, strategy: relancer
[ERR MSG]: OrderedDict([('project', 'networkx.closeness_centrality#14NN'), ('notebook', 'closeness_centralityNN'), ('text', '  File "closeness_centralityNN.py", line 3, in <module>\n    closeness = nx.closeness_centrality(G=G, v=None, weighted_edges=False, normalized=True)\nTypeError: closeness_centrality() got an unexpected keyword argument \'weighted_edges\'\n')])
  File "closeness_centralityNN.py", line 3, in <module>
Error inducing API short name: closeness_centrality, line no: 3
Error inducing API fqn: networkx.closeness_centrality, line no: 3
*** TypeError: PLACEHOLDER
Repair Action: arg_name
Key Params: ['G', 'v', 'weighted_edges', 'normalized']
Prev Params: None
Prev Repair Action: None
Line No: 3
Prev Line No: 0
GitHub Candidates:
[]
KP:['G', 'v', 'weighted_edges', 'normalized']
EXPP: ['G', 'v', 'weighted_edges', 'normalized']
APIDoc Candidates:
[]
All Solution Candidates:
[]
[INFO] This case cannot be fixed!


real	0m0.373s
user	0m0.331s
sys	0m0.043s
