--- Running read_csv#175NN/read_csvNN, strategy: relancer
[ERR MSG]: OrderedDict([('project', 'read_csv#175NN'), ('notebook', 'read_csvNN'), ('text', '  File "read_csvNN.py", line 2, in <module>\n    pd.read_csv(usecols=None, nrows=None, skiprows=None, true_values=None, header=\'infer\', filepath_or_buffer=\'/home/zhang/Packages/tensorflow_file/dev.csv\', prefix=None, verbose=False, delimiter=None, converters=None, false_values=None, skipfooter=0, dtype=None, engine=None, na_values=None, sep=\',\', na_filter=True, squeeze=None, index_col=None, skipinitialspace=False, names=None, keep_default_na=True, mangle_dupe_cols=True)\nTypeError: read_csv() got an unexpected keyword argument \'prefix\'\n')])
  File "read_csvNN.py", line 2, in <module>
Error inducing API short name: read_csv, line no: 2
Error inducing API fqn: pandas.read_csv, line no: 2
*** TypeError: PLACEHOLDER
Repair Action: arg_name
Key Params: ['usecols', 'nrows', 'skiprows', 'true_values', 'header', 'filepath_or_buffer', 'prefix', 'verbose', 'delimiter', 'converters', 'false_values', 'skipfooter', 'dtype', 'engine', 'na_values', 'sep', 'na_filter', 'squeeze', 'index_col', 'skipinitialspace', 'names', 'keep_default_na', 'mangle_dupe_cols']
Prev Params: None
Prev Repair Action: None
Line No: 2
Prev Line No: 0
GitHub Candidates:
[]
KP:['usecols', 'nrows', 'skiprows', 'true_values', 'header', 'filepath_or_buffer', 'prefix', 'verbose', 'delimiter', 'converters', 'false_values', 'skipfooter', 'dtype', 'engine', 'na_values', 'sep', 'na_filter', 'squeeze', 'index_col', 'skipinitialspace', 'names', 'keep_default_na', 'mangle_dupe_cols']
EXPP: ['usecols', 'nrows', 'skiprows', 'true_values', 'header', 'filepath_or_buffer', 'prefix', 'verbose', 'delimiter', 'converters', 'false_values', 'skipfooter', 'dtype', 'engine', 'na_values', 'sep', 'na_filter', 'squeeze', 'index_col', 'skipinitialspace', 'names', 'keep_default_na', 'mangle_dupe_cols']
APIDoc Candidates:
[]
All Solution Candidates:
[]
[INFO] This case cannot be fixed!


real	0m0.619s
user	0m1.568s
sys	0m4.930s
