--- Running httpx.AsyncClient#33NN/AsyncClientNN, strategy: relancer
[ERR MSG]: OrderedDict([('project', 'httpx.AsyncClient#33NN'), ('notebook', 'AsyncClientNN'), ('text', '  File "AsyncClientNN.py", line 3, in <module>\n    client = httpx.AsyncClient(trust_env=True, max_redirects=5, headers={\'Custom-Header\': \'value\'}, verify=True, cert=None, pool_limits=PoolLimits(), backend=\'auto\', auth=httpx.BasicAuth(\'username\', \'password\'), params={\'key\': \'value\'}, app=None, timeout=Timeout(10.0), base_url=URL(\'https://www.example.com\'), cookies={\'session_id\': \'abc123\'}, http2=False, dispatch=None, proxies={\'http://\': \'http://localhost:8000\'})\nTypeError: __init__() got an unexpected keyword argument \'backend\'\n')])
  File "AsyncClientNN.py", line 3, in <module>
Error inducing API short name: AsyncClient, line no: 3
Error inducing API fqn: httpx.AsyncClient, line no: 3
*** TypeError: PLACEHOLDER
Repair Action: arg_name
Key Params: ['trust_env', 'max_redirects', 'headers', 'verify', 'cert', 'pool_limits', 'backend', 'auth', 'params', 'app', 'timeout', 'base_url', 'cookies', 'http2', 'dispatch', 'proxies']
Prev Params: None
Prev Repair Action: None
Line No: 3
Prev Line No: 0
GitHub Candidates:
[]
KP:['trust_env', 'max_redirects', 'headers', 'verify', 'cert', 'pool_limits', 'backend', 'auth', 'params', 'app', 'timeout', 'base_url', 'cookies', 'http2', 'dispatch', 'proxies']
EXPP: ['trust_env', 'max_redirects', 'headers', 'verify', 'cert', 'pool_limits', 'backend', 'auth', 'params', 'app', 'timeout', 'base_url', 'cookies', 'http2', 'dispatch', 'proxies']
APIDoc Candidates:
[]
All Solution Candidates:
[]
[INFO] This case cannot be fixed!


real	0m0.457s
user	0m0.420s
sys	0m0.037s
