--- Running Index.get_loc#3NN/get_locNN, strategy: relancer
[ERR MSG]: OrderedDict([('project', 'Index.get_loc#3NN'), ('notebook', 'get_locNN'), ('text', '  File "get_locNN.py", line 3, in <module>\n    unique_index.get_loc(\'b\',  None)\nTypeError: get_loc() takes 2 positional arguments but 3 were given\n')])
  File "get_locNN.py", line 3, in <module>
Error inducing API short name: get_loc, line no: 3
Error inducing API fqn: UNKNOWN, line no: 3
*** TypeError: PLACEHOLDER
Repair Action: arg_name
Key Params: []
Prev Params: None
Prev Repair Action: None
Line No: 3
Prev Line No: 0
GitHub Candidates:
[]
KP:[]
EXPP: []
APIDoc Candidates:
[]
All Solution Candidates:
[]
[INFO] This case cannot be fixed!


real	0m0.604s
user	0m1.442s
sys	0m4.685s
