--- Running scipy.sparse.linalg.bicgstab#25NN/bicgstabNN, strategy: relancer
[ERR MSG]: OrderedDict([('project', 'scipy.sparse.linalg.bicgstab#25NN'), ('notebook', 'bicgstabNN'), ('text', '  File "bicgstabNN.py", line 8, in <module>\n    (x, info) = bicgstab(A=A, b=b, x0=x0, tol=tol, maxiter=maxiter, xtype=None)\nTypeError: bicgstab() got an unexpected keyword argument \'xtype\'\n')])
  File "bicgstabNN.py", line 8, in <module>
Error inducing API short name: , line no: 8
Error inducing API fqn: scipy.sparse.linalg.bicgstab, line no: 8
*** TypeError: PLACEHOLDER
Repair Action: arg_name
Key Params: ['A', 'b', 'x0', 'tol', 'maxiter', 'xtype']
Prev Params: None
Prev Repair Action: None
Line No: 8
Prev Line No: 0
GitHub Candidates:
[]
KP:['A', 'b', 'x0', 'tol', 'maxiter', 'xtype']
EXPP: ['A', 'b', 'x0', 'tol', 'maxiter', 'xtype']
APIDoc Candidates:
[]
All Solution Candidates:
[]
[INFO] This case cannot be fixed!


real	0m0.563s
user	0m1.492s
sys	0m5.459s
