--- Running ensemble.GradientBoostingRegressor#46NN/GradientBoostingRegressorNN, strategy: relancer
[ERR MSG]: OrderedDict([('project', 'ensemble.GradientBoostingRegressor#46NN'), ('notebook', 'GradientBoostingRegressorNN'), ('text', '  File "GradientBoostingRegressorNN.py", line 6, in <module>\n    reg = GradientBoostingRegressor(max_leaf_nodes=None, n_estimators=100, criterion=\'friedman_mse\', tol=0.0001, min_samples_split=2, loss=\'ls\', alpha=0.9, verbose=0, min_weight_fraction_leaf=0.0, ccp_alpha=0.0, max_features=None, max_depth=3, presort=\'deprecated\', warm_start=False, n_iter_no_change=None, validation_fraction=0.1, min_impurity_split=None, min_impurity_decrease=0.0, random_state=0, init=None, subsample=1.0, learning_rate=0.1, min_samples_leaf=1)\n  File "/dataset/zhang/anaconda3/envs/Rsklearn0.24.0/lib/python3.6/site-packages/sklearn/utils/validation.py", line 63, in inner_f\n    return f(*args, **kwargs)\nTypeError: __init__() got an unexpected keyword argument \'presort\'\n')])
  File "GradientBoostingRegressorNN.py", line 6, in <module>
Error inducing API short name: GradientBoostingRegressor, line no: 6
Error inducing API fqn: sklearn.ensemble.GradientBoostingRegressor, line no: 6
*** TypeError: PLACEHOLDER
Repair Action: arg_name
Key Params: ['max_leaf_nodes', 'n_estimators', 'criterion', 'tol', 'min_samples_split', 'loss', 'alpha', 'verbose', 'min_weight_fraction_leaf', 'ccp_alpha', 'max_features', 'max_depth', 'presort', 'warm_start', 'n_iter_no_change', 'validation_fraction', 'min_impurity_split', 'min_impurity_decrease', 'random_state', 'init', 'subsample', 'learning_rate', 'min_samples_leaf']
Prev Params: None
Prev Repair Action: None
Line No: 6
Prev Line No: 0
GitHub Candidates:
[]
KP:['max_leaf_nodes', 'n_estimators', 'criterion', 'tol', 'min_samples_split', 'loss', 'alpha', 'verbose', 'min_weight_fraction_leaf', 'ccp_alpha', 'max_features', 'max_depth', 'presort', 'warm_start', 'n_iter_no_change', 'validation_fraction', 'min_impurity_split', 'min_impurity_decrease', 'random_state', 'init', 'subsample', 'learning_rate', 'min_samples_leaf']
EXPP: ['max_leaf_nodes', 'n_estimators', 'criterion', 'tol', 'min_samples_split', 'loss', 'alpha', 'verbose', 'min_weight_fraction_leaf', 'ccp_alpha', 'max_features', 'max_depth', 'presort', 'warm_start', 'n_iter_no_change', 'validation_fraction', 'min_impurity_split', 'min_impurity_decrease', 'random_state', 'init', 'subsample', 'learning_rate', 'min_samples_leaf']
APIDoc Candidates:
[]
All Solution Candidates:
[]
[INFO] This case cannot be fixed!


real	0m1.038s
user	0m4.183s
sys	0m14.227s
