--- Running tf.data.experimental.service.DispatchServer#5NN/DispatchServerNN, strategy: relancer
[ERR MSG]: OrderedDict([('project', 'tf.data.experimental.service.DispatchServer#5NN'), ('notebook', 'DispatchServerNN'), ('text', '  File "DispatchServerNN.py", line 2, in <module>\n    tf.data.experimental.service.DispatchServer(port=0, protocol=None)\nTypeError: __init__() got an unexpected keyword argument \'port\'\n')])
  File "DispatchServerNN.py", line 2, in <module>
Error inducing API short name: DispatchServer, line no: 2
Error inducing API fqn: tensorflow.data.experimental.experimental.service.DispatchServer, line no: 2
*** TypeError: PLACEHOLDER
Repair Action: arg_name
Key Params: ['port', 'protocol']
Prev Params: None
Prev Repair Action: None
Line No: 2
Prev Line No: 0
GitHub Candidates:
[]
KP:['port', 'protocol']
EXPP: ['port', 'protocol']
APIDoc Candidates:
[]
All Solution Candidates:
[]
[INFO] This case cannot be fixed!


real	0m1.644s
user	0m2.578s
sys	0m5.822s
