--- Running date_range#51NN/date_rangeNN, strategy: relancer
[ERR MSG]: OrderedDict([('project', 'date_range#51NN'), ('notebook', 'date_rangeNN'), ('text', '  File "date_rangeNN.py", line 2, in <module>\n    pd.date_range(\'1/1/2018\', end=\'1/08/2018\', periods=None, freq=None, tz=None, normalize=False, name=None, closed=None, inclusive=None)\n  File "/dataset/zhang/anaconda3/envs/Rpandas2.0.0/lib/python3.8/site-packages/pandas/core/indexes/datetimes.py", line 945, in date_range\n    dtarr = DatetimeArray._generate_range(\nTypeError: _generate_range() got an unexpected keyword argument \'closed\'\n')])
  File "date_rangeNN.py", line 2, in <module>
Error inducing API short name: date_range, line no: 2
Error inducing API fqn: pandas.date_range, line no: 2
*** TypeError: PLACEHOLDER
Repair Action: arg_name
Key Params: ['IMPLICIT_0', 'end', 'periods', 'freq', 'tz', 'normalize', 'name', 'closed', 'inclusive']
Prev Params: None
Prev Repair Action: None
Line No: 2
Prev Line No: 0
GitHub Candidates:
[]
KP:['IMPLICIT_0', 'end', 'periods', 'freq', 'tz', 'normalize', 'name', 'closed', 'inclusive']
EXPP: ['IMPLICIT_0', 'end', 'periods', 'freq', 'tz', 'normalize', 'name', 'closed', 'inclusive']
APIDoc Candidates:
[]
All Solution Candidates:
[]
[INFO] This case cannot be fixed!


real	0m0.607s
user	0m1.517s
sys	0m5.523s
