--- Running gensim.models.word2vec.Word2Vec.train#14NN/trainNN, strategy: relancer
[ERR MSG]: OrderedDict([('project', 'gensim.models.word2vec.Word2Vec.train#14NN'), ('notebook', 'trainNN'), ('text', '  File "trainNN.py", line 5, in <module>\n    model.train(sentences=sentences, total_words=None, word_count=0, total_examples=model.corpus_count)\n  File "/dataset/zhang/anaconda3/envs/Rgensim2.0.0/lib/python3.6/site-packages/gensim/models/word2vec.py", line 815, in train\n    raise ValueError("You must specify an explict epochs count. The usual value is epochs=model.iter.")\nValueError: You must specify an explict epochs count. The usual value is epochs=model.iter.\n')])
  File "trainNN.py", line 5, in <module>
Error inducing API short name: train, line no: 5
Error inducing API fqn: UNKNOWN, line no: 5
*** ValueError: PLACEHOLDER
All known params: []
All known params' names: []
Error line tokens: ['valueerror', 'placeholder']
Repair Action: arg_value
Key Params: []
Prev Params: None
Prev Repair Action: None
Line No: 5
Prev Line No: 0
GitHub Candidates:
[]
APIDoc Candidates:
[]
All Solution Candidates:
[]
[INFO] This case cannot be fixed!


real	0m0.714s
user	0m1.742s
sys	0m5.858s
