--- Running Response#38NN/ResponseNN, strategy: relancer
[ERR MSG]: OrderedDict([('project', 'Response#38NN'), ('notebook', 'ResponseNN'), ('text', '  File "ResponseNN.py", line 2, in <module>\n    Response(ext=None, json=None, headers=None, status_code=1, request=None, html=None, stream=None, text=None, content=None)\nTypeError: __init__() got an unexpected keyword argument \'ext\'\n')])
  File "ResponseNN.py", line 2, in <module>
Error inducing API short name: Response, line no: 2
Error inducing API fqn: httpx.Response, line no: 2
*** TypeError: PLACEHOLDER
Repair Action: arg_name
Key Params: ['ext', 'json', 'headers', 'status_code', 'request', 'html', 'stream', 'text', 'content']
Prev Params: None
Prev Repair Action: None
Line No: 2
Prev Line No: 0
GitHub Candidates:
[]
KP:['ext', 'json', 'headers', 'status_code', 'request', 'html', 'stream', 'text', 'content']
EXPP: ['ext', 'json', 'headers', 'status_code', 'request', 'html', 'stream', 'text', 'content']
APIDoc Candidates:
[]
All Solution Candidates:
[]
[INFO] This case cannot be fixed!


real	0m0.428s
user	0m0.398s
sys	0m0.030s
