--- Running aiohttp.TCPConnector#25NN/TCPConnectorNN, strategy: relancer
[ERR MSG]: OrderedDict([('project', 'aiohttp.TCPConnector#25NN'), ('notebook', 'TCPConnectorNN'), ('text', '  File "TCPConnectorNN.py", line 14, in <module>\n    loop.run_until_complete(main())\n  File "/dataset/zhang/anaconda3/envs/Raiohttp3.0.0/lib/python3.6/asyncio/base_events.py", line 488, in run_until_complete\n    return future.result()\n  File "TCPConnectorNN.py", line 9, in main\n    connector = aiohttp.TCPConnector(resolver=None, ssl_context=None, fingerprint=None, ttl_dns_cache=10, keepalive_timeout=30, use_dns_cache=True, family=0, verify_ssl=True, resolve=object(), local_addr=None)\nTypeError: __init__() got an unexpected keyword argument \'resolve\'\n')])
  File "TCPConnectorNN.py", line 14, in <module>
Error inducing API short name: run_until_complete, line no: 14
  File "TCPConnectorNN.py", line 9, in main
Error inducing API short name: TCPConnector, line no: 9
Error inducing API fqn: aiohttp.TCPConnector, line no: 9
*** TypeError: PLACEHOLDER
Repair Action: arg_name
Key Params: ['resolver', 'ssl_context', 'fingerprint', 'ttl_dns_cache', 'keepalive_timeout', 'use_dns_cache', 'family', 'verify_ssl', 'resolve', 'local_addr']
Prev Params: None
Prev Repair Action: None
Line No: 9
Prev Line No: 0
GitHub Candidates:
[]
KP:['resolver', 'ssl_context', 'fingerprint', 'ttl_dns_cache', 'keepalive_timeout', 'use_dns_cache', 'family', 'verify_ssl', 'resolve', 'local_addr']
EXPP: ['resolver', 'ssl_context', 'fingerprint', 'ttl_dns_cache', 'keepalive_timeout', 'use_dns_cache', 'family', 'verify_ssl', 'resolve', 'local_addr']
APIDoc Candidates:
[]
All Solution Candidates:
[]
[INFO] This case cannot be fixed!


real	0m0.553s
user	0m0.501s
sys	0m0.053s
