--- Running scipy.sparse.linalg.splu#21NN/spluNN, strategy: relancer
[ERR MSG]: OrderedDict([('project', 'scipy.sparse.linalg.splu#21NN'), ('notebook', 'spluNN'), ('text', '  File "spluNN.py", line 4, in <module>\n    lu = splu(A,  \'MMD_AT_PLUS_A\',  0.1,  0.2,  1.0,  10)\n  File "/dataset/zhang/anaconda3/envs/Rscipy1.0.0/lib/python3.6/site-packages/scipy/sparse/linalg/dsolve/linsolve.py", line 307, in splu\n    _options.update(options)\nTypeError: \'int\' object is not iterable\n')])
  File "spluNN.py", line 4, in <module>
Error inducing API short name: splu, line no: 4
Error inducing API fqn: scipy.sparse.linalg.splu, line no: 4
*** TypeError: PLACEHOLDER
Repair Action: arg_name
Key Params: ['IMPLICIT_0', 'IMPLICIT_1', 'IMPLICIT_2', 'IMPLICIT_3', 'IMPLICIT_4', 'IMPLICIT_5']
Prev Params: None
Prev Repair Action: None
Line No: 4
Prev Line No: 0
GitHub Candidates:
[]
KP:['IMPLICIT_0', 'IMPLICIT_1', 'IMPLICIT_2', 'IMPLICIT_3', 'IMPLICIT_4', 'IMPLICIT_5']
EXPP: ['IMPLICIT_0', 'IMPLICIT_1', 'IMPLICIT_2', 'IMPLICIT_3', 'IMPLICIT_4', 'IMPLICIT_5']
APIDoc Candidates:
[]
All Solution Candidates:
[]
[INFO] This case cannot be fixed!


real	0m0.559s
user	0m1.525s
sys	0m5.453s
