--- Running plotly.figure_factory.create_choropleth#138NN/create_choroplethNN, strategy: relancer
[ERR MSG]: OrderedDict([('project', 'plotly.figure_factory.create_choropleth#138NN'), ('notebook', 'create_choroplethNN'), ('text', '  File "create_choroplethNN.py", line 11, in <module>\n    fig = ff.create_choropleth(fips,  values,  [\'Florida\'],  binning_endpoints,  colorscale,  None,  0.02,  0.02,  None,  False,  True,  True, state_outline=None, county_outline=None, centroid_marker=None, round_legend_values=True)\nTypeError: create_choropleth() got multiple values for argument \'state_outline\'\n')])
  File "create_choroplethNN.py", line 11, in <module>
Error inducing API short name: create_choropleth, line no: 11
Error inducing API fqn: plotly.figure_factory.create_choropleth, line no: 11
*** TypeError: PLACEHOLDER
Repair Action: arg_name
Key Params: ['IMPLICIT_0', 'IMPLICIT_1', 'IMPLICIT_2', 'IMPLICIT_3', 'IMPLICIT_4', 'IMPLICIT_5', 'IMPLICIT_6', 'IMPLICIT_7', 'IMPLICIT_8', 'IMPLICIT_9', 'IMPLICIT_10', 'IMPLICIT_11', 'state_outline', 'county_outline', 'centroid_marker', 'round_legend_values']
Prev Params: None
Prev Repair Action: None
Line No: 11
Prev Line No: 0
GitHub Candidates:
[]
KP:['IMPLICIT_0', 'IMPLICIT_1', 'IMPLICIT_2', 'IMPLICIT_3', 'IMPLICIT_4', 'IMPLICIT_5', 'IMPLICIT_6', 'IMPLICIT_7', 'IMPLICIT_8', 'IMPLICIT_9', 'IMPLICIT_10', 'IMPLICIT_11', 'state_outline', 'county_outline', 'centroid_marker', 'round_legend_values']
EXPP: ['IMPLICIT_0', 'IMPLICIT_1', 'IMPLICIT_2', 'IMPLICIT_3', 'IMPLICIT_4', 'IMPLICIT_5', 'IMPLICIT_6', 'IMPLICIT_7', 'IMPLICIT_8', 'IMPLICIT_9', 'IMPLICIT_10', 'IMPLICIT_11', 'state_outline', 'county_outline', 'centroid_marker', 'round_legend_values']
APIDoc Candidates:
[]
All Solution Candidates:
[]
[INFO] This case cannot be fixed!


real	0m1.107s
user	0m2.332s
sys	0m6.623s
