--- Running tornado.netutil.add_accept_handler#4NN/add_accept_handlerNN, strategy: relancer
[ERR MSG]: OrderedDict([('project', 'tornado.netutil.add_accept_handler#4NN'), ('notebook', 'add_accept_handlerNN'), ('text', '  File "add_accept_handlerNN.py", line 9, in <module>\n    tornado.netutil.add_accept_handler(sock,  accept_handler,  None)\nTypeError: add_accept_handler() takes 2 positional arguments but 3 were given\n')])
  File "add_accept_handlerNN.py", line 9, in <module>
Error inducing API short name: add_accept_handler, line no: 9
Error inducing API fqn: tornado.netutil.add_accept_handler, line no: 9
*** TypeError: PLACEHOLDER
Repair Action: arg_name
Key Params: ['IMPLICIT_0', 'IMPLICIT_1', 'IMPLICIT_2']
Prev Params: None
Prev Repair Action: None
Line No: 9
Prev Line No: 0
GitHub Candidates:
[]
KP:['IMPLICIT_0', 'IMPLICIT_1', 'IMPLICIT_2']
EXPP: ['IMPLICIT_0', 'IMPLICIT_1', 'IMPLICIT_2']
APIDoc Candidates:
[]
All Solution Candidates:
[]
[INFO] This case cannot be fixed!


real	0m0.430s
user	0m0.381s
sys	0m0.049s
