--- Running numpy.genfromtxt#276NN/genfromtxtNN, strategy: relancer
[ERR MSG]: OrderedDict([('project', 'numpy.genfromtxt#276NN'), ('notebook', 'genfromtxtNN'), ('text', '  File "genfromtxtNN.py", line 4, in <module>\n    data = np.genfromtxt(f,  float,  \'#\',  \',\',  0,  0,  0,  None,  \'\',  None,  None,  None,  None,  None,  None,  \'_\',  False,  True,  \'f%i\',  None,  False,  True,  True)\nTypeError: genfromtxt() takes from 1 to 22 positional arguments but 23 were given\n')])
  File "genfromtxtNN.py", line 4, in <module>
Error inducing API short name: genfromtxt, line no: 4
Error inducing API fqn: numpy.genfromtxt, line no: 4
*** TypeError: PLACEHOLDER
Repair Action: arg_name
Key Params: ['IMPLICIT_0', 'IMPLICIT_1', 'IMPLICIT_2', 'IMPLICIT_3', 'IMPLICIT_4', 'IMPLICIT_5', 'IMPLICIT_6', 'IMPLICIT_7', 'IMPLICIT_8', 'IMPLICIT_9', 'IMPLICIT_10', 'IMPLICIT_11', 'IMPLICIT_12', 'IMPLICIT_13', 'IMPLICIT_14', 'IMPLICIT_15', 'IMPLICIT_16', 'IMPLICIT_17', 'IMPLICIT_18', 'IMPLICIT_19', 'IMPLICIT_20', 'IMPLICIT_21', 'IMPLICIT_22']
Prev Params: None
Prev Repair Action: None
Line No: 4
Prev Line No: 0
GitHub Candidates:
[]
KP:['IMPLICIT_0', 'IMPLICIT_1', 'IMPLICIT_2', 'IMPLICIT_3', 'IMPLICIT_4', 'IMPLICIT_5', 'IMPLICIT_6', 'IMPLICIT_7', 'IMPLICIT_8', 'IMPLICIT_9', 'IMPLICIT_10', 'IMPLICIT_11', 'IMPLICIT_12', 'IMPLICIT_13', 'IMPLICIT_14', 'IMPLICIT_15', 'IMPLICIT_16', 'IMPLICIT_17', 'IMPLICIT_18', 'IMPLICIT_19', 'IMPLICIT_20', 'IMPLICIT_21', 'IMPLICIT_22']
EXPP: ['IMPLICIT_0', 'IMPLICIT_1', 'IMPLICIT_2', 'IMPLICIT_3', 'IMPLICIT_4', 'IMPLICIT_5', 'IMPLICIT_6', 'IMPLICIT_7', 'IMPLICIT_8', 'IMPLICIT_9', 'IMPLICIT_10', 'IMPLICIT_11', 'IMPLICIT_12', 'IMPLICIT_13', 'IMPLICIT_14', 'IMPLICIT_15', 'IMPLICIT_16', 'IMPLICIT_17', 'IMPLICIT_18', 'IMPLICIT_19', 'IMPLICIT_20', 'IMPLICIT_21', 'IMPLICIT_22']
APIDoc Candidates:
[]
All Solution Candidates:
[]
[INFO] This case cannot be fixed!


real	0m0.482s
user	0m1.766s
sys	0m4.829s
