--- Running scipy.linalg.solve#12NN/solveNN, strategy: relancer
[ERR MSG]: OrderedDict([('project', 'scipy.linalg.solve#12NN'), ('notebook', 'solveNN'), ('text', '  File "/home/zhang/CC/Python/RepairTool/ToolCompare/relancer/relancer-exp/fixed_notebooks/relancer/scipy.linalg.solve#12NN/solveNN.py", line 4, in <module>\n    x = scipy.linalg.solve(a=a, b=b, sym_pos=False, lower=False)\nTypeError: solve() got an unexpected keyword argument \'sym_pos\'\n')])
  File "/home/zhang/CC/Python/RepairTool/ToolCompare/relancer/relancer-exp/fixed_notebooks/relancer/scipy.linalg.solve#12NN/solveNN.py", line 4, in <module>
Error inducing API short name: solve, line no: 4
Error inducing API fqn: scipy.linalg.solve, line no: 4
*** TypeError: PLACEHOLDER
Repair Action: arg_name
Key Params: ['a', 'b', 'sym_pos', 'lower']
Prev Params: None
Prev Repair Action: None
Line No: 4
Prev Line No: 0
GitHub Candidates:
[]
KP:['a', 'b', 'sym_pos', 'lower']
EXPP: ['a', 'b', 'sym_pos', 'lower']
APIDoc Candidates:
[]
All Solution Candidates:
[]
[INFO] This case cannot be fixed!


real	0m0.557s
user	0m2.281s
sys	0m9.047s
