--- Running Series.take#8NN/takeNN, strategy: relancer
[ERR MSG]: OrderedDict([('project', 'Series.take#8NN'), ('notebook', 'takeNN'), ('text', '  File "takeNN.py", line 4, in <module>\n    df.take([0, 3], axis=0, is_copy=None)\n  File "/dataset/zhang/anaconda3/envs/Rpandas2.0.0/lib/python3.8/site-packages/pandas/core/series.py", line 950, in take\n    nv.validate_take((), kwargs)\n  File "/dataset/zhang/anaconda3/envs/Rpandas2.0.0/lib/python3.8/site-packages/pandas/compat/numpy/function.py", line 80, in __call__\n    validate_kwargs(fname, kwargs, self.defaults)\n  File "/dataset/zhang/anaconda3/envs/Rpandas2.0.0/lib/python3.8/site-packages/pandas/util/_validators.py", line 162, in validate_kwargs\n    _check_for_invalid_keys(fname, kwargs, compat_args)\n  File "/dataset/zhang/anaconda3/envs/Rpandas2.0.0/lib/python3.8/site-packages/pandas/util/_validators.py", line 136, in _check_for_invalid_keys\n    raise TypeError(f"{fname}() got an unexpected keyword argument \'{bad_arg}\'")\nTypeError: take() got an unexpected keyword argument \'is_copy\'\n')])
  File "takeNN.py", line 4, in <module>
Error inducing API short name: take, line no: 4
Error inducing API fqn: UNKNOWN, line no: 4
*** TypeError: PLACEHOLDER
Repair Action: arg_name
Key Params: []
Prev Params: None
Prev Repair Action: None
Line No: 4
Prev Line No: 0
GitHub Candidates:
[]
KP:[]
EXPP: []
APIDoc Candidates:
[]
All Solution Candidates:
[]
[INFO] This case cannot be fixed!


real	0m0.677s
user	0m1.661s
sys	0m5.942s
