--- Running read_csv#101NN/read_csvNN, strategy: relancer
[ERR MSG]: OrderedDict([('project', 'read_csv#101NN'), ('notebook', 'read_csvNN'), ('text', '  File "read_csvNN.py", line 2, in <module>\n    pd.read_csv(\'/home/zhang/Packages/tensorflow_file/dev.csv\', header=\'infer\', quoting=0, quotechar=\'"\', memory_map=False, dialect=None, compression=\'infer\', float_precision=None, squeeze=None, delimiter=None, escapechar=None, names=None, decimal=\'.\', doublequote=True, warn_bad_lines=None, converters=None, error_bad_lines=None, skiprows=None, mangle_dupe_cols=True, parse_dates=None, index_col=None, on_bad_lines=None, verbose=False, chunksize=None, iterator=False, na_values=None, nrows=None, keep_date_col=False, true_values=None, prefix=None, na_filter=True, lineterminator=None, skipinitialspace=False, skip_blank_lines=True, engine=None, false_values=None, comment=None, cache_dates=True, infer_datetime_format=False, usecols=None, skipfooter=0, dtype=None, sep=\',\', keep_default_na=True, encoding=None, delim_whitespace=False, low_memory=True, thousands=None, encoding_errors=\'strict\', dayfirst=False, date_parser=None)\nTypeError: read_csv() got an unexpected keyword argument \'squeeze\'\n')])
  File "read_csvNN.py", line 2, in <module>
Error inducing API short name: read_csv, line no: 2
Error inducing API fqn: pandas.read_csv, line no: 2
*** TypeError: PLACEHOLDER
Repair Action: arg_name
Key Params: ['IMPLICIT_0', 'header', 'quoting', 'quotechar', 'memory_map', 'dialect', 'compression', 'float_precision', 'squeeze', 'delimiter', 'escapechar', 'names', 'decimal', 'doublequote', 'warn_bad_lines', 'converters', 'error_bad_lines', 'skiprows', 'mangle_dupe_cols', 'parse_dates', 'index_col', 'on_bad_lines', 'verbose', 'chunksize', 'iterator', 'na_values', 'nrows', 'keep_date_col', 'true_values', 'prefix', 'na_filter', 'lineterminator', 'skipinitialspace', 'skip_blank_lines', 'engine', 'false_values', 'comment', 'cache_dates', 'infer_datetime_format', 'usecols', 'skipfooter', 'dtype', 'sep', 'keep_default_na', 'encoding', 'delim_whitespace', 'low_memory', 'thousands', 'encoding_errors', 'dayfirst', 'date_parser']
Prev Params: None
Prev Repair Action: None
Line No: 2
Prev Line No: 0
GitHub Candidates:
[]
KP:['IMPLICIT_0', 'header', 'quoting', 'quotechar', 'memory_map', 'dialect', 'compression', 'float_precision', 'squeeze', 'delimiter', 'escapechar', 'names', 'decimal', 'doublequote', 'warn_bad_lines', 'converters', 'error_bad_lines', 'skiprows', 'mangle_dupe_cols', 'parse_dates', 'index_col', 'on_bad_lines', 'verbose', 'chunksize', 'iterator', 'na_values', 'nrows', 'keep_date_col', 'true_values', 'prefix', 'na_filter', 'lineterminator', 'skipinitialspace', 'skip_blank_lines', 'engine', 'false_values', 'comment', 'cache_dates', 'infer_datetime_format', 'usecols', 'skipfooter', 'dtype', 'sep', 'keep_default_na', 'encoding', 'delim_whitespace', 'low_memory', 'thousands', 'encoding_errors', 'dayfirst', 'date_parser']
EXPP: ['IMPLICIT_0', 'header', 'quoting', 'quotechar', 'memory_map', 'dialect', 'compression', 'float_precision', 'squeeze', 'delimiter', 'escapechar', 'names', 'decimal', 'doublequote', 'warn_bad_lines', 'converters', 'error_bad_lines', 'skiprows', 'mangle_dupe_cols', 'parse_dates', 'index_col', 'on_bad_lines', 'verbose', 'chunksize', 'iterator', 'na_values', 'nrows', 'keep_date_col', 'true_values', 'prefix', 'na_filter', 'lineterminator', 'skipinitialspace', 'skip_blank_lines', 'engine', 'false_values', 'comment', 'cache_dates', 'infer_datetime_format', 'usecols', 'skipfooter', 'dtype', 'sep', 'keep_default_na', 'encoding', 'delim_whitespace', 'low_memory', 'thousands', 'encoding_errors', 'dayfirst', 'date_parser']
APIDoc Candidates:
[]
All Solution Candidates:
[]
[INFO] This case cannot be fixed!


real	0m0.655s
user	0m1.780s
sys	0m5.994s
