--- Running numpy.histogramdd#21NN/histogramddNN, strategy: relancer
[ERR MSG]: OrderedDict([('project', 'numpy.histogramdd#21NN'), ('notebook', 'histogramddNN'), ('text', '  File "histogramddNN.py", line 3, in <module>\n    result = np.histogramdd(sample,  10,  None,  None,  None,  None)\n  File "<__array_function__ internals>", line 198, in histogramdd\nTypeError: histogramdd() takes from 1 to 5 positional arguments but 6 were given\n')])
  File "histogramddNN.py", line 3, in <module>
Error inducing API short name: histogramdd, line no: 3
Error inducing API fqn: numpy.histogramdd, line no: 3
*** TypeError: PLACEHOLDER
Repair Action: arg_name
Key Params: ['IMPLICIT_0', 'IMPLICIT_1', 'IMPLICIT_2', 'IMPLICIT_3', 'IMPLICIT_4', 'IMPLICIT_5']
Prev Params: None
Prev Repair Action: None
Line No: 3
Prev Line No: 0
GitHub Candidates:
[]
KP:['IMPLICIT_0', 'IMPLICIT_1', 'IMPLICIT_2', 'IMPLICIT_3', 'IMPLICIT_4', 'IMPLICIT_5']
EXPP: ['IMPLICIT_0', 'IMPLICIT_1', 'IMPLICIT_2', 'IMPLICIT_3', 'IMPLICIT_4', 'IMPLICIT_5']
APIDoc Candidates:
[]
All Solution Candidates:
[]
[INFO] This case cannot be fixed!


real	0m0.472s
user	0m1.276s
sys	0m4.230s
