--- Running rich.syntax.Syntax#40NN/SyntaxNN, strategy: relancer
[ERR MSG]: OrderedDict([('project', 'rich.syntax.Syntax#40NN'), ('notebook', 'SyntaxNN'), ('text', '  File "SyntaxNN.py", line 2, in <module>\n    syntax = Syntax("print(\'hello world\')", start_line=1, dedent=False, highlight_lines={2, 3}, code_width=50, theme=\'monokai\', line_range=(1, 5), lexer_name=\'python\', line_numbers=True)\nTypeError: __init__() got an unexpected keyword argument \'lexer_name\'\n')])
  File "SyntaxNN.py", line 2, in <module>
Error inducing API short name: , line no: 2
Error inducing API fqn: rich.syntax.Syntax, line no: 2
*** TypeError: PLACEHOLDER
Repair Action: arg_name
Key Params: ['IMPLICIT_0', 'start_line', 'dedent', 'highlight_lines', 'code_width', 'theme', 'line_range', 'lexer_name', 'line_numbers']
Prev Params: None
Prev Repair Action: None
Line No: 2
Prev Line No: 0
GitHub Candidates:
[]
KP:['IMPLICIT_0', 'start_line', 'dedent', 'highlight_lines', 'code_width', 'theme', 'line_range', 'lexer_name', 'line_numbers']
EXPP: ['IMPLICIT_0', 'start_line', 'dedent', 'highlight_lines', 'code_width', 'theme', 'line_range', 'lexer_name', 'line_numbers']
APIDoc Candidates:
[]
All Solution Candidates:
[]
[INFO] This case cannot be fixed!


real	0m0.361s
user	0m0.324s
sys	0m0.037s
