--- Running plotly.express.bar#574NN/barNN, strategy: relancer
[ERR MSG]: OrderedDict([('project', 'plotly.express.bar#574NN'), ('notebook', 'barNN'), ('text', '  File "barNN.py", line 3, in <module>\n    fig = px.bar(data_canada,  \'year\',  \'pop\',  None,  None,  None,  None,  None,  None,  None,  None,  None,  None,  None,  None,  None,  {},  {},  None,  {},  None, range_color=None, color_continuous_midpoint=None, opacity=None, orientation=\'v\', barmode=\'relative\', log_x=False, log_y=False, range_x=None, range_y=None, title=None, template=None, width=None)\n  File "/dataset/zhang/anaconda3/envs/Rplotly4.3.0/lib/python3.6/site-packages/plotly/express/_chart_types.py", line 313, in bar\n    layout_patch=dict(barmode=barmode),\n  File "/dataset/zhang/anaconda3/envs/Rplotly4.3.0/lib/python3.6/site-packages/plotly/express/_core.py", line 1095, in make_figure\n    args, constructor, trace_patch\n  File "/dataset/zhang/anaconda3/envs/Rplotly4.3.0/lib/python3.6/site-packages/plotly/express/_core.py", line 971, in infer_config\n    args = build_dataframe(args, all_attrables, array_attrables)\n  File "/dataset/zhang/anaconda3/envs/Rplotly4.3.0/lib/python3.6/site-packages/plotly/express/_core.py", line 940, in build_dataframe\n    % (field, len(argument), str(list(df_output.columns)), length)\nValueError: All arguments should have the same length. The length of argument `animation_group` is 0, whereas the length of previous arguments [\'year\', \'pop\'] is 12\n')])
  File "barNN.py", line 3, in <module>
Error inducing API short name: bar, line no: 3
Error inducing API fqn: plotly.express.bar, line no: 3
*** ValueError: PLACEHOLDER
All known params: []
All known params' names: []
Error line tokens: ['valueerror', 'placeholder']
Repair Action: arg_value
Key Params: []
Prev Params: None
Prev Repair Action: None
Line No: 3
Prev Line No: 0
GitHub Candidates:
[]
APIDoc Candidates:
[]
All Solution Candidates:
[]
[INFO] This case cannot be fixed!


real	0m1.202s
user	0m2.286s
sys	0m6.987s
