--- Running Index.slice_locs#13NN/slice_locsNN, strategy: relancer
[ERR MSG]: OrderedDict([('project', 'Index.slice_locs#13NN'), ('notebook', 'slice_locsNN'), ('text', '  File "slice_locsNN.py", line 3, in <module>\n    idx.slice_locs(\'b\',  \'c\', step=None, kind=None)\nTypeError: slice_locs() got an unexpected keyword argument \'kind\'\n')])
  File "slice_locsNN.py", line 3, in <module>
Error inducing API short name: slice_locs, line no: 3
Error inducing API fqn: UNKNOWN, line no: 3
*** TypeError: PLACEHOLDER
Repair Action: arg_name
Key Params: []
Prev Params: None
Prev Repair Action: None
Line No: 3
Prev Line No: 0
GitHub Candidates:
[]
KP:[]
EXPP: []
APIDoc Candidates:
[]
All Solution Candidates:
[]
[INFO] This case cannot be fixed!


real	0m0.661s
user	0m1.550s
sys	0m5.330s
