--- Running tf.data.experimental.service.DispatchServer#6NN/DispatchServerNN, strategy: relancer
[ERR MSG]: OrderedDict([('project', 'tf.data.experimental.service.DispatchServer#6NN'), ('notebook', 'DispatchServerNN'), ('text', '  File "DispatchServerNN.py", line 2, in <module>\n    tf.data.experimental.service.DispatchServer(0,  None,  True)\nTypeError: __init__() takes from 1 to 3 positional arguments but 4 were given\n')])
  File "DispatchServerNN.py", line 2, in <module>
Error inducing API short name: DispatchServer, line no: 2
Error inducing API fqn: tensorflow.data.experimental.experimental.service.DispatchServer, line no: 2
*** TypeError: PLACEHOLDER
Repair Action: arg_name
Key Params: ['IMPLICIT_0', 'IMPLICIT_1', 'IMPLICIT_2']
Prev Params: None
Prev Repair Action: None
Line No: 2
Prev Line No: 0
GitHub Candidates:
[]
KP:['IMPLICIT_0', 'IMPLICIT_1', 'IMPLICIT_2']
EXPP: ['IMPLICIT_0', 'IMPLICIT_1', 'IMPLICIT_2']
APIDoc Candidates:
[]
All Solution Candidates:
[]
[INFO] This case cannot be fixed!


real	0m1.696s
user	0m2.605s
sys	0m5.826s
