--- Running read_csv#194NN/read_csvNN, strategy: relancer
[ERR MSG]: OrderedDict([('project', 'read_csv#194NN'), ('notebook', 'read_csvNN'), ('text', '  File "read_csvNN.py", line 2, in <module>\n    pd.read_csv(keep_date_col=False, names=None, compression=\'infer\', filepath_or_buffer=\'/home/zhang/Packages/tensorflow_file/dev.csv\', cache_dates=True, delimiter=None, parse_dates=None, na_filter=True, true_values=None, sep=\',\', mangle_dupe_cols=True, header=\'infer\', encoding=None, iterator=False, squeeze=None, escapechar=None, lineterminator=None, dayfirst=False, skiprows=None, chunksize=None, false_values=None, decimal=\'.\', comment=None, verbose=False, nrows=None, skip_blank_lines=True, usecols=None, doublequote=True, na_values=None, thousands=None, keep_default_na=True, infer_datetime_format=False, date_parser=None, quoting=0, dtype=None, skipfooter=0, prefix=None, skipinitialspace=False, converters=None, engine=None, quotechar=\'"\', index_col=None)\nTypeError: read_csv() got an unexpected keyword argument \'mangle_dupe_cols\'\n')])
  File "read_csvNN.py", line 2, in <module>
Error inducing API short name: read_csv, line no: 2
Error inducing API fqn: pandas.read_csv, line no: 2
*** TypeError: PLACEHOLDER
Repair Action: arg_name
Key Params: ['keep_date_col', 'names', 'compression', 'filepath_or_buffer', 'cache_dates', 'delimiter', 'parse_dates', 'na_filter', 'true_values', 'sep', 'mangle_dupe_cols', 'header', 'encoding', 'iterator', 'squeeze', 'escapechar', 'lineterminator', 'dayfirst', 'skiprows', 'chunksize', 'false_values', 'decimal', 'comment', 'verbose', 'nrows', 'skip_blank_lines', 'usecols', 'doublequote', 'na_values', 'thousands', 'keep_default_na', 'infer_datetime_format', 'date_parser', 'quoting', 'dtype', 'skipfooter', 'prefix', 'skipinitialspace', 'converters', 'engine', 'quotechar', 'index_col']
Prev Params: None
Prev Repair Action: None
Line No: 2
Prev Line No: 0
GitHub Candidates:
[]
KP:['keep_date_col', 'names', 'compression', 'filepath_or_buffer', 'cache_dates', 'delimiter', 'parse_dates', 'na_filter', 'true_values', 'sep', 'mangle_dupe_cols', 'header', 'encoding', 'iterator', 'squeeze', 'escapechar', 'lineterminator', 'dayfirst', 'skiprows', 'chunksize', 'false_values', 'decimal', 'comment', 'verbose', 'nrows', 'skip_blank_lines', 'usecols', 'doublequote', 'na_values', 'thousands', 'keep_default_na', 'infer_datetime_format', 'date_parser', 'quoting', 'dtype', 'skipfooter', 'prefix', 'skipinitialspace', 'converters', 'engine', 'quotechar', 'index_col']
EXPP: ['keep_date_col', 'names', 'compression', 'filepath_or_buffer', 'cache_dates', 'delimiter', 'parse_dates', 'na_filter', 'true_values', 'sep', 'mangle_dupe_cols', 'header', 'encoding', 'iterator', 'squeeze', 'escapechar', 'lineterminator', 'dayfirst', 'skiprows', 'chunksize', 'false_values', 'decimal', 'comment', 'verbose', 'nrows', 'skip_blank_lines', 'usecols', 'doublequote', 'na_values', 'thousands', 'keep_default_na', 'infer_datetime_format', 'date_parser', 'quoting', 'dtype', 'skipfooter', 'prefix', 'skipinitialspace', 'converters', 'engine', 'quotechar', 'index_col']
APIDoc Candidates:
[]
All Solution Candidates:
[]
[INFO] This case cannot be fixed!


real	0m0.631s
user	0m1.565s
sys	0m5.375s
