--- Running read_csv#60NN/read_csvNN, strategy: relancer
[ERR MSG]: OrderedDict([('project', 'read_csv#60NN'), ('notebook', 'read_csvNN'), ('text', '  File "read_csvNN.py", line 2, in <module>\n    pd.read_csv(\'/home/zhang/Packages/tensorflow_file/dev.csv\', usecols=None, names=None, squeeze=None, prefix=None, sep=\',\', header=\'infer\', index_col=None, delimiter=None, mangle_dupe_cols=True)\nTypeError: read_csv() got an unexpected keyword argument \'squeeze\'\n')])
  File "read_csvNN.py", line 2, in <module>
Error inducing API short name: read_csv, line no: 2
Error inducing API fqn: pandas.read_csv, line no: 2
*** TypeError: PLACEHOLDER
Repair Action: arg_name
Key Params: ['IMPLICIT_0', 'usecols', 'names', 'squeeze', 'prefix', 'sep', 'header', 'index_col', 'delimiter', 'mangle_dupe_cols']
Prev Params: None
Prev Repair Action: None
Line No: 2
Prev Line No: 0
GitHub Candidates:
[]
KP:['IMPLICIT_0', 'usecols', 'names', 'squeeze', 'prefix', 'sep', 'header', 'index_col', 'delimiter', 'mangle_dupe_cols']
EXPP: ['IMPLICIT_0', 'usecols', 'names', 'squeeze', 'prefix', 'sep', 'header', 'index_col', 'delimiter', 'mangle_dupe_cols']
APIDoc Candidates:
[]
All Solution Candidates:
[]
[INFO] This case cannot be fixed!


real	0m0.627s
user	0m1.708s
sys	0m5.705s
