--- Running DataFrame.mask#5NN/maskNN, strategy: relancer
[ERR MSG]: OrderedDict([('project', 'DataFrame.mask#5NN'), ('notebook', 'maskNN'), ('text', '  File "maskNN.py", line 4, in <module>\n    s.mask(s > 0, errors=\'raise\')\nTypeError: mask() got an unexpected keyword argument \'errors\'\n')])
  File "maskNN.py", line 4, in <module>
Error inducing API short name: mask, line no: 4
Error inducing API fqn: UNKNOWN, line no: 4
*** TypeError: PLACEHOLDER
Repair Action: arg_name
Key Params: []
Prev Params: None
Prev Repair Action: None
Line No: 4
Prev Line No: 0
GitHub Candidates:
[]
KP:[]
EXPP: []
APIDoc Candidates:
[]
All Solution Candidates:
[]
[INFO] This case cannot be fixed!


real	0m0.619s
user	0m1.586s
sys	0m4.641s
