--- Running scipy.sparse.linalg.gmres#63NN/gmresNN, strategy: relancer
[ERR MSG]: OrderedDict([('project', 'scipy.sparse.linalg.gmres#63NN'), ('notebook', 'gmresNN'), ('text', '  File "gmresNN.py", line 13, in <module>\n    (x, info) = gmres(A=A, b=b, x0=x0, tol=tol, restart=restart, maxiter=maxiter, xtype=xtype, M=M, callback=callback, restrt=restrt)\nTypeError: gmres() got an unexpected keyword argument \'xtype\'\n')])
  File "gmresNN.py", line 13, in <module>
Error inducing API short name: , line no: 13
Error inducing API fqn: scipy.sparse.linalg.gmres, line no: 13
*** TypeError: PLACEHOLDER
Repair Action: arg_name
Key Params: ['A', 'b', 'x0', 'tol', 'restart', 'maxiter', 'xtype', 'M', 'callback', 'restrt']
Prev Params: None
Prev Repair Action: None
Line No: 13
Prev Line No: 0
GitHub Candidates:
[]
KP:['A', 'b', 'x0', 'tol', 'restart', 'maxiter', 'xtype', 'M', 'callback', 'restrt']
EXPP: ['A', 'b', 'x0', 'tol', 'restart', 'maxiter', 'xtype', 'M', 'callback', 'restrt']
APIDoc Candidates:
[]
All Solution Candidates:
[]
[INFO] This case cannot be fixed!


real	0m0.611s
user	0m1.624s
sys	0m5.481s
