--- Running gensim.models.fasttext.FastText#27NN/FastTextNN, strategy: relancer
[ERR MSG]: OrderedDict([('project', 'gensim.models.fasttext.FastText#27NN'), ('notebook', 'FastTextNN'), ('text', '  File "FastTextNN.py", line 2, in <module>\n    FastText(None, corpus_file=None, sg=0, hs=0, size=100, alpha=0.025)\nTypeError: __init__() got an unexpected keyword argument \'size\'\n')])
  File "FastTextNN.py", line 2, in <module>
Error inducing API short name: FastText, line no: 2
Error inducing API fqn: gensim.models.FastText, line no: 2
*** TypeError: PLACEHOLDER
Repair Action: arg_name
Key Params: ['IMPLICIT_0', 'corpus_file', 'sg', 'hs', 'size', 'alpha']
Prev Params: None
Prev Repair Action: None
Line No: 2
Prev Line No: 0
GitHub Candidates:
[]
KP:['IMPLICIT_0', 'corpus_file', 'sg', 'hs', 'size', 'alpha']
EXPP: ['IMPLICIT_0', 'corpus_file', 'sg', 'hs', 'size', 'alpha']
APIDoc Candidates:
[]
All Solution Candidates:
[]
[INFO] This case cannot be fixed!


real	0m0.841s
user	0m2.930s
sys	0m10.555s
