--- Running read_csv#177NN/read_csvNN, strategy: relancer
[ERR MSG]: OrderedDict([('project', 'read_csv#177NN'), ('notebook', 'read_csvNN'), ('text', '  File "read_csvNN.py", line 2, in <module>\n    pd.read_csv(na_filter=True, usecols=None, true_values=None, names=None, prefix=None, keep_default_na=True, dtype=None, delimiter=None, mangle_dupe_cols=True, converters=None, sep=\',\', engine=None, skip_blank_lines=True, skipfooter=0, skipinitialspace=False, header=\'infer\', skiprows=None, filepath_or_buffer=\'/home/zhang/Packages/tensorflow_file/dev.csv\', squeeze=None, na_values=None, parse_dates=None, verbose=False, nrows=None, false_values=None, index_col=None)\nTypeError: read_csv() got an unexpected keyword argument \'prefix\'\n')])
  File "read_csvNN.py", line 2, in <module>
Error inducing API short name: read_csv, line no: 2
Error inducing API fqn: pandas.read_csv, line no: 2
*** TypeError: PLACEHOLDER
Repair Action: arg_name
Key Params: ['na_filter', 'usecols', 'true_values', 'names', 'prefix', 'keep_default_na', 'dtype', 'delimiter', 'mangle_dupe_cols', 'converters', 'sep', 'engine', 'skip_blank_lines', 'skipfooter', 'skipinitialspace', 'header', 'skiprows', 'filepath_or_buffer', 'squeeze', 'na_values', 'parse_dates', 'verbose', 'nrows', 'false_values', 'index_col']
Prev Params: None
Prev Repair Action: None
Line No: 2
Prev Line No: 0
GitHub Candidates:
[]
KP:['na_filter', 'usecols', 'true_values', 'names', 'prefix', 'keep_default_na', 'dtype', 'delimiter', 'mangle_dupe_cols', 'converters', 'sep', 'engine', 'skip_blank_lines', 'skipfooter', 'skipinitialspace', 'header', 'skiprows', 'filepath_or_buffer', 'squeeze', 'na_values', 'parse_dates', 'verbose', 'nrows', 'false_values', 'index_col']
EXPP: ['na_filter', 'usecols', 'true_values', 'names', 'prefix', 'keep_default_na', 'dtype', 'delimiter', 'mangle_dupe_cols', 'converters', 'sep', 'engine', 'skip_blank_lines', 'skipfooter', 'skipinitialspace', 'header', 'skiprows', 'filepath_or_buffer', 'squeeze', 'na_values', 'parse_dates', 'verbose', 'nrows', 'false_values', 'index_col']
APIDoc Candidates:
[]
All Solution Candidates:
[]
[INFO] This case cannot be fixed!


real	0m0.638s
user	0m1.756s
sys	0m5.393s
