--- Running networkx.betweenness_centrality#12NN/betweenness_centralityNN, strategy: relancer
[ERR MSG]: OrderedDict([('project', 'networkx.betweenness_centrality#12NN'), ('notebook', 'betweenness_centralityNN'), ('text', '  File "betweenness_centralityNN.py", line 3, in <module>\n    betweenness = nx.betweenness_centrality(G,  True, weighted_edges=False, endpoints=False)\nTypeError: betweenness_centrality() got an unexpected keyword argument \'weighted_edges\'\n')])
  File "betweenness_centralityNN.py", line 3, in <module>
Error inducing API short name: betweenness_centrality, line no: 3
Error inducing API fqn: networkx.betweenness_centrality, line no: 3
*** TypeError: PLACEHOLDER
Repair Action: arg_name
Key Params: ['IMPLICIT_0', 'IMPLICIT_1', 'weighted_edges', 'endpoints']
Prev Params: None
Prev Repair Action: None
Line No: 3
Prev Line No: 0
GitHub Candidates:
[]
KP:['IMPLICIT_0', 'IMPLICIT_1', 'weighted_edges', 'endpoints']
EXPP: ['IMPLICIT_0', 'IMPLICIT_1', 'weighted_edges', 'endpoints']
APIDoc Candidates:
[]
All Solution Candidates:
[]
[INFO] This case cannot be fixed!


real	0m0.373s
user	0m0.331s
sys	0m0.043s
