--- Running gensim.models.word2vec.Word2Vec.train#18NN/trainNN, strategy: relancer
[ERR MSG]: OrderedDict([('project', 'gensim.models.word2vec.Word2Vec.train#18NN'), ('notebook', 'trainNN'), ('text', '  File "trainNN.py", line 5, in <module>\n    model.train(sentences,  None, word_count=0, total_examples=model.corpus_count, queue_factor=2)\nTypeError: train() got multiple values for argument \'total_examples\'\n')])
  File "trainNN.py", line 5, in <module>
Error inducing API short name: train, line no: 5
Error inducing API fqn: UNKNOWN, line no: 5
*** TypeError: PLACEHOLDER
Repair Action: arg_name
Key Params: []
Prev Params: None
Prev Repair Action: None
Line No: 5
Prev Line No: 0
GitHub Candidates:
[]
KP:[]
EXPP: []
APIDoc Candidates:
[]
All Solution Candidates:
[]
[INFO] This case cannot be fixed!


real	0m0.723s
user	0m1.898s
sys	0m6.047s
