--- Running read_csv#64NN/read_csvNN, strategy: relancer
[ERR MSG]: OrderedDict([('project', 'read_csv#64NN'), ('notebook', 'read_csvNN'), ('text', '  File "read_csvNN.py", line 2, in <module>\n    pd.read_csv(\'/home/zhang/Packages/tensorflow_file/dev.csv\', prefix=None, mangle_dupe_cols=True, delimiter=None, header=\'infer\', engine=None, dtype=None, converters=None, index_col=None, squeeze=None, true_values=None, sep=\',\', usecols=None, names=None)\nTypeError: read_csv() got an unexpected keyword argument \'prefix\'\n')])
  File "read_csvNN.py", line 2, in <module>
Error inducing API short name: read_csv, line no: 2
Error inducing API fqn: pandas.read_csv, line no: 2
*** TypeError: PLACEHOLDER
Repair Action: arg_name
Key Params: ['IMPLICIT_0', 'prefix', 'mangle_dupe_cols', 'delimiter', 'header', 'engine', 'dtype', 'converters', 'index_col', 'squeeze', 'true_values', 'sep', 'usecols', 'names']
Prev Params: None
Prev Repair Action: None
Line No: 2
Prev Line No: 0
GitHub Candidates:
[]
KP:['IMPLICIT_0', 'prefix', 'mangle_dupe_cols', 'delimiter', 'header', 'engine', 'dtype', 'converters', 'index_col', 'squeeze', 'true_values', 'sep', 'usecols', 'names']
EXPP: ['IMPLICIT_0', 'prefix', 'mangle_dupe_cols', 'delimiter', 'header', 'engine', 'dtype', 'converters', 'index_col', 'squeeze', 'true_values', 'sep', 'usecols', 'names']
APIDoc Candidates:
[]
All Solution Candidates:
[]
[INFO] This case cannot be fixed!


real	0m0.627s
user	0m1.725s
sys	0m5.957s
