--- Running gensim.models.doc2vec.Doc2Vec#56NN/Doc2VecNN, strategy: relancer
[ERR MSG]: OrderedDict([('project', 'gensim.models.doc2vec.Doc2Vec#56NN'), ('notebook', 'Doc2VecNN'), ('text', '  File "Doc2VecNN.py", line 3, in <module>\n    model = Doc2Vec(None,  None,  1,  0,  0,  1,  None,  None,  None,  None)\n  File "/dataset/zhang/anaconda3/envs/Rgensim3.6.0/lib/python3.8/site-packages/gensim/models/doc2vec.py", line 587, in __init__\n    self.dm_tag_count = int(dm_tag_count)\nTypeError: int() argument must be a string, a bytes-like object or a number, not \'NoneType\'\n')])
  File "Doc2VecNN.py", line 3, in <module>
Error inducing API short name: Doc2Vec, line no: 3
Error inducing API fqn: gensim.models.doc2vec.Doc2Vec, line no: 3
*** TypeError: PLACEHOLDER
Repair Action: arg_name
Key Params: ['IMPLICIT_0', 'IMPLICIT_1', 'IMPLICIT_2', 'IMPLICIT_3', 'IMPLICIT_4', 'IMPLICIT_5', 'IMPLICIT_6', 'IMPLICIT_7', 'IMPLICIT_8', 'IMPLICIT_9']
Prev Params: None
Prev Repair Action: None
Line No: 3
Prev Line No: 0
GitHub Candidates:
[]
KP:['IMPLICIT_0', 'IMPLICIT_1', 'IMPLICIT_2', 'IMPLICIT_3', 'IMPLICIT_4', 'IMPLICIT_5', 'IMPLICIT_6', 'IMPLICIT_7', 'IMPLICIT_8', 'IMPLICIT_9']
EXPP: ['IMPLICIT_0', 'IMPLICIT_1', 'IMPLICIT_2', 'IMPLICIT_3', 'IMPLICIT_4', 'IMPLICIT_5', 'IMPLICIT_6', 'IMPLICIT_7', 'IMPLICIT_8', 'IMPLICIT_9']
APIDoc Candidates:
[]
All Solution Candidates:
[]
[INFO] This case cannot be fixed!


real	0m0.894s
user	0m3.108s
sys	0m11.802s
