--- Running read_csv#79NN/read_csvNN, strategy: relancer
[ERR MSG]: OrderedDict([('project', 'read_csv#79NN'), ('notebook', 'read_csvNN'), ('text', '  File "read_csvNN.py", line 2, in <module>\n    pd.read_csv(\'/home/zhang/Packages/tensorflow_file/dev.csv\', index_col=None, date_parser=None, skipinitialspace=False, keep_date_col=False, na_values=None, header=\'infer\', squeeze=None, mangle_dupe_cols=True, engine=None, dtype=None, skiprows=None, nrows=None, prefix=None, dayfirst=False, usecols=None, keep_default_na=True, parse_dates=None, names=None, skipfooter=0, false_values=None, na_filter=True, sep=\',\', skip_blank_lines=True, true_values=None, infer_datetime_format=False, delimiter=None, verbose=False, converters=None)\nTypeError: read_csv() got an unexpected keyword argument \'squeeze\'\n')])
  File "read_csvNN.py", line 2, in <module>
Error inducing API short name: read_csv, line no: 2
Error inducing API fqn: pandas.read_csv, line no: 2
*** TypeError: PLACEHOLDER
Repair Action: arg_name
Key Params: ['IMPLICIT_0', 'index_col', 'date_parser', 'skipinitialspace', 'keep_date_col', 'na_values', 'header', 'squeeze', 'mangle_dupe_cols', 'engine', 'dtype', 'skiprows', 'nrows', 'prefix', 'dayfirst', 'usecols', 'keep_default_na', 'parse_dates', 'names', 'skipfooter', 'false_values', 'na_filter', 'sep', 'skip_blank_lines', 'true_values', 'infer_datetime_format', 'delimiter', 'verbose', 'converters']
Prev Params: None
Prev Repair Action: None
Line No: 2
Prev Line No: 0
GitHub Candidates:
[]
KP:['IMPLICIT_0', 'index_col', 'date_parser', 'skipinitialspace', 'keep_date_col', 'na_values', 'header', 'squeeze', 'mangle_dupe_cols', 'engine', 'dtype', 'skiprows', 'nrows', 'prefix', 'dayfirst', 'usecols', 'keep_default_na', 'parse_dates', 'names', 'skipfooter', 'false_values', 'na_filter', 'sep', 'skip_blank_lines', 'true_values', 'infer_datetime_format', 'delimiter', 'verbose', 'converters']
EXPP: ['IMPLICIT_0', 'index_col', 'date_parser', 'skipinitialspace', 'keep_date_col', 'na_values', 'header', 'squeeze', 'mangle_dupe_cols', 'engine', 'dtype', 'skiprows', 'nrows', 'prefix', 'dayfirst', 'usecols', 'keep_default_na', 'parse_dates', 'names', 'skipfooter', 'false_values', 'na_filter', 'sep', 'skip_blank_lines', 'true_values', 'infer_datetime_format', 'delimiter', 'verbose', 'converters']
APIDoc Candidates:
[]
All Solution Candidates:
[]
[INFO] This case cannot be fixed!


real	0m0.630s
user	0m1.640s
sys	0m5.649s
