--- Running plotly.express.sunburst#242NN/sunburstNN, strategy: relancer
[ERR MSG]: OrderedDict([('project', 'plotly.express.sunburst#242NN'), ('notebook', 'sunburstNN'), ('text', '  File "sunburstNN.py", line 3, in <module>\n    fig = px.sunburst(data,  \'character\',  \'value\',  \'parent\',  None,  None,  None,  None,  None,  None,  {}, hover_name=None, hover_data=None, custom_data=None, labels={}, title=None, template=None, width=None, height=None, branchvalues=None, maxdepth=None)\n  File "/dataset/zhang/anaconda3/envs/Rplotly4.5.0/lib/python3.7/site-packages/plotly/express/_chart_types.py", line 1311, in sunburst\n    layout_patch=layout_patch,\n  File "/dataset/zhang/anaconda3/envs/Rplotly4.5.0/lib/python3.7/site-packages/plotly/express/_core.py", line 1555, in make_figure\n    fig.layout.update(layout_patch)\n  File "/dataset/zhang/anaconda3/envs/Rplotly4.5.0/lib/python3.7/site-packages/plotly/basedatatypes.py", line 3696, in update\n    BaseFigure._perform_update(self, dict1, overwrite=overwrite)\n  File "/dataset/zhang/anaconda3/envs/Rplotly4.5.0/lib/python3.7/site-packages/plotly/basedatatypes.py", line 2919, in _perform_update\n    plotly_obj[key] = val\n  File "/dataset/zhang/anaconda3/envs/Rplotly4.5.0/lib/python3.7/site-packages/plotly/basedatatypes.py", line 4437, in __setitem__\n    super(BaseLayoutHierarchyType, self).__setitem__(prop, value)\n  File "/dataset/zhang/anaconda3/envs/Rplotly4.5.0/lib/python3.7/site-packages/plotly/basedatatypes.py", line 3490, in __setitem__\n    self._set_prop(prop, value)\n  File "/dataset/zhang/anaconda3/envs/Rplotly4.5.0/lib/python3.7/site-packages/plotly/basedatatypes.py", line 3777, in _set_prop\n    raise err\n  File "/dataset/zhang/anaconda3/envs/Rplotly4.5.0/lib/python3.7/site-packages/plotly/basedatatypes.py", line 3772, in _set_prop\n    val = validator.validate_coerce(val)\n  File "/dataset/zhang/anaconda3/envs/Rplotly4.5.0/lib/python3.7/site-packages/_plotly_utils/basevalidators.py", line 1485, in validate_coerce\n    self.raise_invalid_val(v)\n  File "/dataset/zhang/anaconda3/envs/Rplotly4.5.0/lib/python3.7/site-packages/_plotly_utils/basevalidators.py", line 283, in raise_invalid_val\n    valid_clr_desc=self.description(),\nValueError: \n    Invalid value of type \'builtins.dict\' received for the \'sunburstcolorway\' property of layout\n        Received value: {}\n\n    The \'sunburstcolorway\' property is a colorlist that may be specified\n    as a tuple, list, one-dimensional numpy array, or pandas Series of valid\n    color strings\n')])
  File "sunburstNN.py", line 3, in <module>
Error inducing API short name: sunburst, line no: 3
Error inducing API fqn: plotly.express.sunburst, line no: 3
*** ValueError: PLACEHOLDER
All known params: []
All known params' names: []
Error line tokens: ['valueerror', 'placeholder']
Repair Action: arg_value
Key Params: []
Prev Params: None
Prev Repair Action: None
Line No: 3
Prev Line No: 0
GitHub Candidates:
[]
APIDoc Candidates:
[]
All Solution Candidates:
[]
[INFO] This case cannot be fixed!


real	0m1.246s
user	0m2.289s
sys	0m5.547s
