--- Running gensim.models.word2vec.Word2Vec.load_word2vec_format#10NN/load_word2vec_formatNN, strategy: relancer
[ERR MSG]: OrderedDict([('project', 'gensim.models.word2vec.Word2Vec.load_word2vec_format#10NN'), ('notebook', 'load_word2vec_formatNN'), ('text', '  File "load_word2vec_formatNN.py", line 3, in <module>\n    model = Word2Vec.load_word2vec_format(fname,  None,  False,  True)\n  File "/dataset/zhang/anaconda3/envs/Rgensim0.12.4/lib/python3.6/site-packages/gensim/models/word2vec.py", line 1053, in load_word2vec_format\n    header = utils.to_unicode(fin.readline(), encoding=encoding)\n  File "/dataset/zhang/anaconda3/envs/Rgensim0.12.4/lib/python3.6/site-packages/gensim/utils.py", line 217, in any2unicode\n    return unicode(text, encoding, errors=errors)\nTypeError: str() argument 2 must be str, not bool\n')])
  File "load_word2vec_formatNN.py", line 3, in <module>
Error inducing API short name: load_word2vec_format, line no: 3
Error inducing API fqn: gensim.models.Word2Vec.load_word2vec_format, line no: 3
*** TypeError: PLACEHOLDER
Repair Action: arg_name
Key Params: ['IMPLICIT_0', 'IMPLICIT_1', 'IMPLICIT_2', 'IMPLICIT_3']
Prev Params: None
Prev Repair Action: None
Line No: 3
Prev Line No: 0
GitHub Candidates:
[]
KP:['IMPLICIT_0', 'IMPLICIT_1', 'IMPLICIT_2', 'IMPLICIT_3']
EXPP: ['IMPLICIT_0', 'IMPLICIT_1', 'IMPLICIT_2', 'IMPLICIT_3']
APIDoc Candidates:
[]
All Solution Candidates:
[]
[INFO] This case cannot be fixed!


real	0m0.672s
user	0m2.371s
sys	0m6.288s
