--- Running tf.contrib.data.make_csv_dataset#1NN/make_csv_datasetNN, strategy: relancer
[ERR MSG]: OrderedDict([('project', 'tf.contrib.data.make_csv_dataset#1NN'), ('notebook', 'make_csv_datasetNN'), ('text', '  File "make_csv_datasetNN.py", line 2, in <module>\n    tf.contrib.data.make_csv_dataset(\'/home/zhang/Packages/tensorflow_file/dev.csv\',  1,  None,  None,  None,  \',\',  True,  \'\',  True,  None,  None,  True,  1,  None,  1,  1,  2,  False,  tf.float32,  1)\nTypeError: make_csv_dataset() takes from 2 to 19 positional arguments but 20 were given\n')])
  File "make_csv_datasetNN.py", line 2, in <module>
Error inducing API short name: make_csv_dataset, line no: 2
Error inducing API fqn: tensorflow.contrib.data.make_csv_dataset, line no: 2
*** TypeError: PLACEHOLDER
Repair Action: arg_name
Key Params: ['IMPLICIT_0', 'IMPLICIT_1', 'IMPLICIT_2', 'IMPLICIT_3', 'IMPLICIT_4', 'IMPLICIT_5', 'IMPLICIT_6', 'IMPLICIT_7', 'IMPLICIT_8', 'IMPLICIT_9', 'IMPLICIT_10', 'IMPLICIT_11', 'IMPLICIT_12', 'IMPLICIT_13', 'IMPLICIT_14', 'IMPLICIT_15', 'IMPLICIT_16', 'IMPLICIT_17', 'IMPLICIT_18', 'IMPLICIT_19']
Prev Params: None
Prev Repair Action: None
Line No: 2
Prev Line No: 0
GitHub Candidates:
[]
KP:['IMPLICIT_0', 'IMPLICIT_1', 'IMPLICIT_2', 'IMPLICIT_3', 'IMPLICIT_4', 'IMPLICIT_5', 'IMPLICIT_6', 'IMPLICIT_7', 'IMPLICIT_8', 'IMPLICIT_9', 'IMPLICIT_10', 'IMPLICIT_11', 'IMPLICIT_12', 'IMPLICIT_13', 'IMPLICIT_14', 'IMPLICIT_15', 'IMPLICIT_16', 'IMPLICIT_17', 'IMPLICIT_18', 'IMPLICIT_19']
EXPP: ['IMPLICIT_0', 'IMPLICIT_1', 'IMPLICIT_2', 'IMPLICIT_3', 'IMPLICIT_4', 'IMPLICIT_5', 'IMPLICIT_6', 'IMPLICIT_7', 'IMPLICIT_8', 'IMPLICIT_9', 'IMPLICIT_10', 'IMPLICIT_11', 'IMPLICIT_12', 'IMPLICIT_13', 'IMPLICIT_14', 'IMPLICIT_15', 'IMPLICIT_16', 'IMPLICIT_17', 'IMPLICIT_18', 'IMPLICIT_19']
APIDoc Candidates:
[]
All Solution Candidates:
[]
[INFO] This case cannot be fixed!


real	0m2.183s
user	0m3.177s
sys	0m6.280s
