--- Running average_shortest_path_length#4NN/average_shortest_path_lengthNN, strategy: relancer
[ERR MSG]: OrderedDict([('project', 'average_shortest_path_length#4NN'), ('notebook', 'average_shortest_path_lengthNN'), ('text', '  File "average_shortest_path_lengthNN.py", line 4, in <module>\n    avg_length = nx.average_shortest_path_length(G, weighted=False)\nTypeError: average_shortest_path_length() got an unexpected keyword argument \'weighted\'\n')])
  File "average_shortest_path_lengthNN.py", line 4, in <module>
Error inducing API short name: average_shortest_path_length, line no: 4
Error inducing API fqn: networkx.average_shortest_path_length, line no: 4
*** TypeError: PLACEHOLDER
Repair Action: arg_name
Key Params: ['IMPLICIT_0', 'weighted']
Prev Params: None
Prev Repair Action: None
Line No: 4
Prev Line No: 0
GitHub Candidates:
[]
KP:['IMPLICIT_0', 'weighted']
EXPP: ['IMPLICIT_0', 'weighted']
APIDoc Candidates:
[]
All Solution Candidates:
[]
[INFO] This case cannot be fixed!


real	0m0.381s
user	0m0.322s
sys	0m0.046s
