--- Running httpx.delete#54NN/deleteNN, strategy: relancer
[ERR MSG]: OrderedDict([('project', 'httpx.delete#54NN'), ('notebook', 'deleteNN'), ('text', '  File "deleteNN.py", line 2, in <module>\n    delete(allow_redirects=True, cert=None, params=None, auth=None, cookies=None, data=None, verify=True, headers=None, json=None, url=\'https://example.com/resource\', stream=False, files=None, timeout=None)\nTypeError: delete() got an unexpected keyword argument \'data\'\n')])
  File "deleteNN.py", line 2, in <module>
Error inducing API short name: delete, line no: 2
Error inducing API fqn: httpx.delete, line no: 2
*** TypeError: PLACEHOLDER
Repair Action: arg_name
Key Params: ['allow_redirects', 'cert', 'params', 'auth', 'cookies', 'data', 'verify', 'headers', 'json', 'url', 'stream', 'files', 'timeout']
Prev Params: None
Prev Repair Action: None
Line No: 2
Prev Line No: 0
GitHub Candidates:
[]
KP:['allow_redirects', 'cert', 'params', 'auth', 'cookies', 'data', 'verify', 'headers', 'json', 'url', 'stream', 'files', 'timeout']
EXPP: ['allow_redirects', 'cert', 'params', 'auth', 'cookies', 'data', 'verify', 'headers', 'json', 'url', 'stream', 'files', 'timeout']
APIDoc Candidates:
[]
All Solution Candidates:
[]
[INFO] This case cannot be fixed!


real	0m0.438s
user	0m0.400s
sys	0m0.039s
