--- Running Timestamp#179NN/TimestampNN, strategy: relancer
[ERR MSG]: OrderedDict([('project', 'Timestamp#179NN'), ('notebook', 'TimestampNN'), ('text', '  File "TimestampNN.py", line 2, in <module>\n    pd.Timestamp(ts_input=\'2017-01-01T12\', freq=None, tz=None, unit=None, year=None, month=None, day=None, hour=None, minute=None, second=None, microsecond=None, nanosecond=None)\n  File "pandas/_libs/tslibs/timestamps.pyx", line 1523, in pandas._libs.tslibs.timestamps.Timestamp.__new__\nTypeError: __new__() got an unexpected keyword argument \'freq\'\n')])
  File "TimestampNN.py", line 2, in <module>
Error inducing API short name: Timestamp, line no: 2
Error inducing API fqn: pandas.Timestamp, line no: 2
*** TypeError: PLACEHOLDER
Repair Action: arg_name
Key Params: ['ts_input', 'freq', 'tz', 'unit', 'year', 'month', 'day', 'hour', 'minute', 'second', 'microsecond', 'nanosecond']
Prev Params: None
Prev Repair Action: None
Line No: 2
Prev Line No: 0
GitHub Candidates:
[]
KP:['ts_input', 'freq', 'tz', 'unit', 'year', 'month', 'day', 'hour', 'minute', 'second', 'microsecond', 'nanosecond']
EXPP: ['ts_input', 'freq', 'tz', 'unit', 'year', 'month', 'day', 'hour', 'minute', 'second', 'microsecond', 'nanosecond']
APIDoc Candidates:
[]
All Solution Candidates:
[]
[INFO] This case cannot be fixed!


real	0m0.608s
user	0m1.580s
sys	0m5.069s
