--- Running tornado.platform.twisted.TornadoReactor#3NN/TornadoReactorNN, strategy: relancer
[ERR MSG]: OrderedDict([('project', 'tornado.platform.twisted.TornadoReactor#3NN'), ('notebook', 'TornadoReactorNN'), ('text', '  File "TornadoReactorNN.py", line 3, in <module>\n    tornado.platform.twisted.TornadoReactor(io_loop=None)\nTypeError: __init__() got an unexpected keyword argument \'io_loop\'\n')])
  File "TornadoReactorNN.py", line 3, in <module>
Error inducing API short name: TornadoReactor, line no: 3
Error inducing API fqn: tornado.platform.twisted.TornadoReactor, line no: 3
*** TypeError: PLACEHOLDER
Repair Action: arg_name
Key Params: ['io_loop']
Prev Params: None
Prev Repair Action: None
Line No: 3
Prev Line No: 0
GitHub Candidates:
[]
KP:['io_loop']
EXPP: ['io_loop']
APIDoc Candidates:
[]
All Solution Candidates:
[]
[INFO] This case cannot be fixed!


real	0m0.508s
user	0m0.439s
sys	0m0.070s
