--- Running tornado.autoreload.start#2NN/startNN, strategy: relancer
[ERR MSG]: OrderedDict([('project', 'tornado.autoreload.start#2NN'), ('notebook', 'startNN'), ('text', '  File "startNN.py", line 3, in <module>\n    tornado.autoreload.start(None)\n  File "/dataset/zhang/anaconda3/envs/Rtornado5.0/lib/python3.8/site-packages/tornado/autoreload.py", line 126, in start\n    scheduler = ioloop.PeriodicCallback(callback, check_time)\n  File "/dataset/zhang/anaconda3/envs/Rtornado5.0/lib/python3.8/site-packages/tornado/ioloop.py", line 1175, in __init__\n    if callback_time <= 0:\nTypeError: \'<=\' not supported between instances of \'NoneType\' and \'int\'\n')])
  File "startNN.py", line 3, in <module>
Error inducing API short name: start, line no: 3
Error inducing API fqn: tornado.autoreload.start, line no: 3
*** TypeError: PLACEHOLDER
Repair Action: arg_name
Key Params: ['IMPLICIT_0']
Prev Params: None
Prev Repair Action: None
Line No: 3
Prev Line No: 0
GitHub Candidates:
[]
KP:['IMPLICIT_0']
EXPP: ['IMPLICIT_0']
APIDoc Candidates:
[]
All Solution Candidates:
[]
[INFO] This case cannot be fixed!


real	0m0.451s
user	0m0.358s
sys	0m0.058s
