--- Running scipy.optimize.fmin_cobyla#69NN/fmin_cobylaNN, strategy: relancer
[ERR MSG]: OrderedDict([('project', 'scipy.optimize.fmin_cobyla#69NN'), ('notebook', 'fmin_cobylaNN'), ('text', '  File "fmin_cobylaNN.py", line 13, in <module>\n    result = fmin_cobyla(objective,  x0,  constraints, args=(), consargs=None, rhobeg=rhobeg, rhoend=rhoend, iprint=iprint, maxfun=maxfun, disp=disp, catol=catol)\nTypeError: fmin_cobyla() got an unexpected keyword argument \'iprint\'\n')])
  File "fmin_cobylaNN.py", line 13, in <module>
Error inducing API short name: fmin_cobyla, line no: 13
Error inducing API fqn: scipy.optimize.fmin_cobyla, line no: 13
*** TypeError: PLACEHOLDER
Repair Action: arg_name
Key Params: ['IMPLICIT_0', 'IMPLICIT_1', 'IMPLICIT_2', 'args', 'consargs', 'rhobeg', 'rhoend', 'iprint', 'maxfun', 'disp', 'catol']
Prev Params: None
Prev Repair Action: None
Line No: 13
Prev Line No: 0
GitHub Candidates:
[]
KP:['IMPLICIT_0', 'IMPLICIT_1', 'IMPLICIT_2', 'args', 'consargs', 'rhobeg', 'rhoend', 'iprint', 'maxfun', 'disp', 'catol']
EXPP: ['IMPLICIT_0', 'IMPLICIT_1', 'IMPLICIT_2', 'args', 'consargs', 'rhobeg', 'rhoend', 'iprint', 'maxfun', 'disp', 'catol']
APIDoc Candidates:
[]
All Solution Candidates:
[]
[INFO] This case cannot be fixed!


real	0m0.594s
user	0m1.756s
sys	0m6.448s
