--- Running read_csv#179NN/read_csvNN, strategy: relancer
[ERR MSG]: OrderedDict([('project', 'read_csv#179NN'), ('notebook', 'read_csvNN'), ('text', '  File "read_csvNN.py", line 2, in <module>\n    pd.read_csv(nrows=None, infer_datetime_format=False, delimiter=None, prefix=None, skipinitialspace=False, true_values=None, na_filter=True, usecols=None, sep=\',\', false_values=None, squeeze=None, index_col=None, na_values=None, converters=None, engine=None, names=None, dtype=None, header=\'infer\', parse_dates=None, verbose=False, skip_blank_lines=True, skiprows=None, filepath_or_buffer=\'/home/zhang/Packages/tensorflow_file/dev.csv\', keep_date_col=False, skipfooter=0, mangle_dupe_cols=True, keep_default_na=True)\nTypeError: read_csv() got an unexpected keyword argument \'prefix\'\n')])
  File "read_csvNN.py", line 2, in <module>
Error inducing API short name: read_csv, line no: 2
Error inducing API fqn: pandas.read_csv, line no: 2
*** TypeError: PLACEHOLDER
Repair Action: arg_name
Key Params: ['nrows', 'infer_datetime_format', 'delimiter', 'prefix', 'skipinitialspace', 'true_values', 'na_filter', 'usecols', 'sep', 'false_values', 'squeeze', 'index_col', 'na_values', 'converters', 'engine', 'names', 'dtype', 'header', 'parse_dates', 'verbose', 'skip_blank_lines', 'skiprows', 'filepath_or_buffer', 'keep_date_col', 'skipfooter', 'mangle_dupe_cols', 'keep_default_na']
Prev Params: None
Prev Repair Action: None
Line No: 2
Prev Line No: 0
GitHub Candidates:
[]
KP:['nrows', 'infer_datetime_format', 'delimiter', 'prefix', 'skipinitialspace', 'true_values', 'na_filter', 'usecols', 'sep', 'false_values', 'squeeze', 'index_col', 'na_values', 'converters', 'engine', 'names', 'dtype', 'header', 'parse_dates', 'verbose', 'skip_blank_lines', 'skiprows', 'filepath_or_buffer', 'keep_date_col', 'skipfooter', 'mangle_dupe_cols', 'keep_default_na']
EXPP: ['nrows', 'infer_datetime_format', 'delimiter', 'prefix', 'skipinitialspace', 'true_values', 'na_filter', 'usecols', 'sep', 'false_values', 'squeeze', 'index_col', 'na_values', 'converters', 'engine', 'names', 'dtype', 'header', 'parse_dates', 'verbose', 'skip_blank_lines', 'skiprows', 'filepath_or_buffer', 'keep_date_col', 'skipfooter', 'mangle_dupe_cols', 'keep_default_na']
APIDoc Candidates:
[]
All Solution Candidates:
[]
[INFO] This case cannot be fixed!


real	0m0.646s
user	0m1.728s
sys	0m6.051s
