--- Running read_csv#197NN/read_csvNN, strategy: relancer
[ERR MSG]: OrderedDict([('project', 'read_csv#197NN'), ('notebook', 'read_csvNN'), ('text', '  File "read_csvNN.py", line 2, in <module>\n    pd.read_csv(date_parser=None, nrows=None, encoding=None, doublequote=True, keep_default_na=True, dtype=None, prefix=None, true_values=None, keep_date_col=False, quoting=0, dialect=None, header=\'infer\', mangle_dupe_cols=True, filepath_or_buffer=\'/home/zhang/Packages/tensorflow_file/dev.csv\', escapechar=None, false_values=None, quotechar=\'"\', chunksize=None, sep=\',\', thousands=None, engine=None, na_filter=True, delimiter=None, lineterminator=None, usecols=None, decimal=\'.\', verbose=False, skipfooter=0, compression=\'infer\', comment=None, iterator=False, index_col=None, names=None, skip_blank_lines=True, parse_dates=None, cache_dates=True, skiprows=None, encoding_errors=\'strict\', converters=None, na_values=None, infer_datetime_format=False, skipinitialspace=False, dayfirst=False, error_bad_lines=None, squeeze=None)\nTypeError: read_csv() got an unexpected keyword argument \'prefix\'\n')])
  File "read_csvNN.py", line 2, in <module>
Error inducing API short name: read_csv, line no: 2
Error inducing API fqn: pandas.read_csv, line no: 2
*** TypeError: PLACEHOLDER
Repair Action: arg_name
Key Params: ['date_parser', 'nrows', 'encoding', 'doublequote', 'keep_default_na', 'dtype', 'prefix', 'true_values', 'keep_date_col', 'quoting', 'dialect', 'header', 'mangle_dupe_cols', 'filepath_or_buffer', 'escapechar', 'false_values', 'quotechar', 'chunksize', 'sep', 'thousands', 'engine', 'na_filter', 'delimiter', 'lineterminator', 'usecols', 'decimal', 'verbose', 'skipfooter', 'compression', 'comment', 'iterator', 'index_col', 'names', 'skip_blank_lines', 'parse_dates', 'cache_dates', 'skiprows', 'encoding_errors', 'converters', 'na_values', 'infer_datetime_format', 'skipinitialspace', 'dayfirst', 'error_bad_lines', 'squeeze']
Prev Params: None
Prev Repair Action: None
Line No: 2
Prev Line No: 0
GitHub Candidates:
[]
KP:['date_parser', 'nrows', 'encoding', 'doublequote', 'keep_default_na', 'dtype', 'prefix', 'true_values', 'keep_date_col', 'quoting', 'dialect', 'header', 'mangle_dupe_cols', 'filepath_or_buffer', 'escapechar', 'false_values', 'quotechar', 'chunksize', 'sep', 'thousands', 'engine', 'na_filter', 'delimiter', 'lineterminator', 'usecols', 'decimal', 'verbose', 'skipfooter', 'compression', 'comment', 'iterator', 'index_col', 'names', 'skip_blank_lines', 'parse_dates', 'cache_dates', 'skiprows', 'encoding_errors', 'converters', 'na_values', 'infer_datetime_format', 'skipinitialspace', 'dayfirst', 'error_bad_lines', 'squeeze']
EXPP: ['date_parser', 'nrows', 'encoding', 'doublequote', 'keep_default_na', 'dtype', 'prefix', 'true_values', 'keep_date_col', 'quoting', 'dialect', 'header', 'mangle_dupe_cols', 'filepath_or_buffer', 'escapechar', 'false_values', 'quotechar', 'chunksize', 'sep', 'thousands', 'engine', 'na_filter', 'delimiter', 'lineterminator', 'usecols', 'decimal', 'verbose', 'skipfooter', 'compression', 'comment', 'iterator', 'index_col', 'names', 'skip_blank_lines', 'parse_dates', 'cache_dates', 'skiprows', 'encoding_errors', 'converters', 'na_values', 'infer_datetime_format', 'skipinitialspace', 'dayfirst', 'error_bad_lines', 'squeeze']
APIDoc Candidates:
[]
All Solution Candidates:
[]
[INFO] This case cannot be fixed!


real	0m0.659s
user	0m1.722s
sys	0m6.081s
