--- Running read_csv#183NN/read_csvNN, strategy: relancer
[ERR MSG]: OrderedDict([('project', 'read_csv#183NN'), ('notebook', 'read_csvNN'), ('text', '  File "read_csvNN.py", line 2, in <module>\n    pd.read_csv(parse_dates=None, skiprows=None, na_values=None, dayfirst=False, prefix=None, delimiter=None, index_col=None, usecols=None, squeeze=None, skip_blank_lines=True, dtype=None, engine=None, header=\'infer\', filepath_or_buffer=\'/home/zhang/Packages/tensorflow_file/dev.csv\', sep=\',\', cache_dates=True, names=None, iterator=False, false_values=None, keep_date_col=False, mangle_dupe_cols=True, keep_default_na=True, skipinitialspace=False, converters=None, skipfooter=0, nrows=None, date_parser=None, verbose=False, true_values=None, na_filter=True, infer_datetime_format=False)\nTypeError: read_csv() got an unexpected keyword argument \'prefix\'\n')])
  File "read_csvNN.py", line 2, in <module>
Error inducing API short name: read_csv, line no: 2
Error inducing API fqn: pandas.read_csv, line no: 2
*** TypeError: PLACEHOLDER
Repair Action: arg_name
Key Params: ['parse_dates', 'skiprows', 'na_values', 'dayfirst', 'prefix', 'delimiter', 'index_col', 'usecols', 'squeeze', 'skip_blank_lines', 'dtype', 'engine', 'header', 'filepath_or_buffer', 'sep', 'cache_dates', 'names', 'iterator', 'false_values', 'keep_date_col', 'mangle_dupe_cols', 'keep_default_na', 'skipinitialspace', 'converters', 'skipfooter', 'nrows', 'date_parser', 'verbose', 'true_values', 'na_filter', 'infer_datetime_format']
Prev Params: None
Prev Repair Action: None
Line No: 2
Prev Line No: 0
GitHub Candidates:
[]
KP:['parse_dates', 'skiprows', 'na_values', 'dayfirst', 'prefix', 'delimiter', 'index_col', 'usecols', 'squeeze', 'skip_blank_lines', 'dtype', 'engine', 'header', 'filepath_or_buffer', 'sep', 'cache_dates', 'names', 'iterator', 'false_values', 'keep_date_col', 'mangle_dupe_cols', 'keep_default_na', 'skipinitialspace', 'converters', 'skipfooter', 'nrows', 'date_parser', 'verbose', 'true_values', 'na_filter', 'infer_datetime_format']
EXPP: ['parse_dates', 'skiprows', 'na_values', 'dayfirst', 'prefix', 'delimiter', 'index_col', 'usecols', 'squeeze', 'skip_blank_lines', 'dtype', 'engine', 'header', 'filepath_or_buffer', 'sep', 'cache_dates', 'names', 'iterator', 'false_values', 'keep_date_col', 'mangle_dupe_cols', 'keep_default_na', 'skipinitialspace', 'converters', 'skipfooter', 'nrows', 'date_parser', 'verbose', 'true_values', 'na_filter', 'infer_datetime_format']
APIDoc Candidates:
[]
All Solution Candidates:
[]
[INFO] This case cannot be fixed!


real	0m0.627s
user	0m1.589s
sys	0m4.866s
