--- Running traceback.install#9NN/installNN, strategy: relancer
[ERR MSG]: OrderedDict([('project', 'traceback.install#9NN'), ('notebook', 'installNN'), ('text', '  File "installNN.py", line 3, in <module>\n    install(console=Console(), line_numbers=True, width=100)\nTypeError: install() got an unexpected keyword argument \'line_numbers\'\n')])
  File "installNN.py", line 3, in <module>
Error inducing API short name: install, line no: 3
Error inducing API fqn: rich.traceback.install, line no: 3
*** TypeError: PLACEHOLDER
Repair Action: arg_name
Key Params: ['console', 'line_numbers', 'width']
Prev Params: None
Prev Repair Action: None
Line No: 3
Prev Line No: 0
GitHub Candidates:
[]
KP:['console', 'line_numbers', 'width']
EXPP: ['console', 'line_numbers', 'width']
APIDoc Candidates:
[]
All Solution Candidates:
[]
[INFO] This case cannot be fixed!


real	0m0.384s
user	0m0.347s
sys	0m0.024s
