--- Running read_csv#94NN/read_csvNN, strategy: relancer
[ERR MSG]: OrderedDict([('project', 'read_csv#94NN'), ('notebook', 'read_csvNN'), ('text', '  File "read_csvNN.py", line 2, in <module>\n    pd.read_csv(\'/home/zhang/Packages/tensorflow_file/dev.csv\', false_values=None, iterator=False, lineterminator=None, dialect=None, keep_date_col=False, skipinitialspace=False, na_values=None, index_col=None, engine=None, mangle_dupe_cols=True, decimal=\'.\', skiprows=None, prefix=None, nrows=None, squeeze=None, infer_datetime_format=False, true_values=None, compression=\'infer\', date_parser=None, parse_dates=None, comment=None, delimiter=None, names=None, converters=None, encoding_errors=\'strict\', escapechar=None, keep_default_na=True, cache_dates=True, dtype=None, verbose=False, chunksize=None, dayfirst=False, skip_blank_lines=True, usecols=None, doublequote=True, quotechar=\'"\', quoting=0, sep=\',\', na_filter=True, thousands=None, header=\'infer\', skipfooter=0, encoding=None)\nTypeError: read_csv() got an unexpected keyword argument \'mangle_dupe_cols\'\n')])
  File "read_csvNN.py", line 2, in <module>
Error inducing API short name: read_csv, line no: 2
Error inducing API fqn: pandas.read_csv, line no: 2
*** TypeError: PLACEHOLDER
Repair Action: arg_name
Key Params: ['IMPLICIT_0', 'false_values', 'iterator', 'lineterminator', 'dialect', 'keep_date_col', 'skipinitialspace', 'na_values', 'index_col', 'engine', 'mangle_dupe_cols', 'decimal', 'skiprows', 'prefix', 'nrows', 'squeeze', 'infer_datetime_format', 'true_values', 'compression', 'date_parser', 'parse_dates', 'comment', 'delimiter', 'names', 'converters', 'encoding_errors', 'escapechar', 'keep_default_na', 'cache_dates', 'dtype', 'verbose', 'chunksize', 'dayfirst', 'skip_blank_lines', 'usecols', 'doublequote', 'quotechar', 'quoting', 'sep', 'na_filter', 'thousands', 'header', 'skipfooter', 'encoding']
Prev Params: None
Prev Repair Action: None
Line No: 2
Prev Line No: 0
GitHub Candidates:
[]
KP:['IMPLICIT_0', 'false_values', 'iterator', 'lineterminator', 'dialect', 'keep_date_col', 'skipinitialspace', 'na_values', 'index_col', 'engine', 'mangle_dupe_cols', 'decimal', 'skiprows', 'prefix', 'nrows', 'squeeze', 'infer_datetime_format', 'true_values', 'compression', 'date_parser', 'parse_dates', 'comment', 'delimiter', 'names', 'converters', 'encoding_errors', 'escapechar', 'keep_default_na', 'cache_dates', 'dtype', 'verbose', 'chunksize', 'dayfirst', 'skip_blank_lines', 'usecols', 'doublequote', 'quotechar', 'quoting', 'sep', 'na_filter', 'thousands', 'header', 'skipfooter', 'encoding']
EXPP: ['IMPLICIT_0', 'false_values', 'iterator', 'lineterminator', 'dialect', 'keep_date_col', 'skipinitialspace', 'na_values', 'index_col', 'engine', 'mangle_dupe_cols', 'decimal', 'skiprows', 'prefix', 'nrows', 'squeeze', 'infer_datetime_format', 'true_values', 'compression', 'date_parser', 'parse_dates', 'comment', 'delimiter', 'names', 'converters', 'encoding_errors', 'escapechar', 'keep_default_na', 'cache_dates', 'dtype', 'verbose', 'chunksize', 'dayfirst', 'skip_blank_lines', 'usecols', 'doublequote', 'quotechar', 'quoting', 'sep', 'na_filter', 'thousands', 'header', 'skipfooter', 'encoding']
APIDoc Candidates:
[]
All Solution Candidates:
[]
[INFO] This case cannot be fixed!


real	0m0.627s
user	0m1.620s
sys	0m5.148s
