--- Running scipy.optimize.fmin_cobyla#61NN/fmin_cobylaNN, strategy: relancer
[ERR MSG]: OrderedDict([('project', 'scipy.optimize.fmin_cobyla#61NN'), ('notebook', 'fmin_cobylaNN'), ('text', '  File "fmin_cobylaNN.py", line 13, in <module>\n    result = fmin_cobyla(objective,  x0,  constraints,  (),  None,  rhobeg,  rhoend,  iprint,  maxfun,  disp,  catol)\nTypeError: fmin_cobyla() takes from 3 to 10 positional arguments but 11 were given\n')])
  File "fmin_cobylaNN.py", line 13, in <module>
Error inducing API short name: fmin_cobyla, line no: 13
Error inducing API fqn: scipy.optimize.fmin_cobyla, line no: 13
*** TypeError: PLACEHOLDER
Repair Action: arg_name
Key Params: ['IMPLICIT_0', 'IMPLICIT_1', 'IMPLICIT_2', 'IMPLICIT_3', 'IMPLICIT_4', 'IMPLICIT_5', 'IMPLICIT_6', 'IMPLICIT_7', 'IMPLICIT_8', 'IMPLICIT_9', 'IMPLICIT_10']
Prev Params: None
Prev Repair Action: None
Line No: 13
Prev Line No: 0
GitHub Candidates:
[]
KP:['IMPLICIT_0', 'IMPLICIT_1', 'IMPLICIT_2', 'IMPLICIT_3', 'IMPLICIT_4', 'IMPLICIT_5', 'IMPLICIT_6', 'IMPLICIT_7', 'IMPLICIT_8', 'IMPLICIT_9', 'IMPLICIT_10']
EXPP: ['IMPLICIT_0', 'IMPLICIT_1', 'IMPLICIT_2', 'IMPLICIT_3', 'IMPLICIT_4', 'IMPLICIT_5', 'IMPLICIT_6', 'IMPLICIT_7', 'IMPLICIT_8', 'IMPLICIT_9', 'IMPLICIT_10']
APIDoc Candidates:
[]
All Solution Candidates:
[]
[INFO] This case cannot be fixed!


real	0m0.586s
user	0m1.903s
sys	0m6.768s
