--- Running read_csv#198NN/read_csvNN, strategy: relancer
[ERR MSG]: OrderedDict([('project', 'read_csv#198NN'), ('notebook', 'read_csvNN'), ('text', '  File "read_csvNN.py", line 2, in <module>\n    pd.read_csv(header=\'infer\', chunksize=None, filepath_or_buffer=\'/home/zhang/Packages/tensorflow_file/dev.csv\', escapechar=None, dtype=None, iterator=False, infer_datetime_format=False, squeeze=None, doublequote=True, quotechar=\'"\', cache_dates=True, index_col=None, na_values=None, sep=\',\', warn_bad_lines=None, na_filter=True, engine=None, keep_default_na=True, quoting=0, skiprows=None, encoding=None, thousands=None, dialect=None, true_values=None, compression=\'infer\', names=None, verbose=False, delimiter=None, nrows=None, converters=None, date_parser=None, comment=None, error_bad_lines=None, encoding_errors=\'strict\', skip_blank_lines=True, decimal=\'.\', mangle_dupe_cols=True, lineterminator=None, prefix=None, dayfirst=False, parse_dates=None, usecols=None, skipinitialspace=False, keep_date_col=False, skipfooter=0, false_values=None)\nTypeError: read_csv() got an unexpected keyword argument \'squeeze\'\n')])
  File "read_csvNN.py", line 2, in <module>
Error inducing API short name: read_csv, line no: 2
Error inducing API fqn: pandas.read_csv, line no: 2
*** TypeError: PLACEHOLDER
Repair Action: arg_name
Key Params: ['header', 'chunksize', 'filepath_or_buffer', 'escapechar', 'dtype', 'iterator', 'infer_datetime_format', 'squeeze', 'doublequote', 'quotechar', 'cache_dates', 'index_col', 'na_values', 'sep', 'warn_bad_lines', 'na_filter', 'engine', 'keep_default_na', 'quoting', 'skiprows', 'encoding', 'thousands', 'dialect', 'true_values', 'compression', 'names', 'verbose', 'delimiter', 'nrows', 'converters', 'date_parser', 'comment', 'error_bad_lines', 'encoding_errors', 'skip_blank_lines', 'decimal', 'mangle_dupe_cols', 'lineterminator', 'prefix', 'dayfirst', 'parse_dates', 'usecols', 'skipinitialspace', 'keep_date_col', 'skipfooter', 'false_values']
Prev Params: None
Prev Repair Action: None
Line No: 2
Prev Line No: 0
GitHub Candidates:
[]
KP:['header', 'chunksize', 'filepath_or_buffer', 'escapechar', 'dtype', 'iterator', 'infer_datetime_format', 'squeeze', 'doublequote', 'quotechar', 'cache_dates', 'index_col', 'na_values', 'sep', 'warn_bad_lines', 'na_filter', 'engine', 'keep_default_na', 'quoting', 'skiprows', 'encoding', 'thousands', 'dialect', 'true_values', 'compression', 'names', 'verbose', 'delimiter', 'nrows', 'converters', 'date_parser', 'comment', 'error_bad_lines', 'encoding_errors', 'skip_blank_lines', 'decimal', 'mangle_dupe_cols', 'lineterminator', 'prefix', 'dayfirst', 'parse_dates', 'usecols', 'skipinitialspace', 'keep_date_col', 'skipfooter', 'false_values']
EXPP: ['header', 'chunksize', 'filepath_or_buffer', 'escapechar', 'dtype', 'iterator', 'infer_datetime_format', 'squeeze', 'doublequote', 'quotechar', 'cache_dates', 'index_col', 'na_values', 'sep', 'warn_bad_lines', 'na_filter', 'engine', 'keep_default_na', 'quoting', 'skiprows', 'encoding', 'thousands', 'dialect', 'true_values', 'compression', 'names', 'verbose', 'delimiter', 'nrows', 'converters', 'date_parser', 'comment', 'error_bad_lines', 'encoding_errors', 'skip_blank_lines', 'decimal', 'mangle_dupe_cols', 'lineterminator', 'prefix', 'dayfirst', 'parse_dates', 'usecols', 'skipinitialspace', 'keep_date_col', 'skipfooter', 'false_values']
APIDoc Candidates:
[]
All Solution Candidates:
[]
[INFO] This case cannot be fixed!


real	0m0.634s
user	0m1.605s
sys	0m5.340s
