--- Running numpy.histogramdd#13NN/histogramddNN, strategy: relancer
[ERR MSG]: OrderedDict([('project', 'numpy.histogramdd#13NN'), ('notebook', 'histogramddNN'), ('text', '  File "histogramddNN.py", line 3, in <module>\n    result = np.histogramdd(sample, bins=10, range=None, normed=None)\n  File "<__array_function__ internals>", line 198, in histogramdd\nTypeError: histogramdd() got an unexpected keyword argument \'normed\'\n')])
  File "histogramddNN.py", line 3, in <module>
Error inducing API short name: histogramdd, line no: 3
Error inducing API fqn: numpy.histogramdd, line no: 3
*** TypeError: PLACEHOLDER
Repair Action: arg_name
Key Params: ['IMPLICIT_0', 'bins', 'range', 'normed']
Prev Params: None
Prev Repair Action: None
Line No: 3
Prev Line No: 0
GitHub Candidates:
[]
KP:['IMPLICIT_0', 'bins', 'range', 'normed']
EXPP: ['IMPLICIT_0', 'bins', 'range', 'normed']
APIDoc Candidates:
[]
All Solution Candidates:
[]
[INFO] This case cannot be fixed!


real	0m0.526s
user	0m1.486s
sys	0m5.072s
