--- Running scipy.sparse.linalg.bicg#42NN/bicgNN, strategy: relancer
[ERR MSG]: OrderedDict([('project', 'scipy.sparse.linalg.bicg#42NN'), ('notebook', 'bicgNN'), ('text', '  File "bicgNN.py", line 6, in <module>\n    (x, info) = spla.bicg(A=A, b=b, x0=None, tol=1e-06, maxiter=100, xtype=None, M=None, callback=None)\nTypeError: bicg() got an unexpected keyword argument \'xtype\'\n')])
  File "bicgNN.py", line 6, in <module>
Error inducing API short name: , line no: 6
Error inducing API fqn: scipy.sparse.linalg.bicg, line no: 6
*** TypeError: PLACEHOLDER
Repair Action: arg_name
Key Params: ['A', 'b', 'x0', 'tol', 'maxiter', 'xtype', 'M', 'callback']
Prev Params: None
Prev Repair Action: None
Line No: 6
Prev Line No: 0
GitHub Candidates:
[]
KP:['A', 'b', 'x0', 'tol', 'maxiter', 'xtype', 'M', 'callback']
EXPP: ['A', 'b', 'x0', 'tol', 'maxiter', 'xtype', 'M', 'callback']
APIDoc Candidates:
[]
All Solution Candidates:
[]
[INFO] This case cannot be fixed!


real	0m0.568s
user	0m1.608s
sys	0m5.838s
