--- Running read_csv#164NN/read_csvNN, strategy: relancer
[ERR MSG]: OrderedDict([('project', 'read_csv#164NN'), ('notebook', 'read_csvNN'), ('text', '  File "read_csvNN.py", line 2, in <module>\n    pd.read_csv(engine=None, names=None, delimiter=None, prefix=None, mangle_dupe_cols=True, squeeze=None, index_col=None, filepath_or_buffer=\'/home/zhang/Packages/tensorflow_file/dev.csv\', sep=\',\', header=\'infer\', dtype=None, usecols=None)\nTypeError: read_csv() got an unexpected keyword argument \'prefix\'\n')])
  File "read_csvNN.py", line 2, in <module>
Error inducing API short name: read_csv, line no: 2
Error inducing API fqn: pandas.read_csv, line no: 2
*** TypeError: PLACEHOLDER
Repair Action: arg_name
Key Params: ['engine', 'names', 'delimiter', 'prefix', 'mangle_dupe_cols', 'squeeze', 'index_col', 'filepath_or_buffer', 'sep', 'header', 'dtype', 'usecols']
Prev Params: None
Prev Repair Action: None
Line No: 2
Prev Line No: 0
GitHub Candidates:
[]
KP:['engine', 'names', 'delimiter', 'prefix', 'mangle_dupe_cols', 'squeeze', 'index_col', 'filepath_or_buffer', 'sep', 'header', 'dtype', 'usecols']
EXPP: ['engine', 'names', 'delimiter', 'prefix', 'mangle_dupe_cols', 'squeeze', 'index_col', 'filepath_or_buffer', 'sep', 'header', 'dtype', 'usecols']
APIDoc Candidates:
[]
All Solution Candidates:
[]
[INFO] This case cannot be fixed!


real	0m0.624s
user	0m1.499s
sys	0m5.149s
