--- Running numpy.histogramdd#23NN/histogramddNN, strategy: relancer
[ERR MSG]: OrderedDict([('project', 'numpy.histogramdd#23NN'), ('notebook', 'histogramddNN'), ('text', '  File "histogramddNN.py", line 3, in <module>\n    result = np.histogramdd(sample,  10,  None,  None, weights=None, density=None)\n  File "<__array_function__ internals>", line 198, in histogramdd\nTypeError: histogramdd() got multiple values for argument \'density\'\n')])
  File "histogramddNN.py", line 3, in <module>
Error inducing API short name: histogramdd, line no: 3
Error inducing API fqn: numpy.histogramdd, line no: 3
*** TypeError: PLACEHOLDER
Repair Action: arg_name
Key Params: ['IMPLICIT_0', 'IMPLICIT_1', 'IMPLICIT_2', 'IMPLICIT_3', 'weights', 'density']
Prev Params: None
Prev Repair Action: None
Line No: 3
Prev Line No: 0
GitHub Candidates:
[]
KP:['IMPLICIT_0', 'IMPLICIT_1', 'IMPLICIT_2', 'IMPLICIT_3', 'weights', 'density']
EXPP: ['IMPLICIT_0', 'IMPLICIT_1', 'IMPLICIT_2', 'IMPLICIT_3', 'weights', 'density']
APIDoc Candidates:
[]
All Solution Candidates:
[]
[INFO] This case cannot be fixed!


real	0m0.452s
user	0m1.293s
sys	0m4.336s
