--- Running read_csv#165NN/read_csvNN, strategy: relancer
[ERR MSG]: OrderedDict([('project', 'read_csv#165NN'), ('notebook', 'read_csvNN'), ('text', '  File "read_csvNN.py", line 2, in <module>\n    pd.read_csv(prefix=None, header=\'infer\', mangle_dupe_cols=True, dtype=None, filepath_or_buffer=\'/home/zhang/Packages/tensorflow_file/dev.csv\', names=None, squeeze=None, delimiter=None, index_col=None, converters=None, engine=None, usecols=None, sep=\',\')\nTypeError: read_csv() got an unexpected keyword argument \'prefix\'\n')])
  File "read_csvNN.py", line 2, in <module>
Error inducing API short name: read_csv, line no: 2
Error inducing API fqn: pandas.read_csv, line no: 2
*** TypeError: PLACEHOLDER
Repair Action: arg_name
Key Params: ['prefix', 'header', 'mangle_dupe_cols', 'dtype', 'filepath_or_buffer', 'names', 'squeeze', 'delimiter', 'index_col', 'converters', 'engine', 'usecols', 'sep']
Prev Params: None
Prev Repair Action: None
Line No: 2
Prev Line No: 0
GitHub Candidates:
[]
KP:['prefix', 'header', 'mangle_dupe_cols', 'dtype', 'filepath_or_buffer', 'names', 'squeeze', 'delimiter', 'index_col', 'converters', 'engine', 'usecols', 'sep']
EXPP: ['prefix', 'header', 'mangle_dupe_cols', 'dtype', 'filepath_or_buffer', 'names', 'squeeze', 'delimiter', 'index_col', 'converters', 'engine', 'usecols', 'sep']
APIDoc Candidates:
[]
All Solution Candidates:
[]
[INFO] This case cannot be fixed!


real	0m0.663s
user	0m1.748s
sys	0m4.969s
