--- Running scipy.linalg.solve_banded#24NN/solve_bandedNN, strategy: relancer
[ERR MSG]: OrderedDict([('project', 'scipy.linalg.solve_banded#24NN'), ('notebook', 'solve_bandedNN'), ('text', '  File "solve_bandedNN.py", line 6, in <module>\n    result = solve_banded(l_and_u,  ab,  b,  False,  False,  None, check_finite=True)\nTypeError: solve_banded() got multiple values for argument \'check_finite\'\n')])
  File "solve_bandedNN.py", line 6, in <module>
Error inducing API short name: solve_banded, line no: 6
Error inducing API fqn: scipy.linalg.solve_banded, line no: 6
*** TypeError: PLACEHOLDER
Repair Action: arg_name
Key Params: ['IMPLICIT_0', 'IMPLICIT_1', 'IMPLICIT_2', 'IMPLICIT_3', 'IMPLICIT_4', 'IMPLICIT_5', 'check_finite']
Prev Params: None
Prev Repair Action: None
Line No: 6
Prev Line No: 0
GitHub Candidates:
[]
KP:['IMPLICIT_0', 'IMPLICIT_1', 'IMPLICIT_2', 'IMPLICIT_3', 'IMPLICIT_4', 'IMPLICIT_5', 'check_finite']
EXPP: ['IMPLICIT_0', 'IMPLICIT_1', 'IMPLICIT_2', 'IMPLICIT_3', 'IMPLICIT_4', 'IMPLICIT_5', 'check_finite']
APIDoc Candidates:
[]
All Solution Candidates:
[]
[INFO] This case cannot be fixed!


real	0m0.499s
user	0m2.082s
sys	0m7.875s
