--- Running sklearn.cluster.SpectralClustering#55NN/SpectralClusteringNN, strategy: relancer
[ERR MSG]: OrderedDict([('project', 'sklearn.cluster.SpectralClustering#55NN'), ('notebook', 'SpectralClusteringNN'), ('text', '  File "SpectralClusteringNN.py", line 4, in <module>\n    clustering = SpectralClustering(5,  None,  None,  10,  1.0,  \'rbf\',  10,  0.0,  \'kmeans\',  3).fit(X)\n  File "/dataset/zhang/anaconda3/envs/Rsklearn0.22/lib/python3.6/site-packages/sklearn/cluster/_spectral.py", line 510, in fit\n    **params)\n  File "/dataset/zhang/anaconda3/envs/Rsklearn0.22/lib/python3.6/site-packages/sklearn/metrics/pairwise.py", line 1907, in pairwise_kernels\n    raise ValueError("Unknown kernel %r" % metric)\nValueError: Unknown kernel 10\n')])
  File "SpectralClusteringNN.py", line 4, in <module>
Error inducing API short name: SpectralClustering, line no: 4
Error inducing API fqn: sklearn.cluster.SpectralClustering, line no: 4
*** ValueError: PLACEHOLDER
All known params: []
All known params' names: []
Error line tokens: ['valueerror', 'placeholder']
Repair Action: arg_value
Key Params: []
Prev Params: None
Prev Repair Action: None
Line No: 4
Prev Line No: 0
GitHub Candidates:
[]
APIDoc Candidates:
[]
All Solution Candidates:
[]
[INFO] This case cannot be fixed!


real	0m0.869s
user	0m3.268s
sys	0m10.835s
