--- Running jax.experimental.jax2tf.convert#22NN/convertNN, strategy: relancer
[ERR MSG]: OrderedDict([('project', 'jax.experimental.jax2tf.convert#22NN'), ('notebook', 'convertNN'), ('text', '  File "convertNN.py", line 7, in <module>\n    jax2tf.convert(native_serialization_strict_checks=True, fun_jax=sum_of_squares)\nTypeError: convert() got an unexpected keyword argument \'native_serialization_strict_checks\'\n')])
  File "convertNN.py", line 7, in <module>
Error inducing API short name: convert, line no: 7
Error inducing API fqn: jax.experimental.jax2tf.convert, line no: 7
*** TypeError: PLACEHOLDER
Repair Action: arg_name
Key Params: ['native_serialization_strict_checks', 'fun_jax']
Prev Params: None
Prev Repair Action: None
Line No: 7
Prev Line No: 0
GitHub Candidates:
[]
KP:['native_serialization_strict_checks', 'fun_jax']
EXPP: ['native_serialization_strict_checks', 'fun_jax']
APIDoc Candidates:
[]
All Solution Candidates:
[]
[INFO] This case cannot be fixed!


real	0m2.643s
user	0m4.673s
sys	0m12.611s
