--- Running tf.data.experimental.service.DispatchServer#2NN/DispatchServerNN, strategy: relancer
[ERR MSG]: OrderedDict([('project', 'tf.data.experimental.service.DispatchServer#2NN'), ('notebook', 'DispatchServerNN'), ('text', '  File "DispatchServerNN.py", line 2, in <module>\n    tf.data.experimental.service.DispatchServer(port=0)\nTypeError: __init__() got an unexpected keyword argument \'port\'\n')])
  File "DispatchServerNN.py", line 2, in <module>
Error inducing API short name: DispatchServer, line no: 2
Error inducing API fqn: tensorflow.data.experimental.experimental.service.DispatchServer, line no: 2
*** TypeError: PLACEHOLDER
Repair Action: arg_name
Key Params: ['port']
Prev Params: None
Prev Repair Action: None
Line No: 2
Prev Line No: 0
GitHub Candidates:
[]
KP:['port']
EXPP: ['port']
APIDoc Candidates:
[]
All Solution Candidates:
[]
[INFO] This case cannot be fixed!


real	0m1.747s
user	0m2.787s
sys	0m6.032s
