--- Running scipy.optimize.fmin_cobyla#51NN/fmin_cobylaNN, strategy: relancer
[ERR MSG]: OrderedDict([('project', 'scipy.optimize.fmin_cobyla#51NN'), ('notebook', 'fmin_cobylaNN'), ('text', '  File "fmin_cobylaNN.py", line 13, in <module>\n    result = fmin_cobyla(objective,  x0,  constraints,  (),  None,  rhobeg,  rhoend,  iprint,  maxfun, disp=disp)\nTypeError: fmin_cobyla() got multiple values for argument \'disp\'\n')])
  File "fmin_cobylaNN.py", line 13, in <module>
Error inducing API short name: fmin_cobyla, line no: 13
Error inducing API fqn: scipy.optimize.fmin_cobyla, line no: 13
*** TypeError: PLACEHOLDER
Repair Action: arg_name
Key Params: ['IMPLICIT_0', 'IMPLICIT_1', 'IMPLICIT_2', 'IMPLICIT_3', 'IMPLICIT_4', 'IMPLICIT_5', 'IMPLICIT_6', 'IMPLICIT_7', 'IMPLICIT_8', 'disp']
Prev Params: None
Prev Repair Action: None
Line No: 13
Prev Line No: 0
GitHub Candidates:
[]
KP:['IMPLICIT_0', 'IMPLICIT_1', 'IMPLICIT_2', 'IMPLICIT_3', 'IMPLICIT_4', 'IMPLICIT_5', 'IMPLICIT_6', 'IMPLICIT_7', 'IMPLICIT_8', 'disp']
EXPP: ['IMPLICIT_0', 'IMPLICIT_1', 'IMPLICIT_2', 'IMPLICIT_3', 'IMPLICIT_4', 'IMPLICIT_5', 'IMPLICIT_6', 'IMPLICIT_7', 'IMPLICIT_8', 'disp']
APIDoc Candidates:
[]
All Solution Candidates:
[]
[INFO] This case cannot be fixed!


real	0m0.586s
user	0m1.582s
sys	0m5.487s
