--- Running numpy.correlate#12NN/correlateNN, strategy: relancer
[ERR MSG]: OrderedDict([('project', 'numpy.correlate#12NN'), ('notebook', 'correlateNN'), ('text', '  File "correlateNN.py", line 9, in <module>\n    main()\n  File "correlateNN.py", line 6, in main\n    result = np.correlate(a=a, v=v, mode=\'valid\', old_behavior=False)\nTypeError: correlate() got an unexpected keyword argument \'old_behavior\'\n')])
  File "correlateNN.py", line 9, in <module>
Error inducing API short name: main, line no: 9
  File "correlateNN.py", line 6, in main
Error inducing API short name: correlate, line no: 6
Error inducing API fqn: numpy.correlate, line no: 6
*** TypeError: PLACEHOLDER
Repair Action: arg_name
Key Params: ['a', 'v', 'mode', 'old_behavior']
Prev Params: None
Prev Repair Action: None
Line No: 6
Prev Line No: 0
GitHub Candidates:
[]
KP:['a', 'v', 'mode', 'old_behavior']
EXPP: ['a', 'v', 'mode', 'old_behavior']
APIDoc Candidates:
[]
All Solution Candidates:
[]
[INFO] This case cannot be fixed!


real	0m0.696s
user	0m1.841s
sys	0m4.434s
