--- Running tornado.ioloop.PeriodicCallback#7NN/PeriodicCallbackNN, strategy: relancer
[ERR MSG]: OrderedDict([('project', 'tornado.ioloop.PeriodicCallback#7NN'), ('notebook', 'PeriodicCallbackNN'), ('text', '  File "PeriodicCallbackNN.py", line 5, in <module>\n    tornado.ioloop.PeriodicCallback(callback=my_callback, callback_time=1000, io_loop=None)\nTypeError: __init__() got an unexpected keyword argument \'io_loop\'\n')])
  File "PeriodicCallbackNN.py", line 5, in <module>
Error inducing API short name: PeriodicCallback, line no: 5
Error inducing API fqn: tornado.ioloop.PeriodicCallback, line no: 5
*** TypeError: PLACEHOLDER
Repair Action: arg_name
Key Params: ['callback', 'callback_time', 'io_loop']
Prev Params: None
Prev Repair Action: None
Line No: 5
Prev Line No: 0
GitHub Candidates:
[]
KP:['callback', 'callback_time', 'io_loop']
EXPP: ['callback', 'callback_time', 'io_loop']
APIDoc Candidates:
[]
All Solution Candidates:
[]
[INFO] This case cannot be fixed!


real	0m0.493s
user	0m0.373s
sys	0m0.039s
