--- Running edge_betweenness_centrality_subset#13NN/edge_betweenness_centrality_subsetNN, strategy: relancer
[ERR MSG]: OrderedDict([('project', 'edge_betweenness_centrality_subset#13NN'), ('notebook', 'edge_betweenness_centrality_subsetNN'), ('text', '  File "edge_betweenness_centrality_subsetNN.py", line 6, in <module>\n    edge_betweenness = nx.edge_betweenness_centrality_subset(G,  sources, targets=targets, normalized=False, weighted_edges=False)\nTypeError: edge_betweenness_centrality_subset() got an unexpected keyword argument \'weighted_edges\'\n')])
  File "edge_betweenness_centrality_subsetNN.py", line 6, in <module>
Error inducing API short name: edge_betweenness_centrality_subset, line no: 6
Error inducing API fqn: networkx.edge_betweenness_centrality_subset, line no: 6
*** TypeError: PLACEHOLDER
Repair Action: arg_name
Key Params: ['IMPLICIT_0', 'IMPLICIT_1', 'targets', 'normalized', 'weighted_edges']
Prev Params: None
Prev Repair Action: None
Line No: 6
Prev Line No: 0
GitHub Candidates:
[]
KP:['IMPLICIT_0', 'IMPLICIT_1', 'targets', 'normalized', 'weighted_edges']
EXPP: ['IMPLICIT_0', 'IMPLICIT_1', 'targets', 'normalized', 'weighted_edges']
APIDoc Candidates:
[]
All Solution Candidates:
[]
[INFO] This case cannot be fixed!


real	0m0.372s
user	0m0.329s
sys	0m0.044s
