--- Running networkx.to_pandas_edgelist#27NN/to_pandas_edgelistNN, strategy: relancer
[ERR MSG]: OrderedDict([('project', 'networkx.to_pandas_edgelist#27NN'), ('notebook', 'to_pandas_edgelistNN'), ('text', '  File "to_pandas_edgelistNN.py", line 7, in <module>\n    edgelist = nx.to_pandas_edgelist(G=G, source=\'source\', target=\'target\', nodelist=None, dtype=None, order=None)\nTypeError: to_pandas_edgelist() got an unexpected keyword argument \'order\'\n')])
  File "to_pandas_edgelistNN.py", line 7, in <module>
Error inducing API short name: to_pandas_edgelist, line no: 7
Error inducing API fqn: networkx.to_pandas_edgelist, line no: 7
*** TypeError: PLACEHOLDER
Repair Action: arg_name
Key Params: ['G', 'source', 'target', 'nodelist', 'dtype', 'order']
Prev Params: None
Prev Repair Action: None
Line No: 7
Prev Line No: 0
GitHub Candidates:
[]
KP:['G', 'source', 'target', 'nodelist', 'dtype', 'order']
EXPP: ['G', 'source', 'target', 'nodelist', 'dtype', 'order']
APIDoc Candidates:
[]
All Solution Candidates:
[]
[INFO] This case cannot be fixed!


real	0m0.451s
user	0m0.370s
sys	0m0.074s
