--- Running scipy.linalg.solve#24NN/solveNN, strategy: relancer
[ERR MSG]: OrderedDict([('project', 'scipy.linalg.solve#24NN'), ('notebook', 'solveNN'), ('text', '  File "/home/zhang/CC/Python/RepairTool/ToolCompare/relancer/relancer-exp/fixed_notebooks/relancer/scipy.linalg.solve#24NN/solveNN.py", line 4, in <module>\n    x = scipy.linalg.solve(a, b=b, sym_pos=False, lower=False, overwrite_a=False, overwrite_b=False)\nTypeError: solve() got an unexpected keyword argument \'sym_pos\'\n')])
  File "/home/zhang/CC/Python/RepairTool/ToolCompare/relancer/relancer-exp/fixed_notebooks/relancer/scipy.linalg.solve#24NN/solveNN.py", line 4, in <module>
Error inducing API short name: solve, line no: 4
Error inducing API fqn: scipy.linalg.solve, line no: 4
*** TypeError: PLACEHOLDER
Repair Action: arg_name
Key Params: ['IMPLICIT_0', 'b', 'sym_pos', 'lower', 'overwrite_a', 'overwrite_b']
Prev Params: None
Prev Repair Action: None
Line No: 4
Prev Line No: 0
GitHub Candidates:
[]
KP:['IMPLICIT_0', 'b', 'sym_pos', 'lower', 'overwrite_a', 'overwrite_b']
EXPP: ['IMPLICIT_0', 'b', 'sym_pos', 'lower', 'overwrite_a', 'overwrite_b']
APIDoc Candidates:
[]
All Solution Candidates:
[]
[INFO] This case cannot be fixed!


real	0m0.652s
user	0m2.526s
sys	0m10.017s
