--- Running polars.read_json#3NN/read_jsonNN, strategy: relancer
[ERR MSG]: OrderedDict([('project', 'polars.read_json#3NN'), ('notebook', 'read_jsonNN'), ('text', '  File "read_jsonNN.py", line 2, in <module>\n    df = pl.read_json(\'/home/zhang/output.json\',  None)\nTypeError: read_json() takes 1 positional argument but 2 were given\n')])
  File "read_jsonNN.py", line 2, in <module>
Error inducing API short name: read_json, line no: 2
Error inducing API fqn: polars.read_json, line no: 2
*** TypeError: PLACEHOLDER
Repair Action: arg_name
Key Params: ['IMPLICIT_0', 'IMPLICIT_1']
Prev Params: None
Prev Repair Action: None
Line No: 2
Prev Line No: 0
GitHub Candidates:
[]
KP:['IMPLICIT_0', 'IMPLICIT_1']
EXPP: ['IMPLICIT_0', 'IMPLICIT_1']
APIDoc Candidates:
[]
All Solution Candidates:
[]
[INFO] This case cannot be fixed!


real	0m0.370s
user	0m0.308s
sys	0m0.063s
