--- Running DataFrame.between_time#22NN/between_timeNN, strategy: relancer
[ERR MSG]: OrderedDict([('project', 'DataFrame.between_time#22NN'), ('notebook', 'between_timeNN'), ('text', '  File "between_timeNN.py", line 4, in <module>\n    ts.between_time(\'0:15\',  \'0:45\',  True, include_end=True, inclusive=None, axis=None)\nTypeError: between_time() got an unexpected keyword argument \'include_end\'\n')])
  File "between_timeNN.py", line 4, in <module>
Error inducing API short name: between_time, line no: 4
Error inducing API fqn: UNKNOWN, line no: 4
*** TypeError: PLACEHOLDER
Repair Action: arg_name
Key Params: []
Prev Params: None
Prev Repair Action: None
Line No: 4
Prev Line No: 0
GitHub Candidates:
[]
KP:[]
EXPP: []
APIDoc Candidates:
[]
All Solution Candidates:
[]
[INFO] This case cannot be fixed!


real	0m0.600s
user	0m1.556s
sys	0m5.722s
