--- Running plotly.express.bar#819NN/barNN, strategy: relancer
[ERR MSG]: OrderedDict([('project', 'plotly.express.bar#819NN'), ('notebook', 'barNN'), ('text', '  File "barNN.py", line 3, in <module>\n    fig = px.bar(data_canada,  \'year\',  \'pop\',  None,  None,  None,  None,  0,  None,  None,  None,  None,  None,  None,  None,  None,  None,  None,  None,  None,  None,  None,  None,  None,  None,  None,  None,  None,  None,  None,  None,  None,  \'relative\',  False,  False,  None,  None,  None,  None,  None)\n  File "/dataset/zhang/anaconda3/envs/Rplotly5.5.0/lib/python3.6/site-packages/plotly/express/_chart_types.py", line 372, in bar\n    layout_patch=dict(barmode=barmode),\n  File "/dataset/zhang/anaconda3/envs/Rplotly5.5.0/lib/python3.6/site-packages/plotly/express/_core.py", line 1953, in make_figure\n    args, constructor, trace_patch, layout_patch\n  File "/dataset/zhang/anaconda3/envs/Rplotly5.5.0/lib/python3.6/site-packages/plotly/express/_core.py", line 1804, in infer_config\n    trace_patch["texttemplate"] = "%{" + letter + ":" + args["text_auto"] + "}"\nTypeError: must be str, not NoneType\n')])
  File "barNN.py", line 3, in <module>
Error inducing API short name: bar, line no: 3
Error inducing API fqn: plotly.express.bar, line no: 3
*** TypeError: PLACEHOLDER
Repair Action: arg_name
Key Params: ['IMPLICIT_0', 'IMPLICIT_1', 'IMPLICIT_2', 'IMPLICIT_3', 'IMPLICIT_4', 'IMPLICIT_5', 'IMPLICIT_6', 'IMPLICIT_7', 'IMPLICIT_8', 'IMPLICIT_9', 'IMPLICIT_10', 'IMPLICIT_11', 'IMPLICIT_12', 'IMPLICIT_13', 'IMPLICIT_14', 'IMPLICIT_15', 'IMPLICIT_16', 'IMPLICIT_17', 'IMPLICIT_18', 'IMPLICIT_19', 'IMPLICIT_20', 'IMPLICIT_21', 'IMPLICIT_22', 'IMPLICIT_23', 'IMPLICIT_24', 'IMPLICIT_25', 'IMPLICIT_26', 'IMPLICIT_27', 'IMPLICIT_28', 'IMPLICIT_29', 'IMPLICIT_30', 'IMPLICIT_31', 'IMPLICIT_32', 'IMPLICIT_33', 'IMPLICIT_34', 'IMPLICIT_35', 'IMPLICIT_36', 'IMPLICIT_37', 'IMPLICIT_38', 'IMPLICIT_39']
Prev Params: None
Prev Repair Action: None
Line No: 3
Prev Line No: 0
GitHub Candidates:
[]
KP:['IMPLICIT_0', 'IMPLICIT_1', 'IMPLICIT_2', 'IMPLICIT_3', 'IMPLICIT_4', 'IMPLICIT_5', 'IMPLICIT_6', 'IMPLICIT_7', 'IMPLICIT_8', 'IMPLICIT_9', 'IMPLICIT_10', 'IMPLICIT_11', 'IMPLICIT_12', 'IMPLICIT_13', 'IMPLICIT_14', 'IMPLICIT_15', 'IMPLICIT_16', 'IMPLICIT_17', 'IMPLICIT_18', 'IMPLICIT_19', 'IMPLICIT_20', 'IMPLICIT_21', 'IMPLICIT_22', 'IMPLICIT_23', 'IMPLICIT_24', 'IMPLICIT_25', 'IMPLICIT_26', 'IMPLICIT_27', 'IMPLICIT_28', 'IMPLICIT_29', 'IMPLICIT_30', 'IMPLICIT_31', 'IMPLICIT_32', 'IMPLICIT_33', 'IMPLICIT_34', 'IMPLICIT_35', 'IMPLICIT_36', 'IMPLICIT_37', 'IMPLICIT_38', 'IMPLICIT_39']
EXPP: ['IMPLICIT_0', 'IMPLICIT_1', 'IMPLICIT_2', 'IMPLICIT_3', 'IMPLICIT_4', 'IMPLICIT_5', 'IMPLICIT_6', 'IMPLICIT_7', 'IMPLICIT_8', 'IMPLICIT_9', 'IMPLICIT_10', 'IMPLICIT_11', 'IMPLICIT_12', 'IMPLICIT_13', 'IMPLICIT_14', 'IMPLICIT_15', 'IMPLICIT_16', 'IMPLICIT_17', 'IMPLICIT_18', 'IMPLICIT_19', 'IMPLICIT_20', 'IMPLICIT_21', 'IMPLICIT_22', 'IMPLICIT_23', 'IMPLICIT_24', 'IMPLICIT_25', 'IMPLICIT_26', 'IMPLICIT_27', 'IMPLICIT_28', 'IMPLICIT_29', 'IMPLICIT_30', 'IMPLICIT_31', 'IMPLICIT_32', 'IMPLICIT_33', 'IMPLICIT_34', 'IMPLICIT_35', 'IMPLICIT_36', 'IMPLICIT_37', 'IMPLICIT_38', 'IMPLICIT_39']
APIDoc Candidates:
[]
All Solution Candidates:
[]
[INFO] This case cannot be fixed!


real	0m1.084s
user	0m2.256s
sys	0m6.829s
