--- Running numpy.genfromtxt#120NN/genfromtxtNN, strategy: relancer
[ERR MSG]: OrderedDict([('project', 'numpy.genfromtxt#120NN'), ('notebook', 'genfromtxtNN'), ('text', '  File "genfromtxtNN.py", line 4, in <module>\n    data = np.genfromtxt(f,  float,  \'#\',  \',\',  0,  0,  0,  None,  \'\',  None,  None,  None,  None,  None,  None)\n  File "/dataset/zhang/anaconda3/envs/Rnumpy1.10.0/lib/python3.6/site-packages/numpy/lib/npyio.py", line 1867, in genfromtxt\n    output = np.array(data, dtype)\nValueError: could not convert string to float: \n')])
  File "genfromtxtNN.py", line 4, in <module>
Error inducing API short name: genfromtxt, line no: 4
Error inducing API fqn: numpy.genfromtxt, line no: 4
*** ValueError: PLACEHOLDER
All known params: []
All known params' names: []
Error line tokens: ['valueerror', 'placeholder']
Repair Action: arg_value
Key Params: []
Prev Params: None
Prev Repair Action: None
Line No: 4
Prev Line No: 0
GitHub Candidates:
[]
APIDoc Candidates:
[]
All Solution Candidates:
[]
[INFO] This case cannot be fixed!


real	0m0.465s
user	0m1.538s
sys	0m4.051s
