--- Running numpy.histogram#18NN/histogramNN, strategy: relancer
[ERR MSG]: OrderedDict([('project', 'numpy.histogram#18NN'), ('notebook', 'histogramNN'), ('text', '  File "histogramNN.py", line 8, in <module>\n    (hist, bin_edges) = np.histogram(a,  bins, range=range, normed=normed, weights=weights)\n  File "<__array_function__ internals>", line 198, in histogram\nTypeError: histogram() got an unexpected keyword argument \'normed\'\n')])
  File "histogramNN.py", line 8, in <module>
Error inducing API short name: , line no: 8
Error inducing API fqn: numpy.histogram, line no: 8
*** TypeError: PLACEHOLDER
Repair Action: arg_name
Key Params: ['IMPLICIT_0', 'IMPLICIT_1', 'range', 'normed', 'weights']
Prev Params: None
Prev Repair Action: None
Line No: 8
Prev Line No: 0
GitHub Candidates:
[]
KP:['IMPLICIT_0', 'IMPLICIT_1', 'range', 'normed', 'weights']
EXPP: ['IMPLICIT_0', 'IMPLICIT_1', 'range', 'normed', 'weights']
APIDoc Candidates:
[]
All Solution Candidates:
[]
[INFO] This case cannot be fixed!


real	0m0.454s
user	0m1.342s
sys	0m4.998s
