--- Running DataFrame.take#6NN/takeNN, strategy: relancer
[ERR MSG]: OrderedDict([('project', 'DataFrame.take#6NN'), ('notebook', 'takeNN'), ('text', '  File "takeNN.py", line 4, in <module>\n    df.take([0, 3],  0,  None)\nTypeError: take() takes from 2 to 3 positional arguments but 4 were given\n')])
  File "takeNN.py", line 4, in <module>
Error inducing API short name: take, line no: 4
Error inducing API fqn: UNKNOWN, line no: 4
*** TypeError: PLACEHOLDER
Repair Action: arg_name
Key Params: []
Prev Params: None
Prev Repair Action: None
Line No: 4
Prev Line No: 0
GitHub Candidates:
[]
KP:[]
EXPP: []
APIDoc Candidates:
[]
All Solution Candidates:
[]
[INFO] This case cannot be fixed!


real	0m0.687s
user	0m1.598s
sys	0m4.443s
