--- Running read_csv#99NN/read_csvNN, strategy: relancer
[ERR MSG]: OrderedDict([('project', 'read_csv#99NN'), ('notebook', 'read_csvNN'), ('text', '  File "read_csvNN.py", line 2, in <module>\n    pd.read_csv(\'/home/zhang/Packages/tensorflow_file/dev.csv\', converters=None, doublequote=True, keep_default_na=True, na_filter=True, mangle_dupe_cols=True, skiprows=None, sep=\',\', skip_blank_lines=True, iterator=False, na_values=None, cache_dates=True, prefix=None, chunksize=None, header=\'infer\', keep_date_col=False, delimiter=None, encoding_errors=\'strict\', false_values=None, warn_bad_lines=None, quoting=0, comment=None, delim_whitespace=False, skipfooter=0, dtype=None, infer_datetime_format=False, quotechar=\'"\', lineterminator=None, skipinitialspace=False, usecols=None, compression=\'infer\', engine=None, parse_dates=None, dialect=None, true_values=None, on_bad_lines=None, dayfirst=False, squeeze=None, encoding=None, verbose=False, decimal=\'.\', names=None, index_col=None, error_bad_lines=None, date_parser=None, nrows=None, escapechar=None, low_memory=True, thousands=None)\nTypeError: read_csv() got an unexpected keyword argument \'mangle_dupe_cols\'\n')])
  File "read_csvNN.py", line 2, in <module>
Error inducing API short name: read_csv, line no: 2
Error inducing API fqn: pandas.read_csv, line no: 2
*** TypeError: PLACEHOLDER
Repair Action: arg_name
Key Params: ['IMPLICIT_0', 'converters', 'doublequote', 'keep_default_na', 'na_filter', 'mangle_dupe_cols', 'skiprows', 'sep', 'skip_blank_lines', 'iterator', 'na_values', 'cache_dates', 'prefix', 'chunksize', 'header', 'keep_date_col', 'delimiter', 'encoding_errors', 'false_values', 'warn_bad_lines', 'quoting', 'comment', 'delim_whitespace', 'skipfooter', 'dtype', 'infer_datetime_format', 'quotechar', 'lineterminator', 'skipinitialspace', 'usecols', 'compression', 'engine', 'parse_dates', 'dialect', 'true_values', 'on_bad_lines', 'dayfirst', 'squeeze', 'encoding', 'verbose', 'decimal', 'names', 'index_col', 'error_bad_lines', 'date_parser', 'nrows', 'escapechar', 'low_memory', 'thousands']
Prev Params: None
Prev Repair Action: None
Line No: 2
Prev Line No: 0
GitHub Candidates:
[]
KP:['IMPLICIT_0', 'converters', 'doublequote', 'keep_default_na', 'na_filter', 'mangle_dupe_cols', 'skiprows', 'sep', 'skip_blank_lines', 'iterator', 'na_values', 'cache_dates', 'prefix', 'chunksize', 'header', 'keep_date_col', 'delimiter', 'encoding_errors', 'false_values', 'warn_bad_lines', 'quoting', 'comment', 'delim_whitespace', 'skipfooter', 'dtype', 'infer_datetime_format', 'quotechar', 'lineterminator', 'skipinitialspace', 'usecols', 'compression', 'engine', 'parse_dates', 'dialect', 'true_values', 'on_bad_lines', 'dayfirst', 'squeeze', 'encoding', 'verbose', 'decimal', 'names', 'index_col', 'error_bad_lines', 'date_parser', 'nrows', 'escapechar', 'low_memory', 'thousands']
EXPP: ['IMPLICIT_0', 'converters', 'doublequote', 'keep_default_na', 'na_filter', 'mangle_dupe_cols', 'skiprows', 'sep', 'skip_blank_lines', 'iterator', 'na_values', 'cache_dates', 'prefix', 'chunksize', 'header', 'keep_date_col', 'delimiter', 'encoding_errors', 'false_values', 'warn_bad_lines', 'quoting', 'comment', 'delim_whitespace', 'skipfooter', 'dtype', 'infer_datetime_format', 'quotechar', 'lineterminator', 'skipinitialspace', 'usecols', 'compression', 'engine', 'parse_dates', 'dialect', 'true_values', 'on_bad_lines', 'dayfirst', 'squeeze', 'encoding', 'verbose', 'decimal', 'names', 'index_col', 'error_bad_lines', 'date_parser', 'nrows', 'escapechar', 'low_memory', 'thousands']
APIDoc Candidates:
[]
All Solution Candidates:
[]
[INFO] This case cannot be fixed!


real	0m0.644s
user	0m1.642s
sys	0m5.076s
