--- Running Timestamp#204NN/TimestampNN, strategy: relancer
[ERR MSG]: OrderedDict([('project', 'Timestamp#204NN'), ('notebook', 'TimestampNN'), ('text', '  File "TimestampNN.py", line 2, in <module>\n    pd.Timestamp(\'2017-01-01T12\',  None, tzinfo=None, tz=None, year=None, month=None, microsecond=None, hour=None, second=None, minute=None, unit=None, day=None, fold=None, nanosecond=None)\n  File "pandas/_libs/tslibs/timestamps.pyx", line 1523, in pandas._libs.tslibs.timestamps.Timestamp.__new__\nTypeError: __new__() got multiple values for keyword argument \'year\'\n')])
  File "TimestampNN.py", line 2, in <module>
Error inducing API short name: Timestamp, line no: 2
Error inducing API fqn: pandas.Timestamp, line no: 2
*** TypeError: PLACEHOLDER
Repair Action: arg_name
Key Params: ['IMPLICIT_0', 'IMPLICIT_1', 'tzinfo', 'tz', 'year', 'month', 'microsecond', 'hour', 'second', 'minute', 'unit', 'day', 'fold', 'nanosecond']
Prev Params: None
Prev Repair Action: None
Line No: 2
Prev Line No: 0
GitHub Candidates:
[]
KP:['IMPLICIT_0', 'IMPLICIT_1', 'tzinfo', 'tz', 'year', 'month', 'microsecond', 'hour', 'second', 'minute', 'unit', 'day', 'fold', 'nanosecond']
EXPP: ['IMPLICIT_0', 'IMPLICIT_1', 'tzinfo', 'tz', 'year', 'month', 'microsecond', 'hour', 'second', 'minute', 'unit', 'day', 'fold', 'nanosecond']
APIDoc Candidates:
[]
All Solution Candidates:
[]
[INFO] This case cannot be fixed!


real	0m0.587s
user	0m1.536s
sys	0m4.785s
