--- Running shortest_path#12NN/shortest_pathNN, strategy: relancer
[ERR MSG]: OrderedDict([('project', 'shortest_path#12NN'), ('notebook', 'shortest_pathNN'), ('text', '  File "shortest_pathNN.py", line 4, in <module>\n    path = nx.shortest_path(G,  1, target=5, weighted=False)\nTypeError: shortest_path() got an unexpected keyword argument \'weighted\'\n')])
  File "shortest_pathNN.py", line 4, in <module>
Error inducing API short name: shortest_path, line no: 4
Error inducing API fqn: networkx.shortest_path, line no: 4
*** TypeError: PLACEHOLDER
Repair Action: arg_name
Key Params: ['IMPLICIT_0', 'IMPLICIT_1', 'target', 'weighted']
Prev Params: None
Prev Repair Action: None
Line No: 4
Prev Line No: 0
GitHub Candidates:
[]
KP:['IMPLICIT_0', 'IMPLICIT_1', 'target', 'weighted']
EXPP: ['IMPLICIT_0', 'IMPLICIT_1', 'target', 'weighted']
APIDoc Candidates:
[]
All Solution Candidates:
[]
[INFO] This case cannot be fixed!


real	0m0.361s
user	0m0.302s
sys	0m0.059s
