--- Running read_csv#170NN/read_csvNN, strategy: relancer
[ERR MSG]: OrderedDict([('project', 'read_csv#170NN'), ('notebook', 'read_csvNN'), ('text', '  File "read_csvNN.py", line 2, in <module>\n    pd.read_csv(skiprows=None, squeeze=None, names=None, skipfooter=0, index_col=None, dtype=None, mangle_dupe_cols=True, false_values=None, converters=None, header=\'infer\', filepath_or_buffer=\'/home/zhang/Packages/tensorflow_file/dev.csv\', true_values=None, sep=\',\', engine=None, skipinitialspace=False, prefix=None, delimiter=None, usecols=None)\nTypeError: read_csv() got an unexpected keyword argument \'squeeze\'\n')])
  File "read_csvNN.py", line 2, in <module>
Error inducing API short name: read_csv, line no: 2
Error inducing API fqn: pandas.read_csv, line no: 2
*** TypeError: PLACEHOLDER
Repair Action: arg_name
Key Params: ['skiprows', 'squeeze', 'names', 'skipfooter', 'index_col', 'dtype', 'mangle_dupe_cols', 'false_values', 'converters', 'header', 'filepath_or_buffer', 'true_values', 'sep', 'engine', 'skipinitialspace', 'prefix', 'delimiter', 'usecols']
Prev Params: None
Prev Repair Action: None
Line No: 2
Prev Line No: 0
GitHub Candidates:
[]
KP:['skiprows', 'squeeze', 'names', 'skipfooter', 'index_col', 'dtype', 'mangle_dupe_cols', 'false_values', 'converters', 'header', 'filepath_or_buffer', 'true_values', 'sep', 'engine', 'skipinitialspace', 'prefix', 'delimiter', 'usecols']
EXPP: ['skiprows', 'squeeze', 'names', 'skipfooter', 'index_col', 'dtype', 'mangle_dupe_cols', 'false_values', 'converters', 'header', 'filepath_or_buffer', 'true_values', 'sep', 'engine', 'skipinitialspace', 'prefix', 'delimiter', 'usecols']
APIDoc Candidates:
[]
All Solution Candidates:
[]
[INFO] This case cannot be fixed!


real	0m0.612s
user	0m1.446s
sys	0m5.124s
