--- Running degree#5NN/degreeNN, strategy: relancer
[ERR MSG]: OrderedDict([('project', 'degree#5NN'), ('notebook', 'degreeNN'), ('text', '  File "degreeNN.py", line 4, in <module>\n    degrees = G.degree(None, weighted=False)\nTypeError: degree() got an unexpected keyword argument \'weighted\'\n')])
  File "degreeNN.py", line 4, in <module>
Error inducing API short name: degree, line no: 4
Error inducing API fqn: UNKNOWN, line no: 4
*** TypeError: PLACEHOLDER
Repair Action: arg_name
Key Params: []
Prev Params: None
Prev Repair Action: None
Line No: 4
Prev Line No: 0
GitHub Candidates:
[]
KP:[]
EXPP: []
APIDoc Candidates:
[]
All Solution Candidates:
[]
[INFO] This case cannot be fixed!


real	0m0.394s
user	0m0.352s
sys	0m0.043s
