--- Running pydantic.main.create_model#10NN/create_modelNN, strategy: relancer
[ERR MSG]: OrderedDict([('project', 'pydantic.main.create_model#10NN'), ('notebook', 'create_modelNN'), ('text', '  File "create_modelNN.py", line 13, in <module>\n    DynamicModel = create_model(__config__=None, model_name=\'DynamicModel\')\nTypeError: create_model() missing 1 required positional argument: \'__model_name\'\n')])
  File "create_modelNN.py", line 13, in <module>
Error inducing API short name: create_model, line no: 13
Error inducing API fqn: pydantic.create_model, line no: 13
*** TypeError: PLACEHOLDER
Repair Action: arg_name
Key Params: ['__config__', 'model_name']
Prev Params: None
Prev Repair Action: None
Line No: 13
Prev Line No: 0
GitHub Candidates:
[]
KP:['__config__', 'model_name']
EXPP: ['__config__', 'model_name']
APIDoc Candidates:
[]
All Solution Candidates:
[]
[INFO] This case cannot be fixed!


real	0m0.489s
user	0m0.458s
sys	0m0.031s
