--- Running traceback.install#10NN/installNN, strategy: relancer
[ERR MSG]: OrderedDict([('project', 'traceback.install#10NN'), ('notebook', 'installNN'), ('text', '  File "installNN.py", line 3, in <module>\n    install(line_numbers=True, width=100, console=Console(), extra_lines=3)\nTypeError: install() got an unexpected keyword argument \'line_numbers\'\n')])
  File "installNN.py", line 3, in <module>
Error inducing API short name: install, line no: 3
Error inducing API fqn: rich.traceback.install, line no: 3
*** TypeError: PLACEHOLDER
Repair Action: arg_name
Key Params: ['line_numbers', 'width', 'console', 'extra_lines']
Prev Params: None
Prev Repair Action: None
Line No: 3
Prev Line No: 0
GitHub Candidates:
[]
KP:['line_numbers', 'width', 'console', 'extra_lines']
EXPP: ['line_numbers', 'width', 'console', 'extra_lines']
APIDoc Candidates:
[]
All Solution Candidates:
[]
[INFO] This case cannot be fixed!


real	0m0.353s
user	0m0.337s
sys	0m0.016s
