--- Running rich.layout.Layout#36NN/LayoutNN, strategy: relancer
[ERR MSG]: OrderedDict([('project', 'rich.layout.Layout#36NN'), ('notebook', 'LayoutNN'), ('text', '  File "LayoutNN.py", line 2, in <module>\n    layout = Layout(name=None, height=None, size=None, minimum_size=1, renderable=None, ratio=1, visible=True)\nTypeError: __init__() got an unexpected keyword argument \'height\'\n')])
  File "LayoutNN.py", line 2, in <module>
Error inducing API short name: Layout, line no: 2
Error inducing API fqn: rich.layout.Layout, line no: 2
*** TypeError: PLACEHOLDER
Repair Action: arg_name
Key Params: ['name', 'height', 'size', 'minimum_size', 'renderable', 'ratio', 'visible']
Prev Params: None
Prev Repair Action: None
Line No: 2
Prev Line No: 0
GitHub Candidates:
[]
KP:['name', 'height', 'size', 'minimum_size', 'renderable', 'ratio', 'visible']
EXPP: ['name', 'height', 'size', 'minimum_size', 'renderable', 'ratio', 'visible']
APIDoc Candidates:
[]
All Solution Candidates:
[]
[INFO] This case cannot be fixed!


real	0m0.381s
user	0m0.359s
sys	0m0.023s
