--- Running scipy.linalg.solve_triangular#35NN/solve_triangularNN, strategy: relancer
[ERR MSG]: OrderedDict([('project', 'scipy.linalg.solve_triangular#35NN'), ('notebook', 'solve_triangularNN'), ('text', '  File "solve_triangularNN.py", line 5, in <module>\n    x = solve_triangular(a,  b,  0,  True,  True,  True,  None, check_finite=True)\nTypeError: solve_triangular() got multiple values for argument \'check_finite\'\n')])
  File "solve_triangularNN.py", line 5, in <module>
Error inducing API short name: solve_triangular, line no: 5
Error inducing API fqn: scipy.linalg.solve_triangular, line no: 5
*** TypeError: PLACEHOLDER
Repair Action: arg_name
Key Params: ['IMPLICIT_0', 'IMPLICIT_1', 'IMPLICIT_2', 'IMPLICIT_3', 'IMPLICIT_4', 'IMPLICIT_5', 'IMPLICIT_6', 'check_finite']
Prev Params: None
Prev Repair Action: None
Line No: 5
Prev Line No: 0
GitHub Candidates:
[]
KP:['IMPLICIT_0', 'IMPLICIT_1', 'IMPLICIT_2', 'IMPLICIT_3', 'IMPLICIT_4', 'IMPLICIT_5', 'IMPLICIT_6', 'check_finite']
EXPP: ['IMPLICIT_0', 'IMPLICIT_1', 'IMPLICIT_2', 'IMPLICIT_3', 'IMPLICIT_4', 'IMPLICIT_5', 'IMPLICIT_6', 'check_finite']
APIDoc Candidates:
[]
All Solution Candidates:
[]
[INFO] This case cannot be fixed!


real	0m0.539s
user	0m2.205s
sys	0m7.968s
