--- Running read_csv#111NN/read_csvNN, strategy: relancer
[ERR MSG]: OrderedDict([('project', 'read_csv#111NN'), ('notebook', 'read_csvNN'), ('text', '  File "read_csvNN.py", line 2, in <module>\n    pd.read_csv(filepath_or_buffer=\'/home/zhang/Packages/tensorflow_file/dev.csv\', prefix=None)\nTypeError: read_csv() got an unexpected keyword argument \'prefix\'\n')])
  File "read_csvNN.py", line 2, in <module>
Error inducing API short name: read_csv, line no: 2
Error inducing API fqn: pandas.read_csv, line no: 2
*** TypeError: PLACEHOLDER
Repair Action: arg_name
Key Params: ['filepath_or_buffer', 'prefix']
Prev Params: None
Prev Repair Action: None
Line No: 2
Prev Line No: 0
GitHub Candidates:
[]
KP:['filepath_or_buffer', 'prefix']
EXPP: ['filepath_or_buffer', 'prefix']
APIDoc Candidates:
[]
All Solution Candidates:
[]
[INFO] This case cannot be fixed!


real	0m0.614s
user	0m1.682s
sys	0m5.248s
