--- Running read_csv#81NN/read_csvNN, strategy: relancer
[ERR MSG]: OrderedDict([('project', 'read_csv#81NN'), ('notebook', 'read_csvNN'), ('text', '  File "read_csvNN.py", line 2, in <module>\n    pd.read_csv(\'/home/zhang/Packages/tensorflow_file/dev.csv\', converters=None, dtype=None, delimiter=None, squeeze=None, keep_date_col=False, names=None, date_parser=None, cache_dates=True, skip_blank_lines=True, false_values=None, na_filter=True, skipfooter=0, skipinitialspace=False, engine=None, true_values=None, prefix=None, index_col=None, iterator=False, parse_dates=None, sep=\',\', mangle_dupe_cols=True, header=\'infer\', nrows=None, dayfirst=False, keep_default_na=True, skiprows=None, usecols=None, verbose=False, na_values=None, infer_datetime_format=False)\nTypeError: read_csv() got an unexpected keyword argument \'squeeze\'\n')])
  File "read_csvNN.py", line 2, in <module>
Error inducing API short name: read_csv, line no: 2
Error inducing API fqn: pandas.read_csv, line no: 2
*** TypeError: PLACEHOLDER
Repair Action: arg_name
Key Params: ['IMPLICIT_0', 'converters', 'dtype', 'delimiter', 'squeeze', 'keep_date_col', 'names', 'date_parser', 'cache_dates', 'skip_blank_lines', 'false_values', 'na_filter', 'skipfooter', 'skipinitialspace', 'engine', 'true_values', 'prefix', 'index_col', 'iterator', 'parse_dates', 'sep', 'mangle_dupe_cols', 'header', 'nrows', 'dayfirst', 'keep_default_na', 'skiprows', 'usecols', 'verbose', 'na_values', 'infer_datetime_format']
Prev Params: None
Prev Repair Action: None
Line No: 2
Prev Line No: 0
GitHub Candidates:
[]
KP:['IMPLICIT_0', 'converters', 'dtype', 'delimiter', 'squeeze', 'keep_date_col', 'names', 'date_parser', 'cache_dates', 'skip_blank_lines', 'false_values', 'na_filter', 'skipfooter', 'skipinitialspace', 'engine', 'true_values', 'prefix', 'index_col', 'iterator', 'parse_dates', 'sep', 'mangle_dupe_cols', 'header', 'nrows', 'dayfirst', 'keep_default_na', 'skiprows', 'usecols', 'verbose', 'na_values', 'infer_datetime_format']
EXPP: ['IMPLICIT_0', 'converters', 'dtype', 'delimiter', 'squeeze', 'keep_date_col', 'names', 'date_parser', 'cache_dates', 'skip_blank_lines', 'false_values', 'na_filter', 'skipfooter', 'skipinitialspace', 'engine', 'true_values', 'prefix', 'index_col', 'iterator', 'parse_dates', 'sep', 'mangle_dupe_cols', 'header', 'nrows', 'dayfirst', 'keep_default_na', 'skiprows', 'usecols', 'verbose', 'na_values', 'infer_datetime_format']
APIDoc Candidates:
[]
All Solution Candidates:
[]
[INFO] This case cannot be fixed!


real	0m0.604s
user	0m1.720s
sys	0m5.170s
