--- Running scipy.optimize.dual_annealing#125NN/dual_annealingNN, strategy: relancer
[ERR MSG]: OrderedDict([('project', 'scipy.optimize.dual_annealing#125NN'), ('notebook', 'dual_annealingNN'), ('text', '  File "dual_annealingNN.py", line 12, in <module>\n    result = dual_annealing(objective,  bounds,  (),  maxiter,  None,  initial_temp,  restart_temp_ratio,  visit, accept=accept, maxfun=maxfun, seed=None, no_local_search=False, callback=None, x0=None, local_search_options=None)\nTypeError: dual_annealing() got an unexpected keyword argument \'local_search_options\'\n')])
  File "dual_annealingNN.py", line 12, in <module>
Error inducing API short name: dual_annealing, line no: 12
Error inducing API fqn: scipy.optimize.dual_annealing, line no: 12
*** TypeError: PLACEHOLDER
Repair Action: arg_name
Key Params: ['IMPLICIT_0', 'IMPLICIT_1', 'IMPLICIT_2', 'IMPLICIT_3', 'IMPLICIT_4', 'IMPLICIT_5', 'IMPLICIT_6', 'IMPLICIT_7', 'accept', 'maxfun', 'seed', 'no_local_search', 'callback', 'x0', 'local_search_options']
Prev Params: None
Prev Repair Action: None
Line No: 12
Prev Line No: 0
GitHub Candidates:
[]
KP:['IMPLICIT_0', 'IMPLICIT_1', 'IMPLICIT_2', 'IMPLICIT_3', 'IMPLICIT_4', 'IMPLICIT_5', 'IMPLICIT_6', 'IMPLICIT_7', 'accept', 'maxfun', 'seed', 'no_local_search', 'callback', 'x0', 'local_search_options']
EXPP: ['IMPLICIT_0', 'IMPLICIT_1', 'IMPLICIT_2', 'IMPLICIT_3', 'IMPLICIT_4', 'IMPLICIT_5', 'IMPLICIT_6', 'IMPLICIT_7', 'accept', 'maxfun', 'seed', 'no_local_search', 'callback', 'x0', 'local_search_options']
APIDoc Candidates:
[]
All Solution Candidates:
[]
[INFO] This case cannot be fixed!


real	0m0.686s
user	0m2.719s
sys	0m10.409s
