--- Running polars.Expr.str.ends_with#2NN/ends_withNN, strategy: relancer
[ERR MSG]: OrderedDict([('project', 'polars.Expr.str.ends_with#2NN'), ('notebook', 'ends_withNN'), ('text', '  File "ends_withNN.py", line 3, in <module>\n    a.str.ends_with(sub=\'go\')\nTypeError: ends_with() got an unexpected keyword argument \'sub\'\n')])
  File "ends_withNN.py", line 3, in <module>
Error inducing API short name: ends_with, line no: 3
Error inducing API fqn: UNKNOWN, line no: 3
*** TypeError: PLACEHOLDER
Repair Action: arg_name
Key Params: []
Prev Params: None
Prev Repair Action: None
Line No: 3
Prev Line No: 0
GitHub Candidates:
[]
KP:[]
EXPP: []
APIDoc Candidates:
[]
All Solution Candidates:
[]
[INFO] This case cannot be fixed!


real	0m0.369s
user	0m0.338s
sys	0m0.032s
