--- Running scipy.stats.rv_continuous#66NN/rv_continuousNN, strategy: relancer
[ERR MSG]: OrderedDict([('project', 'scipy.stats.rv_continuous#66NN'), ('notebook', 'rv_continuousNN'), ('text', '  File "/home/zhang/CC/Python/RepairTool/ToolCompare/relancer/relancer-exp/fixed_notebooks/relancer/scipy.stats.rv_continuous#66NN/rv_continuousNN.py", line 2, in <module>\n    rv = stats.rv_continuous(momtype=1, a=0, b=1, xtol=1e-14, badvalue=None, name=\'my_distribution\', longname=None, shapes=None, extradoc=None, seed=42)\nTypeError: __init__() got an unexpected keyword argument \'extradoc\'\n')])
  File "/home/zhang/CC/Python/RepairTool/ToolCompare/relancer/relancer-exp/fixed_notebooks/relancer/scipy.stats.rv_continuous#66NN/rv_continuousNN.py", line 2, in <module>
Error inducing API short name: rv_continuous, line no: 2
Error inducing API fqn: scipy.stats.rv_continuous, line no: 2
*** TypeError: PLACEHOLDER
Repair Action: arg_name
Key Params: ['momtype', 'a', 'b', 'xtol', 'badvalue', 'name', 'longname', 'shapes', 'extradoc', 'seed']
Prev Params: None
Prev Repair Action: None
Line No: 2
Prev Line No: 0
GitHub Candidates:
[]
KP:['momtype', 'a', 'b', 'xtol', 'badvalue', 'name', 'longname', 'shapes', 'extradoc', 'seed']
EXPP: ['momtype', 'a', 'b', 'xtol', 'badvalue', 'name', 'longname', 'shapes', 'extradoc', 'seed']
APIDoc Candidates:
[]
All Solution Candidates:
[]
[INFO] This case cannot be fixed!


real	0m0.798s
user	0m2.793s
sys	0m11.564s
