--- Running jax.experimental.jax2tf.convert#27NN/convertNN, strategy: relancer
[ERR MSG]: OrderedDict([('project', 'jax.experimental.jax2tf.convert#27NN'), ('notebook', 'convertNN'), ('text', '  File "convertNN.py", line 7, in <module>\n    jax2tf.convert(experimental_native_lowering=\'default\', with_gradient=True, fun_jax=sum_of_squares, polymorphic_shapes=None, enable_xla=True, native_serialization_platforms=(), native_serialization=\'default\')\nTypeError: convert() got an unexpected keyword argument \'experimental_native_lowering\'\n')])
  File "convertNN.py", line 7, in <module>
Error inducing API short name: convert, line no: 7
Error inducing API fqn: jax.experimental.jax2tf.convert, line no: 7
*** TypeError: PLACEHOLDER
Repair Action: arg_name
Key Params: ['experimental_native_lowering', 'with_gradient', 'fun_jax', 'polymorphic_shapes', 'enable_xla', 'native_serialization_platforms', 'native_serialization']
Prev Params: None
Prev Repair Action: None
Line No: 7
Prev Line No: 0
GitHub Candidates:
[]
KP:['experimental_native_lowering', 'with_gradient', 'fun_jax', 'polymorphic_shapes', 'enable_xla', 'native_serialization_platforms', 'native_serialization']
EXPP: ['experimental_native_lowering', 'with_gradient', 'fun_jax', 'polymorphic_shapes', 'enable_xla', 'native_serialization_platforms', 'native_serialization']
APIDoc Candidates:
[]
All Solution Candidates:
[]
[INFO] This case cannot be fixed!


real	0m2.563s
user	0m4.532s
sys	0m10.190s
