--- Running read_csv#163NN/read_csvNN, strategy: relancer
[ERR MSG]: OrderedDict([('project', 'read_csv#163NN'), ('notebook', 'read_csvNN'), ('text', '  File "read_csvNN.py", line 2, in <module>\n    pd.read_csv(names=None, prefix=None, mangle_dupe_cols=True, filepath_or_buffer=\'/home/zhang/Packages/tensorflow_file/dev.csv\', header=\'infer\', dtype=None, index_col=None, delimiter=None, usecols=None, squeeze=None, sep=\',\')\nTypeError: read_csv() got an unexpected keyword argument \'prefix\'\n')])
  File "read_csvNN.py", line 2, in <module>
Error inducing API short name: read_csv, line no: 2
Error inducing API fqn: pandas.read_csv, line no: 2
*** TypeError: PLACEHOLDER
Repair Action: arg_name
Key Params: ['names', 'prefix', 'mangle_dupe_cols', 'filepath_or_buffer', 'header', 'dtype', 'index_col', 'delimiter', 'usecols', 'squeeze', 'sep']
Prev Params: None
Prev Repair Action: None
Line No: 2
Prev Line No: 0
GitHub Candidates:
[]
KP:['names', 'prefix', 'mangle_dupe_cols', 'filepath_or_buffer', 'header', 'dtype', 'index_col', 'delimiter', 'usecols', 'squeeze', 'sep']
EXPP: ['names', 'prefix', 'mangle_dupe_cols', 'filepath_or_buffer', 'header', 'dtype', 'index_col', 'delimiter', 'usecols', 'squeeze', 'sep']
APIDoc Candidates:
[]
All Solution Candidates:
[]
[INFO] This case cannot be fixed!


real	0m0.622s
user	0m1.482s
sys	0m5.684s
