--- Running DataFrame.to_excel#155NN/to_excelNN, strategy: relancer
[ERR MSG]: OrderedDict([('project', 'DataFrame.to_excel#155NN'), ('notebook', 'to_excelNN'), ('text', '  File "to_excelNN.py", line 3, in <module>\n    df1.to_excel(\'output.xlsx\',  \'Sheet1\',  \'\',  None,  None,  True,  True,  None,  0,  0,  None,  True,  False,  \'inf\',  False, freeze_panes=None, storage_options=None)\nTypeError: to_excel() got multiple values for argument \'freeze_panes\'\n')])
  File "to_excelNN.py", line 3, in <module>
Error inducing API short name: to_excel, line no: 3
Error inducing API fqn: UNKNOWN, line no: 3
*** TypeError: PLACEHOLDER
Repair Action: arg_name
Key Params: []
Prev Params: None
Prev Repair Action: None
Line No: 3
Prev Line No: 0
GitHub Candidates:
[]
KP:[]
EXPP: []
APIDoc Candidates:
[]
All Solution Candidates:
[]
[INFO] This case cannot be fixed!


real	0m0.652s
user	0m1.517s
sys	0m5.184s
