--- Running tornado.tcpserver.TCPServer#11NN/TCPServerNN, strategy: relancer
[ERR MSG]: OrderedDict([('project', 'tornado.tcpserver.TCPServer#11NN'), ('notebook', 'TCPServerNN'), ('text', '  File "TCPServerNN.py", line 3, in <module>\n    server = tornado.tcpserver.TCPServer(None,  None,  None,  None)\nTypeError: __init__() takes from 1 to 4 positional arguments but 5 were given\n')])
  File "TCPServerNN.py", line 3, in <module>
Error inducing API short name: TCPServer, line no: 3
Error inducing API fqn: tornado.tcpserver.TCPServer, line no: 3
*** TypeError: PLACEHOLDER
Repair Action: arg_name
Key Params: ['IMPLICIT_0', 'IMPLICIT_1', 'IMPLICIT_2', 'IMPLICIT_3']
Prev Params: None
Prev Repair Action: None
Line No: 3
Prev Line No: 0
GitHub Candidates:
[]
KP:['IMPLICIT_0', 'IMPLICIT_1', 'IMPLICIT_2', 'IMPLICIT_3']
EXPP: ['IMPLICIT_0', 'IMPLICIT_1', 'IMPLICIT_2', 'IMPLICIT_3']
APIDoc Candidates:
[]
All Solution Candidates:
[]
[INFO] This case cannot be fixed!


real	0m0.421s
user	0m0.387s
sys	0m0.034s
