--- Running aiohttp.TCPConnector#24NN/TCPConnectorNN, strategy: relancer
[ERR MSG]: OrderedDict([('project', 'aiohttp.TCPConnector#24NN'), ('notebook', 'TCPConnectorNN'), ('text', '  File "TCPConnectorNN.py", line 14, in <module>\n    loop.run_until_complete(main())\n  File "/dataset/zhang/anaconda3/envs/Raiohttp3.0.0/lib/python3.6/asyncio/base_events.py", line 488, in run_until_complete\n    return future.result()\n  File "TCPConnectorNN.py", line 9, in main\n    connector = aiohttp.TCPConnector(fingerprint=None, local_addr=None, resolve=object(), verify_ssl=True, use_dns_cache=True, ttl_dns_cache=10, resolver=None, family=0, ssl_context=None)\nTypeError: __init__() got an unexpected keyword argument \'resolve\'\n')])
  File "TCPConnectorNN.py", line 14, in <module>
Error inducing API short name: run_until_complete, line no: 14
  File "TCPConnectorNN.py", line 9, in main
Error inducing API short name: TCPConnector, line no: 9
Error inducing API fqn: aiohttp.TCPConnector, line no: 9
*** TypeError: PLACEHOLDER
Repair Action: arg_name
Key Params: ['fingerprint', 'local_addr', 'resolve', 'verify_ssl', 'use_dns_cache', 'ttl_dns_cache', 'resolver', 'family', 'ssl_context']
Prev Params: None
Prev Repair Action: None
Line No: 9
Prev Line No: 0
GitHub Candidates:
[]
KP:['fingerprint', 'local_addr', 'resolve', 'verify_ssl', 'use_dns_cache', 'ttl_dns_cache', 'resolver', 'family', 'ssl_context']
EXPP: ['fingerprint', 'local_addr', 'resolve', 'verify_ssl', 'use_dns_cache', 'ttl_dns_cache', 'resolver', 'family', 'ssl_context']
APIDoc Candidates:
[]
All Solution Candidates:
[]
[INFO] This case cannot be fixed!


real	0m0.550s
user	0m0.525s
sys	0m0.026s
