--- Running gensim.models.fasttext.FastText#223NN/FastTextNN, strategy: relancer
[ERR MSG]: OrderedDict([('project', 'gensim.models.fasttext.FastText#223NN'), ('notebook', 'FastTextNN'), ('text', '  File "FastTextNN.py", line 2, in <module>\n    FastText(None,  None,  0,  0,  100,  0.025,  5,  5, max_vocab_size=None, word_ngrams=1, sample=0.001, seed=1, workers=3, min_alpha=0.0001, negative=5, ns_exponent=0.75, cbow_mean=1, hashfxn=hash, iter=1, null_word=0)\nTypeError: __init__() got an unexpected keyword argument \'iter\'\n')])
  File "FastTextNN.py", line 2, in <module>
Error inducing API short name: FastText, line no: 2
Error inducing API fqn: gensim.models.FastText, line no: 2
*** TypeError: PLACEHOLDER
Repair Action: arg_name
Key Params: ['IMPLICIT_0', 'IMPLICIT_1', 'IMPLICIT_2', 'IMPLICIT_3', 'IMPLICIT_4', 'IMPLICIT_5', 'IMPLICIT_6', 'IMPLICIT_7', 'max_vocab_size', 'word_ngrams', 'sample', 'seed', 'workers', 'min_alpha', 'negative', 'ns_exponent', 'cbow_mean', 'hashfxn', 'iter', 'null_word']
Prev Params: None
Prev Repair Action: None
Line No: 2
Prev Line No: 0
GitHub Candidates:
[]
KP:['IMPLICIT_0', 'IMPLICIT_1', 'IMPLICIT_2', 'IMPLICIT_3', 'IMPLICIT_4', 'IMPLICIT_5', 'IMPLICIT_6', 'IMPLICIT_7', 'max_vocab_size', 'word_ngrams', 'sample', 'seed', 'workers', 'min_alpha', 'negative', 'ns_exponent', 'cbow_mean', 'hashfxn', 'iter', 'null_word']
EXPP: ['IMPLICIT_0', 'IMPLICIT_1', 'IMPLICIT_2', 'IMPLICIT_3', 'IMPLICIT_4', 'IMPLICIT_5', 'IMPLICIT_6', 'IMPLICIT_7', 'max_vocab_size', 'word_ngrams', 'sample', 'seed', 'workers', 'min_alpha', 'negative', 'ns_exponent', 'cbow_mean', 'hashfxn', 'iter', 'null_word']
APIDoc Candidates:
[]
All Solution Candidates:
[]
[INFO] This case cannot be fixed!


real	0m0.842s
user	0m2.630s
sys	0m8.701s
