--- Running read_csv#76NN/read_csvNN, strategy: relancer
[ERR MSG]: OrderedDict([('project', 'read_csv#76NN'), ('notebook', 'read_csvNN'), ('text', '  File "read_csvNN.py", line 2, in <module>\n    pd.read_csv(\'/home/zhang/Packages/tensorflow_file/dev.csv\', dtype=None, mangle_dupe_cols=True, prefix=None, keep_default_na=True, false_values=None, parse_dates=None, infer_datetime_format=False, skipfooter=0, header=\'infer\', sep=\',\', engine=None, squeeze=None, names=None, usecols=None, na_filter=True, nrows=None, true_values=None, verbose=False, skipinitialspace=False, skip_blank_lines=True, skiprows=None, converters=None, na_values=None, index_col=None, delimiter=None)\nTypeError: read_csv() got an unexpected keyword argument \'mangle_dupe_cols\'\n')])
  File "read_csvNN.py", line 2, in <module>
Error inducing API short name: read_csv, line no: 2
Error inducing API fqn: pandas.read_csv, line no: 2
*** TypeError: PLACEHOLDER
Repair Action: arg_name
Key Params: ['IMPLICIT_0', 'dtype', 'mangle_dupe_cols', 'prefix', 'keep_default_na', 'false_values', 'parse_dates', 'infer_datetime_format', 'skipfooter', 'header', 'sep', 'engine', 'squeeze', 'names', 'usecols', 'na_filter', 'nrows', 'true_values', 'verbose', 'skipinitialspace', 'skip_blank_lines', 'skiprows', 'converters', 'na_values', 'index_col', 'delimiter']
Prev Params: None
Prev Repair Action: None
Line No: 2
Prev Line No: 0
GitHub Candidates:
[]
KP:['IMPLICIT_0', 'dtype', 'mangle_dupe_cols', 'prefix', 'keep_default_na', 'false_values', 'parse_dates', 'infer_datetime_format', 'skipfooter', 'header', 'sep', 'engine', 'squeeze', 'names', 'usecols', 'na_filter', 'nrows', 'true_values', 'verbose', 'skipinitialspace', 'skip_blank_lines', 'skiprows', 'converters', 'na_values', 'index_col', 'delimiter']
EXPP: ['IMPLICIT_0', 'dtype', 'mangle_dupe_cols', 'prefix', 'keep_default_na', 'false_values', 'parse_dates', 'infer_datetime_format', 'skipfooter', 'header', 'sep', 'engine', 'squeeze', 'names', 'usecols', 'na_filter', 'nrows', 'true_values', 'verbose', 'skipinitialspace', 'skip_blank_lines', 'skiprows', 'converters', 'na_values', 'index_col', 'delimiter']
APIDoc Candidates:
[]
All Solution Candidates:
[]
[INFO] This case cannot be fixed!


real	0m0.654s
user	0m1.536s
sys	0m4.600s
