--- Running scipy.sparse.linalg.splu#26NN/spluNN, strategy: relancer
[ERR MSG]: OrderedDict([('project', 'scipy.sparse.linalg.splu#26NN'), ('notebook', 'spluNN'), ('text', '  File "spluNN.py", line 4, in <module>\n    lu = splu(A, permc_spec=\'MMD_AT_PLUS_A\', diag_pivot_thresh=0.1, drop_tol=0.2, relax=1.0, panel_size=10)\nTypeError: splu() got an unexpected keyword argument \'drop_tol\'\n')])
  File "spluNN.py", line 4, in <module>
Error inducing API short name: splu, line no: 4
Error inducing API fqn: scipy.sparse.linalg.splu, line no: 4
*** TypeError: PLACEHOLDER
Repair Action: arg_name
Key Params: ['IMPLICIT_0', 'permc_spec', 'diag_pivot_thresh', 'drop_tol', 'relax', 'panel_size']
Prev Params: None
Prev Repair Action: None
Line No: 4
Prev Line No: 0
GitHub Candidates:
[]
KP:['IMPLICIT_0', 'permc_spec', 'diag_pivot_thresh', 'drop_tol', 'relax', 'panel_size']
EXPP: ['IMPLICIT_0', 'permc_spec', 'diag_pivot_thresh', 'drop_tol', 'relax', 'panel_size']
APIDoc Candidates:
[]
All Solution Candidates:
[]
[INFO] This case cannot be fixed!


real	0m0.552s
user	0m1.761s
sys	0m6.381s
