--- Running scipy.sparse.linalg.splu#35NN/spluNN, strategy: relancer
[ERR MSG]: OrderedDict([('project', 'scipy.sparse.linalg.splu#35NN'), ('notebook', 'spluNN'), ('text', '  File "spluNN.py", line 4, in <module>\n    lu = splu(A=A, permc_spec=\'MMD_AT_PLUS_A\', diag_pivot_thresh=0.1, drop_tol=0.2, relax=1.0, panel_size=10, options={\'SymmetricMode\': True})\nTypeError: splu() got an unexpected keyword argument \'drop_tol\'\n')])
  File "spluNN.py", line 4, in <module>
Error inducing API short name: splu, line no: 4
Error inducing API fqn: scipy.sparse.linalg.splu, line no: 4
*** TypeError: PLACEHOLDER
Repair Action: arg_name
Key Params: ['A', 'permc_spec', 'diag_pivot_thresh', 'drop_tol', 'relax', 'panel_size', 'options']
Prev Params: None
Prev Repair Action: None
Line No: 4
Prev Line No: 0
GitHub Candidates:
[]
KP:['A', 'permc_spec', 'diag_pivot_thresh', 'drop_tol', 'relax', 'panel_size', 'options']
EXPP: ['A', 'permc_spec', 'diag_pivot_thresh', 'drop_tol', 'relax', 'panel_size', 'options']
APIDoc Candidates:
[]
All Solution Candidates:
[]
[INFO] This case cannot be fixed!


real	0m0.560s
user	0m1.545s
sys	0m5.844s
