--- Running polars.expr.str.strptime#16NN/strptimeNN, strategy: relancer
[ERR MSG]: OrderedDict([('project', 'polars.expr.str.strptime#16NN'), ('notebook', 'strptimeNN'), ('text', '  File "strptimeNN.py", line 4, in <module>\n    a.str.strptime(dtype=pl.Date, tz_aware=False)\n  File "/dataset/zhang/anaconda3/envs/Rpolars0.18.0/lib/python3.8/site-packages/polars/utils/decorators.py", line 37, in wrapper\n    return function(*args, **kwargs)\nTypeError: strptime() got an unexpected keyword argument \'tz_aware\'\n')])
  File "strptimeNN.py", line 4, in <module>
Error inducing API short name: strptime, line no: 4
Error inducing API fqn: UNKNOWN, line no: 4
*** TypeError: PLACEHOLDER
Repair Action: arg_name
Key Params: []
Prev Params: None
Prev Repair Action: None
Line No: 4
Prev Line No: 0
GitHub Candidates:
[]
KP:[]
EXPP: []
APIDoc Candidates:
[]
All Solution Candidates:
[]
[INFO] This case cannot be fixed!


real	0m0.369s
user	0m0.325s
sys	0m0.044s
