--- Running Timestamp.fromordinal#7NN/fromordinalNN, strategy: relancer
[ERR MSG]: OrderedDict([('project', 'Timestamp.fromordinal#7NN'), ('notebook', 'fromordinalNN'), ('text', '  File "fromordinalNN.py", line 2, in <module>\n    pd.Timestamp.fromordinal(737425,  None, tz=None)\n  File "pandas/_libs/tslibs/timestamps.pyx", line 1343, in pandas._libs.tslibs.timestamps.Timestamp.fromordinal\nTypeError: fromordinal() got multiple values for keyword argument \'tz\'\n')])
  File "fromordinalNN.py", line 2, in <module>
Error inducing API short name: fromordinal, line no: 2
Error inducing API fqn: pandas.Timestamp.fromordinal, line no: 2
*** TypeError: PLACEHOLDER
Repair Action: arg_name
Key Params: ['IMPLICIT_0', 'IMPLICIT_1', 'tz']
Prev Params: None
Prev Repair Action: None
Line No: 2
Prev Line No: 0
GitHub Candidates:
[]
KP:['IMPLICIT_0', 'IMPLICIT_1', 'tz']
EXPP: ['IMPLICIT_0', 'IMPLICIT_1', 'tz']
APIDoc Candidates:
[]
All Solution Candidates:
[]
[INFO] This case cannot be fixed!


real	0m0.629s
user	0m1.665s
sys	0m5.864s
