--- Running plotly.express.treemap#176NN/treemapNN, strategy: relancer
[ERR MSG]: OrderedDict([('project', 'plotly.express.treemap#176NN'), ('notebook', 'treemapNN'), ('text', '  File "treemapNN.py", line 3, in <module>\n    fig = px.treemap(df,  None,  \'total_bill\',  None,  None,  None,  None,  None,  None,  None,  {},  None,  None,  None, labels={}, title=None, template=None, width=None)\n  File "/dataset/zhang/anaconda3/envs/Rplotly4.5.0/lib/python3.7/site-packages/plotly/express/_chart_types.py", line 1361, in treemap\n    layout_patch=layout_patch,\n  File "/dataset/zhang/anaconda3/envs/Rplotly4.5.0/lib/python3.7/site-packages/plotly/express/_core.py", line 1555, in make_figure\n    fig.layout.update(layout_patch)\n  File "/dataset/zhang/anaconda3/envs/Rplotly4.5.0/lib/python3.7/site-packages/plotly/basedatatypes.py", line 3696, in update\n    BaseFigure._perform_update(self, dict1, overwrite=overwrite)\n  File "/dataset/zhang/anaconda3/envs/Rplotly4.5.0/lib/python3.7/site-packages/plotly/basedatatypes.py", line 2919, in _perform_update\n    plotly_obj[key] = val\n  File "/dataset/zhang/anaconda3/envs/Rplotly4.5.0/lib/python3.7/site-packages/plotly/basedatatypes.py", line 4437, in __setitem__\n    super(BaseLayoutHierarchyType, self).__setitem__(prop, value)\n  File "/dataset/zhang/anaconda3/envs/Rplotly4.5.0/lib/python3.7/site-packages/plotly/basedatatypes.py", line 3490, in __setitem__\n    self._set_prop(prop, value)\n  File "/dataset/zhang/anaconda3/envs/Rplotly4.5.0/lib/python3.7/site-packages/plotly/basedatatypes.py", line 3777, in _set_prop\n    raise err\n  File "/dataset/zhang/anaconda3/envs/Rplotly4.5.0/lib/python3.7/site-packages/plotly/basedatatypes.py", line 3772, in _set_prop\n    val = validator.validate_coerce(val)\n  File "/dataset/zhang/anaconda3/envs/Rplotly4.5.0/lib/python3.7/site-packages/_plotly_utils/basevalidators.py", line 1485, in validate_coerce\n    self.raise_invalid_val(v)\n  File "/dataset/zhang/anaconda3/envs/Rplotly4.5.0/lib/python3.7/site-packages/_plotly_utils/basevalidators.py", line 283, in raise_invalid_val\n    valid_clr_desc=self.description(),\nValueError: \n    Invalid value of type \'builtins.dict\' received for the \'treemapcolorway\' property of layout\n        Received value: {}\n\n    The \'treemapcolorway\' property is a colorlist that may be specified\n    as a tuple, list, one-dimensional numpy array, or pandas Series of valid\n    color strings\n')])
  File "treemapNN.py", line 3, in <module>
Error inducing API short name: treemap, line no: 3
Error inducing API fqn: plotly.express.treemap, line no: 3
*** ValueError: PLACEHOLDER
All known params: []
All known params' names: []
Error line tokens: ['valueerror', 'placeholder']
Repair Action: arg_value
Key Params: []
Prev Params: None
Prev Repair Action: None
Line No: 3
Prev Line No: 0
GitHub Candidates:
[]
APIDoc Candidates:
[]
All Solution Candidates:
[]
[INFO] This case cannot be fixed!


real	0m1.252s
user	0m2.389s
sys	0m6.337s
