--- Running read_csv#203NN/read_csvNN, strategy: relancer
[ERR MSG]: OrderedDict([('project', 'read_csv#203NN'), ('notebook', 'read_csvNN'), ('text', '  File "read_csvNN.py", line 2, in <module>\n    pd.read_csv(thousands=None, keep_default_na=True, verbose=False, comment=None, skipinitialspace=False, infer_datetime_format=False, parse_dates=None, on_bad_lines=None, iterator=False, warn_bad_lines=None, squeeze=None, dayfirst=False, cache_dates=True, skip_blank_lines=True, delim_whitespace=False, error_bad_lines=None, names=None, false_values=None, skipfooter=0, encoding_errors=\'strict\', dialect=None, delimiter=None, nrows=None, prefix=None, float_precision=None, compression=\'infer\', filepath_or_buffer=\'/home/zhang/Packages/tensorflow_file/dev.csv\', encoding=None, low_memory=True, date_parser=None, usecols=None, doublequote=True, index_col=None, true_values=None, header=\'infer\', quotechar=\'"\', chunksize=None, memory_map=False, converters=None, dtype=None, quoting=0, skiprows=None, na_filter=True, sep=\',\', engine=None, lineterminator=None, keep_date_col=False, escapechar=None, mangle_dupe_cols=True, decimal=\'.\', na_values=None)\nTypeError: read_csv() got an unexpected keyword argument \'warn_bad_lines\'\n')])
  File "read_csvNN.py", line 2, in <module>
Error inducing API short name: read_csv, line no: 2
Error inducing API fqn: pandas.read_csv, line no: 2
*** TypeError: PLACEHOLDER
Repair Action: arg_name
Key Params: ['thousands', 'keep_default_na', 'verbose', 'comment', 'skipinitialspace', 'infer_datetime_format', 'parse_dates', 'on_bad_lines', 'iterator', 'warn_bad_lines', 'squeeze', 'dayfirst', 'cache_dates', 'skip_blank_lines', 'delim_whitespace', 'error_bad_lines', 'names', 'false_values', 'skipfooter', 'encoding_errors', 'dialect', 'delimiter', 'nrows', 'prefix', 'float_precision', 'compression', 'filepath_or_buffer', 'encoding', 'low_memory', 'date_parser', 'usecols', 'doublequote', 'index_col', 'true_values', 'header', 'quotechar', 'chunksize', 'memory_map', 'converters', 'dtype', 'quoting', 'skiprows', 'na_filter', 'sep', 'engine', 'lineterminator', 'keep_date_col', 'escapechar', 'mangle_dupe_cols', 'decimal', 'na_values']
Prev Params: None
Prev Repair Action: None
Line No: 2
Prev Line No: 0
GitHub Candidates:
[]
KP:['thousands', 'keep_default_na', 'verbose', 'comment', 'skipinitialspace', 'infer_datetime_format', 'parse_dates', 'on_bad_lines', 'iterator', 'warn_bad_lines', 'squeeze', 'dayfirst', 'cache_dates', 'skip_blank_lines', 'delim_whitespace', 'error_bad_lines', 'names', 'false_values', 'skipfooter', 'encoding_errors', 'dialect', 'delimiter', 'nrows', 'prefix', 'float_precision', 'compression', 'filepath_or_buffer', 'encoding', 'low_memory', 'date_parser', 'usecols', 'doublequote', 'index_col', 'true_values', 'header', 'quotechar', 'chunksize', 'memory_map', 'converters', 'dtype', 'quoting', 'skiprows', 'na_filter', 'sep', 'engine', 'lineterminator', 'keep_date_col', 'escapechar', 'mangle_dupe_cols', 'decimal', 'na_values']
EXPP: ['thousands', 'keep_default_na', 'verbose', 'comment', 'skipinitialspace', 'infer_datetime_format', 'parse_dates', 'on_bad_lines', 'iterator', 'warn_bad_lines', 'squeeze', 'dayfirst', 'cache_dates', 'skip_blank_lines', 'delim_whitespace', 'error_bad_lines', 'names', 'false_values', 'skipfooter', 'encoding_errors', 'dialect', 'delimiter', 'nrows', 'prefix', 'float_precision', 'compression', 'filepath_or_buffer', 'encoding', 'low_memory', 'date_parser', 'usecols', 'doublequote', 'index_col', 'true_values', 'header', 'quotechar', 'chunksize', 'memory_map', 'converters', 'dtype', 'quoting', 'skiprows', 'na_filter', 'sep', 'engine', 'lineterminator', 'keep_date_col', 'escapechar', 'mangle_dupe_cols', 'decimal', 'na_values']
APIDoc Candidates:
[]
All Solution Candidates:
[]
[INFO] This case cannot be fixed!


real	0m0.666s
user	0m1.789s
sys	0m6.763s
