--- Running jax.experimental.jax2tf.convert#19NN/convertNN, strategy: relancer
[ERR MSG]: OrderedDict([('project', 'jax.experimental.jax2tf.convert#19NN'), ('notebook', 'convertNN'), ('text', '  File "convertNN.py", line 7, in <module>\n    jax2tf.convert(fun_jax=sum_of_squares, experimental_native_lowering=\'default\')\nTypeError: convert() got an unexpected keyword argument \'experimental_native_lowering\'\n')])
  File "convertNN.py", line 7, in <module>
Error inducing API short name: convert, line no: 7
Error inducing API fqn: jax.experimental.jax2tf.convert, line no: 7
*** TypeError: PLACEHOLDER
Repair Action: arg_name
Key Params: ['fun_jax', 'experimental_native_lowering']
Prev Params: None
Prev Repair Action: None
Line No: 7
Prev Line No: 0
GitHub Candidates:
[]
KP:['fun_jax', 'experimental_native_lowering']
EXPP: ['fun_jax', 'experimental_native_lowering']
APIDoc Candidates:
[]
All Solution Candidates:
[]
[INFO] This case cannot be fixed!


real	0m15.385s
user	0m6.844s
sys	0m12.408s
