--- Running tf.contrib.data.make_csv_dataset#17NN/make_csv_datasetNN, strategy: relancer
[ERR MSG]: OrderedDict([('project', 'tf.contrib.data.make_csv_dataset#17NN'), ('notebook', 'make_csv_datasetNN'), ('text', '  File "make_csv_datasetNN.py", line 2, in <module>\n    tf.contrib.data.make_csv_dataset(\'/home/zhang/Packages/tensorflow_file/dev.csv\',  1,  None, column_defaults=None, label_name=None, select_columns=None, field_delim=\',\', use_quote_delim=True, na_value=\'\', header=True, num_epochs=None, shuffle=True, shuffle_buffer_size=10000, shuffle_seed=None, prefetch_buffer_size=1, num_parallel_reads=1, num_parallel_parser_calls=2, sloppy=False, num_rows_for_inference=1)\nTypeError: make_csv_dataset() got an unexpected keyword argument \'num_parallel_parser_calls\'\n')])
  File "make_csv_datasetNN.py", line 2, in <module>
Error inducing API short name: make_csv_dataset, line no: 2
Error inducing API fqn: tensorflow.contrib.data.make_csv_dataset, line no: 2
*** TypeError: PLACEHOLDER
Repair Action: arg_name
Key Params: ['IMPLICIT_0', 'IMPLICIT_1', 'IMPLICIT_2', 'column_defaults', 'label_name', 'select_columns', 'field_delim', 'use_quote_delim', 'na_value', 'header', 'num_epochs', 'shuffle', 'shuffle_buffer_size', 'shuffle_seed', 'prefetch_buffer_size', 'num_parallel_reads', 'num_parallel_parser_calls', 'sloppy', 'num_rows_for_inference']
Prev Params: None
Prev Repair Action: None
Line No: 2
Prev Line No: 0
GitHub Candidates:
[]
KP:['IMPLICIT_0', 'IMPLICIT_1', 'IMPLICIT_2', 'column_defaults', 'label_name', 'select_columns', 'field_delim', 'use_quote_delim', 'na_value', 'header', 'num_epochs', 'shuffle', 'shuffle_buffer_size', 'shuffle_seed', 'prefetch_buffer_size', 'num_parallel_reads', 'num_parallel_parser_calls', 'sloppy', 'num_rows_for_inference']
EXPP: ['IMPLICIT_0', 'IMPLICIT_1', 'IMPLICIT_2', 'column_defaults', 'label_name', 'select_columns', 'field_delim', 'use_quote_delim', 'na_value', 'header', 'num_epochs', 'shuffle', 'shuffle_buffer_size', 'shuffle_seed', 'prefetch_buffer_size', 'num_parallel_reads', 'num_parallel_parser_calls', 'sloppy', 'num_rows_for_inference']
APIDoc Candidates:
[]
All Solution Candidates:
[]
[INFO] This case cannot be fixed!


real	0m2.765s
user	0m3.476s
sys	0m5.804s
