--- Running Timestamp#202NN/TimestampNN, strategy: relancer
[ERR MSG]: OrderedDict([('project', 'Timestamp#202NN'), ('notebook', 'TimestampNN'), ('text', '  File "TimestampNN.py", line 2, in <module>\n    pd.Timestamp(\'2017-01-01T12\',  None,  None, second=None, fold=None, tzinfo=None, microsecond=None, year=None, hour=None, unit=None, minute=None, month=None, nanosecond=None, day=None)\n  File "pandas/_libs/tslibs/timestamps.pyx", line 1523, in pandas._libs.tslibs.timestamps.Timestamp.__new__\nTypeError: __new__() got multiple values for keyword argument \'year\'\n')])
  File "TimestampNN.py", line 2, in <module>
Error inducing API short name: Timestamp, line no: 2
Error inducing API fqn: pandas.Timestamp, line no: 2
*** TypeError: PLACEHOLDER
Repair Action: arg_name
Key Params: ['IMPLICIT_0', 'IMPLICIT_1', 'IMPLICIT_2', 'second', 'fold', 'tzinfo', 'microsecond', 'year', 'hour', 'unit', 'minute', 'month', 'nanosecond', 'day']
Prev Params: None
Prev Repair Action: None
Line No: 2
Prev Line No: 0
GitHub Candidates:
[]
KP:['IMPLICIT_0', 'IMPLICIT_1', 'IMPLICIT_2', 'second', 'fold', 'tzinfo', 'microsecond', 'year', 'hour', 'unit', 'minute', 'month', 'nanosecond', 'day']
EXPP: ['IMPLICIT_0', 'IMPLICIT_1', 'IMPLICIT_2', 'second', 'fold', 'tzinfo', 'microsecond', 'year', 'hour', 'unit', 'minute', 'month', 'nanosecond', 'day']
APIDoc Candidates:
[]
All Solution Candidates:
[]
[INFO] This case cannot be fixed!


real	0m0.610s
user	0m1.751s
sys	0m5.633s
