--- Running spacy.load#7NN/loadNN, strategy: relancer
[ERR MSG]: OrderedDict([('project', 'spacy.load#7NN'), ('notebook', 'loadNN'), ('text', '  File "loadNN.py", line 7, in <module>\n    nlp = spacy.load(model_name,  disable_components, exclude=exclude_components)\nTypeError: load() takes 1 positional argument but 2 positional arguments (and 1 keyword-only argument) were given\n')])
  File "loadNN.py", line 7, in <module>
Error inducing API short name: load, line no: 7
Error inducing API fqn: spacy.load, line no: 7
*** TypeError: PLACEHOLDER
Repair Action: arg_name
Key Params: ['IMPLICIT_0', 'IMPLICIT_1', 'exclude']
Prev Params: None
Prev Repair Action: None
Line No: 7
Prev Line No: 0
GitHub Candidates:
[]
KP:['IMPLICIT_0', 'IMPLICIT_1', 'exclude']
EXPP: ['IMPLICIT_0', 'IMPLICIT_1', 'exclude']
APIDoc Candidates:
[]
All Solution Candidates:
[]
[INFO] This case cannot be fixed!


real	0m0.784s
user	0m1.577s
sys	0m4.674s
