--- Running scipy.sparse.linalg.bicg#23NN/bicgNN, strategy: relancer
[ERR MSG]: OrderedDict([('project', 'scipy.sparse.linalg.bicg#23NN'), ('notebook', 'bicgNN'), ('text', '  File "bicgNN.py", line 6, in <module>\n    (x, info) = spla.bicg(A,  b, x0=None, tol=1e-06, maxiter=100, xtype=None)\nTypeError: bicg() got an unexpected keyword argument \'xtype\'\n')])
  File "bicgNN.py", line 6, in <module>
Error inducing API short name: , line no: 6
Error inducing API fqn: scipy.sparse.linalg.bicg, line no: 6
*** TypeError: PLACEHOLDER
Repair Action: arg_name
Key Params: ['IMPLICIT_0', 'IMPLICIT_1', 'x0', 'tol', 'maxiter', 'xtype']
Prev Params: None
Prev Repair Action: None
Line No: 6
Prev Line No: 0
GitHub Candidates:
[]
KP:['IMPLICIT_0', 'IMPLICIT_1', 'x0', 'tol', 'maxiter', 'xtype']
EXPP: ['IMPLICIT_0', 'IMPLICIT_1', 'x0', 'tol', 'maxiter', 'xtype']
APIDoc Candidates:
[]
All Solution Candidates:
[]
[INFO] This case cannot be fixed!


real	0m0.551s
user	0m1.535s
sys	0m4.895s
