--- Running sympy.physics.units.quantities.Quantity#51NN/QuantityNN, strategy: relancer
[ERR MSG]: OrderedDict([('project', 'sympy.physics.units.quantities.Quantity#51NN'), ('notebook', 'QuantityNN'), ('text', '  File "QuantityNN.py", line 2, in <module>\n    velocity = Quantity(\'velocity\',  None,  None, scale_factor=None, latex_repr=None, pretty_unicode_repr=None, pretty_ascii_repr=None, mathml_presentation_repr=None, is_prefixed=False)\nTypeError: __new__() got multiple values for argument \'latex_repr\'\n')])
  File "QuantityNN.py", line 2, in <module>
Error inducing API short name: Quantity, line no: 2
Error inducing API fqn: sympy.physics.units.Quantity, line no: 2
*** TypeError: PLACEHOLDER
Repair Action: arg_name
Key Params: ['IMPLICIT_0', 'IMPLICIT_1', 'IMPLICIT_2', 'scale_factor', 'latex_repr', 'pretty_unicode_repr', 'pretty_ascii_repr', 'mathml_presentation_repr', 'is_prefixed']
Prev Params: None
Prev Repair Action: None
Line No: 2
Prev Line No: 0
GitHub Candidates:
[]
KP:['IMPLICIT_0', 'IMPLICIT_1', 'IMPLICIT_2', 'scale_factor', 'latex_repr', 'pretty_unicode_repr', 'pretty_ascii_repr', 'mathml_presentation_repr', 'is_prefixed']
EXPP: ['IMPLICIT_0', 'IMPLICIT_1', 'IMPLICIT_2', 'scale_factor', 'latex_repr', 'pretty_unicode_repr', 'pretty_ascii_repr', 'mathml_presentation_repr', 'is_prefixed']
APIDoc Candidates:
[]
All Solution Candidates:
[]
[INFO] This case cannot be fixed!


real	0m0.728s
user	0m0.662s
sys	0m0.067s
