--- Running models.Index#1NN/IndexNN, strategy: relancer
[ERR MSG]: OrderedDict([('project', 'models.Index#1NN'), ('notebook', 'IndexNN'), ('text', '  File "IndexNN.py", line 2, in <module>\n    models.Index([\'question_text\', \'pub_date\'])\nTypeError: __init__() takes 1 positional argument but 2 were given\n')])
  File "IndexNN.py", line 2, in <module>
Error inducing API short name: Index, line no: 2
Error inducing API fqn: django.db.models.Index, line no: 2
*** TypeError: PLACEHOLDER
Repair Action: arg_name
Key Params: ['IMPLICIT_0']
Prev Params: None
Prev Repair Action: None
Line No: 2
Prev Line No: 0
GitHub Candidates:
[]
KP:['IMPLICIT_0']
EXPP: ['IMPLICIT_0']
APIDoc Candidates:
[]
All Solution Candidates:
[]
[INFO] This case cannot be fixed!


real	0m1.619s
user	0m0.661s
sys	0m0.144s
