--- Running gensim.models.word2vec.Word2Vec.load_word2vec_format#27NN/load_word2vec_formatNN, strategy: relancer
[ERR MSG]: OrderedDict([('project', 'gensim.models.word2vec.Word2Vec.load_word2vec_format#27NN'), ('notebook', 'load_word2vec_formatNN'), ('text', '  File "load_word2vec_formatNN.py", line 3, in <module>\n    model = Word2Vec.load_word2vec_format(fname=fname, fvocab=None, binary=False, norm_only=True, encoding=\'utf8\', unicode_errors=\'strict\')\nTypeError: load_word2vec_format() got an unexpected keyword argument \'norm_only\'\n')])
  File "load_word2vec_formatNN.py", line 3, in <module>
Error inducing API short name: load_word2vec_format, line no: 3
Error inducing API fqn: gensim.models.Word2Vec.load_word2vec_format, line no: 3
*** TypeError: PLACEHOLDER
Repair Action: arg_name
Key Params: ['fname', 'fvocab', 'binary', 'norm_only', 'encoding', 'unicode_errors']
Prev Params: None
Prev Repair Action: None
Line No: 3
Prev Line No: 0
GitHub Candidates:
[]
KP:['fname', 'fvocab', 'binary', 'norm_only', 'encoding', 'unicode_errors']
EXPP: ['fname', 'fvocab', 'binary', 'norm_only', 'encoding', 'unicode_errors']
APIDoc Candidates:
[]
All Solution Candidates:
[]
[INFO] This case cannot be fixed!


real	0m0.701s
user	0m2.017s
sys	0m5.350s
