--- Running Series.set_axis#6NN/set_axisNN, strategy: relancer
[ERR MSG]: OrderedDict([('project', 'Series.set_axis#6NN'), ('notebook', 'set_axisNN'), ('text', '  File "set_axisNN.py", line 3, in <module>\n    s.set_axis([\'a\', \'b\', \'c\'], inplace=False, copy=False, axis=0)\nTypeError: set_axis() got an unexpected keyword argument \'inplace\'\n')])
  File "set_axisNN.py", line 3, in <module>
Error inducing API short name: set_axis, line no: 3
Error inducing API fqn: UNKNOWN, line no: 3
*** TypeError: PLACEHOLDER
Repair Action: arg_name
Key Params: []
Prev Params: None
Prev Repair Action: None
Line No: 3
Prev Line No: 0
GitHub Candidates:
[]
KP:[]
EXPP: []
APIDoc Candidates:
[]
All Solution Candidates:
[]
[INFO] This case cannot be fixed!


real	0m0.626s
user	0m1.836s
sys	0m6.043s
