--- Running set_node_attributes#2NN/set_node_attributesNN, strategy: relancer
[ERR MSG]: OrderedDict([('project', 'set_node_attributes#2NN'), ('notebook', 'set_node_attributesNN'), ('text', '  File "set_node_attributesNN.py", line 5, in <module>\n    nx.set_node_attributes(G,  \'color\', values=values)\nTypeError: set_node_attributes() got multiple values for argument \'values\'\n')])
  File "set_node_attributesNN.py", line 5, in <module>
Error inducing API short name: set_node_attributes, line no: 5
Error inducing API fqn: networkx.set_node_attributes, line no: 5
*** TypeError: PLACEHOLDER
Repair Action: arg_name
Key Params: ['IMPLICIT_0', 'IMPLICIT_1', 'values']
Prev Params: None
Prev Repair Action: None
Line No: 5
Prev Line No: 0
GitHub Candidates:
[]
KP:['IMPLICIT_0', 'IMPLICIT_1', 'values']
EXPP: ['IMPLICIT_0', 'IMPLICIT_1', 'values']
APIDoc Candidates:
[]
All Solution Candidates:
[]
[INFO] This case cannot be fixed!


real	0m0.468s
user	0m0.418s
sys	0m0.051s
