--- Running read_csv#185NN/read_csvNN, strategy: relancer
[ERR MSG]: OrderedDict([('project', 'read_csv#185NN'), ('notebook', 'read_csvNN'), ('text', '  File "read_csvNN.py", line 2, in <module>\n    pd.read_csv(converters=None, header=\'infer\', index_col=None, delimiter=None, keep_default_na=True, prefix=None, engine=None, dtype=None, infer_datetime_format=False, cache_dates=True, iterator=False, skip_blank_lines=True, skipinitialspace=False, keep_date_col=False, skipfooter=0, usecols=None, na_filter=True, sep=\',\', date_parser=None, skiprows=None, true_values=None, names=None, mangle_dupe_cols=True, false_values=None, dayfirst=False, verbose=False, na_values=None, chunksize=None, compression=\'infer\', parse_dates=None, squeeze=None, nrows=None, filepath_or_buffer=\'/home/zhang/Packages/tensorflow_file/dev.csv\')\nTypeError: read_csv() got an unexpected keyword argument \'prefix\'\n')])
  File "read_csvNN.py", line 2, in <module>
Error inducing API short name: read_csv, line no: 2
Error inducing API fqn: pandas.read_csv, line no: 2
*** TypeError: PLACEHOLDER
Repair Action: arg_name
Key Params: ['converters', 'header', 'index_col', 'delimiter', 'keep_default_na', 'prefix', 'engine', 'dtype', 'infer_datetime_format', 'cache_dates', 'iterator', 'skip_blank_lines', 'skipinitialspace', 'keep_date_col', 'skipfooter', 'usecols', 'na_filter', 'sep', 'date_parser', 'skiprows', 'true_values', 'names', 'mangle_dupe_cols', 'false_values', 'dayfirst', 'verbose', 'na_values', 'chunksize', 'compression', 'parse_dates', 'squeeze', 'nrows', 'filepath_or_buffer']
Prev Params: None
Prev Repair Action: None
Line No: 2
Prev Line No: 0
GitHub Candidates:
[]
KP:['converters', 'header', 'index_col', 'delimiter', 'keep_default_na', 'prefix', 'engine', 'dtype', 'infer_datetime_format', 'cache_dates', 'iterator', 'skip_blank_lines', 'skipinitialspace', 'keep_date_col', 'skipfooter', 'usecols', 'na_filter', 'sep', 'date_parser', 'skiprows', 'true_values', 'names', 'mangle_dupe_cols', 'false_values', 'dayfirst', 'verbose', 'na_values', 'chunksize', 'compression', 'parse_dates', 'squeeze', 'nrows', 'filepath_or_buffer']
EXPP: ['converters', 'header', 'index_col', 'delimiter', 'keep_default_na', 'prefix', 'engine', 'dtype', 'infer_datetime_format', 'cache_dates', 'iterator', 'skip_blank_lines', 'skipinitialspace', 'keep_date_col', 'skipfooter', 'usecols', 'na_filter', 'sep', 'date_parser', 'skiprows', 'true_values', 'names', 'mangle_dupe_cols', 'false_values', 'dayfirst', 'verbose', 'na_values', 'chunksize', 'compression', 'parse_dates', 'squeeze', 'nrows', 'filepath_or_buffer']
APIDoc Candidates:
[]
All Solution Candidates:
[]
[INFO] This case cannot be fixed!


real	0m0.647s
user	0m1.565s
sys	0m4.978s
