--- Running httpx.AsyncClient#34NN/AsyncClientNN, strategy: relancer
[ERR MSG]: OrderedDict([('project', 'httpx.AsyncClient#34NN'), ('notebook', 'AsyncClientNN'), ('text', '  File "AsyncClientNN.py", line 3, in <module>\n    client = httpx.AsyncClient(max_redirects=5, app=None, http2=False, backend=\'auto\', trust_env=True, uds=None, dispatch=None, pool_limits=PoolLimits(), base_url=URL(\'https://www.example.com\'), proxies={\'http://\': \'http://localhost:8000\'}, cookies={\'session_id\': \'abc123\'}, headers={\'Custom-Header\': \'value\'}, timeout=Timeout(10.0), params={\'key\': \'value\'}, cert=None, auth=httpx.BasicAuth(\'username\', \'password\'), verify=True)\nTypeError: __init__() got an unexpected keyword argument \'backend\'\n')])
  File "AsyncClientNN.py", line 3, in <module>
Error inducing API short name: AsyncClient, line no: 3
Error inducing API fqn: httpx.AsyncClient, line no: 3
*** TypeError: PLACEHOLDER
Repair Action: arg_name
Key Params: ['max_redirects', 'app', 'http2', 'backend', 'trust_env', 'uds', 'dispatch', 'pool_limits', 'base_url', 'proxies', 'cookies', 'headers', 'timeout', 'params', 'cert', 'auth', 'verify']
Prev Params: None
Prev Repair Action: None
Line No: 3
Prev Line No: 0
GitHub Candidates:
[]
KP:['max_redirects', 'app', 'http2', 'backend', 'trust_env', 'uds', 'dispatch', 'pool_limits', 'base_url', 'proxies', 'cookies', 'headers', 'timeout', 'params', 'cert', 'auth', 'verify']
EXPP: ['max_redirects', 'app', 'http2', 'backend', 'trust_env', 'uds', 'dispatch', 'pool_limits', 'base_url', 'proxies', 'cookies', 'headers', 'timeout', 'params', 'cert', 'auth', 'verify']
APIDoc Candidates:
[]
All Solution Candidates:
[]
[INFO] This case cannot be fixed!


real	0m0.457s
user	0m0.414s
sys	0m0.043s
