--- Running linear_model.RANSACRegressor#48NN/RANSACRegressorNN, strategy: relancer
[ERR MSG]: OrderedDict([('project', 'linear_model.RANSACRegressor#48NN'), ('notebook', 'RANSACRegressorNN'), ('text', '  File "RANSACRegressorNN.py", line 4, in <module>\n    reg = RANSACRegressor(None, stop_probability=0.99, max_trials=100, is_model_valid=None, loss=\'absolute_error\', stop_score=0, residual_threshold=None, max_skips=0, min_samples=None, random_state=None, stop_n_inliers=0, is_data_valid=None, base_estimator=\'deprecated\')\nTypeError: __init__() got an unexpected keyword argument \'base_estimator\'\n')])
  File "RANSACRegressorNN.py", line 4, in <module>
Error inducing API short name: RANSACRegressor, line no: 4
Error inducing API fqn: sklearn.linear_model.RANSACRegressor, line no: 4
*** TypeError: PLACEHOLDER
Repair Action: arg_name
Key Params: ['IMPLICIT_0', 'stop_probability', 'max_trials', 'is_model_valid', 'loss', 'stop_score', 'residual_threshold', 'max_skips', 'min_samples', 'random_state', 'stop_n_inliers', 'is_data_valid', 'base_estimator']
Prev Params: None
Prev Repair Action: None
Line No: 4
Prev Line No: 0
GitHub Candidates:
[]
KP:['IMPLICIT_0', 'stop_probability', 'max_trials', 'is_model_valid', 'loss', 'stop_score', 'residual_threshold', 'max_skips', 'min_samples', 'random_state', 'stop_n_inliers', 'is_data_valid', 'base_estimator']
EXPP: ['IMPLICIT_0', 'stop_probability', 'max_trials', 'is_model_valid', 'loss', 'stop_score', 'residual_threshold', 'max_skips', 'min_samples', 'random_state', 'stop_n_inliers', 'is_data_valid', 'base_estimator']
APIDoc Candidates:
[]
All Solution Candidates:
[]
[INFO] This case cannot be fixed!


real	0m0.839s
user	0m2.286s
sys	0m7.715s
