--- Running linear_model.LinearRegression#7NN/LinearRegressionNN, strategy: relancer
[ERR MSG]: OrderedDict([('project', 'linear_model.LinearRegression#7NN'), ('notebook', 'LinearRegressionNN'), ('text', '  File "LinearRegressionNN.py", line 5, in <module>\n    reg = LinearRegression(normalize=\'deprecated\', fit_intercept=True)\nTypeError: __init__() got an unexpected keyword argument \'normalize\'\n')])
  File "LinearRegressionNN.py", line 5, in <module>
Error inducing API short name: LinearRegression, line no: 5
Error inducing API fqn: sklearn.linear_model.LinearRegression, line no: 5
*** TypeError: PLACEHOLDER
Repair Action: arg_name
Key Params: ['normalize', 'fit_intercept']
Prev Params: None
Prev Repair Action: None
Line No: 5
Prev Line No: 0
GitHub Candidates:
[]
KP:['normalize', 'fit_intercept']
EXPP: ['normalize', 'fit_intercept']
APIDoc Candidates:
[]
All Solution Candidates:
[]
[INFO] This case cannot be fixed!


real	0m0.902s
user	0m2.268s
sys	0m7.880s
