--- Running polars.Expr.map_dict#7NN/map_dictNN, strategy: relancer
[ERR MSG]: OrderedDict([('project', 'polars.Expr.map_dict#7NN'), ('notebook', 'map_dictNN'), ('text', '  File "map_dictNN.py", line 4, in <module>\n    df.with_columns(pl.col(\'country_code\').map_dict(dtype=None, remapping=country_code_dict).alias(\'remapped\'))\nTypeError: map_dict() got an unexpected keyword argument \'dtype\'\n')])
  File "map_dictNN.py", line 4, in <module>
Error inducing API short name: with_columns, line no: 4
Error inducing API fqn: UNKNOWN, line no: 4
*** TypeError: PLACEHOLDER
Repair Action: arg_name
Key Params: []
Prev Params: None
Prev Repair Action: None
Line No: 4
Prev Line No: 0
GitHub Candidates:
[]
KP:[]
EXPP: []
APIDoc Candidates:
[]
All Solution Candidates:
[]
[INFO] This case cannot be fixed!


real	0m0.373s
user	0m0.339s
sys	0m0.034s
