--- Running gensim.models.word2vec.Word2Vec.load_word2vec_format#13NN/load_word2vec_formatNN, strategy: relancer
[ERR MSG]: OrderedDict([('project', 'gensim.models.word2vec.Word2Vec.load_word2vec_format#13NN'), ('notebook', 'load_word2vec_formatNN'), ('text', '  File "load_word2vec_formatNN.py", line 3, in <module>\n    model = Word2Vec.load_word2vec_format(fname, fvocab=None, binary=False, norm_only=True)\nTypeError: load_word2vec_format() got an unexpected keyword argument \'norm_only\'\n')])
  File "load_word2vec_formatNN.py", line 3, in <module>
Error inducing API short name: load_word2vec_format, line no: 3
Error inducing API fqn: gensim.models.Word2Vec.load_word2vec_format, line no: 3
*** TypeError: PLACEHOLDER
Repair Action: arg_name
Key Params: ['IMPLICIT_0', 'fvocab', 'binary', 'norm_only']
Prev Params: None
Prev Repair Action: None
Line No: 3
Prev Line No: 0
GitHub Candidates:
[]
KP:['IMPLICIT_0', 'fvocab', 'binary', 'norm_only']
EXPP: ['IMPLICIT_0', 'fvocab', 'binary', 'norm_only']
APIDoc Candidates:
[]
All Solution Candidates:
[]
[INFO] This case cannot be fixed!


real	0m0.699s
user	0m1.873s
sys	0m5.312s
