--- Running read_csv#72NN/read_csvNN, strategy: relancer
[ERR MSG]: OrderedDict([('project', 'read_csv#72NN'), ('notebook', 'read_csvNN'), ('text', '  File "read_csvNN.py", line 2, in <module>\n    pd.read_csv(\'/home/zhang/Packages/tensorflow_file/dev.csv\', usecols=None, skipinitialspace=False, converters=None, header=\'infer\', dtype=None, na_values=None, na_filter=True, skiprows=None, prefix=None, keep_default_na=True, mangle_dupe_cols=True, squeeze=None, true_values=None, nrows=None, false_values=None, delimiter=None, names=None, sep=\',\', index_col=None, engine=None, skipfooter=0)\nTypeError: read_csv() got an unexpected keyword argument \'prefix\'\n')])
  File "read_csvNN.py", line 2, in <module>
Error inducing API short name: read_csv, line no: 2
Error inducing API fqn: pandas.read_csv, line no: 2
*** TypeError: PLACEHOLDER
Repair Action: arg_name
Key Params: ['IMPLICIT_0', 'usecols', 'skipinitialspace', 'converters', 'header', 'dtype', 'na_values', 'na_filter', 'skiprows', 'prefix', 'keep_default_na', 'mangle_dupe_cols', 'squeeze', 'true_values', 'nrows', 'false_values', 'delimiter', 'names', 'sep', 'index_col', 'engine', 'skipfooter']
Prev Params: None
Prev Repair Action: None
Line No: 2
Prev Line No: 0
GitHub Candidates:
[]
KP:['IMPLICIT_0', 'usecols', 'skipinitialspace', 'converters', 'header', 'dtype', 'na_values', 'na_filter', 'skiprows', 'prefix', 'keep_default_na', 'mangle_dupe_cols', 'squeeze', 'true_values', 'nrows', 'false_values', 'delimiter', 'names', 'sep', 'index_col', 'engine', 'skipfooter']
EXPP: ['IMPLICIT_0', 'usecols', 'skipinitialspace', 'converters', 'header', 'dtype', 'na_values', 'na_filter', 'skiprows', 'prefix', 'keep_default_na', 'mangle_dupe_cols', 'squeeze', 'true_values', 'nrows', 'false_values', 'delimiter', 'names', 'sep', 'index_col', 'engine', 'skipfooter']
APIDoc Candidates:
[]
All Solution Candidates:
[]
[INFO] This case cannot be fixed!


real	0m0.643s
user	0m1.737s
sys	0m5.675s
