--- Running read_csv#168NN/read_csvNN, strategy: relancer
[ERR MSG]: OrderedDict([('project', 'read_csv#168NN'), ('notebook', 'read_csvNN'), ('text', '  File "read_csvNN.py", line 2, in <module>\n    pd.read_csv(converters=None, names=None, sep=\',\', index_col=None, filepath_or_buffer=\'/home/zhang/Packages/tensorflow_file/dev.csv\', skipinitialspace=False, engine=None, dtype=None, mangle_dupe_cols=True, header=\'infer\', delimiter=None, squeeze=None, false_values=None, usecols=None, true_values=None, prefix=None)\nTypeError: read_csv() got an unexpected keyword argument \'mangle_dupe_cols\'\n')])
  File "read_csvNN.py", line 2, in <module>
Error inducing API short name: read_csv, line no: 2
Error inducing API fqn: pandas.read_csv, line no: 2
*** TypeError: PLACEHOLDER
Repair Action: arg_name
Key Params: ['converters', 'names', 'sep', 'index_col', 'filepath_or_buffer', 'skipinitialspace', 'engine', 'dtype', 'mangle_dupe_cols', 'header', 'delimiter', 'squeeze', 'false_values', 'usecols', 'true_values', 'prefix']
Prev Params: None
Prev Repair Action: None
Line No: 2
Prev Line No: 0
GitHub Candidates:
[]
KP:['converters', 'names', 'sep', 'index_col', 'filepath_or_buffer', 'skipinitialspace', 'engine', 'dtype', 'mangle_dupe_cols', 'header', 'delimiter', 'squeeze', 'false_values', 'usecols', 'true_values', 'prefix']
EXPP: ['converters', 'names', 'sep', 'index_col', 'filepath_or_buffer', 'skipinitialspace', 'engine', 'dtype', 'mangle_dupe_cols', 'header', 'delimiter', 'squeeze', 'false_values', 'usecols', 'true_values', 'prefix']
APIDoc Candidates:
[]
All Solution Candidates:
[]
[INFO] This case cannot be fixed!


real	0m0.628s
user	0m1.621s
sys	0m5.489s
