--- Running read_csv#162NN/read_csvNN, strategy: relancer
[ERR MSG]: OrderedDict([('project', 'read_csv#162NN'), ('notebook', 'read_csvNN'), ('text', '  File "read_csvNN.py", line 2, in <module>\n    pd.read_csv(filepath_or_buffer=\'/home/zhang/Packages/tensorflow_file/dev.csv\', squeeze=None, usecols=None, index_col=None, sep=\',\', prefix=None, delimiter=None, names=None, header=\'infer\', mangle_dupe_cols=True)\nTypeError: read_csv() got an unexpected keyword argument \'squeeze\'\n')])
  File "read_csvNN.py", line 2, in <module>
Error inducing API short name: read_csv, line no: 2
Error inducing API fqn: pandas.read_csv, line no: 2
*** TypeError: PLACEHOLDER
Repair Action: arg_name
Key Params: ['filepath_or_buffer', 'squeeze', 'usecols', 'index_col', 'sep', 'prefix', 'delimiter', 'names', 'header', 'mangle_dupe_cols']
Prev Params: None
Prev Repair Action: None
Line No: 2
Prev Line No: 0
GitHub Candidates:
[]
KP:['filepath_or_buffer', 'squeeze', 'usecols', 'index_col', 'sep', 'prefix', 'delimiter', 'names', 'header', 'mangle_dupe_cols']
EXPP: ['filepath_or_buffer', 'squeeze', 'usecols', 'index_col', 'sep', 'prefix', 'delimiter', 'names', 'header', 'mangle_dupe_cols']
APIDoc Candidates:
[]
All Solution Candidates:
[]
[INFO] This case cannot be fixed!


real	0m0.622s
user	0m1.656s
sys	0m5.012s
