--- Running numpy.genfromtxt#116NN/genfromtxtNN, strategy: relancer
[ERR MSG]: OrderedDict([('project', 'numpy.genfromtxt#116NN'), ('notebook', 'genfromtxtNN'), ('text', '  File "genfromtxtNN.py", line 4, in <module>\n    data = np.genfromtxt(f,  float,  \'#\', delimiter=\',\', skiprows=0, skip_header=0, skip_footer=0, converters=None, missing=\'\', missing_values=None, filling_values=None, usecols=None, names=None, excludelist=None)\nTypeError: genfromtxt() got an unexpected keyword argument \'skiprows\'\n')])
  File "genfromtxtNN.py", line 4, in <module>
Error inducing API short name: genfromtxt, line no: 4
Error inducing API fqn: numpy.genfromtxt, line no: 4
*** TypeError: PLACEHOLDER
Repair Action: arg_name
Key Params: ['IMPLICIT_0', 'IMPLICIT_1', 'IMPLICIT_2', 'delimiter', 'skiprows', 'skip_header', 'skip_footer', 'converters', 'missing', 'missing_values', 'filling_values', 'usecols', 'names', 'excludelist']
Prev Params: None
Prev Repair Action: None
Line No: 4
Prev Line No: 0
GitHub Candidates:
[]
KP:['IMPLICIT_0', 'IMPLICIT_1', 'IMPLICIT_2', 'delimiter', 'skiprows', 'skip_header', 'skip_footer', 'converters', 'missing', 'missing_values', 'filling_values', 'usecols', 'names', 'excludelist']
EXPP: ['IMPLICIT_0', 'IMPLICIT_1', 'IMPLICIT_2', 'delimiter', 'skiprows', 'skip_header', 'skip_footer', 'converters', 'missing', 'missing_values', 'filling_values', 'usecols', 'names', 'excludelist']
APIDoc Candidates:
[]
All Solution Candidates:
[]
[INFO] This case cannot be fixed!


real	0m0.478s
user	0m1.539s
sys	0m4.428s
