--- Running pydantic.main.create_model#15NN/create_modelNN, strategy: relancer
[ERR MSG]: OrderedDict([('project', 'pydantic.main.create_model#15NN'), ('notebook', 'create_modelNN'), ('text', '  File "create_modelNN.py", line 13, in <module>\n    DynamicModel = create_model(__module__=None, __config__=None, __base__=MyBaseModel, model_name=\'DynamicModel\')\nTypeError: create_model() missing 1 required positional argument: \'__model_name\'\n')])
  File "create_modelNN.py", line 13, in <module>
Error inducing API short name: create_model, line no: 13
Error inducing API fqn: pydantic.create_model, line no: 13
*** TypeError: PLACEHOLDER
Repair Action: arg_name
Key Params: ['__module__', '__config__', '__base__', 'model_name']
Prev Params: None
Prev Repair Action: None
Line No: 13
Prev Line No: 0
GitHub Candidates:
[]
KP:['__module__', '__config__', '__base__', 'model_name']
EXPP: ['__module__', '__config__', '__base__', 'model_name']
APIDoc Candidates:
[]
All Solution Candidates:
[]
[INFO] This case cannot be fixed!


real	0m0.493s
user	0m0.455s
sys	0m0.039s
