--- Running httpx.delete#27NN/deleteNN, strategy: relancer
[ERR MSG]: OrderedDict([('project', 'httpx.delete#27NN'), ('notebook', 'deleteNN'), ('text', '  File "deleteNN.py", line 2, in <module>\n    delete(\'https://example.com/resource\', timeout=None, stream=False, json=None, allow_redirects=True, data=None, params=None, auth=None, cookies=None, cert=None, files=None, trust_env=None, headers=None, verify=True)\nTypeError: delete() got an unexpected keyword argument \'json\'\n')])
  File "deleteNN.py", line 2, in <module>
Error inducing API short name: delete, line no: 2
Error inducing API fqn: httpx.delete, line no: 2
*** TypeError: PLACEHOLDER
Repair Action: arg_name
Key Params: ['IMPLICIT_0', 'timeout', 'stream', 'json', 'allow_redirects', 'data', 'params', 'auth', 'cookies', 'cert', 'files', 'trust_env', 'headers', 'verify']
Prev Params: None
Prev Repair Action: None
Line No: 2
Prev Line No: 0
GitHub Candidates:
[]
KP:['IMPLICIT_0', 'timeout', 'stream', 'json', 'allow_redirects', 'data', 'params', 'auth', 'cookies', 'cert', 'files', 'trust_env', 'headers', 'verify']
EXPP: ['IMPLICIT_0', 'timeout', 'stream', 'json', 'allow_redirects', 'data', 'params', 'auth', 'cookies', 'cert', 'files', 'trust_env', 'headers', 'verify']
APIDoc Candidates:
[]
All Solution Candidates:
[]
[INFO] This case cannot be fixed!


real	0m0.446s
user	0m0.388s
sys	0m0.058s
