--- Running scipy.sparse.linalg.cg#41NN/cgNN, strategy: relancer
[ERR MSG]: OrderedDict([('project', 'scipy.sparse.linalg.cg#41NN'), ('notebook', 'cgNN'), ('text', '  File "cgNN.py", line 5, in <module>\n    (x, info) = cg(A, b=b, x0=None, tol=1e-05, maxiter=None, xtype=None, M=None, callback=None)\nTypeError: cg() got an unexpected keyword argument \'xtype\'\n')])
  File "cgNN.py", line 5, in <module>
Error inducing API short name: , line no: 5
Error inducing API fqn: scipy.sparse.linalg.cg, line no: 5
*** TypeError: PLACEHOLDER
Repair Action: arg_name
Key Params: ['IMPLICIT_0', 'b', 'x0', 'tol', 'maxiter', 'xtype', 'M', 'callback']
Prev Params: None
Prev Repair Action: None
Line No: 5
Prev Line No: 0
GitHub Candidates:
[]
KP:['IMPLICIT_0', 'b', 'x0', 'tol', 'maxiter', 'xtype', 'M', 'callback']
EXPP: ['IMPLICIT_0', 'b', 'x0', 'tol', 'maxiter', 'xtype', 'M', 'callback']
APIDoc Candidates:
[]
All Solution Candidates:
[]
[INFO] This case cannot be fixed!


real	0m0.553s
user	0m1.566s
sys	0m5.332s
