--- Running Index.copy#12NN/copyNN, strategy: relancer
[ERR MSG]: OrderedDict([('project', 'Index.copy#12NN'), ('notebook', 'copyNN'), ('text', '  File "copyNN.py", line 3, in <module>\n    index_copy = index.copy(None,  False,  None, names=None)\nTypeError: copy() got an unexpected keyword argument \'names\'\n')])
  File "copyNN.py", line 3, in <module>
Error inducing API short name: copy, line no: 3
Error inducing API fqn: UNKNOWN, line no: 3
*** TypeError: PLACEHOLDER
Repair Action: arg_name
Key Params: []
Prev Params: None
Prev Repair Action: None
Line No: 3
Prev Line No: 0
GitHub Candidates:
[]
KP:[]
EXPP: []
APIDoc Candidates:
[]
All Solution Candidates:
[]
[INFO] This case cannot be fixed!


real	0m0.604s
user	0m1.584s
sys	0m6.008s
