--- Running scipy.stats.rv_continuous#60NN/rv_continuousNN, strategy: relancer
[ERR MSG]: OrderedDict([('project', 'scipy.stats.rv_continuous#60NN'), ('notebook', 'rv_continuousNN'), ('text', '  File "/home/zhang/CC/Python/RepairTool/ToolCompare/relancer/relancer-exp/fixed_notebooks/relancer/scipy.stats.rv_continuous#60NN/rv_continuousNN.py", line 2, in <module>\n    rv = stats.rv_continuous(1,  0,  1,  1e-14,  None,  \'my_distribution\', longname=None, shapes=None, extradoc=None, seed=42)\nTypeError: __init__() got an unexpected keyword argument \'extradoc\'\n')])
  File "/home/zhang/CC/Python/RepairTool/ToolCompare/relancer/relancer-exp/fixed_notebooks/relancer/scipy.stats.rv_continuous#60NN/rv_continuousNN.py", line 2, in <module>
Error inducing API short name: rv_continuous, line no: 2
Error inducing API fqn: scipy.stats.rv_continuous, line no: 2
*** TypeError: PLACEHOLDER
Repair Action: arg_name
Key Params: ['IMPLICIT_0', 'IMPLICIT_1', 'IMPLICIT_2', 'IMPLICIT_3', 'IMPLICIT_4', 'IMPLICIT_5', 'longname', 'shapes', 'extradoc', 'seed']
Prev Params: None
Prev Repair Action: None
Line No: 2
Prev Line No: 0
GitHub Candidates:
[]
KP:['IMPLICIT_0', 'IMPLICIT_1', 'IMPLICIT_2', 'IMPLICIT_3', 'IMPLICIT_4', 'IMPLICIT_5', 'longname', 'shapes', 'extradoc', 'seed']
EXPP: ['IMPLICIT_0', 'IMPLICIT_1', 'IMPLICIT_2', 'IMPLICIT_3', 'IMPLICIT_4', 'IMPLICIT_5', 'longname', 'shapes', 'extradoc', 'seed']
APIDoc Candidates:
[]
All Solution Candidates:
[]
[INFO] This case cannot be fixed!


real	0m0.819s
user	0m3.086s
sys	0m11.191s
