--- Running scipy.linalg.solve#40NN/solveNN, strategy: relancer
[ERR MSG]: OrderedDict([('project', 'scipy.linalg.solve#40NN'), ('notebook', 'solveNN'), ('text', '  File "/home/zhang/CC/Python/RepairTool/ToolCompare/relancer/relancer-exp/fixed_notebooks/relancer/scipy.linalg.solve#40NN/solveNN.py", line 4, in <module>\n    x = scipy.linalg.solve(a,  b, sym_pos=False, lower=False, overwrite_a=False, overwrite_b=False, check_finite=True, assume_a=\'gen\')\nTypeError: solve() got an unexpected keyword argument \'sym_pos\'\n')])
  File "/home/zhang/CC/Python/RepairTool/ToolCompare/relancer/relancer-exp/fixed_notebooks/relancer/scipy.linalg.solve#40NN/solveNN.py", line 4, in <module>
Error inducing API short name: solve, line no: 4
Error inducing API fqn: scipy.linalg.solve, line no: 4
*** TypeError: PLACEHOLDER
Repair Action: arg_name
Key Params: ['IMPLICIT_0', 'IMPLICIT_1', 'sym_pos', 'lower', 'overwrite_a', 'overwrite_b', 'check_finite', 'assume_a']
Prev Params: None
Prev Repair Action: None
Line No: 4
Prev Line No: 0
GitHub Candidates:
[]
KP:['IMPLICIT_0', 'IMPLICIT_1', 'sym_pos', 'lower', 'overwrite_a', 'overwrite_b', 'check_finite', 'assume_a']
EXPP: ['IMPLICIT_0', 'IMPLICIT_1', 'sym_pos', 'lower', 'overwrite_a', 'overwrite_b', 'check_finite', 'assume_a']
APIDoc Candidates:
[]
All Solution Candidates:
[]
[INFO] This case cannot be fixed!


real	0m0.542s
user	0m2.056s
sys	0m7.869s
