--- Running read_csv#47NN/read_csvNN, strategy: relancer
[ERR MSG]: OrderedDict([('project', 'read_csv#47NN'), ('notebook', 'read_csvNN'), ('text', '  File "read_csvNN.py", line 2, in <module>\n    pd.read_csv(\'/home/zhang/Packages/tensorflow_file/dev.csv\', on_bad_lines=None)\n  File "/dataset/zhang/anaconda3/envs/Rpandas2.0.0/lib/python3.8/site-packages/pandas/io/parsers/readers.py", line 899, in read_csv\n    kwds_defaults = _refine_defaults_read(\n  File "/dataset/zhang/anaconda3/envs/Rpandas2.0.0/lib/python3.8/site-packages/pandas/io/parsers/readers.py", line 2002, in _refine_defaults_read\n    raise ValueError(f"Argument {on_bad_lines} is invalid for on_bad_lines")\nValueError: Argument None is invalid for on_bad_lines\n')])
  File "read_csvNN.py", line 2, in <module>
Error inducing API short name: read_csv, line no: 2
Error inducing API fqn: pandas.read_csv, line no: 2
*** ValueError: PLACEHOLDER
All known params: []
All known params' names: []
Error line tokens: ['valueerror', 'placeholder']
Repair Action: arg_value
Key Params: []
Prev Params: None
Prev Repair Action: None
Line No: 2
Prev Line No: 0
GitHub Candidates:
[]
APIDoc Candidates:
[]
All Solution Candidates:
[]
[INFO] This case cannot be fixed!


real	0m0.608s
user	0m1.438s
sys	0m5.343s
