--- Running ensemble.GradientBoostingRegressor#42NN/GradientBoostingRegressorNN, strategy: relancer
[ERR MSG]: OrderedDict([('project', 'ensemble.GradientBoostingRegressor#42NN'), ('notebook', 'GradientBoostingRegressorNN'), ('text', '  File "GradientBoostingRegressorNN.py", line 6, in <module>\n    reg = GradientBoostingRegressor(min_samples_leaf=1, max_depth=3, warm_start=False, alpha=0.9, n_estimators=100, subsample=1.0, init=None, random_state=0, max_leaf_nodes=None, min_weight_fraction_leaf=0.0, verbose=0, criterion=\'friedman_mse\', loss=\'ls\', presort=\'deprecated\', min_impurity_decrease=0.0, min_samples_split=2, learning_rate=0.1, max_features=None, min_impurity_split=None)\n  File "/dataset/zhang/anaconda3/envs/Rsklearn0.24.0/lib/python3.6/site-packages/sklearn/utils/validation.py", line 63, in inner_f\n    return f(*args, **kwargs)\nTypeError: __init__() got an unexpected keyword argument \'presort\'\n')])
  File "GradientBoostingRegressorNN.py", line 6, in <module>
Error inducing API short name: GradientBoostingRegressor, line no: 6
Error inducing API fqn: sklearn.ensemble.GradientBoostingRegressor, line no: 6
*** TypeError: PLACEHOLDER
Repair Action: arg_name
Key Params: ['min_samples_leaf', 'max_depth', 'warm_start', 'alpha', 'n_estimators', 'subsample', 'init', 'random_state', 'max_leaf_nodes', 'min_weight_fraction_leaf', 'verbose', 'criterion', 'loss', 'presort', 'min_impurity_decrease', 'min_samples_split', 'learning_rate', 'max_features', 'min_impurity_split']
Prev Params: None
Prev Repair Action: None
Line No: 6
Prev Line No: 0
GitHub Candidates:
[]
KP:['min_samples_leaf', 'max_depth', 'warm_start', 'alpha', 'n_estimators', 'subsample', 'init', 'random_state', 'max_leaf_nodes', 'min_weight_fraction_leaf', 'verbose', 'criterion', 'loss', 'presort', 'min_impurity_decrease', 'min_samples_split', 'learning_rate', 'max_features', 'min_impurity_split']
EXPP: ['min_samples_leaf', 'max_depth', 'warm_start', 'alpha', 'n_estimators', 'subsample', 'init', 'random_state', 'max_leaf_nodes', 'min_weight_fraction_leaf', 'verbose', 'criterion', 'loss', 'presort', 'min_impurity_decrease', 'min_samples_split', 'learning_rate', 'max_features', 'min_impurity_split']
APIDoc Candidates:
[]
All Solution Candidates:
[]
[INFO] This case cannot be fixed!


real	0m1.004s
user	0m4.054s
sys	0m13.851s
