--- Running scipy.stats.shapiro#3NN/shapiroNN, strategy: relancer
[ERR MSG]: OrderedDict([('project', 'scipy.stats.shapiro#3NN'), ('notebook', 'shapiroNN'), ('text', '  File "shapiroNN.py", line 3, in <module>\n    (statistic, p_value) = stats.shapiro(x,  None)\nTypeError: shapiro() takes 1 positional argument but 2 were given\n')])
  File "shapiroNN.py", line 3, in <module>
Error inducing API short name: , line no: 3
Error inducing API fqn: scipy.stats.shapiro, line no: 3
*** TypeError: PLACEHOLDER
Repair Action: arg_name
Key Params: ['IMPLICIT_0', 'IMPLICIT_1']
Prev Params: None
Prev Repair Action: None
Line No: 3
Prev Line No: 0
GitHub Candidates:
[]
KP:['IMPLICIT_0', 'IMPLICIT_1']
EXPP: ['IMPLICIT_0', 'IMPLICIT_1']
APIDoc Candidates:
[]
All Solution Candidates:
[]
[INFO] This case cannot be fixed!


real	0m0.611s
user	0m1.698s
sys	0m5.478s
