--- Running tf.keras.losses.SparseCategoricalCrossentropy#7NN/SparseCategoricalCrossentropyNN, strategy: relancer
[ERR MSG]: OrderedDict([('project', 'tf.keras.losses.SparseCategoricalCrossentropy#7NN'), ('notebook', 'SparseCategoricalCrossentropyNN'), ('text', '  File "SparseCategoricalCrossentropyNN.py", line 2, in <module>\n    scce = tf.keras.losses.SparseCategoricalCrossentropy(False,  tf.keras.losses.Reduction.NONE,  \'sparse_categorical_crossentropy\')\n  File "/dataset/zhang/anaconda3/envs/Rtensorflow2.10.0/lib/python3.7/site-packages/keras/losses.py", line 1017, in __init__\n    ignore_class=ignore_class,\n  File "/dataset/zhang/anaconda3/envs/Rtensorflow2.10.0/lib/python3.7/site-packages/keras/losses.py", line 250, in __init__\n    super().__init__(reduction=reduction, name=name)\n  File "/dataset/zhang/anaconda3/envs/Rtensorflow2.10.0/lib/python3.7/site-packages/keras/losses.py", line 94, in __init__\n    losses_utils.ReductionV2.validate(reduction)\n  File "/dataset/zhang/anaconda3/envs/Rtensorflow2.10.0/lib/python3.7/site-packages/keras/utils/losses_utils.py", line 89, in validate\n    f\'Invalid Reduction Key: {key}. Expected keys are "{cls.all()}"\'\nValueError: Invalid Reduction Key: sparse_categorical_crossentropy. Expected keys are "(\'auto\', \'none\', \'sum\', \'sum_over_batch_size\')"\n')])
  File "SparseCategoricalCrossentropyNN.py", line 2, in <module>
Error inducing API short name: SparseCategoricalCrossentropy, line no: 2
Error inducing API fqn: tensorflow.keras.losses.SparseCategoricalCrossentropy, line no: 2
*** ValueError: PLACEHOLDER
All known params: []
All known params' names: []
Error line tokens: ['valueerror', 'placeholder']
Repair Action: arg_value
Key Params: []
Prev Params: None
Prev Repair Action: None
Line No: 2
Prev Line No: 0
GitHub Candidates:
[]
APIDoc Candidates:
[]
All Solution Candidates:
[]
[INFO] This case cannot be fixed!


real	0m5.136s
user	0m2.922s
sys	0m6.737s
