--- Running scipy.sparse.linalg.gmres#54NN/gmresNN, strategy: relancer
[ERR MSG]: OrderedDict([('project', 'scipy.sparse.linalg.gmres#54NN'), ('notebook', 'gmresNN'), ('text', '  File "gmresNN.py", line 13, in <module>\n    (x, info) = gmres(A,  b,  x0,  tol,  restart,  maxiter,  xtype,  M,  callback, restrt=restrt)\nTypeError: gmres() got multiple values for argument \'restrt\'\n')])
  File "gmresNN.py", line 13, in <module>
Error inducing API short name: , line no: 13
Error inducing API fqn: scipy.sparse.linalg.gmres, line no: 13
*** TypeError: PLACEHOLDER
Repair Action: arg_name
Key Params: ['IMPLICIT_0', 'IMPLICIT_1', 'IMPLICIT_2', 'IMPLICIT_3', 'IMPLICIT_4', 'IMPLICIT_5', 'IMPLICIT_6', 'IMPLICIT_7', 'IMPLICIT_8', 'restrt']
Prev Params: None
Prev Repair Action: None
Line No: 13
Prev Line No: 0
GitHub Candidates:
[]
KP:['IMPLICIT_0', 'IMPLICIT_1', 'IMPLICIT_2', 'IMPLICIT_3', 'IMPLICIT_4', 'IMPLICIT_5', 'IMPLICIT_6', 'IMPLICIT_7', 'IMPLICIT_8', 'restrt']
EXPP: ['IMPLICIT_0', 'IMPLICIT_1', 'IMPLICIT_2', 'IMPLICIT_3', 'IMPLICIT_4', 'IMPLICIT_5', 'IMPLICIT_6', 'IMPLICIT_7', 'IMPLICIT_8', 'restrt']
APIDoc Candidates:
[]
All Solution Candidates:
[]
[INFO] This case cannot be fixed!


real	0m0.607s
user	0m1.669s
sys	0m5.774s
