--- Running read_csv#172NN/read_csvNN, strategy: relancer
[ERR MSG]: OrderedDict([('project', 'read_csv#172NN'), ('notebook', 'read_csvNN'), ('text', '  File "read_csvNN.py", line 2, in <module>\n    pd.read_csv(filepath_or_buffer=\'/home/zhang/Packages/tensorflow_file/dev.csv\', prefix=None, index_col=None, engine=None, squeeze=None, skipfooter=0, converters=None, usecols=None, na_values=None, true_values=None, sep=\',\', names=None, nrows=None, skiprows=None, false_values=None, mangle_dupe_cols=True, delimiter=None, skipinitialspace=False, header=\'infer\', dtype=None)\nTypeError: read_csv() got an unexpected keyword argument \'prefix\'\n')])
  File "read_csvNN.py", line 2, in <module>
Error inducing API short name: read_csv, line no: 2
Error inducing API fqn: pandas.read_csv, line no: 2
*** TypeError: PLACEHOLDER
Repair Action: arg_name
Key Params: ['filepath_or_buffer', 'prefix', 'index_col', 'engine', 'squeeze', 'skipfooter', 'converters', 'usecols', 'na_values', 'true_values', 'sep', 'names', 'nrows', 'skiprows', 'false_values', 'mangle_dupe_cols', 'delimiter', 'skipinitialspace', 'header', 'dtype']
Prev Params: None
Prev Repair Action: None
Line No: 2
Prev Line No: 0
GitHub Candidates:
[]
KP:['filepath_or_buffer', 'prefix', 'index_col', 'engine', 'squeeze', 'skipfooter', 'converters', 'usecols', 'na_values', 'true_values', 'sep', 'names', 'nrows', 'skiprows', 'false_values', 'mangle_dupe_cols', 'delimiter', 'skipinitialspace', 'header', 'dtype']
EXPP: ['filepath_or_buffer', 'prefix', 'index_col', 'engine', 'squeeze', 'skipfooter', 'converters', 'usecols', 'na_values', 'true_values', 'sep', 'names', 'nrows', 'skiprows', 'false_values', 'mangle_dupe_cols', 'delimiter', 'skipinitialspace', 'header', 'dtype']
APIDoc Candidates:
[]
All Solution Candidates:
[]
[INFO] This case cannot be fixed!


real	0m0.603s
user	0m1.560s
sys	0m5.434s
