--- Running httpx.delete#23NN/deleteNN, strategy: relancer
[ERR MSG]: OrderedDict([('project', 'httpx.delete#23NN'), ('notebook', 'deleteNN'), ('text', '  File "deleteNN.py", line 2, in <module>\n    delete(\'https://example.com/resource\', headers=None, files=None, auth=None, params=None, cookies=None, allow_redirects=True, stream=False, data=None, json=None)\nTypeError: delete() got an unexpected keyword argument \'files\'\n')])
  File "deleteNN.py", line 2, in <module>
Error inducing API short name: delete, line no: 2
Error inducing API fqn: httpx.delete, line no: 2
*** TypeError: PLACEHOLDER
Repair Action: arg_name
Key Params: ['IMPLICIT_0', 'headers', 'files', 'auth', 'params', 'cookies', 'allow_redirects', 'stream', 'data', 'json']
Prev Params: None
Prev Repair Action: None
Line No: 2
Prev Line No: 0
GitHub Candidates:
[]
KP:['IMPLICIT_0', 'headers', 'files', 'auth', 'params', 'cookies', 'allow_redirects', 'stream', 'data', 'json']
EXPP: ['IMPLICIT_0', 'headers', 'files', 'auth', 'params', 'cookies', 'allow_redirects', 'stream', 'data', 'json']
APIDoc Candidates:
[]
All Solution Candidates:
[]
[INFO] This case cannot be fixed!


real	0m0.436s
user	0m0.374s
sys	0m0.062s
