--- Running matplotlib.path.Path.cleaned#49NN/cleanedNN, strategy: relancer
[ERR MSG]: OrderedDict([('project', 'matplotlib.path.Path.cleaned#49NN'), ('notebook', 'cleanedNN'), ('text', '  File "cleanedNN.py", line 5, in <module>\n    cleaned_path = path.cleaned(None,  False,  None,  None,  False,  False, stroke_width=1.0, snap=False, sketch=None)\nTypeError: cleaned() takes from 1 to 4 positional arguments but 7 positional arguments (and 3 keyword-only arguments) were given\n')])
  File "cleanedNN.py", line 5, in <module>
Error inducing API short name: cleaned, line no: 5
Error inducing API fqn: UNKNOWN, line no: 5
*** TypeError: PLACEHOLDER
Repair Action: arg_name
Key Params: []
Prev Params: None
Prev Repair Action: None
Line No: 5
Prev Line No: 0
GitHub Candidates:
[]
KP:[]
EXPP: []
APIDoc Candidates:
[]
All Solution Candidates:
[]
[INFO] This case cannot be fixed!


real	0m0.583s
user	0m1.708s
sys	0m5.869s
