--- Running rich.syntax.Syntax#64NN/SyntaxNN, strategy: relancer
[ERR MSG]: OrderedDict([('project', 'rich.syntax.Syntax#64NN'), ('notebook', 'SyntaxNN'), ('text', '  File "SyntaxNN.py", line 2, in <module>\n    syntax = Syntax(line_numbers=True, code_width=50, theme=\'monokai\', highlight_lines={2, 3}, dedent=False, tab_size=4, code="print(\'hello world\')", line_range=(1, 5), word_wrap=True, lexer_name=\'python\', start_line=1)\nTypeError: __init__() got an unexpected keyword argument \'lexer_name\'\n')])
  File "SyntaxNN.py", line 2, in <module>
Error inducing API short name: , line no: 2
Error inducing API fqn: rich.syntax.Syntax, line no: 2
*** TypeError: PLACEHOLDER
Repair Action: arg_name
Key Params: ['line_numbers', 'code_width', 'theme', 'highlight_lines', 'dedent', 'tab_size', 'code', 'line_range', 'word_wrap', 'lexer_name', 'start_line']
Prev Params: None
Prev Repair Action: None
Line No: 2
Prev Line No: 0
GitHub Candidates:
[]
KP:['line_numbers', 'code_width', 'theme', 'highlight_lines', 'dedent', 'tab_size', 'code', 'line_range', 'word_wrap', 'lexer_name', 'start_line']
EXPP: ['line_numbers', 'code_width', 'theme', 'highlight_lines', 'dedent', 'tab_size', 'code', 'line_range', 'word_wrap', 'lexer_name', 'start_line']
APIDoc Candidates:
[]
All Solution Candidates:
[]
[INFO] This case cannot be fixed!


real	0m0.358s
user	0m0.313s
sys	0m0.045s
