--- Running traceback.install#4NN/installNN, strategy: relancer
[ERR MSG]: OrderedDict([('project', 'traceback.install#4NN'), ('notebook', 'installNN'), ('text', '  File "installNN.py", line 3, in <module>\n    install(line_numbers=True)\nTypeError: install() got an unexpected keyword argument \'line_numbers\'\n')])
  File "installNN.py", line 3, in <module>
Error inducing API short name: install, line no: 3
Error inducing API fqn: rich.traceback.install, line no: 3
*** TypeError: PLACEHOLDER
Repair Action: arg_name
Key Params: ['line_numbers']
Prev Params: None
Prev Repair Action: None
Line No: 3
Prev Line No: 0
GitHub Candidates:
[]
KP:['line_numbers']
EXPP: ['line_numbers']
APIDoc Candidates:
[]
All Solution Candidates:
[]
[INFO] This case cannot be fixed!


real	0m0.369s
user	0m0.342s
sys	0m0.027s
