--- Running Timestamp#88NN/TimestampNN, strategy: relancer
[ERR MSG]: OrderedDict([('project', 'Timestamp#88NN'), ('notebook', 'TimestampNN'), ('text', '  File "TimestampNN.py", line 2, in <module>\n    pd.Timestamp(month=None, year=None, fold=None, freq=None, unit=None, day=None, hour=None, tz=None, ts_input=\'2017-01-01T12\')\n  File "pandas/_libs/tslibs/timestamps.pyx", line 1523, in pandas._libs.tslibs.timestamps.Timestamp.__new__\nTypeError: __new__() got an unexpected keyword argument \'freq\'\n')])
  File "TimestampNN.py", line 2, in <module>
Error inducing API short name: Timestamp, line no: 2
Error inducing API fqn: pandas.Timestamp, line no: 2
*** TypeError: PLACEHOLDER
Repair Action: arg_name
Key Params: ['month', 'year', 'fold', 'freq', 'unit', 'day', 'hour', 'tz', 'ts_input']
Prev Params: None
Prev Repair Action: None
Line No: 2
Prev Line No: 0
GitHub Candidates:
[]
KP:['month', 'year', 'fold', 'freq', 'unit', 'day', 'hour', 'tz', 'ts_input']
EXPP: ['month', 'year', 'fold', 'freq', 'unit', 'day', 'hour', 'tz', 'ts_input']
APIDoc Candidates:
[]
All Solution Candidates:
[]
[INFO] This case cannot be fixed!


real	0m0.630s
user	0m1.744s
sys	0m5.781s
