--- Running Response#39NN/ResponseNN, strategy: relancer
[ERR MSG]: OrderedDict([('project', 'Response#39NN'), ('notebook', 'ResponseNN'), ('text', '  File "ResponseNN.py", line 2, in <module>\n    Response(ext=None, status_code=1, content=None, stream=None, history=None, headers=None, text=None, request=None, json=None, html=None)\nTypeError: __init__() got an unexpected keyword argument \'ext\'\n')])
  File "ResponseNN.py", line 2, in <module>
Error inducing API short name: Response, line no: 2
Error inducing API fqn: httpx.Response, line no: 2
*** TypeError: PLACEHOLDER
Repair Action: arg_name
Key Params: ['ext', 'status_code', 'content', 'stream', 'history', 'headers', 'text', 'request', 'json', 'html']
Prev Params: None
Prev Repair Action: None
Line No: 2
Prev Line No: 0
GitHub Candidates:
[]
KP:['ext', 'status_code', 'content', 'stream', 'history', 'headers', 'text', 'request', 'json', 'html']
EXPP: ['ext', 'status_code', 'content', 'stream', 'history', 'headers', 'text', 'request', 'json', 'html']
APIDoc Candidates:
[]
All Solution Candidates:
[]
[INFO] This case cannot be fixed!


real	0m0.428s
user	0m0.374s
sys	0m0.054s
