--- Running DataFrame.between_time#5NN/between_timeNN, strategy: relancer
[ERR MSG]: OrderedDict([('project', 'DataFrame.between_time#5NN'), ('notebook', 'between_timeNN'), ('text', '  File "between_timeNN.py", line 4, in <module>\n    ts.between_time(\'0:15\',  \'0:45\', include_start=True)\nTypeError: between_time() got an unexpected keyword argument \'include_start\'\n')])
  File "between_timeNN.py", line 4, in <module>
Error inducing API short name: between_time, line no: 4
Error inducing API fqn: UNKNOWN, line no: 4
*** TypeError: PLACEHOLDER
Repair Action: arg_name
Key Params: []
Prev Params: None
Prev Repair Action: None
Line No: 4
Prev Line No: 0
GitHub Candidates:
[]
KP:[]
EXPP: []
APIDoc Candidates:
[]
All Solution Candidates:
[]
[INFO] This case cannot be fixed!


real	0m0.629s
user	0m1.843s
sys	0m6.442s
