--- Running httpx.delete#48NN/deleteNN, strategy: relancer
[ERR MSG]: OrderedDict([('project', 'httpx.delete#48NN'), ('notebook', 'deleteNN'), ('text', '  File "deleteNN.py", line 2, in <module>\n    delete(data=None, files=None, json=None, headers=None, params=None, url=\'https://example.com/resource\', cookies=None)\nTypeError: delete() got an unexpected keyword argument \'data\'\n')])
  File "deleteNN.py", line 2, in <module>
Error inducing API short name: delete, line no: 2
Error inducing API fqn: httpx.delete, line no: 2
*** TypeError: PLACEHOLDER
Repair Action: arg_name
Key Params: ['data', 'files', 'json', 'headers', 'params', 'url', 'cookies']
Prev Params: None
Prev Repair Action: None
Line No: 2
Prev Line No: 0
GitHub Candidates:
[]
KP:['data', 'files', 'json', 'headers', 'params', 'url', 'cookies']
EXPP: ['data', 'files', 'json', 'headers', 'params', 'url', 'cookies']
APIDoc Candidates:
[]
All Solution Candidates:
[]
[INFO] This case cannot be fixed!


real	0m0.435s
user	0m0.392s
sys	0m0.044s
