--- Running polars.DataFrame.write_json#21NN/write_jsonNN, strategy: relancer
[ERR MSG]: OrderedDict([('project', 'polars.DataFrame.write_json#21NN'), ('notebook', 'write_jsonNN'), ('text', '  File "write_jsonNN.py", line 3, in <module>\n    df.write_json(\'output.json\',  False,  False,  None)\nTypeError: write_json() takes from 1 to 4 positional arguments but 5 were given\n')])
  File "write_jsonNN.py", line 3, in <module>
Error inducing API short name: write_json, line no: 3
Error inducing API fqn: UNKNOWN, line no: 3
*** TypeError: PLACEHOLDER
Repair Action: arg_name
Key Params: []
Prev Params: None
Prev Repair Action: None
Line No: 3
Prev Line No: 0
GitHub Candidates:
[]
KP:[]
EXPP: []
APIDoc Candidates:
[]
All Solution Candidates:
[]
[INFO] This case cannot be fixed!


real	0m0.399s
user	0m0.362s
sys	0m0.038s
