--- Running tornado.platform.twisted.install#3NN/installNN, strategy: relancer
[ERR MSG]: OrderedDict([('project', 'tornado.platform.twisted.install#3NN'), ('notebook', 'installNN'), ('text', '  File "installNN.py", line 2, in <module>\n    tornado.platform.twisted.install(io_loop=None)\nTypeError: install() got an unexpected keyword argument \'io_loop\'\n')])
  File "installNN.py", line 2, in <module>
Error inducing API short name: install, line no: 2
Error inducing API fqn: tornado.platform.twisted.install, line no: 2
*** TypeError: PLACEHOLDER
Repair Action: arg_name
Key Params: ['io_loop']
Prev Params: None
Prev Repair Action: None
Line No: 2
Prev Line No: 0
GitHub Candidates:
[]
KP:['io_loop']
EXPP: ['io_loop']
APIDoc Candidates:
[]
All Solution Candidates:
[]
[INFO] This case cannot be fixed!


real	0m1.235s
user	0m0.659s
sys	0m0.085s
