--- Running read_csv#71NN/read_csvNN, strategy: relancer
[ERR MSG]: OrderedDict([('project', 'read_csv#71NN'), ('notebook', 'read_csvNN'), ('text', '  File "read_csvNN.py", line 2, in <module>\n    pd.read_csv(\'/home/zhang/Packages/tensorflow_file/dev.csv\', nrows=None, header=\'infer\', skipfooter=0, index_col=None, false_values=None, true_values=None, squeeze=None, sep=\',\', prefix=None, delimiter=None, keep_default_na=True, dtype=None, names=None, converters=None, skipinitialspace=False, skiprows=None, na_values=None, usecols=None, mangle_dupe_cols=True, engine=None)\nTypeError: read_csv() got an unexpected keyword argument \'squeeze\'\n')])
  File "read_csvNN.py", line 2, in <module>
Error inducing API short name: read_csv, line no: 2
Error inducing API fqn: pandas.read_csv, line no: 2
*** TypeError: PLACEHOLDER
Repair Action: arg_name
Key Params: ['IMPLICIT_0', 'nrows', 'header', 'skipfooter', 'index_col', 'false_values', 'true_values', 'squeeze', 'sep', 'prefix', 'delimiter', 'keep_default_na', 'dtype', 'names', 'converters', 'skipinitialspace', 'skiprows', 'na_values', 'usecols', 'mangle_dupe_cols', 'engine']
Prev Params: None
Prev Repair Action: None
Line No: 2
Prev Line No: 0
GitHub Candidates:
[]
KP:['IMPLICIT_0', 'nrows', 'header', 'skipfooter', 'index_col', 'false_values', 'true_values', 'squeeze', 'sep', 'prefix', 'delimiter', 'keep_default_na', 'dtype', 'names', 'converters', 'skipinitialspace', 'skiprows', 'na_values', 'usecols', 'mangle_dupe_cols', 'engine']
EXPP: ['IMPLICIT_0', 'nrows', 'header', 'skipfooter', 'index_col', 'false_values', 'true_values', 'squeeze', 'sep', 'prefix', 'delimiter', 'keep_default_na', 'dtype', 'names', 'converters', 'skipinitialspace', 'skiprows', 'na_values', 'usecols', 'mangle_dupe_cols', 'engine']
APIDoc Candidates:
[]
All Solution Candidates:
[]
[INFO] This case cannot be fixed!


real	0m0.635s
user	0m1.718s
sys	0m5.272s
