--- Running date_range#35NN/date_rangeNN, strategy: relancer
[ERR MSG]: OrderedDict([('project', 'date_range#35NN'), ('notebook', 'date_rangeNN'), ('text', '  File "date_rangeNN.py", line 2, in <module>\n    pd.date_range(\'1/1/2018\',  \'1/08/2018\',  None,  None,  None,  False,  None, closed=None)\n  File "/dataset/zhang/anaconda3/envs/Rpandas2.0.0/lib/python3.8/site-packages/pandas/core/indexes/datetimes.py", line 945, in date_range\n    dtarr = DatetimeArray._generate_range(\nTypeError: _generate_range() got an unexpected keyword argument \'closed\'\n')])
  File "date_rangeNN.py", line 2, in <module>
Error inducing API short name: date_range, line no: 2
Error inducing API fqn: pandas.date_range, line no: 2
*** TypeError: PLACEHOLDER
Repair Action: arg_name
Key Params: ['IMPLICIT_0', 'IMPLICIT_1', 'IMPLICIT_2', 'IMPLICIT_3', 'IMPLICIT_4', 'IMPLICIT_5', 'IMPLICIT_6', 'closed']
Prev Params: None
Prev Repair Action: None
Line No: 2
Prev Line No: 0
GitHub Candidates:
[]
KP:['IMPLICIT_0', 'IMPLICIT_1', 'IMPLICIT_2', 'IMPLICIT_3', 'IMPLICIT_4', 'IMPLICIT_5', 'IMPLICIT_6', 'closed']
EXPP: ['IMPLICIT_0', 'IMPLICIT_1', 'IMPLICIT_2', 'IMPLICIT_3', 'IMPLICIT_4', 'IMPLICIT_5', 'IMPLICIT_6', 'closed']
APIDoc Candidates:
[]
All Solution Candidates:
[]
[INFO] This case cannot be fixed!


real	0m0.589s
user	0m1.615s
sys	0m5.096s
