--- Running httpx.delete#51NN/deleteNN, strategy: relancer
[ERR MSG]: OrderedDict([('project', 'httpx.delete#51NN'), ('notebook', 'deleteNN'), ('text', '  File "deleteNN.py", line 2, in <module>\n    delete(stream=False, auth=None, url=\'https://example.com/resource\', params=None, data=None, cookies=None, headers=None, allow_redirects=True, files=None, json=None)\nTypeError: delete() got an unexpected keyword argument \'data\'\n')])
  File "deleteNN.py", line 2, in <module>
Error inducing API short name: delete, line no: 2
Error inducing API fqn: httpx.delete, line no: 2
*** TypeError: PLACEHOLDER
Repair Action: arg_name
Key Params: ['stream', 'auth', 'url', 'params', 'data', 'cookies', 'headers', 'allow_redirects', 'files', 'json']
Prev Params: None
Prev Repair Action: None
Line No: 2
Prev Line No: 0
GitHub Candidates:
[]
KP:['stream', 'auth', 'url', 'params', 'data', 'cookies', 'headers', 'allow_redirects', 'files', 'json']
EXPP: ['stream', 'auth', 'url', 'params', 'data', 'cookies', 'headers', 'allow_redirects', 'files', 'json']
APIDoc Candidates:
[]
All Solution Candidates:
[]
[INFO] This case cannot be fixed!


real	0m0.444s
user	0m0.385s
sys	0m0.059s
