--- Running DataFrame.set_axis#11NN/set_axisNN, strategy: relancer
[ERR MSG]: OrderedDict([('project', 'DataFrame.set_axis#11NN'), ('notebook', 'set_axisNN'), ('text', '  File "set_axisNN.py", line 3, in <module>\n    df.set_axis(labels=[\'a\', \'b\', \'c\'], axis=\'index\', inplace=False)\nTypeError: set_axis() got an unexpected keyword argument \'inplace\'\n')])
  File "set_axisNN.py", line 3, in <module>
Error inducing API short name: set_axis, line no: 3
Error inducing API fqn: UNKNOWN, line no: 3
*** TypeError: PLACEHOLDER
Repair Action: arg_name
Key Params: []
Prev Params: None
Prev Repair Action: None
Line No: 3
Prev Line No: 0
GitHub Candidates:
[]
KP:[]
EXPP: []
APIDoc Candidates:
[]
All Solution Candidates:
[]
[INFO] This case cannot be fixed!


real	0m0.630s
user	0m1.639s
sys	0m5.636s
