--- Running polars.Expr.str.ljust#5NN/ljustNN, strategy: relancer
[ERR MSG]: OrderedDict([('project', 'polars.Expr.str.ljust#5NN'), ('notebook', 'ljustNN'), ('text', '  File "ljustNN.py", line 4, in <module>\n    rjust_df = df.select(context.str.ljust(width=10, fillchar=\'-\'))\nTypeError: ljust() got an unexpected keyword argument \'fillchar\'\n')])
  File "ljustNN.py", line 4, in <module>
Error inducing API short name: select, line no: 4
Error inducing API fqn: UNKNOWN, line no: 4
*** TypeError: PLACEHOLDER
Repair Action: arg_name
Key Params: []
Prev Params: None
Prev Repair Action: None
Line No: 4
Prev Line No: 0
GitHub Candidates:
[]
KP:[]
EXPP: []
APIDoc Candidates:
[]
All Solution Candidates:
[]
[INFO] This case cannot be fixed!


real	0m0.398s
user	0m0.357s
sys	0m0.042s
