--- Running set_edge_attributes#1NN/set_edge_attributesNN, strategy: relancer
[ERR MSG]: OrderedDict([('project', 'set_edge_attributes#1NN'), ('notebook', 'set_edge_attributesNN'), ('text', '  File "set_edge_attributesNN.py", line 5, in <module>\n    nx.set_edge_attributes(G,  \'color\',  values)\n  File "/dataset/zhang/anaconda3/envs/Rnetworkx2.0/lib/python3.8/site-packages/networkx/classes/function.py", line 763, in set_edge_attributes\n    data[name] = values\nTypeError: unhashable type: \'dict\'\n')])
  File "set_edge_attributesNN.py", line 5, in <module>
Error inducing API short name: set_edge_attributes, line no: 5
Error inducing API fqn: networkx.set_edge_attributes, line no: 5
*** TypeError: PLACEHOLDER
Repair Action: arg_name
Key Params: ['IMPLICIT_0', 'IMPLICIT_1', 'IMPLICIT_2']
Prev Params: None
Prev Repair Action: None
Line No: 5
Prev Line No: 0
GitHub Candidates:
[]
KP:['IMPLICIT_0', 'IMPLICIT_1', 'IMPLICIT_2']
EXPP: ['IMPLICIT_0', 'IMPLICIT_1', 'IMPLICIT_2']
APIDoc Candidates:
[]
All Solution Candidates:
[]
[INFO] This case cannot be fixed!


real	0m0.462s
user	0m0.402s
sys	0m0.049s
