--- Running read_csv#110NN/read_csvNN, strategy: relancer
[ERR MSG]: OrderedDict([('project', 'read_csv#110NN'), ('notebook', 'read_csvNN'), ('text', '  File "read_csvNN.py", line 2, in <module>\n    pd.read_csv(squeeze=None, filepath_or_buffer=\'/home/zhang/Packages/tensorflow_file/dev.csv\')\nTypeError: read_csv() got an unexpected keyword argument \'squeeze\'\n')])
  File "read_csvNN.py", line 2, in <module>
Error inducing API short name: read_csv, line no: 2
Error inducing API fqn: pandas.read_csv, line no: 2
*** TypeError: PLACEHOLDER
Repair Action: arg_name
Key Params: ['squeeze', 'filepath_or_buffer']
Prev Params: None
Prev Repair Action: None
Line No: 2
Prev Line No: 0
GitHub Candidates:
[]
KP:['squeeze', 'filepath_or_buffer']
EXPP: ['squeeze', 'filepath_or_buffer']
APIDoc Candidates:
[]
All Solution Candidates:
[]
[INFO] This case cannot be fixed!


real	0m0.599s
user	0m1.779s
sys	0m6.238s
