--- Running read_csv#182NN/read_csvNN, strategy: relancer
[ERR MSG]: OrderedDict([('project', 'read_csv#182NN'), ('notebook', 'read_csvNN'), ('text', '  File "read_csvNN.py", line 2, in <module>\n    pd.read_csv(skipfooter=0, nrows=None, infer_datetime_format=False, true_values=None, delimiter=None, usecols=None, engine=None, date_parser=None, parse_dates=None, na_filter=True, squeeze=None, false_values=None, mangle_dupe_cols=True, skiprows=None, verbose=False, names=None, keep_default_na=True, cache_dates=True, converters=None, prefix=None, skip_blank_lines=True, keep_date_col=False, filepath_or_buffer=\'/home/zhang/Packages/tensorflow_file/dev.csv\', sep=\',\', index_col=None, na_values=None, header=\'infer\', dayfirst=False, skipinitialspace=False, dtype=None)\nTypeError: read_csv() got an unexpected keyword argument \'squeeze\'\n')])
  File "read_csvNN.py", line 2, in <module>
Error inducing API short name: read_csv, line no: 2
Error inducing API fqn: pandas.read_csv, line no: 2
*** TypeError: PLACEHOLDER
Repair Action: arg_name
Key Params: ['skipfooter', 'nrows', 'infer_datetime_format', 'true_values', 'delimiter', 'usecols', 'engine', 'date_parser', 'parse_dates', 'na_filter', 'squeeze', 'false_values', 'mangle_dupe_cols', 'skiprows', 'verbose', 'names', 'keep_default_na', 'cache_dates', 'converters', 'prefix', 'skip_blank_lines', 'keep_date_col', 'filepath_or_buffer', 'sep', 'index_col', 'na_values', 'header', 'dayfirst', 'skipinitialspace', 'dtype']
Prev Params: None
Prev Repair Action: None
Line No: 2
Prev Line No: 0
GitHub Candidates:
[]
KP:['skipfooter', 'nrows', 'infer_datetime_format', 'true_values', 'delimiter', 'usecols', 'engine', 'date_parser', 'parse_dates', 'na_filter', 'squeeze', 'false_values', 'mangle_dupe_cols', 'skiprows', 'verbose', 'names', 'keep_default_na', 'cache_dates', 'converters', 'prefix', 'skip_blank_lines', 'keep_date_col', 'filepath_or_buffer', 'sep', 'index_col', 'na_values', 'header', 'dayfirst', 'skipinitialspace', 'dtype']
EXPP: ['skipfooter', 'nrows', 'infer_datetime_format', 'true_values', 'delimiter', 'usecols', 'engine', 'date_parser', 'parse_dates', 'na_filter', 'squeeze', 'false_values', 'mangle_dupe_cols', 'skiprows', 'verbose', 'names', 'keep_default_na', 'cache_dates', 'converters', 'prefix', 'skip_blank_lines', 'keep_date_col', 'filepath_or_buffer', 'sep', 'index_col', 'na_values', 'header', 'dayfirst', 'skipinitialspace', 'dtype']
APIDoc Candidates:
[]
All Solution Candidates:
[]
[INFO] This case cannot be fixed!


real	0m0.647s
user	0m1.649s
sys	0m5.322s
