--- Running rich.syntax.Syntax#27NN/SyntaxNN, strategy: relancer
[ERR MSG]: OrderedDict([('project', 'rich.syntax.Syntax#27NN'), ('notebook', 'SyntaxNN'), ('text', '  File "SyntaxNN.py", line 2, in <module>\n    syntax = Syntax("print(\'hello world\')", start_line=1, lexer_name=\'python\')\nTypeError: __init__() got an unexpected keyword argument \'lexer_name\'\n')])
  File "SyntaxNN.py", line 2, in <module>
Error inducing API short name: 'python'), line no: 2
Error inducing API fqn: UNKNOWN, line no: 2
*** TypeError: PLACEHOLDER
Repair Action: arg_name
Key Params: []
Prev Params: None
Prev Repair Action: None
Line No: 2
Prev Line No: 0
GitHub Candidates:
[]
KP:[]
EXPP: []
APIDoc Candidates:
[]
All Solution Candidates:
[]
[INFO] This case cannot be fixed!


real	0m0.382s
user	0m0.344s
sys	0m0.032s
