--- Running linear_model.LinearRegression#8NN/LinearRegressionNN, strategy: relancer
[ERR MSG]: OrderedDict([('project', 'linear_model.LinearRegression#8NN'), ('notebook', 'LinearRegressionNN'), ('text', '  File "LinearRegressionNN.py", line 5, in <module>\n    reg = LinearRegression(copy_X=True, normalize=\'deprecated\', fit_intercept=True)\nTypeError: __init__() got an unexpected keyword argument \'normalize\'\n')])
  File "LinearRegressionNN.py", line 5, in <module>
Error inducing API short name: LinearRegression, line no: 5
Error inducing API fqn: sklearn.linear_model.LinearRegression, line no: 5
*** TypeError: PLACEHOLDER
Repair Action: arg_name
Key Params: ['copy_X', 'normalize', 'fit_intercept']
Prev Params: None
Prev Repair Action: None
Line No: 5
Prev Line No: 0
GitHub Candidates:
[]
KP:['copy_X', 'normalize', 'fit_intercept']
EXPP: ['copy_X', 'normalize', 'fit_intercept']
APIDoc Candidates:
[]
All Solution Candidates:
[]
[INFO] This case cannot be fixed!


real	0m0.824s
user	0m2.285s
sys	0m8.190s
