--- Running scipy.sparse.linalg.gmres#31NN/gmresNN, strategy: relancer
[ERR MSG]: OrderedDict([('project', 'scipy.sparse.linalg.gmres#31NN'), ('notebook', 'gmresNN'), ('text', '  File "gmresNN.py", line 13, in <module>\n    (x, info) = gmres(A,  b, x0=x0, tol=tol, restart=restart, maxiter=maxiter, xtype=xtype)\nTypeError: gmres() got an unexpected keyword argument \'xtype\'\n')])
  File "gmresNN.py", line 13, in <module>
Error inducing API short name: , line no: 13
Error inducing API fqn: scipy.sparse.linalg.gmres, line no: 13
*** TypeError: PLACEHOLDER
Repair Action: arg_name
Key Params: ['IMPLICIT_0', 'IMPLICIT_1', 'x0', 'tol', 'restart', 'maxiter', 'xtype']
Prev Params: None
Prev Repair Action: None
Line No: 13
Prev Line No: 0
GitHub Candidates:
[]
KP:['IMPLICIT_0', 'IMPLICIT_1', 'x0', 'tol', 'restart', 'maxiter', 'xtype']
EXPP: ['IMPLICIT_0', 'IMPLICIT_1', 'x0', 'tol', 'restart', 'maxiter', 'xtype']
APIDoc Candidates:
[]
All Solution Candidates:
[]
[INFO] This case cannot be fixed!


real	0m0.581s
user	0m1.614s
sys	0m5.383s
