--- Running matplotlib.path.Path.cleaned#38NN/cleanedNN, strategy: relancer
[ERR MSG]: OrderedDict([('project', 'matplotlib.path.Path.cleaned#38NN'), ('notebook', 'cleanedNN'), ('text', '  File "cleanedNN.py", line 5, in <module>\n    cleaned_path = path.cleaned(None,  False,  None,  None,  False,  False,  1.0, snap=False)\nTypeError: cleaned() takes from 1 to 4 positional arguments but 8 positional arguments (and 1 keyword-only argument) were given\n')])
  File "cleanedNN.py", line 5, in <module>
Error inducing API short name: cleaned, line no: 5
Error inducing API fqn: UNKNOWN, line no: 5
*** TypeError: PLACEHOLDER
Repair Action: arg_name
Key Params: []
Prev Params: None
Prev Repair Action: None
Line No: 5
Prev Line No: 0
GitHub Candidates:
[]
KP:[]
EXPP: []
APIDoc Candidates:
[]
All Solution Candidates:
[]
[INFO] This case cannot be fixed!


real	0m0.590s
user	0m1.679s
sys	0m5.704s
