--- Running plotly.figure_factory.create_choropleth#151NN/create_choroplethNN, strategy: relancer
[ERR MSG]: OrderedDict([('project', 'plotly.figure_factory.create_choropleth#151NN'), ('notebook', 'create_choroplethNN'), ('text', '  File "create_choroplethNN.py", line 11, in <module>\n    fig = ff.create_choropleth(fips,  values,  [\'Florida\'],  binning_endpoints,  colorscale,  None,  0.02,  0.02,  None,  False,  True,  True,  None,  None,  None,  True,  True)\n  File "/dataset/zhang/anaconda3/envs/Rplotly2.5.0/lib/python3.6/site-packages/plotly/figure_factory/_county_choropleth.py", line 868, in create_choropleth\n    text=\'<b>\' + legend_title + \'</b>\'\nTypeError: must be str, not bool\n')])
  File "create_choroplethNN.py", line 11, in <module>
Error inducing API short name: create_choropleth, line no: 11
Error inducing API fqn: plotly.figure_factory.create_choropleth, line no: 11
*** TypeError: PLACEHOLDER
Repair Action: arg_name
Key Params: ['IMPLICIT_0', 'IMPLICIT_1', 'IMPLICIT_2', 'IMPLICIT_3', 'IMPLICIT_4', 'IMPLICIT_5', 'IMPLICIT_6', 'IMPLICIT_7', 'IMPLICIT_8', 'IMPLICIT_9', 'IMPLICIT_10', 'IMPLICIT_11', 'IMPLICIT_12', 'IMPLICIT_13', 'IMPLICIT_14', 'IMPLICIT_15', 'IMPLICIT_16']
Prev Params: None
Prev Repair Action: None
Line No: 11
Prev Line No: 0
GitHub Candidates:
[]
KP:['IMPLICIT_0', 'IMPLICIT_1', 'IMPLICIT_2', 'IMPLICIT_3', 'IMPLICIT_4', 'IMPLICIT_5', 'IMPLICIT_6', 'IMPLICIT_7', 'IMPLICIT_8', 'IMPLICIT_9', 'IMPLICIT_10', 'IMPLICIT_11', 'IMPLICIT_12', 'IMPLICIT_13', 'IMPLICIT_14', 'IMPLICIT_15', 'IMPLICIT_16']
EXPP: ['IMPLICIT_0', 'IMPLICIT_1', 'IMPLICIT_2', 'IMPLICIT_3', 'IMPLICIT_4', 'IMPLICIT_5', 'IMPLICIT_6', 'IMPLICIT_7', 'IMPLICIT_8', 'IMPLICIT_9', 'IMPLICIT_10', 'IMPLICIT_11', 'IMPLICIT_12', 'IMPLICIT_13', 'IMPLICIT_14', 'IMPLICIT_15', 'IMPLICIT_16']
APIDoc Candidates:
[]
All Solution Candidates:
[]
[INFO] This case cannot be fixed!


real	0m2.196s
user	0m3.207s
sys	0m6.862s
