--- Running scipy.sparse.linalg.minres#74NN/minresNN, strategy: relancer
[ERR MSG]: OrderedDict([('project', 'scipy.sparse.linalg.minres#74NN'), ('notebook', 'minresNN'), ('text', '  File "minresNN.py", line 6, in <module>\n    (x, info) = minres(A, b=b, x0=x0, shift=0.0, tol=1e-05, maxiter=None, xtype=None, M=None, callback=None, show=False, check=False)\nTypeError: minres() got an unexpected keyword argument \'xtype\'\n')])
  File "minresNN.py", line 6, in <module>
Error inducing API short name: , line no: 6
Error inducing API fqn: scipy.sparse.linalg.minres, line no: 6
*** TypeError: PLACEHOLDER
Repair Action: arg_name
Key Params: ['IMPLICIT_0', 'b', 'x0', 'shift', 'tol', 'maxiter', 'xtype', 'M', 'callback', 'show', 'check']
Prev Params: None
Prev Repair Action: None
Line No: 6
Prev Line No: 0
GitHub Candidates:
[]
KP:['IMPLICIT_0', 'b', 'x0', 'shift', 'tol', 'maxiter', 'xtype', 'M', 'callback', 'show', 'check']
EXPP: ['IMPLICIT_0', 'b', 'x0', 'shift', 'tol', 'maxiter', 'xtype', 'M', 'callback', 'show', 'check']
APIDoc Candidates:
[]
All Solution Candidates:
[]
[INFO] This case cannot be fixed!


real	0m0.542s
user	0m1.577s
sys	0m5.448s
