--- Running tornado.gen.YieldFuture#4NN/YieldFutureNN, strategy: relancer
[ERR MSG]: OrderedDict([('project', 'tornado.gen.YieldFuture#4NN'), ('notebook', 'YieldFutureNN'), ('text', '  File "YieldFutureNN.py", line 5, in <module>\n    result = tornado.gen.YieldFuture(future, io_loop=None)\nTypeError: __init__() got an unexpected keyword argument \'io_loop\'\n')])
  File "YieldFutureNN.py", line 5, in <module>
Error inducing API short name: YieldFuture, line no: 5
Error inducing API fqn: tornado.gen.YieldFuture, line no: 5
*** TypeError: PLACEHOLDER
Repair Action: arg_name
Key Params: ['IMPLICIT_0', 'io_loop']
Prev Params: None
Prev Repair Action: None
Line No: 5
Prev Line No: 0
GitHub Candidates:
[]
KP:['IMPLICIT_0', 'io_loop']
EXPP: ['IMPLICIT_0', 'io_loop']
APIDoc Candidates:
[]
All Solution Candidates:
[]
[INFO] This case cannot be fixed!


real	0m0.390s
user	0m0.343s
sys	0m0.042s
