--- Running plotly.express.bar_polar#304NN/bar_polarNN, strategy: relancer
[ERR MSG]: OrderedDict([('project', 'plotly.express.bar_polar#304NN'), ('notebook', 'bar_polarNN'), ('text', '  File "bar_polarNN.py", line 3, in <module>\n    fig = px.bar_polar(df,  \'frequency\',  \'direction\',  \'strength\',  None,  None,  None,  None,  None,  None,  None,  None,  None,  None,  None,  None,  None,  None,  \'relative\',  \'clockwise\',  90, range_r=None, range_theta=None, log_r=False)\n  File "/dataset/zhang/anaconda3/envs/Rplotly5.0.0/lib/python3.6/site-packages/plotly/express/_chart_types.py", line 936, in bar_polar\n    layout_patch=dict(barnorm=barnorm, barmode=barmode),\n  File "/dataset/zhang/anaconda3/envs/Rplotly5.0.0/lib/python3.6/site-packages/plotly/express/_core.py", line 2119, in make_figure\n    fig.update_layout(layout_patch)\n  File "/dataset/zhang/anaconda3/envs/Rplotly5.0.0/lib/python3.6/site-packages/plotly/basedatatypes.py", line 1403, in update_layout\n    self.layout.update(dict1, overwrite=overwrite, **kwargs)\n  File "/dataset/zhang/anaconda3/envs/Rplotly5.0.0/lib/python3.6/site-packages/plotly/basedatatypes.py", line 5081, in update\n    BaseFigure._perform_update(self, dict1, overwrite=overwrite)\n  File "/dataset/zhang/anaconda3/envs/Rplotly5.0.0/lib/python3.6/site-packages/plotly/basedatatypes.py", line 3921, in _perform_update\n    plotly_obj[key] = val\n  File "/dataset/zhang/anaconda3/envs/Rplotly5.0.0/lib/python3.6/site-packages/plotly/basedatatypes.py", line 5821, in __setitem__\n    super(BaseLayoutHierarchyType, self).__setitem__(prop, value)\n  File "/dataset/zhang/anaconda3/envs/Rplotly5.0.0/lib/python3.6/site-packages/plotly/basedatatypes.py", line 4819, in __setitem__\n    self._set_prop(prop, value)\n  File "/dataset/zhang/anaconda3/envs/Rplotly5.0.0/lib/python3.6/site-packages/plotly/basedatatypes.py", line 5163, in _set_prop\n    raise err\n  File "/dataset/zhang/anaconda3/envs/Rplotly5.0.0/lib/python3.6/site-packages/plotly/basedatatypes.py", line 5158, in _set_prop\n    val = validator.validate_coerce(val)\n  File "/dataset/zhang/anaconda3/envs/Rplotly5.0.0/lib/python3.6/site-packages/_plotly_utils/basevalidators.py", line 619, in validate_coerce\n    self.raise_invalid_val(v)\n  File "/dataset/zhang/anaconda3/envs/Rplotly5.0.0/lib/python3.6/site-packages/_plotly_utils/basevalidators.py", line 300, in raise_invalid_val\n    valid_clr_desc=self.description(),\nValueError: \n    Invalid value of type \'builtins.int\' received for the \'barnorm\' property of layout\n        Received value: 90\n\n    The \'barnorm\' property is an enumeration that may be specified as:\n      - One of the following enumeration values:\n            [\'\', \'fraction\', \'percent\']\n')])
  File "bar_polarNN.py", line 3, in <module>
Error inducing API short name: bar_polar, line no: 3
Error inducing API fqn: plotly.express.bar_polar, line no: 3
*** ValueError: PLACEHOLDER
All known params: []
All known params' names: []
Error line tokens: ['valueerror', 'placeholder']
Repair Action: arg_value
Key Params: []
Prev Params: None
Prev Repair Action: None
Line No: 3
Prev Line No: 0
GitHub Candidates:
[]
APIDoc Candidates:
[]
All Solution Candidates:
[]
[INFO] This case cannot be fixed!


real	0m1.116s
user	0m2.126s
sys	0m5.882s
