--- Running scipy.sparse.linalg.cg#36NN/cgNN, strategy: relancer
[ERR MSG]: OrderedDict([('project', 'scipy.sparse.linalg.cg#36NN'), ('notebook', 'cgNN'), ('text', '  File "cgNN.py", line 5, in <module>\n    (x, info) = cg(A,  b,  None,  1e-05,  None,  None, M=None, callback=None)\nTypeError: cg() got multiple values for argument \'M\'\n')])
  File "cgNN.py", line 5, in <module>
Error inducing API short name: , line no: 5
Error inducing API fqn: scipy.sparse.linalg.cg, line no: 5
*** TypeError: PLACEHOLDER
Repair Action: arg_name
Key Params: ['IMPLICIT_0', 'IMPLICIT_1', 'IMPLICIT_2', 'IMPLICIT_3', 'IMPLICIT_4', 'IMPLICIT_5', 'M', 'callback']
Prev Params: None
Prev Repair Action: None
Line No: 5
Prev Line No: 0
GitHub Candidates:
[]
KP:['IMPLICIT_0', 'IMPLICIT_1', 'IMPLICIT_2', 'IMPLICIT_3', 'IMPLICIT_4', 'IMPLICIT_5', 'M', 'callback']
EXPP: ['IMPLICIT_0', 'IMPLICIT_1', 'IMPLICIT_2', 'IMPLICIT_3', 'IMPLICIT_4', 'IMPLICIT_5', 'M', 'callback']
APIDoc Candidates:
[]
All Solution Candidates:
[]
[INFO] This case cannot be fixed!


real	0m0.555s
user	0m1.599s
sys	0m5.789s
