--- Running httpx.delete#24NN/deleteNN, strategy: relancer
[ERR MSG]: OrderedDict([('project', 'httpx.delete#24NN'), ('notebook', 'deleteNN'), ('text', '  File "deleteNN.py", line 2, in <module>\n    delete(\'https://example.com/resource\', stream=False, params=None, auth=None, headers=None, allow_redirects=True, cert=None, cookies=None, json=None, data=None, files=None)\nTypeError: delete() got an unexpected keyword argument \'json\'\n')])
  File "deleteNN.py", line 2, in <module>
Error inducing API short name: delete, line no: 2
Error inducing API fqn: httpx.delete, line no: 2
*** TypeError: PLACEHOLDER
Repair Action: arg_name
Key Params: ['IMPLICIT_0', 'stream', 'params', 'auth', 'headers', 'allow_redirects', 'cert', 'cookies', 'json', 'data', 'files']
Prev Params: None
Prev Repair Action: None
Line No: 2
Prev Line No: 0
GitHub Candidates:
[]
KP:['IMPLICIT_0', 'stream', 'params', 'auth', 'headers', 'allow_redirects', 'cert', 'cookies', 'json', 'data', 'files']
EXPP: ['IMPLICIT_0', 'stream', 'params', 'auth', 'headers', 'allow_redirects', 'cert', 'cookies', 'json', 'data', 'files']
APIDoc Candidates:
[]
All Solution Candidates:
[]
[INFO] This case cannot be fixed!


real	0m0.439s
user	0m0.393s
sys	0m0.047s
