--- Running Timestamp#116NN/TimestampNN, strategy: relancer
[ERR MSG]: OrderedDict([('project', 'Timestamp#116NN'), ('notebook', 'TimestampNN'), ('text', '  File "TimestampNN.py", line 2, in <module>\n    pd.Timestamp(\'2017-01-01T12\',  None,  None,  None,  None,  None,  None, fold=None, minute=None, second=None, hour=None)\n  File "pandas/_libs/tslibs/timestamps.pyx", line 1523, in pandas._libs.tslibs.timestamps.Timestamp.__new__\nTypeError: __new__() got multiple values for keyword argument \'minute\'\n')])
  File "TimestampNN.py", line 2, in <module>
Error inducing API short name: Timestamp, line no: 2
Error inducing API fqn: pandas.Timestamp, line no: 2
*** TypeError: PLACEHOLDER
Repair Action: arg_name
Key Params: ['IMPLICIT_0', 'IMPLICIT_1', 'IMPLICIT_2', 'IMPLICIT_3', 'IMPLICIT_4', 'IMPLICIT_5', 'IMPLICIT_6', 'fold', 'minute', 'second', 'hour']
Prev Params: None
Prev Repair Action: None
Line No: 2
Prev Line No: 0
GitHub Candidates:
[]
KP:['IMPLICIT_0', 'IMPLICIT_1', 'IMPLICIT_2', 'IMPLICIT_3', 'IMPLICIT_4', 'IMPLICIT_5', 'IMPLICIT_6', 'fold', 'minute', 'second', 'hour']
EXPP: ['IMPLICIT_0', 'IMPLICIT_1', 'IMPLICIT_2', 'IMPLICIT_3', 'IMPLICIT_4', 'IMPLICIT_5', 'IMPLICIT_6', 'fold', 'minute', 'second', 'hour']
APIDoc Candidates:
[]
All Solution Candidates:
[]
[INFO] This case cannot be fixed!


real	0m0.622s
user	0m1.657s
sys	0m5.331s
