--- Running read_csv#97NN/read_csvNN, strategy: relancer
[ERR MSG]: OrderedDict([('project', 'read_csv#97NN'), ('notebook', 'read_csvNN'), ('text', '  File "read_csvNN.py", line 2, in <module>\n    pd.read_csv(\'/home/zhang/Packages/tensorflow_file/dev.csv\', keep_default_na=True, lineterminator=None, chunksize=None, parse_dates=None, skipfooter=0, mangle_dupe_cols=True, dtype=None, squeeze=None, skip_blank_lines=True, quotechar=\'"\', false_values=None, skiprows=None, dialect=None, header=\'infer\', skipinitialspace=False, encoding=None, usecols=None, warn_bad_lines=None, thousands=None, dayfirst=False, decimal=\'.\', iterator=False, compression=\'infer\', infer_datetime_format=False, on_bad_lines=None, na_values=None, prefix=None, engine=None, cache_dates=True, converters=None, na_filter=True, true_values=None, comment=None, error_bad_lines=None, sep=\',\', encoding_errors=\'strict\', date_parser=None, verbose=False, delimiter=None, escapechar=None, quoting=0, nrows=None, index_col=None, doublequote=True, names=None, keep_date_col=False)\nTypeError: read_csv() got an unexpected keyword argument \'mangle_dupe_cols\'\n')])
  File "read_csvNN.py", line 2, in <module>
Error inducing API short name: read_csv, line no: 2
Error inducing API fqn: pandas.read_csv, line no: 2
*** TypeError: PLACEHOLDER
Repair Action: arg_name
Key Params: ['IMPLICIT_0', 'keep_default_na', 'lineterminator', 'chunksize', 'parse_dates', 'skipfooter', 'mangle_dupe_cols', 'dtype', 'squeeze', 'skip_blank_lines', 'quotechar', 'false_values', 'skiprows', 'dialect', 'header', 'skipinitialspace', 'encoding', 'usecols', 'warn_bad_lines', 'thousands', 'dayfirst', 'decimal', 'iterator', 'compression', 'infer_datetime_format', 'on_bad_lines', 'na_values', 'prefix', 'engine', 'cache_dates', 'converters', 'na_filter', 'true_values', 'comment', 'error_bad_lines', 'sep', 'encoding_errors', 'date_parser', 'verbose', 'delimiter', 'escapechar', 'quoting', 'nrows', 'index_col', 'doublequote', 'names', 'keep_date_col']
Prev Params: None
Prev Repair Action: None
Line No: 2
Prev Line No: 0
GitHub Candidates:
[]
KP:['IMPLICIT_0', 'keep_default_na', 'lineterminator', 'chunksize', 'parse_dates', 'skipfooter', 'mangle_dupe_cols', 'dtype', 'squeeze', 'skip_blank_lines', 'quotechar', 'false_values', 'skiprows', 'dialect', 'header', 'skipinitialspace', 'encoding', 'usecols', 'warn_bad_lines', 'thousands', 'dayfirst', 'decimal', 'iterator', 'compression', 'infer_datetime_format', 'on_bad_lines', 'na_values', 'prefix', 'engine', 'cache_dates', 'converters', 'na_filter', 'true_values', 'comment', 'error_bad_lines', 'sep', 'encoding_errors', 'date_parser', 'verbose', 'delimiter', 'escapechar', 'quoting', 'nrows', 'index_col', 'doublequote', 'names', 'keep_date_col']
EXPP: ['IMPLICIT_0', 'keep_default_na', 'lineterminator', 'chunksize', 'parse_dates', 'skipfooter', 'mangle_dupe_cols', 'dtype', 'squeeze', 'skip_blank_lines', 'quotechar', 'false_values', 'skiprows', 'dialect', 'header', 'skipinitialspace', 'encoding', 'usecols', 'warn_bad_lines', 'thousands', 'dayfirst', 'decimal', 'iterator', 'compression', 'infer_datetime_format', 'on_bad_lines', 'na_values', 'prefix', 'engine', 'cache_dates', 'converters', 'na_filter', 'true_values', 'comment', 'error_bad_lines', 'sep', 'encoding_errors', 'date_parser', 'verbose', 'delimiter', 'escapechar', 'quoting', 'nrows', 'index_col', 'doublequote', 'names', 'keep_date_col']
APIDoc Candidates:
[]
All Solution Candidates:
[]
[INFO] This case cannot be fixed!


real	0m0.665s
user	0m1.665s
sys	0m6.131s
