--- Running scipy.linalg.expm#5NN/expmNN, strategy: relancer
[ERR MSG]: OrderedDict([('project', 'scipy.linalg.expm#5NN'), ('notebook', 'expmNN'), ('text', '  File "expmNN.py", line 4, in <module>\n    result = expm(A=A, q=3.0)\nTypeError: expm() got an unexpected keyword argument \'q\'\n')])
  File "expmNN.py", line 4, in <module>
Error inducing API short name: expm, line no: 4
Error inducing API fqn: scipy.linalg.expm, line no: 4
*** TypeError: PLACEHOLDER
Repair Action: arg_name
Key Params: ['A', 'q']
Prev Params: None
Prev Repair Action: None
Line No: 4
Prev Line No: 0
GitHub Candidates:
[]
KP:['A', 'q']
EXPP: ['A', 'q']
APIDoc Candidates:
[]
All Solution Candidates:
[]
[INFO] This case cannot be fixed!


real	0m0.496s
user	0m1.522s
sys	0m5.332s
