--- Running scipy.linalg.expm#3NN/expmNN, strategy: relancer
[ERR MSG]: OrderedDict([('project', 'scipy.linalg.expm#3NN'), ('notebook', 'expmNN'), ('text', '  File "expmNN.py", line 4, in <module>\n    result = expm(A,  3.0)\nTypeError: expm() takes 1 positional argument but 2 were given\n')])
  File "expmNN.py", line 4, in <module>
Error inducing API short name: expm, line no: 4
Error inducing API fqn: scipy.linalg.expm, line no: 4
*** TypeError: PLACEHOLDER
Repair Action: arg_name
Key Params: ['IMPLICIT_0', 'IMPLICIT_1']
Prev Params: None
Prev Repair Action: None
Line No: 4
Prev Line No: 0
GitHub Candidates:
[]
KP:['IMPLICIT_0', 'IMPLICIT_1']
EXPP: ['IMPLICIT_0', 'IMPLICIT_1']
APIDoc Candidates:
[]
All Solution Candidates:
[]
[INFO] This case cannot be fixed!


real	0m0.484s
user	0m1.503s
sys	0m5.584s
