--- Running predict#14NN/predictNN, strategy: relancer
[ERR MSG]: OrderedDict([('project', 'predict#14NN'), ('notebook', 'predictNN'), ('text', '  File "predictNN.py", line 8, in <module>\n    y_pred = model.predict(data=X_test, output_margin=False, ntree_limit=None, validate_features=True)\nTypeError: predict() got an unexpected keyword argument \'data\'\n')])
  File "predictNN.py", line 8, in <module>
Error inducing API short name: predict, line no: 8
Error inducing API fqn: UNKNOWN, line no: 8
*** TypeError: PLACEHOLDER
Repair Action: arg_name
Key Params: []
Prev Params: None
Prev Repair Action: None
Line No: 8
Prev Line No: 0
GitHub Candidates:
[]
KP:[]
EXPP: []
APIDoc Candidates:
[]
All Solution Candidates:
[]
[INFO] This case cannot be fixed!


real	0m7.476s
user	0m11.455s
sys	0m12.395s
