--- Running fastapi.encoders.jsonable_encoder#30NN/jsonable_encoderNN, strategy: relancer
[ERR MSG]: OrderedDict([('project', 'fastapi.encoders.jsonable_encoder#30NN'), ('notebook', 'jsonable_encoderNN'), ('text', '  File "jsonable_encoderNN.py", line 14, in <module>\n    json_compatible_item_data = jsonable_encoder(item,  {\'name\', \'description\', \'price\'},  {\'tax\'},  True,  None, exclude_unset=False, exclude_defaults=False)\nTypeError: jsonable_encoder() got multiple values for argument \'exclude_unset\'\n')])
  File "jsonable_encoderNN.py", line 14, in <module>
Error inducing API short name: jsonable_encoder, line no: 14
Error inducing API fqn: fastapi.encoders.jsonable_encoder, line no: 14
*** TypeError: PLACEHOLDER
Repair Action: arg_name
Key Params: ['IMPLICIT_0', 'IMPLICIT_1', 'IMPLICIT_2', 'IMPLICIT_3', 'IMPLICIT_4', 'exclude_unset', 'exclude_defaults']
Prev Params: None
Prev Repair Action: None
Line No: 14
Prev Line No: 0
GitHub Candidates:
[]
KP:['IMPLICIT_0', 'IMPLICIT_1', 'IMPLICIT_2', 'IMPLICIT_3', 'IMPLICIT_4', 'exclude_unset', 'exclude_defaults']
EXPP: ['IMPLICIT_0', 'IMPLICIT_1', 'IMPLICIT_2', 'IMPLICIT_3', 'IMPLICIT_4', 'exclude_unset', 'exclude_defaults']
APIDoc Candidates:
[]
All Solution Candidates:
[]
[INFO] This case cannot be fixed!


real	0m0.536s
user	0m0.467s
sys	0m0.070s
