--- Running read_csv#75NN/read_csvNN, strategy: relancer
[ERR MSG]: OrderedDict([('project', 'read_csv#75NN'), ('notebook', 'read_csvNN'), ('text', '  File "read_csvNN.py", line 2, in <module>\n    pd.read_csv(\'/home/zhang/Packages/tensorflow_file/dev.csv\', converters=None, prefix=None, skip_blank_lines=True, skipfooter=0, parse_dates=None, false_values=None, names=None, verbose=False, nrows=None, dtype=None, delimiter=None, keep_default_na=True, header=\'infer\', skiprows=None, na_values=None, na_filter=True, usecols=None, mangle_dupe_cols=True, index_col=None, squeeze=None, skipinitialspace=False, true_values=None, sep=\',\', engine=None)\nTypeError: read_csv() got an unexpected keyword argument \'prefix\'\n')])
  File "read_csvNN.py", line 2, in <module>
Error inducing API short name: read_csv, line no: 2
Error inducing API fqn: pandas.read_csv, line no: 2
*** TypeError: PLACEHOLDER
Repair Action: arg_name
Key Params: ['IMPLICIT_0', 'converters', 'prefix', 'skip_blank_lines', 'skipfooter', 'parse_dates', 'false_values', 'names', 'verbose', 'nrows', 'dtype', 'delimiter', 'keep_default_na', 'header', 'skiprows', 'na_values', 'na_filter', 'usecols', 'mangle_dupe_cols', 'index_col', 'squeeze', 'skipinitialspace', 'true_values', 'sep', 'engine']
Prev Params: None
Prev Repair Action: None
Line No: 2
Prev Line No: 0
GitHub Candidates:
[]
KP:['IMPLICIT_0', 'converters', 'prefix', 'skip_blank_lines', 'skipfooter', 'parse_dates', 'false_values', 'names', 'verbose', 'nrows', 'dtype', 'delimiter', 'keep_default_na', 'header', 'skiprows', 'na_values', 'na_filter', 'usecols', 'mangle_dupe_cols', 'index_col', 'squeeze', 'skipinitialspace', 'true_values', 'sep', 'engine']
EXPP: ['IMPLICIT_0', 'converters', 'prefix', 'skip_blank_lines', 'skipfooter', 'parse_dates', 'false_values', 'names', 'verbose', 'nrows', 'dtype', 'delimiter', 'keep_default_na', 'header', 'skiprows', 'na_values', 'na_filter', 'usecols', 'mangle_dupe_cols', 'index_col', 'squeeze', 'skipinitialspace', 'true_values', 'sep', 'engine']
APIDoc Candidates:
[]
All Solution Candidates:
[]
[INFO] This case cannot be fixed!


real	0m0.598s
user	0m1.491s
sys	0m4.470s
