--- Running tf.contrib.data.make_csv_dataset#6NN/make_csv_datasetNN, strategy: relancer
[ERR MSG]: OrderedDict([('project', 'tf.contrib.data.make_csv_dataset#6NN'), ('notebook', 'make_csv_datasetNN'), ('text', '  File "make_csv_datasetNN.py", line 2, in <module>\n    tf.contrib.data.make_csv_dataset(\'/home/zhang/Packages/tensorflow_file/dev.csv\',  1,  None,  None,  None,  \',\',  True,  \'\',  True,  None,  None,  True,  1,  None,  1, num_parallel_reads=1, num_parallel_parser_calls=2, sloppy=False, default_float_type=tf.float32, num_rows_for_inference=1)\nTypeError: make_csv_dataset() got an unexpected keyword argument \'default_float_type\'\n')])
  File "make_csv_datasetNN.py", line 2, in <module>
Error inducing API short name: make_csv_dataset, line no: 2
Error inducing API fqn: tensorflow.contrib.data.make_csv_dataset, line no: 2
*** TypeError: PLACEHOLDER
Repair Action: arg_name
Key Params: ['IMPLICIT_0', 'IMPLICIT_1', 'IMPLICIT_2', 'IMPLICIT_3', 'IMPLICIT_4', 'IMPLICIT_5', 'IMPLICIT_6', 'IMPLICIT_7', 'IMPLICIT_8', 'IMPLICIT_9', 'IMPLICIT_10', 'IMPLICIT_11', 'IMPLICIT_12', 'IMPLICIT_13', 'IMPLICIT_14', 'num_parallel_reads', 'num_parallel_parser_calls', 'sloppy', 'default_float_type', 'num_rows_for_inference']
Prev Params: None
Prev Repair Action: None
Line No: 2
Prev Line No: 0
GitHub Candidates:
[]
KP:['IMPLICIT_0', 'IMPLICIT_1', 'IMPLICIT_2', 'IMPLICIT_3', 'IMPLICIT_4', 'IMPLICIT_5', 'IMPLICIT_6', 'IMPLICIT_7', 'IMPLICIT_8', 'IMPLICIT_9', 'IMPLICIT_10', 'IMPLICIT_11', 'IMPLICIT_12', 'IMPLICIT_13', 'IMPLICIT_14', 'num_parallel_reads', 'num_parallel_parser_calls', 'sloppy', 'default_float_type', 'num_rows_for_inference']
EXPP: ['IMPLICIT_0', 'IMPLICIT_1', 'IMPLICIT_2', 'IMPLICIT_3', 'IMPLICIT_4', 'IMPLICIT_5', 'IMPLICIT_6', 'IMPLICIT_7', 'IMPLICIT_8', 'IMPLICIT_9', 'IMPLICIT_10', 'IMPLICIT_11', 'IMPLICIT_12', 'IMPLICIT_13', 'IMPLICIT_14', 'num_parallel_reads', 'num_parallel_parser_calls', 'sloppy', 'default_float_type', 'num_rows_for_inference']
APIDoc Candidates:
[]
All Solution Candidates:
[]
[INFO] This case cannot be fixed!


real	0m2.181s
user	0m3.224s
sys	0m5.955s
