--- Running plotly.express.line_polar#354NN/line_polarNN, strategy: relancer
[ERR MSG]: OrderedDict([('project', 'plotly.express.line_polar#354NN'), ('notebook', 'line_polarNN'), ('text', '  File "line_polarNN.py", line 3, in <module>\n    fig = px.line_polar(df,  \'frequency\',  \'direction\',  \'strength\',  None,  None,  None,  None,  None,  None,  None,  None,  None,  None,  None,  None,  None,  None,  \'clockwise\',  90,  False,  None,  \'auto\',  None, range_theta=None, log_r=False)\n  File "/dataset/zhang/anaconda3/envs/Rplotly5.2.1/lib/python3.6/site-packages/plotly/express/_chart_types.py", line 980, in line_polar\n    return make_figure(args=locals(), constructor=go.Scatterpolar)\n  File "/dataset/zhang/anaconda3/envs/Rplotly5.2.1/lib/python3.6/site-packages/plotly/express/_core.py", line 1931, in make_figure\n    apply_default_cascade(args)\n  File "/dataset/zhang/anaconda3/envs/Rplotly5.2.1/lib/python3.6/site-packages/plotly/express/_core.py", line 949, in apply_default_cascade\n    if not args["symbol_sequence"] or not any(args["symbol_sequence"]):\nTypeError: \'int\' object is not iterable\n')])
  File "line_polarNN.py", line 3, in <module>
Error inducing API short name: line_polar, line no: 3
Error inducing API fqn: plotly.express.line_polar, line no: 3
*** TypeError: PLACEHOLDER
Repair Action: arg_name
Key Params: ['IMPLICIT_0', 'IMPLICIT_1', 'IMPLICIT_2', 'IMPLICIT_3', 'IMPLICIT_4', 'IMPLICIT_5', 'IMPLICIT_6', 'IMPLICIT_7', 'IMPLICIT_8', 'IMPLICIT_9', 'IMPLICIT_10', 'IMPLICIT_11', 'IMPLICIT_12', 'IMPLICIT_13', 'IMPLICIT_14', 'IMPLICIT_15', 'IMPLICIT_16', 'IMPLICIT_17', 'IMPLICIT_18', 'IMPLICIT_19', 'IMPLICIT_20', 'IMPLICIT_21', 'IMPLICIT_22', 'IMPLICIT_23', 'range_theta', 'log_r']
Prev Params: None
Prev Repair Action: None
Line No: 3
Prev Line No: 0
GitHub Candidates:
[]
KP:['IMPLICIT_0', 'IMPLICIT_1', 'IMPLICIT_2', 'IMPLICIT_3', 'IMPLICIT_4', 'IMPLICIT_5', 'IMPLICIT_6', 'IMPLICIT_7', 'IMPLICIT_8', 'IMPLICIT_9', 'IMPLICIT_10', 'IMPLICIT_11', 'IMPLICIT_12', 'IMPLICIT_13', 'IMPLICIT_14', 'IMPLICIT_15', 'IMPLICIT_16', 'IMPLICIT_17', 'IMPLICIT_18', 'IMPLICIT_19', 'IMPLICIT_20', 'IMPLICIT_21', 'IMPLICIT_22', 'IMPLICIT_23', 'range_theta', 'log_r']
EXPP: ['IMPLICIT_0', 'IMPLICIT_1', 'IMPLICIT_2', 'IMPLICIT_3', 'IMPLICIT_4', 'IMPLICIT_5', 'IMPLICIT_6', 'IMPLICIT_7', 'IMPLICIT_8', 'IMPLICIT_9', 'IMPLICIT_10', 'IMPLICIT_11', 'IMPLICIT_12', 'IMPLICIT_13', 'IMPLICIT_14', 'IMPLICIT_15', 'IMPLICIT_16', 'IMPLICIT_17', 'IMPLICIT_18', 'IMPLICIT_19', 'IMPLICIT_20', 'IMPLICIT_21', 'IMPLICIT_22', 'IMPLICIT_23', 'range_theta', 'log_r']
APIDoc Candidates:
[]
All Solution Candidates:
[]
[INFO] This case cannot be fixed!


real	0m1.046s
user	0m2.200s
sys	0m6.798s
