--- Running plotly.express.line#754NN/lineNN, strategy: relancer
[ERR MSG]: OrderedDict([('project', 'plotly.express.line#754NN'), ('notebook', 'lineNN'), ('text', '  File "lineNN.py", line 3, in <module>\n    fig = px.line(df,  \'year\',  \'lifeExp\',  None,  None,  None,  None,  None,  None,  None,  None,  None,  0,  None,  None,  None,  None,  None,  None,  None,  None,  None,  None,  None, color_discrete_sequence=None, color_discrete_map=None, line_dash_sequence=None, line_dash_map=None, log_x=False, log_y=False, range_x=None, range_y=None, line_shape=None, render_mode=\'auto\', title=None, template=None, width=None, height=None)\n  File "/dataset/zhang/anaconda3/envs/Rplotly5.2.1/lib/python3.6/site-packages/plotly/express/_chart_types.py", line 260, in line\n    return make_figure(args=locals(), constructor=go.Scatter)\n  File "/dataset/zhang/anaconda3/envs/Rplotly5.2.1/lib/python3.6/site-packages/plotly/express/_core.py", line 1933, in make_figure\n    args = build_dataframe(args, constructor)\n  File "/dataset/zhang/anaconda3/envs/Rplotly5.2.1/lib/python3.6/site-packages/plotly/express/_core.py", line 1406, in build_dataframe\n    args, wide_mode, var_name, value_name\n  File "/dataset/zhang/anaconda3/envs/Rplotly5.2.1/lib/python3.6/site-packages/plotly/express/_core.py", line 1207, in process_args_into_dataframe\n    raise ValueError(err_msg)\nValueError: Value of \'facet_col\' is not the name of a column in \'data_frame\'. Expected one of [\'country\', \'continent\', \'year\', \'lifeExp\', \'pop\', \'gdpPercap\', \'iso_alpha\', \'iso_num\'] but received: 0\n')])
  File "lineNN.py", line 3, in <module>
Error inducing API short name: line, line no: 3
Error inducing API fqn: plotly.express.line, line no: 3
*** ValueError: PLACEHOLDER
All known params: []
All known params' names: []
Error line tokens: ['valueerror', 'placeholder']
Repair Action: arg_value
Key Params: []
Prev Params: None
Prev Repair Action: None
Line No: 3
Prev Line No: 0
GitHub Candidates:
[]
APIDoc Candidates:
[]
All Solution Candidates:
[]
[INFO] This case cannot be fixed!


real	0m1.055s
user	0m2.234s
sys	0m6.019s
