--- Running rich.layout.Layout#24NN/LayoutNN, strategy: relancer
[ERR MSG]: OrderedDict([('project', 'rich.layout.Layout#24NN'), ('notebook', 'LayoutNN'), ('text', '  File "LayoutNN.py", line 2, in <module>\n    layout = Layout(None, size=None, name=None, visible=True, height=None, ratio=1, minimum_size=1)\nTypeError: __init__() got an unexpected keyword argument \'height\'\n')])
  File "LayoutNN.py", line 2, in <module>
Error inducing API short name: Layout, line no: 2
Error inducing API fqn: rich.layout.Layout, line no: 2
*** TypeError: PLACEHOLDER
Repair Action: arg_name
Key Params: ['IMPLICIT_0', 'size', 'name', 'visible', 'height', 'ratio', 'minimum_size']
Prev Params: None
Prev Repair Action: None
Line No: 2
Prev Line No: 0
GitHub Candidates:
[]
KP:['IMPLICIT_0', 'size', 'name', 'visible', 'height', 'ratio', 'minimum_size']
EXPP: ['IMPLICIT_0', 'size', 'name', 'visible', 'height', 'ratio', 'minimum_size']
APIDoc Candidates:
[]
All Solution Candidates:
[]
[INFO] This case cannot be fixed!


real	0m0.372s
user	0m0.337s
sys	0m0.035s
