--- Running read_csv#70NN/read_csvNN, strategy: relancer
[ERR MSG]: OrderedDict([('project', 'read_csv#70NN'), ('notebook', 'read_csvNN'), ('text', '  File "read_csvNN.py", line 2, in <module>\n    pd.read_csv(\'/home/zhang/Packages/tensorflow_file/dev.csv\', names=None, mangle_dupe_cols=True, true_values=None, prefix=None, sep=\',\', squeeze=None, delimiter=None, engine=None, nrows=None, dtype=None, usecols=None, na_values=None, skipinitialspace=False, skipfooter=0, index_col=None, skiprows=None, header=\'infer\', false_values=None, converters=None)\nTypeError: read_csv() got an unexpected keyword argument \'mangle_dupe_cols\'\n')])
  File "read_csvNN.py", line 2, in <module>
Error inducing API short name: read_csv, line no: 2
Error inducing API fqn: pandas.read_csv, line no: 2
*** TypeError: PLACEHOLDER
Repair Action: arg_name
Key Params: ['IMPLICIT_0', 'names', 'mangle_dupe_cols', 'true_values', 'prefix', 'sep', 'squeeze', 'delimiter', 'engine', 'nrows', 'dtype', 'usecols', 'na_values', 'skipinitialspace', 'skipfooter', 'index_col', 'skiprows', 'header', 'false_values', 'converters']
Prev Params: None
Prev Repair Action: None
Line No: 2
Prev Line No: 0
GitHub Candidates:
[]
KP:['IMPLICIT_0', 'names', 'mangle_dupe_cols', 'true_values', 'prefix', 'sep', 'squeeze', 'delimiter', 'engine', 'nrows', 'dtype', 'usecols', 'na_values', 'skipinitialspace', 'skipfooter', 'index_col', 'skiprows', 'header', 'false_values', 'converters']
EXPP: ['IMPLICIT_0', 'names', 'mangle_dupe_cols', 'true_values', 'prefix', 'sep', 'squeeze', 'delimiter', 'engine', 'nrows', 'dtype', 'usecols', 'na_values', 'skipinitialspace', 'skipfooter', 'index_col', 'skiprows', 'header', 'false_values', 'converters']
APIDoc Candidates:
[]
All Solution Candidates:
[]
[INFO] This case cannot be fixed!


real	0m0.615s
user	0m1.737s
sys	0m5.682s
