--- Running tornado.platform.twisted.install#2NN/installNN, strategy: relancer
[ERR MSG]: OrderedDict([('project', 'tornado.platform.twisted.install#2NN'), ('notebook', 'installNN'), ('text', '  File "installNN.py", line 2, in <module>\n    tornado.platform.twisted.install(None)\nTypeError: install() takes 0 positional arguments but 1 was given\n')])
  File "installNN.py", line 2, in <module>
Error inducing API short name: install, line no: 2
Error inducing API fqn: tornado.platform.twisted.install, line no: 2
*** TypeError: PLACEHOLDER
Repair Action: arg_name
Key Params: ['IMPLICIT_0']
Prev Params: None
Prev Repair Action: None
Line No: 2
Prev Line No: 0
GitHub Candidates:
[]
KP:['IMPLICIT_0']
EXPP: ['IMPLICIT_0']
APIDoc Candidates:
[]
All Solution Candidates:
[]
[INFO] This case cannot be fixed!


real	0m0.505s
user	0m0.472s
sys	0m0.034s
