--- Running bdate_range#53NN/bdate_rangeNN, strategy: relancer
[ERR MSG]: OrderedDict([('project', 'bdate_range#53NN'), ('notebook', 'bdate_rangeNN'), ('text', '  File "bdate_rangeNN.py", line 2, in <module>\n    pd.bdate_range(\'1/1/2018\',  \'1/08/2018\',  None,  \'B\',  None,  True,  None,  None,  None,  None)\n  File "/dataset/zhang/anaconda3/envs/Rpandas2.0.0/lib/python3.8/site-packages/pandas/core/indexes/datetimes.py", line 1049, in bdate_range\n    return date_range(\n  File "/dataset/zhang/anaconda3/envs/Rpandas2.0.0/lib/python3.8/site-packages/pandas/core/indexes/datetimes.py", line 945, in date_range\n    dtarr = DatetimeArray._generate_range(\n  File "/dataset/zhang/anaconda3/envs/Rpandas2.0.0/lib/python3.8/site-packages/pandas/core/arrays/datetimes.py", line 420, in _generate_range\n    left_inclusive, right_inclusive = validate_inclusive(inclusive)\n  File "/dataset/zhang/anaconda3/envs/Rpandas2.0.0/lib/python3.8/site-packages/pandas/util/_validators.py", line 420, in validate_inclusive\n    raise ValueError(\nValueError: Inclusive has to be either \'both\', \'neither\', \'left\' or \'right\'\n')])
  File "bdate_rangeNN.py", line 2, in <module>
Error inducing API short name: bdate_range, line no: 2
Error inducing API fqn: pandas.bdate_range, line no: 2
*** ValueError: PLACEHOLDER
All known params: []
All known params' names: []
Error line tokens: ['valueerror', 'placeholder']
Repair Action: arg_value
Key Params: []
Prev Params: None
Prev Repair Action: None
Line No: 2
Prev Line No: 0
GitHub Candidates:
[]
APIDoc Candidates:
[]
All Solution Candidates:
[]
[INFO] This case cannot be fixed!


real	0m0.587s
user	0m1.476s
sys	0m5.539s
