--- Running read_csv#201NN/read_csvNN, strategy: relancer
[ERR MSG]: OrderedDict([('project', 'read_csv#201NN'), ('notebook', 'read_csvNN'), ('text', '  File "read_csvNN.py", line 2, in <module>\n    pd.read_csv(comment=None, filepath_or_buffer=\'/home/zhang/Packages/tensorflow_file/dev.csv\', quoting=0, date_parser=None, usecols=None, parse_dates=None, prefix=None, false_values=None, quotechar=\'"\', na_filter=True, cache_dates=True, sep=\',\', true_values=None, keep_default_na=True, delimiter=None, chunksize=None, engine=None, escapechar=None, encoding=None, low_memory=True, dayfirst=False, infer_datetime_format=False, dtype=None, on_bad_lines=None, header=\'infer\', squeeze=None, skiprows=None, decimal=\'.\', dialect=None, thousands=None, doublequote=True, compression=\'infer\', keep_date_col=False, names=None, verbose=False, skip_blank_lines=True, lineterminator=None, nrows=None, na_values=None, error_bad_lines=None, warn_bad_lines=None, skipinitialspace=False, iterator=False, converters=None, index_col=None, mangle_dupe_cols=True, skipfooter=0, delim_whitespace=False, encoding_errors=\'strict\')\nTypeError: read_csv() got an unexpected keyword argument \'prefix\'\n')])
  File "read_csvNN.py", line 2, in <module>
Error inducing API short name: read_csv, line no: 2
Error inducing API fqn: pandas.read_csv, line no: 2
*** TypeError: PLACEHOLDER
Repair Action: arg_name
Key Params: ['comment', 'filepath_or_buffer', 'quoting', 'date_parser', 'usecols', 'parse_dates', 'prefix', 'false_values', 'quotechar', 'na_filter', 'cache_dates', 'sep', 'true_values', 'keep_default_na', 'delimiter', 'chunksize', 'engine', 'escapechar', 'encoding', 'low_memory', 'dayfirst', 'infer_datetime_format', 'dtype', 'on_bad_lines', 'header', 'squeeze', 'skiprows', 'decimal', 'dialect', 'thousands', 'doublequote', 'compression', 'keep_date_col', 'names', 'verbose', 'skip_blank_lines', 'lineterminator', 'nrows', 'na_values', 'error_bad_lines', 'warn_bad_lines', 'skipinitialspace', 'iterator', 'converters', 'index_col', 'mangle_dupe_cols', 'skipfooter', 'delim_whitespace', 'encoding_errors']
Prev Params: None
Prev Repair Action: None
Line No: 2
Prev Line No: 0
GitHub Candidates:
[]
KP:['comment', 'filepath_or_buffer', 'quoting', 'date_parser', 'usecols', 'parse_dates', 'prefix', 'false_values', 'quotechar', 'na_filter', 'cache_dates', 'sep', 'true_values', 'keep_default_na', 'delimiter', 'chunksize', 'engine', 'escapechar', 'encoding', 'low_memory', 'dayfirst', 'infer_datetime_format', 'dtype', 'on_bad_lines', 'header', 'squeeze', 'skiprows', 'decimal', 'dialect', 'thousands', 'doublequote', 'compression', 'keep_date_col', 'names', 'verbose', 'skip_blank_lines', 'lineterminator', 'nrows', 'na_values', 'error_bad_lines', 'warn_bad_lines', 'skipinitialspace', 'iterator', 'converters', 'index_col', 'mangle_dupe_cols', 'skipfooter', 'delim_whitespace', 'encoding_errors']
EXPP: ['comment', 'filepath_or_buffer', 'quoting', 'date_parser', 'usecols', 'parse_dates', 'prefix', 'false_values', 'quotechar', 'na_filter', 'cache_dates', 'sep', 'true_values', 'keep_default_na', 'delimiter', 'chunksize', 'engine', 'escapechar', 'encoding', 'low_memory', 'dayfirst', 'infer_datetime_format', 'dtype', 'on_bad_lines', 'header', 'squeeze', 'skiprows', 'decimal', 'dialect', 'thousands', 'doublequote', 'compression', 'keep_date_col', 'names', 'verbose', 'skip_blank_lines', 'lineterminator', 'nrows', 'na_values', 'error_bad_lines', 'warn_bad_lines', 'skipinitialspace', 'iterator', 'converters', 'index_col', 'mangle_dupe_cols', 'skipfooter', 'delim_whitespace', 'encoding_errors']
APIDoc Candidates:
[]
All Solution Candidates:
[]
[INFO] This case cannot be fixed!


real	0m0.664s
user	0m1.799s
sys	0m5.526s
