--- Running linear_model.RANSACRegressor#24NN/RANSACRegressorNN, strategy: relancer
[ERR MSG]: OrderedDict([('project', 'linear_model.RANSACRegressor#24NN'), ('notebook', 'RANSACRegressorNN'), ('text', '  File "RANSACRegressorNN.py", line 4, in <module>\n    reg = RANSACRegressor(stop_n_inliers=0, random_state=None, min_samples=None, base_estimator=\'deprecated\', max_skips=0, stop_score=0, is_data_valid=None, is_model_valid=None, max_trials=100, residual_threshold=None, stop_probability=0.99, loss=\'absolute_error\')\nTypeError: __init__() got an unexpected keyword argument \'base_estimator\'\n')])
  File "RANSACRegressorNN.py", line 4, in <module>
Error inducing API short name: RANSACRegressor, line no: 4
Error inducing API fqn: sklearn.linear_model.RANSACRegressor, line no: 4
*** TypeError: PLACEHOLDER
Repair Action: arg_name
Key Params: ['stop_n_inliers', 'random_state', 'min_samples', 'base_estimator', 'max_skips', 'stop_score', 'is_data_valid', 'is_model_valid', 'max_trials', 'residual_threshold', 'stop_probability', 'loss']
Prev Params: None
Prev Repair Action: None
Line No: 4
Prev Line No: 0
GitHub Candidates:
[]
KP:['stop_n_inliers', 'random_state', 'min_samples', 'base_estimator', 'max_skips', 'stop_score', 'is_data_valid', 'is_model_valid', 'max_trials', 'residual_threshold', 'stop_probability', 'loss']
EXPP: ['stop_n_inliers', 'random_state', 'min_samples', 'base_estimator', 'max_skips', 'stop_score', 'is_data_valid', 'is_model_valid', 'max_trials', 'residual_threshold', 'stop_probability', 'loss']
APIDoc Candidates:
[]
All Solution Candidates:
[]
[INFO] This case cannot be fixed!


real	0m0.873s
user	0m2.503s
sys	0m8.098s
