--- Running networkx.community.greedy_modularity_communities#25NN/greedy_modularity_communitiesNN, strategy: relancer
[ERR MSG]: OrderedDict([('project', 'networkx.community.greedy_modularity_communities#25NN'), ('notebook', 'greedy_modularity_communitiesNN'), ('text', '  File "greedy_modularity_communitiesNN.py", line 3, in <module>\n    communities = nx.community.greedy_modularity_communities(G,  None, resolution=1, cutoff=1, best_n=None, n_communities=None)\nTypeError: greedy_modularity_communities() got an unexpected keyword argument \'n_communities\'\n')])
  File "greedy_modularity_communitiesNN.py", line 3, in <module>
Error inducing API short name: greedy_modularity_communities, line no: 3
Error inducing API fqn: networkx.community.greedy_modularity_communities, line no: 3
*** TypeError: PLACEHOLDER
Repair Action: arg_name
Key Params: ['IMPLICIT_0', 'IMPLICIT_1', 'resolution', 'cutoff', 'best_n', 'n_communities']
Prev Params: None
Prev Repair Action: None
Line No: 3
Prev Line No: 0
GitHub Candidates:
[]
KP:['IMPLICIT_0', 'IMPLICIT_1', 'resolution', 'cutoff', 'best_n', 'n_communities']
EXPP: ['IMPLICIT_0', 'IMPLICIT_1', 'resolution', 'cutoff', 'best_n', 'n_communities']
APIDoc Candidates:
[]
All Solution Candidates:
[]
[INFO] This case cannot be fixed!


real	0m0.418s
user	0m0.362s
sys	0m0.058s
