--- Running Timestamp#54NN/TimestampNN, strategy: relancer
[ERR MSG]: OrderedDict([('project', 'Timestamp#54NN'), ('notebook', 'TimestampNN'), ('text', '  File "TimestampNN.py", line 2, in <module>\n    pd.Timestamp(unit=None, fold=None, tz=None, year=None, freq=None, ts_input=\'2017-01-01T12\', month=None)\n  File "pandas/_libs/tslibs/timestamps.pyx", line 1523, in pandas._libs.tslibs.timestamps.Timestamp.__new__\nTypeError: __new__() got an unexpected keyword argument \'freq\'\n')])
  File "TimestampNN.py", line 2, in <module>
Error inducing API short name: Timestamp, line no: 2
Error inducing API fqn: pandas.Timestamp, line no: 2
*** TypeError: PLACEHOLDER
Repair Action: arg_name
Key Params: ['unit', 'fold', 'tz', 'year', 'freq', 'ts_input', 'month']
Prev Params: None
Prev Repair Action: None
Line No: 2
Prev Line No: 0
GitHub Candidates:
[]
KP:['unit', 'fold', 'tz', 'year', 'freq', 'ts_input', 'month']
EXPP: ['unit', 'fold', 'tz', 'year', 'freq', 'ts_input', 'month']
APIDoc Candidates:
[]
All Solution Candidates:
[]
[INFO] This case cannot be fixed!


real	0m0.631s
user	0m1.572s
sys	0m5.503s
