--- Running linear_model.RANSACRegressor#72NN/RANSACRegressorNN, strategy: relancer
[ERR MSG]: OrderedDict([('project', 'linear_model.RANSACRegressor#72NN'), ('notebook', 'RANSACRegressorNN'), ('text', '  File "RANSACRegressorNN.py", line 4, in <module>\n    reg = RANSACRegressor(is_model_valid=None, stop_probability=0.99, stop_score=0, max_trials=100, is_data_valid=None, loss=\'absolute_error\', max_skips=0, stop_n_inliers=0, residual_threshold=None, base_estimator=\'deprecated\', random_state=None, min_samples=None, estimator=None)\nTypeError: __init__() got an unexpected keyword argument \'base_estimator\'\n')])
  File "RANSACRegressorNN.py", line 4, in <module>
Error inducing API short name: RANSACRegressor, line no: 4
Error inducing API fqn: sklearn.linear_model.RANSACRegressor, line no: 4
*** TypeError: PLACEHOLDER
Repair Action: arg_name
Key Params: ['is_model_valid', 'stop_probability', 'stop_score', 'max_trials', 'is_data_valid', 'loss', 'max_skips', 'stop_n_inliers', 'residual_threshold', 'base_estimator', 'random_state', 'min_samples', 'estimator']
Prev Params: None
Prev Repair Action: None
Line No: 4
Prev Line No: 0
GitHub Candidates:
[]
KP:['is_model_valid', 'stop_probability', 'stop_score', 'max_trials', 'is_data_valid', 'loss', 'max_skips', 'stop_n_inliers', 'residual_threshold', 'base_estimator', 'random_state', 'min_samples', 'estimator']
EXPP: ['is_model_valid', 'stop_probability', 'stop_score', 'max_trials', 'is_data_valid', 'loss', 'max_skips', 'stop_n_inliers', 'residual_threshold', 'base_estimator', 'random_state', 'min_samples', 'estimator']
APIDoc Candidates:
[]
All Solution Candidates:
[]
[INFO] This case cannot be fixed!


real	0m0.862s
user	0m2.220s
sys	0m7.092s
