--- Running sympy.physics.units.quantities.Quantity#9NN/QuantityNN, strategy: relancer
[ERR MSG]: OrderedDict([('project', 'sympy.physics.units.quantities.Quantity#9NN'), ('notebook', 'QuantityNN'), ('text', '  File "QuantityNN.py", line 3, in <module>\n    meter = Quantity(\'meter\',  length,  1, abbrev=None)\nTypeError: __new__() got multiple values for argument \'abbrev\'\n')])
  File "QuantityNN.py", line 3, in <module>
Error inducing API short name: Quantity, line no: 3
Error inducing API fqn: sympy.physics.units.Quantity, line no: 3
*** TypeError: PLACEHOLDER
Repair Action: arg_name
Key Params: ['IMPLICIT_0', 'IMPLICIT_1', 'IMPLICIT_2', 'abbrev']
Prev Params: None
Prev Repair Action: None
Line No: 3
Prev Line No: 0
GitHub Candidates:
[]
KP:['IMPLICIT_0', 'IMPLICIT_1', 'IMPLICIT_2', 'abbrev']
EXPP: ['IMPLICIT_0', 'IMPLICIT_1', 'IMPLICIT_2', 'abbrev']
APIDoc Candidates:
[]
All Solution Candidates:
[]
[INFO] This case cannot be fixed!


real	0m0.851s
user	0m0.791s
sys	0m0.048s
