--- Running spacy.load#3NN/loadNN, strategy: relancer
[ERR MSG]: OrderedDict([('project', 'spacy.load#3NN'), ('notebook', 'loadNN'), ('text', '  File "loadNN.py", line 7, in <module>\n    nlp = spacy.load(model_name,  disable_components)\nTypeError: load() takes 1 positional argument but 2 were given\n')])
  File "loadNN.py", line 7, in <module>
Error inducing API short name: load, line no: 7
Error inducing API fqn: spacy.load, line no: 7
*** TypeError: PLACEHOLDER
Repair Action: arg_name
Key Params: ['IMPLICIT_0', 'IMPLICIT_1']
Prev Params: None
Prev Repair Action: None
Line No: 7
Prev Line No: 0
GitHub Candidates:
[]
KP:['IMPLICIT_0', 'IMPLICIT_1']
EXPP: ['IMPLICIT_0', 'IMPLICIT_1']
APIDoc Candidates:
[]
All Solution Candidates:
[]
[INFO] This case cannot be fixed!


real	0m5.838s
user	0m2.321s
sys	0m5.225s
