--- Running read_csv#59NN/read_csvNN, strategy: relancer
[ERR MSG]: OrderedDict([('project', 'read_csv#59NN'), ('notebook', 'read_csvNN'), ('text', '  File "read_csvNN.py", line 2, in <module>\n    pd.read_csv(\'/home/zhang/Packages/tensorflow_file/dev.csv\', names=None, header=\'infer\', prefix=None, squeeze=None, delimiter=None, usecols=None, sep=\',\', index_col=None)\nTypeError: read_csv() got an unexpected keyword argument \'prefix\'\n')])
  File "read_csvNN.py", line 2, in <module>
Error inducing API short name: read_csv, line no: 2
Error inducing API fqn: pandas.read_csv, line no: 2
*** TypeError: PLACEHOLDER
Repair Action: arg_name
Key Params: ['IMPLICIT_0', 'names', 'header', 'prefix', 'squeeze', 'delimiter', 'usecols', 'sep', 'index_col']
Prev Params: None
Prev Repair Action: None
Line No: 2
Prev Line No: 0
GitHub Candidates:
[]
KP:['IMPLICIT_0', 'names', 'header', 'prefix', 'squeeze', 'delimiter', 'usecols', 'sep', 'index_col']
EXPP: ['IMPLICIT_0', 'names', 'header', 'prefix', 'squeeze', 'delimiter', 'usecols', 'sep', 'index_col']
APIDoc Candidates:
[]
All Solution Candidates:
[]
[INFO] This case cannot be fixed!


real	0m0.622s
user	0m1.729s
sys	0m6.273s
