--- Running Response#20NN/ResponseNN, strategy: relancer
[ERR MSG]: OrderedDict([('project', 'Response#20NN'), ('notebook', 'ResponseNN'), ('text', '  File "ResponseNN.py", line 2, in <module>\n    Response(1, ext=None, text=None, json=None, request=None, html=None, content=None, stream=None, on_close=None, headers=None, history=None)\nTypeError: __init__() got an unexpected keyword argument \'ext\'\n')])
  File "ResponseNN.py", line 2, in <module>
Error inducing API short name: Response, line no: 2
Error inducing API fqn: httpx.Response, line no: 2
*** TypeError: PLACEHOLDER
Repair Action: arg_name
Key Params: ['IMPLICIT_0', 'ext', 'text', 'json', 'request', 'html', 'content', 'stream', 'on_close', 'headers', 'history']
Prev Params: None
Prev Repair Action: None
Line No: 2
Prev Line No: 0
GitHub Candidates:
[]
KP:['IMPLICIT_0', 'ext', 'text', 'json', 'request', 'html', 'content', 'stream', 'on_close', 'headers', 'history']
EXPP: ['IMPLICIT_0', 'ext', 'text', 'json', 'request', 'html', 'content', 'stream', 'on_close', 'headers', 'history']
APIDoc Candidates:
[]
All Solution Candidates:
[]
[INFO] This case cannot be fixed!


real	0m0.455s
user	0m0.401s
sys	0m0.037s
