--- Running polars.Expr.reshape#2NN/reshapeNN, strategy: relancer
[ERR MSG]: OrderedDict([('project', 'polars.Expr.reshape#2NN'), ('notebook', 'reshapeNN'), ('text', '  File "reshapeNN.py", line 2, in <module>\n    pl.col(\'foo\').reshape(dims=(3, 3))\nTypeError: reshape() got an unexpected keyword argument \'dims\'\n')])
  File "reshapeNN.py", line 2, in <module>
Error inducing API short name: col, line no: 2
Error inducing API fqn: polars.col, line no: 2
*** TypeError: PLACEHOLDER
Repair Action: arg_name
Key Params: ['IMPLICIT_0']
Prev Params: None
Prev Repair Action: None
Line No: 2
Prev Line No: 0
GitHub Candidates:
[]
KP:['IMPLICIT_0']
EXPP: ['IMPLICIT_0']
APIDoc Candidates:
[]
All Solution Candidates:
[]
[INFO] This case cannot be fixed!


real	0m0.388s
user	0m0.351s
sys	0m0.037s
