--- Running read_csv#90NN/read_csvNN, strategy: relancer
[ERR MSG]: OrderedDict([('project', 'read_csv#90NN'), ('notebook', 'read_csvNN'), ('text', '  File "read_csvNN.py", line 2, in <module>\n    pd.read_csv(\'/home/zhang/Packages/tensorflow_file/dev.csv\', keep_default_na=True, na_filter=True, escapechar=None, delimiter=None, index_col=None, squeeze=None, chunksize=None, verbose=False, true_values=None, converters=None, engine=None, prefix=None, header=\'infer\', lineterminator=None, doublequote=True, na_values=None, parse_dates=None, usecols=None, iterator=False, skip_blank_lines=True, dayfirst=False, keep_date_col=False, thousands=None, infer_datetime_format=False, mangle_dupe_cols=True, nrows=None, quotechar=\'"\', names=None, quoting=0, dtype=None, false_values=None, sep=\',\', decimal=\'.\', compression=\'infer\', date_parser=None, skipfooter=0, cache_dates=True, skiprows=None, skipinitialspace=False)\nTypeError: read_csv() got an unexpected keyword argument \'squeeze\'\n')])
  File "read_csvNN.py", line 2, in <module>
Error inducing API short name: read_csv, line no: 2
Error inducing API fqn: pandas.read_csv, line no: 2
*** TypeError: PLACEHOLDER
Repair Action: arg_name
Key Params: ['IMPLICIT_0', 'keep_default_na', 'na_filter', 'escapechar', 'delimiter', 'index_col', 'squeeze', 'chunksize', 'verbose', 'true_values', 'converters', 'engine', 'prefix', 'header', 'lineterminator', 'doublequote', 'na_values', 'parse_dates', 'usecols', 'iterator', 'skip_blank_lines', 'dayfirst', 'keep_date_col', 'thousands', 'infer_datetime_format', 'mangle_dupe_cols', 'nrows', 'quotechar', 'names', 'quoting', 'dtype', 'false_values', 'sep', 'decimal', 'compression', 'date_parser', 'skipfooter', 'cache_dates', 'skiprows', 'skipinitialspace']
Prev Params: None
Prev Repair Action: None
Line No: 2
Prev Line No: 0
GitHub Candidates:
[]
KP:['IMPLICIT_0', 'keep_default_na', 'na_filter', 'escapechar', 'delimiter', 'index_col', 'squeeze', 'chunksize', 'verbose', 'true_values', 'converters', 'engine', 'prefix', 'header', 'lineterminator', 'doublequote', 'na_values', 'parse_dates', 'usecols', 'iterator', 'skip_blank_lines', 'dayfirst', 'keep_date_col', 'thousands', 'infer_datetime_format', 'mangle_dupe_cols', 'nrows', 'quotechar', 'names', 'quoting', 'dtype', 'false_values', 'sep', 'decimal', 'compression', 'date_parser', 'skipfooter', 'cache_dates', 'skiprows', 'skipinitialspace']
EXPP: ['IMPLICIT_0', 'keep_default_na', 'na_filter', 'escapechar', 'delimiter', 'index_col', 'squeeze', 'chunksize', 'verbose', 'true_values', 'converters', 'engine', 'prefix', 'header', 'lineterminator', 'doublequote', 'na_values', 'parse_dates', 'usecols', 'iterator', 'skip_blank_lines', 'dayfirst', 'keep_date_col', 'thousands', 'infer_datetime_format', 'mangle_dupe_cols', 'nrows', 'quotechar', 'names', 'quoting', 'dtype', 'false_values', 'sep', 'decimal', 'compression', 'date_parser', 'skipfooter', 'cache_dates', 'skiprows', 'skipinitialspace']
APIDoc Candidates:
[]
All Solution Candidates:
[]
[INFO] This case cannot be fixed!


real	0m0.612s
user	0m1.623s
sys	0m5.566s
