--- Running read_csv#95NN/read_csvNN, strategy: relancer
[ERR MSG]: OrderedDict([('project', 'read_csv#95NN'), ('notebook', 'read_csvNN'), ('text', '  File "read_csvNN.py", line 2, in <module>\n    pd.read_csv(\'/home/zhang/Packages/tensorflow_file/dev.csv\', skipinitialspace=False, mangle_dupe_cols=True, iterator=False, squeeze=None, keep_default_na=True, dialect=None, cache_dates=True, engine=None, dayfirst=False, decimal=\'.\', doublequote=True, prefix=None, nrows=None, error_bad_lines=None, skipfooter=0, compression=\'infer\', escapechar=None, verbose=False, true_values=None, na_values=None, thousands=None, skiprows=None, false_values=None, index_col=None, delimiter=None, keep_date_col=False, na_filter=True, sep=\',\', lineterminator=None, converters=None, quoting=0, chunksize=None, encoding_errors=\'strict\', comment=None, quotechar=\'"\', names=None, dtype=None, parse_dates=None, infer_datetime_format=False, usecols=None, date_parser=None, header=\'infer\', skip_blank_lines=True, encoding=None)\nTypeError: read_csv() got an unexpected keyword argument \'mangle_dupe_cols\'\n')])
  File "read_csvNN.py", line 2, in <module>
Error inducing API short name: read_csv, line no: 2
Error inducing API fqn: pandas.read_csv, line no: 2
*** TypeError: PLACEHOLDER
Repair Action: arg_name
Key Params: ['IMPLICIT_0', 'skipinitialspace', 'mangle_dupe_cols', 'iterator', 'squeeze', 'keep_default_na', 'dialect', 'cache_dates', 'engine', 'dayfirst', 'decimal', 'doublequote', 'prefix', 'nrows', 'error_bad_lines', 'skipfooter', 'compression', 'escapechar', 'verbose', 'true_values', 'na_values', 'thousands', 'skiprows', 'false_values', 'index_col', 'delimiter', 'keep_date_col', 'na_filter', 'sep', 'lineterminator', 'converters', 'quoting', 'chunksize', 'encoding_errors', 'comment', 'quotechar', 'names', 'dtype', 'parse_dates', 'infer_datetime_format', 'usecols', 'date_parser', 'header', 'skip_blank_lines', 'encoding']
Prev Params: None
Prev Repair Action: None
Line No: 2
Prev Line No: 0
GitHub Candidates:
[]
KP:['IMPLICIT_0', 'skipinitialspace', 'mangle_dupe_cols', 'iterator', 'squeeze', 'keep_default_na', 'dialect', 'cache_dates', 'engine', 'dayfirst', 'decimal', 'doublequote', 'prefix', 'nrows', 'error_bad_lines', 'skipfooter', 'compression', 'escapechar', 'verbose', 'true_values', 'na_values', 'thousands', 'skiprows', 'false_values', 'index_col', 'delimiter', 'keep_date_col', 'na_filter', 'sep', 'lineterminator', 'converters', 'quoting', 'chunksize', 'encoding_errors', 'comment', 'quotechar', 'names', 'dtype', 'parse_dates', 'infer_datetime_format', 'usecols', 'date_parser', 'header', 'skip_blank_lines', 'encoding']
EXPP: ['IMPLICIT_0', 'skipinitialspace', 'mangle_dupe_cols', 'iterator', 'squeeze', 'keep_default_na', 'dialect', 'cache_dates', 'engine', 'dayfirst', 'decimal', 'doublequote', 'prefix', 'nrows', 'error_bad_lines', 'skipfooter', 'compression', 'escapechar', 'verbose', 'true_values', 'na_values', 'thousands', 'skiprows', 'false_values', 'index_col', 'delimiter', 'keep_date_col', 'na_filter', 'sep', 'lineterminator', 'converters', 'quoting', 'chunksize', 'encoding_errors', 'comment', 'quotechar', 'names', 'dtype', 'parse_dates', 'infer_datetime_format', 'usecols', 'date_parser', 'header', 'skip_blank_lines', 'encoding']
APIDoc Candidates:
[]
All Solution Candidates:
[]
[INFO] This case cannot be fixed!


real	0m0.616s
user	0m1.576s
sys	0m5.308s
