--- Running traceback.install#12NN/installNN, strategy: relancer
[ERR MSG]: OrderedDict([('project', 'traceback.install#12NN'), ('notebook', 'installNN'), ('text', '  File "installNN.py", line 3, in <module>\n    install(extra_lines=3, theme=None, width=100, console=Console(), line_numbers=True, word_wrap=False)\nTypeError: install() got an unexpected keyword argument \'line_numbers\'\n')])
  File "installNN.py", line 3, in <module>
Error inducing API short name: install, line no: 3
Error inducing API fqn: rich.traceback.install, line no: 3
*** TypeError: PLACEHOLDER
Repair Action: arg_name
Key Params: ['extra_lines', 'theme', 'width', 'console', 'line_numbers', 'word_wrap']
Prev Params: None
Prev Repair Action: None
Line No: 3
Prev Line No: 0
GitHub Candidates:
[]
KP:['extra_lines', 'theme', 'width', 'console', 'line_numbers', 'word_wrap']
EXPP: ['extra_lines', 'theme', 'width', 'console', 'line_numbers', 'word_wrap']
APIDoc Candidates:
[]
All Solution Candidates:
[]
[INFO] This case cannot be fixed!


real	0m0.355s
user	0m0.313s
sys	0m0.043s
