--- Running average_shortest_path_length#5NN/average_shortest_path_lengthNN, strategy: relancer
[ERR MSG]: OrderedDict([('project', 'average_shortest_path_length#5NN'), ('notebook', 'average_shortest_path_lengthNN'), ('text', '  File "average_shortest_path_lengthNN.py", line 4, in <module>\n    avg_length = nx.average_shortest_path_length(G=G, weighted=False)\nTypeError: average_shortest_path_length() got an unexpected keyword argument \'weighted\'\n')])
  File "average_shortest_path_lengthNN.py", line 4, in <module>
Error inducing API short name: average_shortest_path_length, line no: 4
Error inducing API fqn: networkx.average_shortest_path_length, line no: 4
*** TypeError: PLACEHOLDER
Repair Action: arg_name
Key Params: ['G', 'weighted']
Prev Params: None
Prev Repair Action: None
Line No: 4
Prev Line No: 0
GitHub Candidates:
[]
KP:['G', 'weighted']
EXPP: ['G', 'weighted']
APIDoc Candidates:
[]
All Solution Candidates:
[]
[INFO] This case cannot be fixed!


real	0m0.373s
user	0m0.320s
sys	0m0.053s
