--- Running scipy.sparse.linalg.gmres#41NN/gmresNN, strategy: relancer
[ERR MSG]: OrderedDict([('project', 'scipy.sparse.linalg.gmres#41NN'), ('notebook', 'gmresNN'), ('text', '  File "gmresNN.py", line 13, in <module>\n    (x, info) = gmres(A, b=b, x0=x0, tol=tol, restart=restart, maxiter=maxiter, xtype=xtype, M=M)\nTypeError: gmres() got an unexpected keyword argument \'xtype\'\n')])
  File "gmresNN.py", line 13, in <module>
Error inducing API short name: , line no: 13
Error inducing API fqn: scipy.sparse.linalg.gmres, line no: 13
*** TypeError: PLACEHOLDER
Repair Action: arg_name
Key Params: ['IMPLICIT_0', 'b', 'x0', 'tol', 'restart', 'maxiter', 'xtype', 'M']
Prev Params: None
Prev Repair Action: None
Line No: 13
Prev Line No: 0
GitHub Candidates:
[]
KP:['IMPLICIT_0', 'b', 'x0', 'tol', 'restart', 'maxiter', 'xtype', 'M']
EXPP: ['IMPLICIT_0', 'b', 'x0', 'tol', 'restart', 'maxiter', 'xtype', 'M']
APIDoc Candidates:
[]
All Solution Candidates:
[]
[INFO] This case cannot be fixed!


real	0m0.600s
user	0m1.697s
sys	0m6.984s
