--- Running aiohttp.TCPConnector#30NN/TCPConnectorNN, strategy: relancer
[ERR MSG]: OrderedDict([('project', 'aiohttp.TCPConnector#30NN'), ('notebook', 'TCPConnectorNN'), ('text', '  File "TCPConnectorNN.py", line 14, in <module>\n    loop.run_until_complete(main())\n  File "/dataset/zhang/anaconda3/envs/Raiohttp3.0.0/lib/python3.6/asyncio/base_events.py", line 488, in run_until_complete\n    return future.result()\n  File "TCPConnectorNN.py", line 9, in main\n    connector = aiohttp.TCPConnector(loop=None, limit_per_host=0, ssl_context=None, use_dns_cache=True, resolve=object(), verify_ssl=True, local_addr=None, limit=100, resolver=None, keepalive_timeout=30, force_close=False, fingerprint=None, ttl_dns_cache=10, family=0, enable_cleanup_closed=False)\nTypeError: __init__() got an unexpected keyword argument \'resolve\'\n')])
  File "TCPConnectorNN.py", line 14, in <module>
Error inducing API short name: run_until_complete, line no: 14
  File "TCPConnectorNN.py", line 9, in main
Error inducing API short name: TCPConnector, line no: 9
Error inducing API fqn: aiohttp.TCPConnector, line no: 9
*** TypeError: PLACEHOLDER
Repair Action: arg_name
Key Params: ['loop', 'limit_per_host', 'ssl_context', 'use_dns_cache', 'resolve', 'verify_ssl', 'local_addr', 'limit', 'resolver', 'keepalive_timeout', 'force_close', 'fingerprint', 'ttl_dns_cache', 'family', 'enable_cleanup_closed']
Prev Params: None
Prev Repair Action: None
Line No: 9
Prev Line No: 0
GitHub Candidates:
[]
KP:['loop', 'limit_per_host', 'ssl_context', 'use_dns_cache', 'resolve', 'verify_ssl', 'local_addr', 'limit', 'resolver', 'keepalive_timeout', 'force_close', 'fingerprint', 'ttl_dns_cache', 'family', 'enable_cleanup_closed']
EXPP: ['loop', 'limit_per_host', 'ssl_context', 'use_dns_cache', 'resolve', 'verify_ssl', 'local_addr', 'limit', 'resolver', 'keepalive_timeout', 'force_close', 'fingerprint', 'ttl_dns_cache', 'family', 'enable_cleanup_closed']
APIDoc Candidates:
[]
All Solution Candidates:
[]
[INFO] This case cannot be fixed!


real	0m0.560s
user	0m0.532s
sys	0m0.028s
