--- Running plotly.express.imshow#210NN/imshowNN, strategy: relancer
[ERR MSG]: OrderedDict([('project', 'plotly.express.imshow#210NN'), ('notebook', 'imshowNN'), ('text', '  File "imshowNN.py", line 4, in <module>\n    fig = px.imshow(img_rgb,  None,  None,  None,  {},  None,  None,  None,  None,  None,  None,  None,  None,  None,  None,  None,  None,  \'auto\',  4,  \'png\')\n  File "/dataset/zhang/anaconda3/envs/Rplotly4.14.0/lib/python3.7/site-packages/plotly/express/_imshow.py", line 550, in imshow\n    fig.update_layout(layout)\n  File "/dataset/zhang/anaconda3/envs/Rplotly4.14.0/lib/python3.7/site-packages/plotly/basedatatypes.py", line 1403, in update_layout\n    self.layout.update(dict1, overwrite=overwrite, **kwargs)\n  File "/dataset/zhang/anaconda3/envs/Rplotly4.14.0/lib/python3.7/site-packages/plotly/basedatatypes.py", line 5066, in update\n    BaseFigure._perform_update(self, dict1, overwrite=overwrite)\n  File "/dataset/zhang/anaconda3/envs/Rplotly4.14.0/lib/python3.7/site-packages/plotly/basedatatypes.py", line 3906, in _perform_update\n    plotly_obj[key] = val\n  File "/dataset/zhang/anaconda3/envs/Rplotly4.14.0/lib/python3.7/site-packages/plotly/basedatatypes.py", line 5806, in __setitem__\n    super(BaseLayoutHierarchyType, self).__setitem__(prop, value)\n  File "/dataset/zhang/anaconda3/envs/Rplotly4.14.0/lib/python3.7/site-packages/plotly/basedatatypes.py", line 4804, in __setitem__\n    self._set_prop(prop, value)\n  File "/dataset/zhang/anaconda3/envs/Rplotly4.14.0/lib/python3.7/site-packages/plotly/basedatatypes.py", line 5148, in _set_prop\n    raise err\n  File "/dataset/zhang/anaconda3/envs/Rplotly4.14.0/lib/python3.7/site-packages/plotly/basedatatypes.py", line 5143, in _set_prop\n    val = validator.validate_coerce(val)\n  File "/dataset/zhang/anaconda3/envs/Rplotly4.14.0/lib/python3.7/site-packages/_plotly_utils/basevalidators.py", line 793, in validate_coerce\n    self.raise_invalid_val(v)\n  File "/dataset/zhang/anaconda3/envs/Rplotly4.14.0/lib/python3.7/site-packages/_plotly_utils/basevalidators.py", line 287, in raise_invalid_val\n    valid_clr_desc=self.description(),\nValueError: \n    Invalid value of type \'builtins.int\' received for the \'height\' property of layout\n        Received value: 4\n\n    The \'height\' property is a number and may be specified as:\n      - An int or float in the interval [10, inf]\n')])
  File "imshowNN.py", line 4, in <module>
Error inducing API short name: imshow, line no: 4
Error inducing API fqn: plotly.express.imshow, line no: 4
*** ValueError: PLACEHOLDER
All known params: []
All known params' names: []
Error line tokens: ['valueerror', 'placeholder']
Repair Action: arg_value
Key Params: []
Prev Params: None
Prev Repair Action: None
Line No: 4
Prev Line No: 0
GitHub Candidates:
[]
APIDoc Candidates:
[]
All Solution Candidates:
[]
[INFO] This case cannot be fixed!


real	0m0.757s
user	0m1.036s
sys	0m1.694s
