--- Running DataFrame.groupby#42NN/groupbyNN, strategy: relancer
[ERR MSG]: OrderedDict([('project', 'DataFrame.groupby#42NN'), ('notebook', 'groupbyNN'), ('text', '  File "groupbyNN.py", line 3, in <module>\n    df.groupby([\'Animal\'],  0, level=None, as_index=True, sort=True, group_keys=False, squeeze=False, observed=False).mean()\nTypeError: groupby() got an unexpected keyword argument \'squeeze\'\n')])
  File "groupbyNN.py", line 3, in <module>
Error inducing API short name: groupby, line no: 3
Error inducing API fqn: UNKNOWN, line no: 3
*** TypeError: PLACEHOLDER
Repair Action: arg_name
Key Params: []
Prev Params: None
Prev Repair Action: None
Line No: 3
Prev Line No: 0
GitHub Candidates:
[]
KP:[]
EXPP: []
APIDoc Candidates:
[]
All Solution Candidates:
[]
[INFO] This case cannot be fixed!


real	0m0.640s
user	0m1.622s
sys	0m5.849s
