--- Running PIL.ImagePalette.ImagePalette#10NN/ImagePaletteNN, strategy: relancer
[ERR MSG]: OrderedDict([('project', 'PIL.ImagePalette.ImagePalette#10NN'), ('notebook', 'ImagePaletteNN'), ('text', '  File "ImagePaletteNN.py", line 2, in <module>\n    palette = ImagePalette.ImagePalette(mode=\'RGB\', palette=None, size=0)\nTypeError: __init__() got an unexpected keyword argument \'size\'\n')])
  File "ImagePaletteNN.py", line 2, in <module>
Error inducing API short name: ImagePalette, line no: 2
Error inducing API fqn: PIL.ImagePalette.ImagePalette, line no: 2
*** TypeError: PLACEHOLDER
Repair Action: arg_name
Key Params: ['mode', 'palette', 'size']
Prev Params: None
Prev Repair Action: None
Line No: 2
Prev Line No: 0
GitHub Candidates:
[]
KP:['mode', 'palette', 'size']
EXPP: ['mode', 'palette', 'size']
APIDoc Candidates:
[]
All Solution Candidates:
[]
[INFO] This case cannot be fixed!


real	0m0.362s
user	0m0.308s
sys	0m0.048s
