--- Running read_csv#468NN/read_csvNN, strategy: relancer
[ERR MSG]: OrderedDict([('project', 'read_csv#468NN'), ('notebook', 'read_csvNN'), ('text', '  File "read_csvNN.py", line 2, in <module>\n    pd.read_csv(\'/home/zhang/Packages/tensorflow_file/dev.csv\',  \',\',  None,  \'infer\',  None,  None,  None,  False,  None,  True,  None,  None,  None,  None,  None,  False,  None,  0,  None,  None,  True,  True,  False,  True,  False,  False,  False, date_parser=None, dayfirst=False, cache_dates=True)\n  File "/dataset/zhang/anaconda3/envs/Rpandas1.3.0/lib/python3.8/site-packages/pandas/util/_decorators.py", line 311, in wrapper\n    return func(*args, **kwargs)\n  File "/dataset/zhang/anaconda3/envs/Rpandas1.3.0/lib/python3.8/site-packages/pandas/io/parsers/readers.py", line 571, in read_csv\n    kwds_defaults = _refine_defaults_read(\n  File "/dataset/zhang/anaconda3/envs/Rpandas1.3.0/lib/python3.8/site-packages/pandas/io/parsers/readers.py", line 1306, in _refine_defaults_read\n    raise ValueError("Specified named and prefix; you can only specify one.")\nValueError: Specified named and prefix; you can only specify one.\n')])
  File "read_csvNN.py", line 2, in <module>
Error inducing API short name: read_csv, line no: 2
Error inducing API fqn: pandas.read_csv, line no: 2
*** ValueError: PLACEHOLDER
All known params: []
All known params' names: []
Error line tokens: ['valueerror', 'placeholder']
Repair Action: arg_value
Key Params: []
Prev Params: None
Prev Repair Action: None
Line No: 2
Prev Line No: 0
GitHub Candidates:
[]
APIDoc Candidates:
[]
All Solution Candidates:
[]
[INFO] This case cannot be fixed!


real	0m0.590s
user	0m1.658s
sys	0m5.355s
