--- Running Timestamp#206NN/TimestampNN, strategy: relancer
[ERR MSG]: OrderedDict([('project', 'Timestamp#206NN'), ('notebook', 'TimestampNN'), ('text', '  File "TimestampNN.py", line 2, in <module>\n    pd.Timestamp(\'2017-01-01T12\', freq=None, day=None, unit=None, fold=None, minute=None, microsecond=None, year=None, nanosecond=None, hour=None, tzinfo=None, month=None, second=None, tz=None)\n  File "pandas/_libs/tslibs/timestamps.pyx", line 1523, in pandas._libs.tslibs.timestamps.Timestamp.__new__\nTypeError: __new__() got an unexpected keyword argument \'freq\'\n')])
  File "TimestampNN.py", line 2, in <module>
Error inducing API short name: Timestamp, line no: 2
Error inducing API fqn: pandas.Timestamp, line no: 2
*** TypeError: PLACEHOLDER
Repair Action: arg_name
Key Params: ['IMPLICIT_0', 'freq', 'day', 'unit', 'fold', 'minute', 'microsecond', 'year', 'nanosecond', 'hour', 'tzinfo', 'month', 'second', 'tz']
Prev Params: None
Prev Repair Action: None
Line No: 2
Prev Line No: 0
GitHub Candidates:
[]
KP:['IMPLICIT_0', 'freq', 'day', 'unit', 'fold', 'minute', 'microsecond', 'year', 'nanosecond', 'hour', 'tzinfo', 'month', 'second', 'tz']
EXPP: ['IMPLICIT_0', 'freq', 'day', 'unit', 'fold', 'minute', 'microsecond', 'year', 'nanosecond', 'hour', 'tzinfo', 'month', 'second', 'tz']
APIDoc Candidates:
[]
All Solution Candidates:
[]
[INFO] This case cannot be fixed!


real	0m0.601s
user	0m1.651s
sys	0m5.330s
