--- Running Response#40NN/ResponseNN, strategy: relancer
[ERR MSG]: OrderedDict([('project', 'Response#40NN'), ('notebook', 'ResponseNN'), ('text', '  File "ResponseNN.py", line 2, in <module>\n    Response(on_close=None, status_code=1, content=None, stream=None, html=None, text=None, ext=None, headers=None, history=None, json=None, request=None)\nTypeError: __init__() got an unexpected keyword argument \'on_close\'\n')])
  File "ResponseNN.py", line 2, in <module>
Error inducing API short name: Response, line no: 2
Error inducing API fqn: httpx.Response, line no: 2
*** TypeError: PLACEHOLDER
Repair Action: arg_name
Key Params: ['on_close', 'status_code', 'content', 'stream', 'html', 'text', 'ext', 'headers', 'history', 'json', 'request']
Prev Params: None
Prev Repair Action: None
Line No: 2
Prev Line No: 0
GitHub Candidates:
[]
KP:['on_close', 'status_code', 'content', 'stream', 'html', 'text', 'ext', 'headers', 'history', 'json', 'request']
EXPP: ['on_close', 'status_code', 'content', 'stream', 'html', 'text', 'ext', 'headers', 'history', 'json', 'request']
APIDoc Candidates:
[]
All Solution Candidates:
[]
[INFO] This case cannot be fixed!


real	0m0.432s
user	0m0.389s
sys	0m0.043s
