--- Running requests.cookies.RequestsCookieJar.get#11NN/getNN, strategy: relancer
[ERR MSG]: OrderedDict([('project', 'requests.cookies.RequestsCookieJar.get#11NN'), ('notebook', 'getNN'), ('text', '  File "getNN.py", line 5, in <module>\n    retrieved_cookie = cookie_jar.get(\'cookie1\',  \'example.com\',  \'/\', default=\'Not Found\')\nTypeError: get() got multiple values for argument \'default\'\n')])
  File "getNN.py", line 5, in <module>
Error inducing API short name: get, line no: 5
Error inducing API fqn: UNKNOWN, line no: 5
*** TypeError: PLACEHOLDER
Repair Action: arg_name
Key Params: []
Prev Params: None
Prev Repair Action: None
Line No: 5
Prev Line No: 0
GitHub Candidates:
[]
KP:[]
EXPP: []
APIDoc Candidates:
[]
All Solution Candidates:
[]
[INFO] This case cannot be fixed!


real	0m0.477s
user	0m0.430s
sys	0m0.047s
