--- Running is_isomorphic#8NN/is_isomorphicNN, strategy: relancer
[ERR MSG]: OrderedDict([('project', 'is_isomorphic#8NN'), ('notebook', 'is_isomorphicNN'), ('text', '  File "is_isomorphicNN.py", line 6, in <module>\n    isomorphic = nx.is_isomorphic(G1,  G2,  False,  1e-06)\n  File "/dataset/zhang/anaconda3/envs/Rnetworkx1.6/lib/python3.8/site-packages/networkx/algorithms/isomorphism/isomorph.py", line 222, in is_isomorphic\n    return gm.is_isomorphic()\n  File "/dataset/zhang/anaconda3/envs/Rnetworkx1.6/lib/python3.8/site-packages/networkx/algorithms/isomorphism/isomorphvf2.py", line 277, in is_isomorphic\n    x = next(self.isomorphisms_iter())\n  File "/dataset/zhang/anaconda3/envs/Rnetworkx1.6/lib/python3.8/site-packages/networkx/algorithms/isomorphism/isomorphvf2.py", line 287, in isomorphisms_iter\n    for mapping in self.match():\n  File "/dataset/zhang/anaconda3/envs/Rnetworkx1.6/lib/python3.8/site-packages/networkx/algorithms/isomorphism/isomorphvf2.py", line 307, in match\n    if self.semantic_feasibility(G1_node, G2_node):\n  File "/dataset/zhang/anaconda3/envs/Rnetworkx1.6/lib/python3.8/site-packages/networkx/algorithms/isomorphism/vf2userfunc.py", line 50, in _semantic_feasibility\n    nm = self.node_match(self.G1.node[G1_node], self.G2.node[G2_node])\nTypeError: \'bool\' object is not callable\n')])
  File "is_isomorphicNN.py", line 6, in <module>
Error inducing API short name: is_isomorphic, line no: 6
Error inducing API fqn: networkx.is_isomorphic, line no: 6
*** TypeError: PLACEHOLDER
Repair Action: arg_name
Key Params: ['IMPLICIT_0', 'IMPLICIT_1', 'IMPLICIT_2', 'IMPLICIT_3']
Prev Params: None
Prev Repair Action: None
Line No: 6
Prev Line No: 0
GitHub Candidates:
[]
KP:['IMPLICIT_0', 'IMPLICIT_1', 'IMPLICIT_2', 'IMPLICIT_3']
EXPP: ['IMPLICIT_0', 'IMPLICIT_1', 'IMPLICIT_2', 'IMPLICIT_3']
APIDoc Candidates:
[]
All Solution Candidates:
[]
[INFO] This case cannot be fixed!


real	0m0.440s
user	0m0.362s
sys	0m0.053s
