--- Running matplotlib.colorbar.Colorbar.set_ticks#11NN/set_ticksNN, strategy: relancer
[ERR MSG]: OrderedDict([('project', 'matplotlib.colorbar.Colorbar.set_ticks#11NN'), ('notebook', 'set_ticksNN'), ('text', '  File "set_ticksNN.py", line 7, in <module>\n    cbar.set_ticks(ticks,  None,  None)\nTypeError: set_ticks() takes 2 positional arguments but 4 were given\n')])
  File "set_ticksNN.py", line 7, in <module>
Error inducing API short name: set_ticks, line no: 7
Error inducing API fqn: UNKNOWN, line no: 7
*** TypeError: PLACEHOLDER
Repair Action: arg_name
Key Params: []
Prev Params: None
Prev Repair Action: None
Line No: 7
Prev Line No: 0
GitHub Candidates:
[]
KP:[]
EXPP: []
APIDoc Candidates:
[]
All Solution Candidates:
[]
[INFO] This case cannot be fixed!


real	0m0.833s
user	0m1.826s
sys	0m6.185s
