--- Running sklearn.feature_selection.RFECV#19NN/RFECVNN, strategy: relancer
[ERR MSG]: OrderedDict([('project', 'sklearn.feature_selection.RFECV#19NN'), ('notebook', 'RFECVNN'), ('text', '  File "RFECVNN.py", line 6, in <module>\n    selector = RFECV(estimator, step=5, cv=None, scoring=None, estimator_params=None)\nTypeError: __init__() got an unexpected keyword argument \'estimator_params\'\n')])
  File "RFECVNN.py", line 6, in <module>
Error inducing API short name: RFECV, line no: 6
Error inducing API fqn: sklearn.feature_selection.RFECV, line no: 6
*** TypeError: PLACEHOLDER
Repair Action: arg_name
Key Params: ['IMPLICIT_0', 'step', 'cv', 'scoring', 'estimator_params']
Prev Params: None
Prev Repair Action: None
Line No: 6
Prev Line No: 0
GitHub Candidates:
[]
KP:['IMPLICIT_0', 'step', 'cv', 'scoring', 'estimator_params']
EXPP: ['IMPLICIT_0', 'step', 'cv', 'scoring', 'estimator_params']
APIDoc Candidates:
[]
All Solution Candidates:
[]
[INFO] This case cannot be fixed!


real	0m0.708s
user	0m1.979s
sys	0m5.360s
