--- Running tornado.tcpclient.TCPClient#6NN/TCPClientNN, strategy: relancer
[ERR MSG]: OrderedDict([('project', 'tornado.tcpclient.TCPClient#6NN'), ('notebook', 'TCPClientNN'), ('text', '  File "TCPClientNN.py", line 13, in <module>\n    io_loop.run_sync(connect_to_host)\n  File "/dataset/zhang/anaconda3/envs/Rtornado5.0/lib/python3.8/site-packages/tornado/ioloop.py", line 582, in run_sync\n    return future_cell[0].result()\n  File "/dataset/zhang/anaconda3/envs/Rtornado5.0/lib/python3.8/site-packages/tornado/gen.py", line 315, in wrapper\n    yielded = next(result)\n  File "TCPClientNN.py", line 7, in connect_to_host\n    client = tornado.tcpclient.TCPClient(resolver=None, io_loop=tornado.ioloop.IOLoop.current())\nTypeError: __init__() got an unexpected keyword argument \'io_loop\'\n')])
  File "TCPClientNN.py", line 13, in <module>
Error inducing API short name: run_sync, line no: 13
  File "TCPClientNN.py", line 7, in connect_to_host
Error inducing API short name: TCPClient, line no: 7
Error inducing API fqn: tornado.tcpclient.TCPClient, line no: 7
*** TypeError: PLACEHOLDER
Repair Action: arg_name
Key Params: ['resolver', 'io_loop']
Prev Params: None
Prev Repair Action: None
Line No: 7
Prev Line No: 0
GitHub Candidates:
[]
KP:['resolver', 'io_loop']
EXPP: ['resolver', 'io_loop']
APIDoc Candidates:
[]
All Solution Candidates:
[]
[INFO] This case cannot be fixed!


real	0m0.450s
user	0m0.396s
sys	0m0.054s
