--- Running scipy.sparse.linalg.cg#35NN/cgNN, strategy: relancer
[ERR MSG]: OrderedDict([('project', 'scipy.sparse.linalg.cg#35NN'), ('notebook', 'cgNN'), ('text', '  File "cgNN.py", line 5, in <module>\n    (x, info) = cg(A,  b,  None,  1e-05,  None,  None,  None, callback=None)\nTypeError: cg() got multiple values for argument \'callback\'\n')])
  File "cgNN.py", line 5, in <module>
Error inducing API short name: , line no: 5
Error inducing API fqn: scipy.sparse.linalg.cg, line no: 5
*** TypeError: PLACEHOLDER
Repair Action: arg_name
Key Params: ['IMPLICIT_0', 'IMPLICIT_1', 'IMPLICIT_2', 'IMPLICIT_3', 'IMPLICIT_4', 'IMPLICIT_5', 'IMPLICIT_6', 'callback']
Prev Params: None
Prev Repair Action: None
Line No: 5
Prev Line No: 0
GitHub Candidates:
[]
KP:['IMPLICIT_0', 'IMPLICIT_1', 'IMPLICIT_2', 'IMPLICIT_3', 'IMPLICIT_4', 'IMPLICIT_5', 'IMPLICIT_6', 'callback']
EXPP: ['IMPLICIT_0', 'IMPLICIT_1', 'IMPLICIT_2', 'IMPLICIT_3', 'IMPLICIT_4', 'IMPLICIT_5', 'IMPLICIT_6', 'callback']
APIDoc Candidates:
[]
All Solution Candidates:
[]
[INFO] This case cannot be fixed!


real	0m0.537s
user	0m1.725s
sys	0m5.827s
