--- Running linear_model.RANSACRegressor#37NN/RANSACRegressorNN, strategy: relancer
[ERR MSG]: OrderedDict([('project', 'linear_model.RANSACRegressor#37NN'), ('notebook', 'RANSACRegressorNN'), ('text', '  File "RANSACRegressorNN.py", line 4, in <module>\n    reg = RANSACRegressor(None, base_estimator=\'deprecated\')\nTypeError: __init__() got an unexpected keyword argument \'base_estimator\'\n')])
  File "RANSACRegressorNN.py", line 4, in <module>
Error inducing API short name: RANSACRegressor, line no: 4
Error inducing API fqn: sklearn.linear_model.RANSACRegressor, line no: 4
*** TypeError: PLACEHOLDER
Repair Action: arg_name
Key Params: ['IMPLICIT_0', 'base_estimator']
Prev Params: None
Prev Repair Action: None
Line No: 4
Prev Line No: 0
GitHub Candidates:
[]
KP:['IMPLICIT_0', 'base_estimator']
EXPP: ['IMPLICIT_0', 'base_estimator']
APIDoc Candidates:
[]
All Solution Candidates:
[]
[INFO] This case cannot be fixed!


real	0m0.835s
user	0m2.048s
sys	0m7.063s
