--- Running read_csv#196NN/read_csvNN, strategy: relancer
[ERR MSG]: OrderedDict([('project', 'read_csv#196NN'), ('notebook', 'read_csvNN'), ('text', '  File "read_csvNN.py", line 2, in <module>\n    pd.read_csv(prefix=None, quoting=0, compression=\'infer\', cache_dates=True, chunksize=None, squeeze=None, keep_date_col=False, lineterminator=None, parse_dates=None, verbose=False, encoding=None, dialect=None, skip_blank_lines=True, engine=None, thousands=None, sep=\',\', date_parser=None, dayfirst=False, skipfooter=0, na_filter=True, iterator=False, usecols=None, decimal=\'.\', infer_datetime_format=False, quotechar=\'"\', comment=None, false_values=None, index_col=None, names=None, skipinitialspace=False, delimiter=None, encoding_errors=\'strict\', true_values=None, nrows=None, na_values=None, dtype=None, escapechar=None, skiprows=None, mangle_dupe_cols=True, filepath_or_buffer=\'/home/zhang/Packages/tensorflow_file/dev.csv\', doublequote=True, keep_default_na=True, converters=None, header=\'infer\')\nTypeError: read_csv() got an unexpected keyword argument \'prefix\'\n')])
  File "read_csvNN.py", line 2, in <module>
Error inducing API short name: read_csv, line no: 2
Error inducing API fqn: pandas.read_csv, line no: 2
*** TypeError: PLACEHOLDER
Repair Action: arg_name
Key Params: ['prefix', 'quoting', 'compression', 'cache_dates', 'chunksize', 'squeeze', 'keep_date_col', 'lineterminator', 'parse_dates', 'verbose', 'encoding', 'dialect', 'skip_blank_lines', 'engine', 'thousands', 'sep', 'date_parser', 'dayfirst', 'skipfooter', 'na_filter', 'iterator', 'usecols', 'decimal', 'infer_datetime_format', 'quotechar', 'comment', 'false_values', 'index_col', 'names', 'skipinitialspace', 'delimiter', 'encoding_errors', 'true_values', 'nrows', 'na_values', 'dtype', 'escapechar', 'skiprows', 'mangle_dupe_cols', 'filepath_or_buffer', 'doublequote', 'keep_default_na', 'converters', 'header']
Prev Params: None
Prev Repair Action: None
Line No: 2
Prev Line No: 0
GitHub Candidates:
[]
KP:['prefix', 'quoting', 'compression', 'cache_dates', 'chunksize', 'squeeze', 'keep_date_col', 'lineterminator', 'parse_dates', 'verbose', 'encoding', 'dialect', 'skip_blank_lines', 'engine', 'thousands', 'sep', 'date_parser', 'dayfirst', 'skipfooter', 'na_filter', 'iterator', 'usecols', 'decimal', 'infer_datetime_format', 'quotechar', 'comment', 'false_values', 'index_col', 'names', 'skipinitialspace', 'delimiter', 'encoding_errors', 'true_values', 'nrows', 'na_values', 'dtype', 'escapechar', 'skiprows', 'mangle_dupe_cols', 'filepath_or_buffer', 'doublequote', 'keep_default_na', 'converters', 'header']
EXPP: ['prefix', 'quoting', 'compression', 'cache_dates', 'chunksize', 'squeeze', 'keep_date_col', 'lineterminator', 'parse_dates', 'verbose', 'encoding', 'dialect', 'skip_blank_lines', 'engine', 'thousands', 'sep', 'date_parser', 'dayfirst', 'skipfooter', 'na_filter', 'iterator', 'usecols', 'decimal', 'infer_datetime_format', 'quotechar', 'comment', 'false_values', 'index_col', 'names', 'skipinitialspace', 'delimiter', 'encoding_errors', 'true_values', 'nrows', 'na_values', 'dtype', 'escapechar', 'skiprows', 'mangle_dupe_cols', 'filepath_or_buffer', 'doublequote', 'keep_default_na', 'converters', 'header']
APIDoc Candidates:
[]
All Solution Candidates:
[]
[INFO] This case cannot be fixed!


real	0m0.642s
user	0m1.683s
sys	0m5.908s
