--- Running Timestamp#180NN/TimestampNN, strategy: relancer
[ERR MSG]: OrderedDict([('project', 'Timestamp#180NN'), ('notebook', 'TimestampNN'), ('text', '  File "TimestampNN.py", line 2, in <module>\n    pd.Timestamp(tz=None, year=None, minute=None, nanosecond=None, ts_input=\'2017-01-01T12\', second=None, fold=None, hour=None, freq=None, month=None, unit=None, microsecond=None, day=None)\n  File "pandas/_libs/tslibs/timestamps.pyx", line 1523, in pandas._libs.tslibs.timestamps.Timestamp.__new__\nTypeError: __new__() got an unexpected keyword argument \'freq\'\n')])
  File "TimestampNN.py", line 2, in <module>
Error inducing API short name: Timestamp, line no: 2
Error inducing API fqn: pandas.Timestamp, line no: 2
*** TypeError: PLACEHOLDER
Repair Action: arg_name
Key Params: ['tz', 'year', 'minute', 'nanosecond', 'ts_input', 'second', 'fold', 'hour', 'freq', 'month', 'unit', 'microsecond', 'day']
Prev Params: None
Prev Repair Action: None
Line No: 2
Prev Line No: 0
GitHub Candidates:
[]
KP:['tz', 'year', 'minute', 'nanosecond', 'ts_input', 'second', 'fold', 'hour', 'freq', 'month', 'unit', 'microsecond', 'day']
EXPP: ['tz', 'year', 'minute', 'nanosecond', 'ts_input', 'second', 'fold', 'hour', 'freq', 'month', 'unit', 'microsecond', 'day']
APIDoc Candidates:
[]
All Solution Candidates:
[]
[INFO] This case cannot be fixed!


real	0m0.615s
user	0m1.837s
sys	0m5.827s
