--- Running tornado.tcpserver.TCPServer#6NN/TCPServerNN, strategy: relancer
[ERR MSG]: OrderedDict([('project', 'tornado.tcpserver.TCPServer#6NN'), ('notebook', 'TCPServerNN'), ('text', '  File "TCPServerNN.py", line 3, in <module>\n    server = tornado.tcpserver.TCPServer(io_loop=None, ssl_options=None)\nTypeError: __init__() got an unexpected keyword argument \'io_loop\'\n')])
  File "TCPServerNN.py", line 3, in <module>
Error inducing API short name: TCPServer, line no: 3
Error inducing API fqn: tornado.tcpserver.TCPServer, line no: 3
*** TypeError: PLACEHOLDER
Repair Action: arg_name
Key Params: ['io_loop', 'ssl_options']
Prev Params: None
Prev Repair Action: None
Line No: 3
Prev Line No: 0
GitHub Candidates:
[]
KP:['io_loop', 'ssl_options']
EXPP: ['io_loop', 'ssl_options']
APIDoc Candidates:
[]
All Solution Candidates:
[]
[INFO] This case cannot be fixed!


real	0m0.421s
user	0m0.401s
sys	0m0.020s
