--- Running is_isomorphic#13NN/is_isomorphicNN, strategy: relancer
[ERR MSG]: OrderedDict([('project', 'is_isomorphic#13NN'), ('notebook', 'is_isomorphicNN'), ('text', '  File "is_isomorphicNN.py", line 6, in <module>\n    isomorphic = nx.is_isomorphic(G1,  G2,  False,  1e-06,  1e-09)\nTypeError: is_isomorphic() takes from 2 to 4 positional arguments but 5 were given\n')])
  File "is_isomorphicNN.py", line 6, in <module>
Error inducing API short name: is_isomorphic, line no: 6
Error inducing API fqn: networkx.is_isomorphic, line no: 6
*** TypeError: PLACEHOLDER
Repair Action: arg_name
Key Params: ['IMPLICIT_0', 'IMPLICIT_1', 'IMPLICIT_2', 'IMPLICIT_3', 'IMPLICIT_4']
Prev Params: None
Prev Repair Action: None
Line No: 6
Prev Line No: 0
GitHub Candidates:
[]
KP:['IMPLICIT_0', 'IMPLICIT_1', 'IMPLICIT_2', 'IMPLICIT_3', 'IMPLICIT_4']
EXPP: ['IMPLICIT_0', 'IMPLICIT_1', 'IMPLICIT_2', 'IMPLICIT_3', 'IMPLICIT_4']
APIDoc Candidates:
[]
All Solution Candidates:
[]
[INFO] This case cannot be fixed!


real	0m0.402s
user	0m0.353s
sys	0m0.050s
