--- Running networkx.union#9NN/unionNN, strategy: relancer
[ERR MSG]: OrderedDict([('project', 'networkx.union#9NN'), ('notebook', 'unionNN'), ('text', '  File "unionNN.py", line 6, in <module>\n    union_graph = nx.union(G,  H,  (\'G-\', \'H-\'), name=None)\nTypeError: union() got an unexpected keyword argument \'name\'\n')])
  File "unionNN.py", line 6, in <module>
Error inducing API short name: union, line no: 6
Error inducing API fqn: networkx.union, line no: 6
*** TypeError: PLACEHOLDER
Repair Action: arg_name
Key Params: ['IMPLICIT_0', 'IMPLICIT_1', 'IMPLICIT_2', 'name']
Prev Params: None
Prev Repair Action: None
Line No: 6
Prev Line No: 0
GitHub Candidates:
[]
KP:['IMPLICIT_0', 'IMPLICIT_1', 'IMPLICIT_2', 'name']
EXPP: ['IMPLICIT_0', 'IMPLICIT_1', 'IMPLICIT_2', 'name']
APIDoc Candidates:
[]
All Solution Candidates:
[]
[INFO] This case cannot be fixed!


real	0m0.441s
user	0m0.396s
sys	0m0.045s
