--- Running tf.data.experimental.service.DispatchServer#8NN/DispatchServerNN, strategy: relancer
[ERR MSG]: OrderedDict([('project', 'tf.data.experimental.service.DispatchServer#8NN'), ('notebook', 'DispatchServerNN'), ('text', '  File "DispatchServerNN.py", line 2, in <module>\n    tf.data.experimental.service.DispatchServer(0, protocol=None, start=True)\nTypeError: __init__() got an unexpected keyword argument \'protocol\'\n')])
  File "DispatchServerNN.py", line 2, in <module>
Error inducing API short name: DispatchServer, line no: 2
Error inducing API fqn: tensorflow.data.experimental.experimental.service.DispatchServer, line no: 2
*** TypeError: PLACEHOLDER
Repair Action: arg_name
Key Params: ['IMPLICIT_0', 'protocol', 'start']
Prev Params: None
Prev Repair Action: None
Line No: 2
Prev Line No: 0
GitHub Candidates:
[]
KP:['IMPLICIT_0', 'protocol', 'start']
EXPP: ['IMPLICIT_0', 'protocol', 'start']
APIDoc Candidates:
[]
All Solution Candidates:
[]
[INFO] This case cannot be fixed!


real	0m1.660s
user	0m2.691s
sys	0m5.942s
