--- Running scipy.stats.shapiro#5NN/shapiroNN, strategy: relancer
[ERR MSG]: OrderedDict([('project', 'scipy.stats.shapiro#5NN'), ('notebook', 'shapiroNN'), ('text', '  File "shapiroNN.py", line 3, in <module>\n    (statistic, p_value) = stats.shapiro(x=x, a=None)\nTypeError: shapiro() got an unexpected keyword argument \'a\'\n')])
  File "shapiroNN.py", line 3, in <module>
Error inducing API short name: , line no: 3
Error inducing API fqn: scipy.stats.shapiro, line no: 3
*** TypeError: PLACEHOLDER
Repair Action: arg_name
Key Params: ['x', 'a']
Prev Params: None
Prev Repair Action: None
Line No: 3
Prev Line No: 0
GitHub Candidates:
[]
KP:['x', 'a']
EXPP: ['x', 'a']
APIDoc Candidates:
[]
All Solution Candidates:
[]
[INFO] This case cannot be fixed!


real	0m0.616s
user	0m1.519s
sys	0m6.078s
