--- Running dask.dataframe.repartition#8NN/repartitionNN, strategy: relancer
[ERR MSG]: OrderedDict([('project', 'dask.dataframe.repartition#8NN'), ('notebook', 'repartitionNN'), ('text', '  File "repartitionNN.py", line 5, in <module>\n    ddf_repartitioned = ddf.repartition(None,  10,  None,  False)\n  File "/dataset/zhang/anaconda3/envs/Rdask2.0.0/lib/python3.6/site-packages/dask/dataframe/core.py", line 1121, in repartition\n    "Please provide exactly one of ``npartitions=``, ``freq=``, "\nValueError: Please provide exactly one of ``npartitions=``, ``freq=``, ``divisisions=``, ``partitions_size=`` keyword arguments\n')])
  File "repartitionNN.py", line 5, in <module>
Error inducing API short name: repartition, line no: 5
Error inducing API fqn: UNKNOWN, line no: 5
*** ValueError: PLACEHOLDER
All known params: []
All known params' names: []
Error line tokens: ['valueerror', 'placeholder']
Repair Action: arg_value
Key Params: []
Prev Params: None
Prev Repair Action: None
Line No: 5
Prev Line No: 0
GitHub Candidates:
[]
APIDoc Candidates:
[]
All Solution Candidates:
[]
[INFO] This case cannot be fixed!


real	0m0.803s
user	0m1.937s
sys	0m5.856s
