--- Running read_csv#189NN/read_csvNN, strategy: relancer
[ERR MSG]: OrderedDict([('project', 'read_csv#189NN'), ('notebook', 'read_csvNN'), ('text', '  File "read_csvNN.py", line 2, in <module>\n    pd.read_csv(converters=None, skiprows=None, mangle_dupe_cols=True, lineterminator=None, dayfirst=False, decimal=\'.\', squeeze=None, cache_dates=True, date_parser=None, prefix=None, na_values=None, keep_date_col=False, dtype=None, na_filter=True, thousands=None, iterator=False, header=\'infer\', nrows=None, chunksize=None, sep=\',\', false_values=None, delimiter=None, compression=\'infer\', usecols=None, skip_blank_lines=True, keep_default_na=True, index_col=None, quotechar=\'"\', infer_datetime_format=False, verbose=False, skipfooter=0, names=None, parse_dates=None, true_values=None, skipinitialspace=False, engine=None, filepath_or_buffer=\'/home/zhang/Packages/tensorflow_file/dev.csv\')\nTypeError: read_csv() got an unexpected keyword argument \'mangle_dupe_cols\'\n')])
  File "read_csvNN.py", line 2, in <module>
Error inducing API short name: read_csv, line no: 2
Error inducing API fqn: pandas.read_csv, line no: 2
*** TypeError: PLACEHOLDER
Repair Action: arg_name
Key Params: ['converters', 'skiprows', 'mangle_dupe_cols', 'lineterminator', 'dayfirst', 'decimal', 'squeeze', 'cache_dates', 'date_parser', 'prefix', 'na_values', 'keep_date_col', 'dtype', 'na_filter', 'thousands', 'iterator', 'header', 'nrows', 'chunksize', 'sep', 'false_values', 'delimiter', 'compression', 'usecols', 'skip_blank_lines', 'keep_default_na', 'index_col', 'quotechar', 'infer_datetime_format', 'verbose', 'skipfooter', 'names', 'parse_dates', 'true_values', 'skipinitialspace', 'engine', 'filepath_or_buffer']
Prev Params: None
Prev Repair Action: None
Line No: 2
Prev Line No: 0
GitHub Candidates:
[]
KP:['converters', 'skiprows', 'mangle_dupe_cols', 'lineterminator', 'dayfirst', 'decimal', 'squeeze', 'cache_dates', 'date_parser', 'prefix', 'na_values', 'keep_date_col', 'dtype', 'na_filter', 'thousands', 'iterator', 'header', 'nrows', 'chunksize', 'sep', 'false_values', 'delimiter', 'compression', 'usecols', 'skip_blank_lines', 'keep_default_na', 'index_col', 'quotechar', 'infer_datetime_format', 'verbose', 'skipfooter', 'names', 'parse_dates', 'true_values', 'skipinitialspace', 'engine', 'filepath_or_buffer']
EXPP: ['converters', 'skiprows', 'mangle_dupe_cols', 'lineterminator', 'dayfirst', 'decimal', 'squeeze', 'cache_dates', 'date_parser', 'prefix', 'na_values', 'keep_date_col', 'dtype', 'na_filter', 'thousands', 'iterator', 'header', 'nrows', 'chunksize', 'sep', 'false_values', 'delimiter', 'compression', 'usecols', 'skip_blank_lines', 'keep_default_na', 'index_col', 'quotechar', 'infer_datetime_format', 'verbose', 'skipfooter', 'names', 'parse_dates', 'true_values', 'skipinitialspace', 'engine', 'filepath_or_buffer']
APIDoc Candidates:
[]
All Solution Candidates:
[]
[INFO] This case cannot be fixed!


real	0m0.619s
user	0m1.833s
sys	0m5.507s
