--- Running read_csv#171NN/read_csvNN, strategy: relancer
[ERR MSG]: OrderedDict([('project', 'read_csv#171NN'), ('notebook', 'read_csvNN'), ('text', '  File "read_csvNN.py", line 2, in <module>\n    pd.read_csv(false_values=None, sep=\',\', filepath_or_buffer=\'/home/zhang/Packages/tensorflow_file/dev.csv\', usecols=None, delimiter=None, index_col=None, skipinitialspace=False, nrows=None, mangle_dupe_cols=True, skiprows=None, dtype=None, header=\'infer\', converters=None, prefix=None, squeeze=None, skipfooter=0, names=None, true_values=None, engine=None)\nTypeError: read_csv() got an unexpected keyword argument \'mangle_dupe_cols\'\n')])
  File "read_csvNN.py", line 2, in <module>
Error inducing API short name: read_csv, line no: 2
Error inducing API fqn: pandas.read_csv, line no: 2
*** TypeError: PLACEHOLDER
Repair Action: arg_name
Key Params: ['false_values', 'sep', 'filepath_or_buffer', 'usecols', 'delimiter', 'index_col', 'skipinitialspace', 'nrows', 'mangle_dupe_cols', 'skiprows', 'dtype', 'header', 'converters', 'prefix', 'squeeze', 'skipfooter', 'names', 'true_values', 'engine']
Prev Params: None
Prev Repair Action: None
Line No: 2
Prev Line No: 0
GitHub Candidates:
[]
KP:['false_values', 'sep', 'filepath_or_buffer', 'usecols', 'delimiter', 'index_col', 'skipinitialspace', 'nrows', 'mangle_dupe_cols', 'skiprows', 'dtype', 'header', 'converters', 'prefix', 'squeeze', 'skipfooter', 'names', 'true_values', 'engine']
EXPP: ['false_values', 'sep', 'filepath_or_buffer', 'usecols', 'delimiter', 'index_col', 'skipinitialspace', 'nrows', 'mangle_dupe_cols', 'skiprows', 'dtype', 'header', 'converters', 'prefix', 'squeeze', 'skipfooter', 'names', 'true_values', 'engine']
APIDoc Candidates:
[]
All Solution Candidates:
[]
[INFO] This case cannot be fixed!


real	0m0.652s
user	0m1.619s
sys	0m6.063s
