--- Running DataFrame.between_time#8NN/between_timeNN, strategy: relancer
[ERR MSG]: OrderedDict([('project', 'DataFrame.between_time#8NN'), ('notebook', 'between_timeNN'), ('text', '  File "between_timeNN.py", line 4, in <module>\n    ts.between_time(\'0:15\',  \'0:45\',  True,  True)\n  File "/dataset/zhang/anaconda3/envs/Rpandas2.0.0/lib/python3.8/site-packages/pandas/core/generic.py", line 8496, in between_time\n    raise TypeError("Index must be DatetimeIndex")\nTypeError: Index must be DatetimeIndex\n')])
  File "between_timeNN.py", line 4, in <module>
Error inducing API short name: between_time, line no: 4
Error inducing API fqn: UNKNOWN, line no: 4
*** TypeError: PLACEHOLDER
Repair Action: arg_name
Key Params: []
Prev Params: None
Prev Repair Action: None
Line No: 4
Prev Line No: 0
GitHub Candidates:
[]
KP:[]
EXPP: []
APIDoc Candidates:
[]
All Solution Candidates:
[]
[INFO] This case cannot be fixed!


real	0m0.629s
user	0m1.614s
sys	0m5.731s
