--- Running Series.where#20NN/whereNN, strategy: relancer
[ERR MSG]: OrderedDict([('project', 'Series.where#20NN'), ('notebook', 'whereNN'), ('text', '  File "whereNN.py", line 3, in <module>\n    s.where(axis=None, cond=s > 0, try_cast=False, inplace=False, level=None, errors=\'raise\')\nTypeError: where() got an unexpected keyword argument \'try_cast\'\n')])
  File "whereNN.py", line 3, in <module>
Error inducing API short name: where, line no: 3
Error inducing API fqn: UNKNOWN, line no: 3
*** TypeError: PLACEHOLDER
Repair Action: arg_name
Key Params: []
Prev Params: None
Prev Repair Action: None
Line No: 3
Prev Line No: 0
GitHub Candidates:
[]
KP:[]
EXPP: []
APIDoc Candidates:
[]
All Solution Candidates:
[]
[INFO] This case cannot be fixed!


real	0m0.625s
user	0m1.829s
sys	0m6.803s
