--- Running scipy.sparse.linalg.qmr#37NN/qmrNN, strategy: relancer
[ERR MSG]: OrderedDict([('project', 'scipy.sparse.linalg.qmr#37NN'), ('notebook', 'qmrNN'), ('text', '  File "qmrNN.py", line 6, in <module>\n    result = qmr(A,  b,  x0,  1e-05,  None, xtype=None, M1=None, M2=None)\nTypeError: qmr() got an unexpected keyword argument \'xtype\'\n')])
  File "qmrNN.py", line 6, in <module>
Error inducing API short name: qmr, line no: 6
Error inducing API fqn: scipy.sparse.linalg.qmr, line no: 6
*** TypeError: PLACEHOLDER
Repair Action: arg_name
Key Params: ['IMPLICIT_0', 'IMPLICIT_1', 'IMPLICIT_2', 'IMPLICIT_3', 'IMPLICIT_4', 'xtype', 'M1', 'M2']
Prev Params: None
Prev Repair Action: None
Line No: 6
Prev Line No: 0
GitHub Candidates:
[]
KP:['IMPLICIT_0', 'IMPLICIT_1', 'IMPLICIT_2', 'IMPLICIT_3', 'IMPLICIT_4', 'xtype', 'M1', 'M2']
EXPP: ['IMPLICIT_0', 'IMPLICIT_1', 'IMPLICIT_2', 'IMPLICIT_3', 'IMPLICIT_4', 'xtype', 'M1', 'M2']
APIDoc Candidates:
[]
All Solution Candidates:
[]
[INFO] This case cannot be fixed!


real	0m0.553s
user	0m1.688s
sys	0m5.696s
