--- Running numpy.histogram#14NN/histogramNN, strategy: relancer
[ERR MSG]: OrderedDict([('project', 'numpy.histogram#14NN'), ('notebook', 'histogramNN'), ('text', '  File "histogramNN.py", line 8, in <module>\n    (hist, bin_edges) = np.histogram(a=a, bins=bins, range=range, normed=normed)\n  File "<__array_function__ internals>", line 198, in histogram\nTypeError: histogram() got an unexpected keyword argument \'normed\'\n')])
  File "histogramNN.py", line 8, in <module>
Error inducing API short name: , line no: 8
Error inducing API fqn: numpy.histogram, line no: 8
*** TypeError: PLACEHOLDER
Repair Action: arg_name
Key Params: ['a', 'bins', 'range', 'normed']
Prev Params: None
Prev Repair Action: None
Line No: 8
Prev Line No: 0
GitHub Candidates:
[]
KP:['a', 'bins', 'range', 'normed']
EXPP: ['a', 'bins', 'range', 'normed']
APIDoc Candidates:
[]
All Solution Candidates:
[]
[INFO] This case cannot be fixed!


real	0m0.517s
user	0m1.659s
sys	0m5.817s
