--- Running httpx.AsyncClient#32NN/AsyncClientNN, strategy: relancer
[ERR MSG]: OrderedDict([('project', 'httpx.AsyncClient#32NN'), ('notebook', 'AsyncClientNN'), ('text', '  File "AsyncClientNN.py", line 3, in <module>\n    client = httpx.AsyncClient(auth=httpx.BasicAuth(\'username\', \'password\'), max_redirects=5, app=None, headers={\'Custom-Header\': \'value\'}, verify=True, backend=\'auto\', http2=False, proxies={\'http://\': \'http://localhost:8000\'}, pool_limits=PoolLimits(), base_url=URL(\'https://www.example.com\'), dispatch=None, cert=None, timeout=Timeout(10.0), params={\'key\': \'value\'}, cookies={\'session_id\': \'abc123\'})\nTypeError: __init__() got an unexpected keyword argument \'backend\'\n')])
  File "AsyncClientNN.py", line 3, in <module>
Error inducing API short name: AsyncClient, line no: 3
Error inducing API fqn: httpx.AsyncClient, line no: 3
*** TypeError: PLACEHOLDER
Repair Action: arg_name
Key Params: ['auth', 'max_redirects', 'app', 'headers', 'verify', 'backend', 'http2', 'proxies', 'pool_limits', 'base_url', 'dispatch', 'cert', 'timeout', 'params', 'cookies']
Prev Params: None
Prev Repair Action: None
Line No: 3
Prev Line No: 0
GitHub Candidates:
[]
KP:['auth', 'max_redirects', 'app', 'headers', 'verify', 'backend', 'http2', 'proxies', 'pool_limits', 'base_url', 'dispatch', 'cert', 'timeout', 'params', 'cookies']
EXPP: ['auth', 'max_redirects', 'app', 'headers', 'verify', 'backend', 'http2', 'proxies', 'pool_limits', 'base_url', 'dispatch', 'cert', 'timeout', 'params', 'cookies']
APIDoc Candidates:
[]
All Solution Candidates:
[]
[INFO] This case cannot be fixed!


real	0m0.452s
user	0m0.410s
sys	0m0.026s
