--- Running read_csv#200NN/read_csvNN, strategy: relancer
[ERR MSG]: OrderedDict([('project', 'read_csv#200NN'), ('notebook', 'read_csvNN'), ('text', '  File "read_csvNN.py", line 2, in <module>\n    pd.read_csv(keep_date_col=False, cache_dates=True, skipinitialspace=False, escapechar=None, skiprows=None, skip_blank_lines=True, header=\'infer\', infer_datetime_format=False, engine=None, na_values=None, dialect=None, iterator=False, warn_bad_lines=None, filepath_or_buffer=\'/home/zhang/Packages/tensorflow_file/dev.csv\', nrows=None, comment=None, chunksize=None, thousands=None, dayfirst=False, false_values=None, quoting=0, usecols=None, dtype=None, keep_default_na=True, prefix=None, doublequote=True, converters=None, true_values=None, encoding_errors=\'strict\', delimiter=None, names=None, compression=\'infer\', encoding=None, mangle_dupe_cols=True, sep=\',\', lineterminator=None, index_col=None, delim_whitespace=False, quotechar=\'"\', decimal=\'.\', skipfooter=0, verbose=False, error_bad_lines=None, parse_dates=None, squeeze=None, na_filter=True, on_bad_lines=None, date_parser=None)\nTypeError: read_csv() got an unexpected keyword argument \'warn_bad_lines\'\n')])
  File "read_csvNN.py", line 2, in <module>
Error inducing API short name: read_csv, line no: 2
Error inducing API fqn: pandas.read_csv, line no: 2
*** TypeError: PLACEHOLDER
Repair Action: arg_name
Key Params: ['keep_date_col', 'cache_dates', 'skipinitialspace', 'escapechar', 'skiprows', 'skip_blank_lines', 'header', 'infer_datetime_format', 'engine', 'na_values', 'dialect', 'iterator', 'warn_bad_lines', 'filepath_or_buffer', 'nrows', 'comment', 'chunksize', 'thousands', 'dayfirst', 'false_values', 'quoting', 'usecols', 'dtype', 'keep_default_na', 'prefix', 'doublequote', 'converters', 'true_values', 'encoding_errors', 'delimiter', 'names', 'compression', 'encoding', 'mangle_dupe_cols', 'sep', 'lineterminator', 'index_col', 'delim_whitespace', 'quotechar', 'decimal', 'skipfooter', 'verbose', 'error_bad_lines', 'parse_dates', 'squeeze', 'na_filter', 'on_bad_lines', 'date_parser']
Prev Params: None
Prev Repair Action: None
Line No: 2
Prev Line No: 0
GitHub Candidates:
[]
KP:['keep_date_col', 'cache_dates', 'skipinitialspace', 'escapechar', 'skiprows', 'skip_blank_lines', 'header', 'infer_datetime_format', 'engine', 'na_values', 'dialect', 'iterator', 'warn_bad_lines', 'filepath_or_buffer', 'nrows', 'comment', 'chunksize', 'thousands', 'dayfirst', 'false_values', 'quoting', 'usecols', 'dtype', 'keep_default_na', 'prefix', 'doublequote', 'converters', 'true_values', 'encoding_errors', 'delimiter', 'names', 'compression', 'encoding', 'mangle_dupe_cols', 'sep', 'lineterminator', 'index_col', 'delim_whitespace', 'quotechar', 'decimal', 'skipfooter', 'verbose', 'error_bad_lines', 'parse_dates', 'squeeze', 'na_filter', 'on_bad_lines', 'date_parser']
EXPP: ['keep_date_col', 'cache_dates', 'skipinitialspace', 'escapechar', 'skiprows', 'skip_blank_lines', 'header', 'infer_datetime_format', 'engine', 'na_values', 'dialect', 'iterator', 'warn_bad_lines', 'filepath_or_buffer', 'nrows', 'comment', 'chunksize', 'thousands', 'dayfirst', 'false_values', 'quoting', 'usecols', 'dtype', 'keep_default_na', 'prefix', 'doublequote', 'converters', 'true_values', 'encoding_errors', 'delimiter', 'names', 'compression', 'encoding', 'mangle_dupe_cols', 'sep', 'lineterminator', 'index_col', 'delim_whitespace', 'quotechar', 'decimal', 'skipfooter', 'verbose', 'error_bad_lines', 'parse_dates', 'squeeze', 'na_filter', 'on_bad_lines', 'date_parser']
APIDoc Candidates:
[]
All Solution Candidates:
[]
[INFO] This case cannot be fixed!


real	0m0.652s
user	0m1.800s
sys	0m5.728s
