--- Running read_csv#191NN/read_csvNN, strategy: relancer
[ERR MSG]: OrderedDict([('project', 'read_csv#191NN'), ('notebook', 'read_csvNN'), ('text', '  File "read_csvNN.py", line 2, in <module>\n    pd.read_csv(na_values=None, parse_dates=None, na_filter=True, delimiter=None, date_parser=None, thousands=None, infer_datetime_format=False, skiprows=None, cache_dates=True, false_values=None, decimal=\'.\', true_values=None, names=None, keep_default_na=True, nrows=None, quoting=0, squeeze=None, skipinitialspace=False, usecols=None, filepath_or_buffer=\'/home/zhang/Packages/tensorflow_file/dev.csv\', prefix=None, converters=None, index_col=None, header=\'infer\', engine=None, dayfirst=False, chunksize=None, doublequote=True, skip_blank_lines=True, keep_date_col=False, sep=\',\', dtype=None, quotechar=\'"\', verbose=False, lineterminator=None, iterator=False, mangle_dupe_cols=True, skipfooter=0, compression=\'infer\')\nTypeError: read_csv() got an unexpected keyword argument \'squeeze\'\n')])
  File "read_csvNN.py", line 2, in <module>
Error inducing API short name: read_csv, line no: 2
Error inducing API fqn: pandas.read_csv, line no: 2
*** TypeError: PLACEHOLDER
Repair Action: arg_name
Key Params: ['na_values', 'parse_dates', 'na_filter', 'delimiter', 'date_parser', 'thousands', 'infer_datetime_format', 'skiprows', 'cache_dates', 'false_values', 'decimal', 'true_values', 'names', 'keep_default_na', 'nrows', 'quoting', 'squeeze', 'skipinitialspace', 'usecols', 'filepath_or_buffer', 'prefix', 'converters', 'index_col', 'header', 'engine', 'dayfirst', 'chunksize', 'doublequote', 'skip_blank_lines', 'keep_date_col', 'sep', 'dtype', 'quotechar', 'verbose', 'lineterminator', 'iterator', 'mangle_dupe_cols', 'skipfooter', 'compression']
Prev Params: None
Prev Repair Action: None
Line No: 2
Prev Line No: 0
GitHub Candidates:
[]
KP:['na_values', 'parse_dates', 'na_filter', 'delimiter', 'date_parser', 'thousands', 'infer_datetime_format', 'skiprows', 'cache_dates', 'false_values', 'decimal', 'true_values', 'names', 'keep_default_na', 'nrows', 'quoting', 'squeeze', 'skipinitialspace', 'usecols', 'filepath_or_buffer', 'prefix', 'converters', 'index_col', 'header', 'engine', 'dayfirst', 'chunksize', 'doublequote', 'skip_blank_lines', 'keep_date_col', 'sep', 'dtype', 'quotechar', 'verbose', 'lineterminator', 'iterator', 'mangle_dupe_cols', 'skipfooter', 'compression']
EXPP: ['na_values', 'parse_dates', 'na_filter', 'delimiter', 'date_parser', 'thousands', 'infer_datetime_format', 'skiprows', 'cache_dates', 'false_values', 'decimal', 'true_values', 'names', 'keep_default_na', 'nrows', 'quoting', 'squeeze', 'skipinitialspace', 'usecols', 'filepath_or_buffer', 'prefix', 'converters', 'index_col', 'header', 'engine', 'dayfirst', 'chunksize', 'doublequote', 'skip_blank_lines', 'keep_date_col', 'sep', 'dtype', 'quotechar', 'verbose', 'lineterminator', 'iterator', 'mangle_dupe_cols', 'skipfooter', 'compression']
APIDoc Candidates:
[]
All Solution Candidates:
[]
[INFO] This case cannot be fixed!


real	0m0.673s
user	0m1.683s
sys	0m5.146s
