--- Running jax.experimental.jax2tf.convert#11NN/convertNN, strategy: relancer
[ERR MSG]: OrderedDict([('project', 'jax.experimental.jax2tf.convert#11NN'), ('notebook', 'convertNN'), ('text', '  File "convertNN.py", line 7, in <module>\n    jax2tf.convert(sum_of_squares, experimental_native_lowering=\'default\', polymorphic_shapes=None, enable_xla=True, with_gradient=True)\nTypeError: convert() got an unexpected keyword argument \'experimental_native_lowering\'\n')])
  File "convertNN.py", line 7, in <module>
Error inducing API short name: convert, line no: 7
Error inducing API fqn: jax.experimental.jax2tf.convert, line no: 7
*** TypeError: PLACEHOLDER
Repair Action: arg_name
Key Params: ['IMPLICIT_0', 'experimental_native_lowering', 'polymorphic_shapes', 'enable_xla', 'with_gradient']
Prev Params: None
Prev Repair Action: None
Line No: 7
Prev Line No: 0
GitHub Candidates:
[]
KP:['IMPLICIT_0', 'experimental_native_lowering', 'polymorphic_shapes', 'enable_xla', 'with_gradient']
EXPP: ['IMPLICIT_0', 'experimental_native_lowering', 'polymorphic_shapes', 'enable_xla', 'with_gradient']
APIDoc Candidates:
[]
All Solution Candidates:
[]
[INFO] This case cannot be fixed!


real	0m2.574s
user	0m5.038s
sys	0m13.619s
