--- Running fastapi.encoders.jsonable_encoder#34NN/jsonable_encoderNN, strategy: relancer
[ERR MSG]: OrderedDict([('project', 'fastapi.encoders.jsonable_encoder#34NN'), ('notebook', 'jsonable_encoderNN'), ('text', '  File "jsonable_encoderNN.py", line 14, in <module>\n    json_compatible_item_data = jsonable_encoder(item, include={\'name\', \'description\', \'price\'}, exclude={\'tax\'}, by_alias=True, skip_defaults=None, exclude_unset=False, exclude_defaults=False)\nTypeError: jsonable_encoder() got an unexpected keyword argument \'skip_defaults\'\n')])
  File "jsonable_encoderNN.py", line 14, in <module>
Error inducing API short name: jsonable_encoder, line no: 14
Error inducing API fqn: fastapi.encoders.jsonable_encoder, line no: 14
*** TypeError: PLACEHOLDER
Repair Action: arg_name
Key Params: ['IMPLICIT_0', 'include', 'exclude', 'by_alias', 'skip_defaults', 'exclude_unset', 'exclude_defaults']
Prev Params: None
Prev Repair Action: None
Line No: 14
Prev Line No: 0
GitHub Candidates:
[]
KP:['IMPLICIT_0', 'include', 'exclude', 'by_alias', 'skip_defaults', 'exclude_unset', 'exclude_defaults']
EXPP: ['IMPLICIT_0', 'include', 'exclude', 'by_alias', 'skip_defaults', 'exclude_unset', 'exclude_defaults']
APIDoc Candidates:
[]
All Solution Candidates:
[]
[INFO] This case cannot be fixed!


real	0m0.501s
user	0m0.458s
sys	0m0.043s
