--- Running django.views.static.was_modified_since#7NN/was_modified_sinceNN, strategy: relancer
[ERR MSG]: OrderedDict([('project', 'django.views.static.was_modified_since#7NN'), ('notebook', 'was_modified_sinceNN'), ('text', '  File "was_modified_sinceNN.py", line 2, in <module>\n    was_modified_since(None,  0,  0)\nTypeError: was_modified_since() takes from 0 to 2 positional arguments but 3 were given\n')])
  File "was_modified_sinceNN.py", line 2, in <module>
Error inducing API short name: was_modified_since, line no: 2
Error inducing API fqn: django.views.static.was_modified_since, line no: 2
*** TypeError: PLACEHOLDER
Repair Action: arg_name
Key Params: ['IMPLICIT_0', 'IMPLICIT_1', 'IMPLICIT_2']
Prev Params: None
Prev Repair Action: None
Line No: 2
Prev Line No: 0
GitHub Candidates:
[]
KP:['IMPLICIT_0', 'IMPLICIT_1', 'IMPLICIT_2']
EXPP: ['IMPLICIT_0', 'IMPLICIT_1', 'IMPLICIT_2']
APIDoc Candidates:
[]
All Solution Candidates:
[]
[INFO] This case cannot be fixed!


real	0m0.439s
user	0m0.398s
sys	0m0.042s
