--- Running polars.format#2NN/formatNN, strategy: relancer
[ERR MSG]: OrderedDict([('project', 'polars.format#2NN'), ('notebook', 'formatNN'), ('text', '  File "formatNN.py", line 2, in <module>\n    pl.format(fstring=\'fo\')\nTypeError: format() got an unexpected keyword argument \'fstring\'\n')])
  File "formatNN.py", line 2, in <module>
Error inducing API short name: format, line no: 2
Error inducing API fqn: polars.format, line no: 2
*** TypeError: PLACEHOLDER
Repair Action: arg_name
Key Params: ['fstring']
Prev Params: None
Prev Repair Action: None
Line No: 2
Prev Line No: 0
GitHub Candidates:
[]
KP:['fstring']
EXPP: ['fstring']
APIDoc Candidates:
[]
All Solution Candidates:
[]
[INFO] This case cannot be fixed!


real	0m0.381s
user	0m0.322s
sys	0m0.059s
