--- Running DataFrame.groupby#47NN/groupbyNN, strategy: relancer
[ERR MSG]: OrderedDict([('project', 'DataFrame.groupby#47NN'), ('notebook', 'groupbyNN'), ('text', '  File "groupbyNN.py", line 3, in <module>\n    df.groupby([\'Animal\'],  0,  None,  True,  True,  False,  False, observed=False, dropna=True).mean()\nTypeError: groupby() got multiple values for argument \'observed\'\n')])
  File "groupbyNN.py", line 3, in <module>
Error inducing API short name: groupby, line no: 3
Error inducing API fqn: UNKNOWN, line no: 3
*** TypeError: PLACEHOLDER
Repair Action: arg_name
Key Params: []
Prev Params: None
Prev Repair Action: None
Line No: 3
Prev Line No: 0
GitHub Candidates:
[]
KP:[]
EXPP: []
APIDoc Candidates:
[]
All Solution Candidates:
[]
[INFO] This case cannot be fixed!


real	0m0.591s
user	0m1.640s
sys	0m5.323s
