--- Running dask.dataframe.read_parquet#87NN/read_parquetNN, strategy: relancer
[ERR MSG]: OrderedDict([('project', 'dask.dataframe.read_parquet#87NN'), ('notebook', 'read_parquetNN'), ('text', '  File "read_parquetNN.py", line 2, in <module>\n    ddf = dd.read_parquet(\'/home/zhang/Documents/example.parquet\',  None,  None, categories=None, index=None, storage_options=None, engine=\'auto\', gather_statistics=None, ignore_metadata_file=False, metadata_task_size=None, split_row_groups=None, chunksize=None)\n  File "/dataset/zhang/anaconda3/envs/Rdask2022.4.2/lib/python3.8/site-packages/dask/dataframe/io/parquet/core.py", line 429, in read_parquet\n    read_metadata_result = engine.read_metadata(\n  File "/dataset/zhang/anaconda3/envs/Rdask2022.4.2/lib/python3.8/site-packages/dask/dataframe/io/parquet/arrow.py", line 358, in read_metadata\n    parts, stats, common_kwargs = cls._construct_collection_plan(dataset_info)\n  File "/dataset/zhang/anaconda3/envs/Rdask2022.4.2/lib/python3.8/site-packages/dask/dataframe/io/parquet/arrow.py", line 1143, in _construct_collection_plan\n    gather_statistics = _set_gather_statistics(\n  File "/dataset/zhang/anaconda3/envs/Rdask2022.4.2/lib/python3.8/site-packages/dask/dataframe/io/parquet/utils.py", line 753, in _set_gather_statistics\n    or (int(split_row_groups) > 1 and aggregation_depth)\nTypeError: int() argument must be a string, a bytes-like object or a number, not \'NoneType\'\n')])
  File "read_parquetNN.py", line 2, in <module>
Error inducing API short name: read_parquet, line no: 2
Error inducing API fqn: dask.dataframe.read_parquet, line no: 2
*** TypeError: PLACEHOLDER
Repair Action: arg_name
Key Params: ['IMPLICIT_0', 'IMPLICIT_1', 'IMPLICIT_2', 'categories', 'index', 'storage_options', 'engine', 'gather_statistics', 'ignore_metadata_file', 'metadata_task_size', 'split_row_groups', 'chunksize']
Prev Params: None
Prev Repair Action: None
Line No: 2
Prev Line No: 0
GitHub Candidates:
[]
KP:['IMPLICIT_0', 'IMPLICIT_1', 'IMPLICIT_2', 'categories', 'index', 'storage_options', 'engine', 'gather_statistics', 'ignore_metadata_file', 'metadata_task_size', 'split_row_groups', 'chunksize']
EXPP: ['IMPLICIT_0', 'IMPLICIT_1', 'IMPLICIT_2', 'categories', 'index', 'storage_options', 'engine', 'gather_statistics', 'ignore_metadata_file', 'metadata_task_size', 'split_row_groups', 'chunksize']
APIDoc Candidates:
[]
All Solution Candidates:
[]
[INFO] This case cannot be fixed!


real	0m0.853s
user	0m1.870s
sys	0m5.972s
