--- Running tornado.gen.YieldFuture#5NN/YieldFutureNN, strategy: relancer
[ERR MSG]: OrderedDict([('project', 'tornado.gen.YieldFuture#5NN'), ('notebook', 'YieldFutureNN'), ('text', '  File "YieldFutureNN.py", line 5, in <module>\n    result = tornado.gen.YieldFuture(future=future, io_loop=None)\nTypeError: __init__() got an unexpected keyword argument \'io_loop\'\n')])
  File "YieldFutureNN.py", line 5, in <module>
Error inducing API short name: YieldFuture, line no: 5
Error inducing API fqn: tornado.gen.YieldFuture, line no: 5
*** TypeError: PLACEHOLDER
Repair Action: arg_name
Key Params: ['future', 'io_loop']
Prev Params: None
Prev Repair Action: None
Line No: 5
Prev Line No: 0
GitHub Candidates:
[]
KP:['future', 'io_loop']
EXPP: ['future', 'io_loop']
APIDoc Candidates:
[]
All Solution Candidates:
[]
[INFO] This case cannot be fixed!


real	0m0.370s
user	0m0.315s
sys	0m0.050s
