--- Running ensemble.GradientBoostingRegressor#20NN/GradientBoostingRegressorNN, strategy: relancer
[ERR MSG]: OrderedDict([('project', 'ensemble.GradientBoostingRegressor#20NN'), ('notebook', 'GradientBoostingRegressorNN'), ('text', '  File "GradientBoostingRegressorNN.py", line 6, in <module>\n    reg = GradientBoostingRegressor(presort=\'deprecated\')\n  File "/dataset/zhang/anaconda3/envs/Rsklearn0.24.0/lib/python3.6/site-packages/sklearn/utils/validation.py", line 63, in inner_f\n    return f(*args, **kwargs)\nTypeError: __init__() got an unexpected keyword argument \'presort\'\n')])
  File "GradientBoostingRegressorNN.py", line 6, in <module>
Error inducing API short name: GradientBoostingRegressor, line no: 6
Error inducing API fqn: sklearn.ensemble.GradientBoostingRegressor, line no: 6
*** TypeError: PLACEHOLDER
Repair Action: arg_name
Key Params: ['presort']
Prev Params: None
Prev Repair Action: None
Line No: 6
Prev Line No: 0
GitHub Candidates:
[]
KP:['presort']
EXPP: ['presort']
APIDoc Candidates:
[]
All Solution Candidates:
[]
[INFO] This case cannot be fixed!


real	0m1.012s
user	0m4.306s
sys	0m14.117s
