--- Running URL#6NN/URLNN, strategy: relancer
[ERR MSG]: OrderedDict([('project', 'URL#6NN'), ('notebook', 'URLNN'), ('text', '  File "URLNN.py", line 4, in <module>\n    url = httpx.URL(url_str,  False,  query_params)\nTypeError: __init__() takes from 1 to 3 positional arguments but 4 were given\n')])
  File "URLNN.py", line 4, in <module>
Error inducing API short name: URL, line no: 4
Error inducing API fqn: httpx.URL, line no: 4
*** TypeError: PLACEHOLDER
Repair Action: arg_name
Key Params: ['IMPLICIT_0', 'IMPLICIT_1', 'IMPLICIT_2']
Prev Params: None
Prev Repair Action: None
Line No: 4
Prev Line No: 0
GitHub Candidates:
[]
KP:['IMPLICIT_0', 'IMPLICIT_1', 'IMPLICIT_2']
EXPP: ['IMPLICIT_0', 'IMPLICIT_1', 'IMPLICIT_2']
APIDoc Candidates:
[]
All Solution Candidates:
[]
[INFO] This case cannot be fixed!


real	0m0.425s
user	0m0.387s
sys	0m0.038s
