--- Running polars.DataFrame.shift_and_fill#2NN/shift_and_fillNN, strategy: relancer
[ERR MSG]: OrderedDict([('project', 'polars.DataFrame.shift_and_fill#2NN'), ('notebook', 'shift_and_fillNN'), ('text', '  File "shift_and_fillNN.py", line 3, in <module>\n    shifted_df = df.shift_and_fill(1, fill_value=0)\nTypeError: shift_and_fill() got multiple values for argument \'fill_value\'\n')])
  File "shift_and_fillNN.py", line 3, in <module>
Error inducing API short name: shift_and_fill, line no: 3
Error inducing API fqn: UNKNOWN, line no: 3
*** TypeError: PLACEHOLDER
Repair Action: arg_name
Key Params: []
Prev Params: None
Prev Repair Action: None
Line No: 3
Prev Line No: 0
GitHub Candidates:
[]
KP:[]
EXPP: []
APIDoc Candidates:
[]
All Solution Candidates:
[]
[INFO] This case cannot be fixed!


real	0m0.367s
user	0m0.311s
sys	0m0.056s
