--- Running tornado.autoreload.start#6NN/startNN, strategy: relancer
[ERR MSG]: OrderedDict([('project', 'tornado.autoreload.start#6NN'), ('notebook', 'startNN'), ('text', '  File "startNN.py", line 3, in <module>\n    tornado.autoreload.start(io_loop=None, check_time=500)\nTypeError: start() got an unexpected keyword argument \'io_loop\'\n')])
  File "startNN.py", line 3, in <module>
Error inducing API short name: start, line no: 3
Error inducing API fqn: tornado.autoreload.start, line no: 3
*** TypeError: PLACEHOLDER
Repair Action: arg_name
Key Params: ['io_loop', 'check_time']
Prev Params: None
Prev Repair Action: None
Line No: 3
Prev Line No: 0
GitHub Candidates:
[]
KP:['io_loop', 'check_time']
EXPP: ['io_loop', 'check_time']
APIDoc Candidates:
[]
All Solution Candidates:
[]
[INFO] This case cannot be fixed!


real	0m0.412s
user	0m0.371s
sys	0m0.034s
