--- Running Timestamp#154NN/TimestampNN, strategy: relancer
[ERR MSG]: OrderedDict([('project', 'Timestamp#154NN'), ('notebook', 'TimestampNN'), ('text', '  File "TimestampNN.py", line 2, in <module>\n    pd.Timestamp(hour=None, freq=None, day=None, ts_input=\'2017-01-01T12\', fold=None, tz=None, second=None, unit=None, minute=None, month=None, microsecond=None, year=None)\n  File "pandas/_libs/tslibs/timestamps.pyx", line 1523, in pandas._libs.tslibs.timestamps.Timestamp.__new__\nTypeError: __new__() got an unexpected keyword argument \'freq\'\n')])
  File "TimestampNN.py", line 2, in <module>
Error inducing API short name: Timestamp, line no: 2
Error inducing API fqn: pandas.Timestamp, line no: 2
*** TypeError: PLACEHOLDER
Repair Action: arg_name
Key Params: ['hour', 'freq', 'day', 'ts_input', 'fold', 'tz', 'second', 'unit', 'minute', 'month', 'microsecond', 'year']
Prev Params: None
Prev Repair Action: None
Line No: 2
Prev Line No: 0
GitHub Candidates:
[]
KP:['hour', 'freq', 'day', 'ts_input', 'fold', 'tz', 'second', 'unit', 'minute', 'month', 'microsecond', 'year']
EXPP: ['hour', 'freq', 'day', 'ts_input', 'fold', 'tz', 'second', 'unit', 'minute', 'month', 'microsecond', 'year']
APIDoc Candidates:
[]
All Solution Candidates:
[]
[INFO] This case cannot be fixed!


real	0m0.615s
user	0m1.511s
sys	0m5.004s
