--- Running read_csv#80NN/read_csvNN, strategy: relancer
[ERR MSG]: OrderedDict([('project', 'read_csv#80NN'), ('notebook', 'read_csvNN'), ('text', '  File "read_csvNN.py", line 2, in <module>\n    pd.read_csv(\'/home/zhang/Packages/tensorflow_file/dev.csv\', skipfooter=0, verbose=False, dtype=None, nrows=None, date_parser=None, skiprows=None, header=\'infer\', prefix=None, na_values=None, keep_default_na=True, usecols=None, index_col=None, delimiter=None, keep_date_col=False, names=None, squeeze=None, skipinitialspace=False, dayfirst=False, false_values=None, infer_datetime_format=False, sep=\',\', converters=None, na_filter=True, mangle_dupe_cols=True, true_values=None, skip_blank_lines=True, engine=None, cache_dates=True, parse_dates=None)\nTypeError: read_csv() got an unexpected keyword argument \'prefix\'\n')])
  File "read_csvNN.py", line 2, in <module>
Error inducing API short name: read_csv, line no: 2
Error inducing API fqn: pandas.read_csv, line no: 2
*** TypeError: PLACEHOLDER
Repair Action: arg_name
Key Params: ['IMPLICIT_0', 'skipfooter', 'verbose', 'dtype', 'nrows', 'date_parser', 'skiprows', 'header', 'prefix', 'na_values', 'keep_default_na', 'usecols', 'index_col', 'delimiter', 'keep_date_col', 'names', 'squeeze', 'skipinitialspace', 'dayfirst', 'false_values', 'infer_datetime_format', 'sep', 'converters', 'na_filter', 'mangle_dupe_cols', 'true_values', 'skip_blank_lines', 'engine', 'cache_dates', 'parse_dates']
Prev Params: None
Prev Repair Action: None
Line No: 2
Prev Line No: 0
GitHub Candidates:
[]
KP:['IMPLICIT_0', 'skipfooter', 'verbose', 'dtype', 'nrows', 'date_parser', 'skiprows', 'header', 'prefix', 'na_values', 'keep_default_na', 'usecols', 'index_col', 'delimiter', 'keep_date_col', 'names', 'squeeze', 'skipinitialspace', 'dayfirst', 'false_values', 'infer_datetime_format', 'sep', 'converters', 'na_filter', 'mangle_dupe_cols', 'true_values', 'skip_blank_lines', 'engine', 'cache_dates', 'parse_dates']
EXPP: ['IMPLICIT_0', 'skipfooter', 'verbose', 'dtype', 'nrows', 'date_parser', 'skiprows', 'header', 'prefix', 'na_values', 'keep_default_na', 'usecols', 'index_col', 'delimiter', 'keep_date_col', 'names', 'squeeze', 'skipinitialspace', 'dayfirst', 'false_values', 'infer_datetime_format', 'sep', 'converters', 'na_filter', 'mangle_dupe_cols', 'true_values', 'skip_blank_lines', 'engine', 'cache_dates', 'parse_dates']
APIDoc Candidates:
[]
All Solution Candidates:
[]
[INFO] This case cannot be fixed!


real	0m0.643s
user	0m1.571s
sys	0m4.674s
