--- Running scipy.sparse.linalg.bicg#38NN/bicgNN, strategy: relancer
[ERR MSG]: OrderedDict([('project', 'scipy.sparse.linalg.bicg#38NN'), ('notebook', 'bicgNN'), ('text', '  File "bicgNN.py", line 6, in <module>\n    (x, info) = spla.bicg(A,  b,  None,  1e-06, maxiter=100, xtype=None, M=None, callback=None)\nTypeError: bicg() got an unexpected keyword argument \'xtype\'\n')])
  File "bicgNN.py", line 6, in <module>
Error inducing API short name: , line no: 6
Error inducing API fqn: scipy.sparse.linalg.bicg, line no: 6
*** TypeError: PLACEHOLDER
Repair Action: arg_name
Key Params: ['IMPLICIT_0', 'IMPLICIT_1', 'IMPLICIT_2', 'IMPLICIT_3', 'maxiter', 'xtype', 'M', 'callback']
Prev Params: None
Prev Repair Action: None
Line No: 6
Prev Line No: 0
GitHub Candidates:
[]
KP:['IMPLICIT_0', 'IMPLICIT_1', 'IMPLICIT_2', 'IMPLICIT_3', 'maxiter', 'xtype', 'M', 'callback']
EXPP: ['IMPLICIT_0', 'IMPLICIT_1', 'IMPLICIT_2', 'IMPLICIT_3', 'maxiter', 'xtype', 'M', 'callback']
APIDoc Candidates:
[]
All Solution Candidates:
[]
[INFO] This case cannot be fixed!


real	0m0.545s
user	0m1.358s
sys	0m4.691s
