--- Running matplotlib.patches.FancyBboxPatch#40NN/FancyBboxPatchNN, strategy: relancer
[ERR MSG]: OrderedDict([('project', 'matplotlib.patches.FancyBboxPatch#40NN'), ('notebook', 'FancyBboxPatchNN'), ('text', '  File "FancyBboxPatchNN.py", line 3, in <module>\n    bbox = patches.FancyBboxPatch((0.2, 0.4),  0.4,  0.2,  \'round\',  None, mutation_scale=1, mutation_aspect=1)\nTypeError: __init__() takes from 4 to 5 positional arguments but 6 positional arguments (and 2 keyword-only arguments) were given\n')])
  File "FancyBboxPatchNN.py", line 3, in <module>
Error inducing API short name: FancyBboxPatch, line no: 3
Error inducing API fqn: matplotlib.patches.FancyBboxPatch, line no: 3
*** TypeError: PLACEHOLDER
Repair Action: arg_name
Key Params: ['IMPLICIT_0', 'IMPLICIT_1', 'IMPLICIT_2', 'IMPLICIT_3', 'IMPLICIT_4', 'mutation_scale', 'mutation_aspect']
Prev Params: None
Prev Repair Action: None
Line No: 3
Prev Line No: 0
GitHub Candidates:
[]
KP:['IMPLICIT_0', 'IMPLICIT_1', 'IMPLICIT_2', 'IMPLICIT_3', 'IMPLICIT_4', 'mutation_scale', 'mutation_aspect']
EXPP: ['IMPLICIT_0', 'IMPLICIT_1', 'IMPLICIT_2', 'IMPLICIT_3', 'IMPLICIT_4', 'mutation_scale', 'mutation_aspect']
APIDoc Candidates:
[]
All Solution Candidates:
[]
[INFO] This case cannot be fixed!


real	0m0.762s
user	0m1.950s
sys	0m6.158s
