--- Running httpx.delete#55NN/deleteNN, strategy: relancer
[ERR MSG]: OrderedDict([('project', 'httpx.delete#55NN'), ('notebook', 'deleteNN'), ('text', '  File "deleteNN.py", line 2, in <module>\n    delete(auth=None, verify=True, cert=None, files=None, allow_redirects=True, url=\'https://example.com/resource\', trust_env=None, timeout=None, params=None, stream=False, data=None, headers=None, cookies=None, json=None)\nTypeError: delete() got an unexpected keyword argument \'files\'\n')])
  File "deleteNN.py", line 2, in <module>
Error inducing API short name: delete, line no: 2
Error inducing API fqn: httpx.delete, line no: 2
*** TypeError: PLACEHOLDER
Repair Action: arg_name
Key Params: ['auth', 'verify', 'cert', 'files', 'allow_redirects', 'url', 'trust_env', 'timeout', 'params', 'stream', 'data', 'headers', 'cookies', 'json']
Prev Params: None
Prev Repair Action: None
Line No: 2
Prev Line No: 0
GitHub Candidates:
[]
KP:['auth', 'verify', 'cert', 'files', 'allow_redirects', 'url', 'trust_env', 'timeout', 'params', 'stream', 'data', 'headers', 'cookies', 'json']
EXPP: ['auth', 'verify', 'cert', 'files', 'allow_redirects', 'url', 'trust_env', 'timeout', 'params', 'stream', 'data', 'headers', 'cookies', 'json']
APIDoc Candidates:
[]
All Solution Candidates:
[]
[INFO] This case cannot be fixed!


real	0m0.426s
user	0m0.403s
sys	0m0.023s
