--- Running tornado.autoreload.start#5NN/startNN, strategy: relancer
[ERR MSG]: OrderedDict([('project', 'tornado.autoreload.start#5NN'), ('notebook', 'startNN'), ('text', '  File "startNN.py", line 3, in <module>\n    tornado.autoreload.start(None, check_time=500)\nTypeError: start() got multiple values for argument \'check_time\'\n')])
  File "startNN.py", line 3, in <module>
Error inducing API short name: start, line no: 3
Error inducing API fqn: tornado.autoreload.start, line no: 3
*** TypeError: PLACEHOLDER
Repair Action: arg_name
Key Params: ['IMPLICIT_0', 'check_time']
Prev Params: None
Prev Repair Action: None
Line No: 3
Prev Line No: 0
GitHub Candidates:
[]
KP:['IMPLICIT_0', 'check_time']
EXPP: ['IMPLICIT_0', 'check_time']
APIDoc Candidates:
[]
All Solution Candidates:
[]
[INFO] This case cannot be fixed!


real	0m0.404s
user	0m0.364s
sys	0m0.040s
