--- Running read_csv#82NN/read_csvNN, strategy: relancer
[ERR MSG]: OrderedDict([('project', 'read_csv#82NN'), ('notebook', 'read_csvNN'), ('text', '  File "read_csvNN.py", line 2, in <module>\n    pd.read_csv(\'/home/zhang/Packages/tensorflow_file/dev.csv\', mangle_dupe_cols=True, engine=None, false_values=None, dayfirst=False, converters=None, infer_datetime_format=False, na_filter=True, usecols=None, header=\'infer\', prefix=None, skiprows=None, date_parser=None, delimiter=None, dtype=None, keep_date_col=False, nrows=None, verbose=False, sep=\',\', skipfooter=0, iterator=False, skipinitialspace=False, keep_default_na=True, squeeze=None, true_values=None, names=None, index_col=None, parse_dates=None, chunksize=None, skip_blank_lines=True, na_values=None, cache_dates=True)\nTypeError: read_csv() got an unexpected keyword argument \'mangle_dupe_cols\'\n')])
  File "read_csvNN.py", line 2, in <module>
Error inducing API short name: read_csv, line no: 2
Error inducing API fqn: pandas.read_csv, line no: 2
*** TypeError: PLACEHOLDER
Repair Action: arg_name
Key Params: ['IMPLICIT_0', 'mangle_dupe_cols', 'engine', 'false_values', 'dayfirst', 'converters', 'infer_datetime_format', 'na_filter', 'usecols', 'header', 'prefix', 'skiprows', 'date_parser', 'delimiter', 'dtype', 'keep_date_col', 'nrows', 'verbose', 'sep', 'skipfooter', 'iterator', 'skipinitialspace', 'keep_default_na', 'squeeze', 'true_values', 'names', 'index_col', 'parse_dates', 'chunksize', 'skip_blank_lines', 'na_values', 'cache_dates']
Prev Params: None
Prev Repair Action: None
Line No: 2
Prev Line No: 0
GitHub Candidates:
[]
KP:['IMPLICIT_0', 'mangle_dupe_cols', 'engine', 'false_values', 'dayfirst', 'converters', 'infer_datetime_format', 'na_filter', 'usecols', 'header', 'prefix', 'skiprows', 'date_parser', 'delimiter', 'dtype', 'keep_date_col', 'nrows', 'verbose', 'sep', 'skipfooter', 'iterator', 'skipinitialspace', 'keep_default_na', 'squeeze', 'true_values', 'names', 'index_col', 'parse_dates', 'chunksize', 'skip_blank_lines', 'na_values', 'cache_dates']
EXPP: ['IMPLICIT_0', 'mangle_dupe_cols', 'engine', 'false_values', 'dayfirst', 'converters', 'infer_datetime_format', 'na_filter', 'usecols', 'header', 'prefix', 'skiprows', 'date_parser', 'delimiter', 'dtype', 'keep_date_col', 'nrows', 'verbose', 'sep', 'skipfooter', 'iterator', 'skipinitialspace', 'keep_default_na', 'squeeze', 'true_values', 'names', 'index_col', 'parse_dates', 'chunksize', 'skip_blank_lines', 'na_values', 'cache_dates']
APIDoc Candidates:
[]
All Solution Candidates:
[]
[INFO] This case cannot be fixed!


real	0m0.622s
user	0m1.699s
sys	0m5.290s
