--- Running rich.layout.Layout#12NN/LayoutNN, strategy: relancer
[ERR MSG]: OrderedDict([('project', 'rich.layout.Layout#12NN'), ('notebook', 'LayoutNN'), ('text', '  File "LayoutNN.py", line 2, in <module>\n    layout = Layout(size=None, height=None, visible=True, ratio=1, name=None, minimum_size=1)\nTypeError: __init__() got an unexpected keyword argument \'height\'\n')])
  File "LayoutNN.py", line 2, in <module>
Error inducing API short name: Layout, line no: 2
Error inducing API fqn: rich.layout.Layout, line no: 2
*** TypeError: PLACEHOLDER
Repair Action: arg_name
Key Params: ['size', 'height', 'visible', 'ratio', 'name', 'minimum_size']
Prev Params: None
Prev Repair Action: None
Line No: 2
Prev Line No: 0
GitHub Candidates:
[]
KP:['size', 'height', 'visible', 'ratio', 'name', 'minimum_size']
EXPP: ['size', 'height', 'visible', 'ratio', 'name', 'minimum_size']
APIDoc Candidates:
[]
All Solution Candidates:
[]
[INFO] This case cannot be fixed!


real	0m0.360s
user	0m0.331s
sys	0m0.030s
