--- Running aiohttp.ClientSession#26NN/ClientSessionNN, strategy: relancer
[ERR MSG]: OrderedDict([('project', 'aiohttp.ClientSession#26NN'), ('notebook', 'ClientSessionNN'), ('text', '  File "ClientSessionNN.py", line 24, in <module>\n    loop.run_until_complete(main())\n  File "/dataset/zhang/anaconda3/envs/Raiohttp2.0.0/lib/python3.6/asyncio/base_events.py", line 488, in run_until_complete\n    return future.result()\n  File "ClientSessionNN.py", line 18, in main\n    session = aiohttp.ClientSession(ws_response_class=ws_response_class, cookies=cookies, cookie_jar=cookie_jar, headers=headers, read_timeout=read_timeout, skip_auto_headers=skip_auto_headers, version=HttpVersion(major=1, minor=1), auth=auth, response_class=response_class, time_service=None, connector=None, request_class=request_class, loop=None)\nTypeError: __init__() got an unexpected keyword argument \'time_service\'\n')])
  File "ClientSessionNN.py", line 24, in <module>
Error inducing API short name: run_until_complete, line no: 24
  File "ClientSessionNN.py", line 18, in main
Error inducing API short name: ClientSession, line no: 18
Error inducing API fqn: aiohttp.ClientSession, line no: 18
*** TypeError: PLACEHOLDER
Repair Action: arg_name
Key Params: ['ws_response_class', 'cookies', 'cookie_jar', 'headers', 'read_timeout', 'skip_auto_headers', 'version', 'auth', 'response_class', 'time_service', 'connector', 'request_class', 'loop']
Prev Params: None
Prev Repair Action: None
Line No: 18
Prev Line No: 0
GitHub Candidates:
[]
KP:['ws_response_class', 'cookies', 'cookie_jar', 'headers', 'read_timeout', 'skip_auto_headers', 'version', 'auth', 'response_class', 'time_service', 'connector', 'request_class', 'loop']
EXPP: ['ws_response_class', 'cookies', 'cookie_jar', 'headers', 'read_timeout', 'skip_auto_headers', 'version', 'auth', 'response_class', 'time_service', 'connector', 'request_class', 'loop']
APIDoc Candidates:
[]
All Solution Candidates:
[]
[INFO] This case cannot be fixed!


real	0m0.600s
user	0m0.537s
sys	0m0.041s
