--- Running gensim.models.coherencemodel.CoherenceModel#16NN/CoherenceModelNN, strategy: relancer
[ERR MSG]: OrderedDict([('project', 'gensim.models.coherencemodel.CoherenceModel#16NN'), ('notebook', 'CoherenceModelNN'), ('text', '  File "CoherenceModelNN.py", line 8, in <module>\n    coherence_model = CoherenceModel(lda_model,  documents, corpus=dictionary, dictionary=dictionary, coherence=\'c_v\')\n  File "/dataset/zhang/anaconda3/envs/Rgensim0.13.2/lib/python3.6/site-packages/gensim/models/coherencemodel.py", line 145, in __init__\n    raise ValueError("\'texts\' should be provided for %s coherence." % coherence)\nValueError: \'texts\' should be provided for c_v coherence.\n')])
  File "CoherenceModelNN.py", line 8, in <module>
Error inducing API short name: CoherenceModel, line no: 8
Error inducing API fqn: gensim.models.coherencemodel.CoherenceModel, line no: 8
*** ValueError: PLACEHOLDER
All known params: []
All known params' names: []
Error line tokens: ['valueerror', 'placeholder']
Repair Action: arg_value
Key Params: []
Prev Params: None
Prev Repair Action: None
Line No: 8
Prev Line No: 0
GitHub Candidates:
[]
APIDoc Candidates:
[]
All Solution Candidates:
[]
[INFO] This case cannot be fixed!


real	0m0.778s
user	0m2.166s
sys	0m5.105s
