--- Running gensim.models.coherencemodel.CoherenceModel#14NN/CoherenceModelNN, strategy: relancer
[ERR MSG]: OrderedDict([('project', 'gensim.models.coherencemodel.CoherenceModel#14NN'), ('notebook', 'CoherenceModelNN'), ('text', '  File "CoherenceModelNN.py", line 8, in <module>\n    coherence_model = CoherenceModel(lda_model,  documents,  dictionary,  dictionary, coherence=\'c_v\')\n  File "/dataset/zhang/anaconda3/envs/Rgensim0.13.2/lib/python3.6/site-packages/gensim/models/coherencemodel.py", line 120, in __init__\n    raise ValueError("dictionary has to be provided if topics are to be used.")\nValueError: dictionary has to be provided if topics are to be used.\n')])
  File "CoherenceModelNN.py", line 8, in <module>
Error inducing API short name: CoherenceModel, line no: 8
Error inducing API fqn: gensim.models.coherencemodel.CoherenceModel, line no: 8
*** ValueError: PLACEHOLDER
All known params: []
All known params' names: []
Error line tokens: ['valueerror', 'placeholder']
Repair Action: arg_value
Key Params: []
Prev Params: None
Prev Repair Action: None
Line No: 8
Prev Line No: 0
GitHub Candidates:
[]
APIDoc Candidates:
[]
All Solution Candidates:
[]
[INFO] This case cannot be fixed!


real	0m0.751s
user	0m2.268s
sys	0m5.094s
