--- Running read_csv#77NN/read_csvNN, strategy: relancer
[ERR MSG]: OrderedDict([('project', 'read_csv#77NN'), ('notebook', 'read_csvNN'), ('text', '  File "read_csvNN.py", line 2, in <module>\n    pd.read_csv(\'/home/zhang/Packages/tensorflow_file/dev.csv\', dtype=None, names=None, nrows=None, skiprows=None, converters=None, na_filter=True, prefix=None, infer_datetime_format=False, mangle_dupe_cols=True, skip_blank_lines=True, header=\'infer\', skipinitialspace=False, usecols=None, squeeze=None, true_values=None, verbose=False, sep=\',\', keep_date_col=False, delimiter=None, skipfooter=0, false_values=None, index_col=None, parse_dates=None, na_values=None, engine=None, keep_default_na=True)\nTypeError: read_csv() got an unexpected keyword argument \'prefix\'\n')])
  File "read_csvNN.py", line 2, in <module>
Error inducing API short name: read_csv, line no: 2
Error inducing API fqn: pandas.read_csv, line no: 2
*** TypeError: PLACEHOLDER
Repair Action: arg_name
Key Params: ['IMPLICIT_0', 'dtype', 'names', 'nrows', 'skiprows', 'converters', 'na_filter', 'prefix', 'infer_datetime_format', 'mangle_dupe_cols', 'skip_blank_lines', 'header', 'skipinitialspace', 'usecols', 'squeeze', 'true_values', 'verbose', 'sep', 'keep_date_col', 'delimiter', 'skipfooter', 'false_values', 'index_col', 'parse_dates', 'na_values', 'engine', 'keep_default_na']
Prev Params: None
Prev Repair Action: None
Line No: 2
Prev Line No: 0
GitHub Candidates:
[]
KP:['IMPLICIT_0', 'dtype', 'names', 'nrows', 'skiprows', 'converters', 'na_filter', 'prefix', 'infer_datetime_format', 'mangle_dupe_cols', 'skip_blank_lines', 'header', 'skipinitialspace', 'usecols', 'squeeze', 'true_values', 'verbose', 'sep', 'keep_date_col', 'delimiter', 'skipfooter', 'false_values', 'index_col', 'parse_dates', 'na_values', 'engine', 'keep_default_na']
EXPP: ['IMPLICIT_0', 'dtype', 'names', 'nrows', 'skiprows', 'converters', 'na_filter', 'prefix', 'infer_datetime_format', 'mangle_dupe_cols', 'skip_blank_lines', 'header', 'skipinitialspace', 'usecols', 'squeeze', 'true_values', 'verbose', 'sep', 'keep_date_col', 'delimiter', 'skipfooter', 'false_values', 'index_col', 'parse_dates', 'na_values', 'engine', 'keep_default_na']
APIDoc Candidates:
[]
All Solution Candidates:
[]
[INFO] This case cannot be fixed!


real	0m0.610s
user	0m1.544s
sys	0m5.189s
