--- Running torch.btrifact#4NN/btrifactNN, strategy: relancer
[ERR MSG]: OrderedDict([('project', 'torch.btrifact#4NN'), ('notebook', 'btrifactNN'), ('text', '  File "btrifactNN.py", line 3, in <module>\n    (A_LU, pivots) = torch.btrifact(A, info=None)\nTypeError: btrifact() got an unexpected keyword argument \'info\'\n')])
  File "btrifactNN.py", line 3, in <module>
Error inducing API short name: , line no: 3
Error inducing API fqn: torch.btrifact, line no: 3
*** TypeError: PLACEHOLDER
Repair Action: arg_name
Key Params: ['IMPLICIT_0', 'info']
Prev Params: None
Prev Repair Action: None
Line No: 3
Prev Line No: 0
GitHub Candidates:
[]
KP:['IMPLICIT_0', 'info']
EXPP: ['IMPLICIT_0', 'info']
APIDoc Candidates:
[]
All Solution Candidates:
[]
[INFO] This case cannot be fixed!


real	0m0.680s
user	0m0.960s
sys	0m2.004s
