--- Running read_csv#74NN/read_csvNN, strategy: relancer
[ERR MSG]: OrderedDict([('project', 'read_csv#74NN'), ('notebook', 'read_csvNN'), ('text', '  File "read_csvNN.py", line 2, in <module>\n    pd.read_csv(\'/home/zhang/Packages/tensorflow_file/dev.csv\', na_values=None, sep=\',\', skiprows=None, names=None, engine=None, usecols=None, skip_blank_lines=True, prefix=None, dtype=None, skipfooter=0, false_values=None, converters=None, true_values=None, squeeze=None, delimiter=None, nrows=None, skipinitialspace=False, index_col=None, mangle_dupe_cols=True, keep_default_na=True, na_filter=True, verbose=False, header=\'infer\')\nTypeError: read_csv() got an unexpected keyword argument \'prefix\'\n')])
  File "read_csvNN.py", line 2, in <module>
Error inducing API short name: read_csv, line no: 2
Error inducing API fqn: pandas.read_csv, line no: 2
*** TypeError: PLACEHOLDER
Repair Action: arg_name
Key Params: ['IMPLICIT_0', 'na_values', 'sep', 'skiprows', 'names', 'engine', 'usecols', 'skip_blank_lines', 'prefix', 'dtype', 'skipfooter', 'false_values', 'converters', 'true_values', 'squeeze', 'delimiter', 'nrows', 'skipinitialspace', 'index_col', 'mangle_dupe_cols', 'keep_default_na', 'na_filter', 'verbose', 'header']
Prev Params: None
Prev Repair Action: None
Line No: 2
Prev Line No: 0
GitHub Candidates:
[]
KP:['IMPLICIT_0', 'na_values', 'sep', 'skiprows', 'names', 'engine', 'usecols', 'skip_blank_lines', 'prefix', 'dtype', 'skipfooter', 'false_values', 'converters', 'true_values', 'squeeze', 'delimiter', 'nrows', 'skipinitialspace', 'index_col', 'mangle_dupe_cols', 'keep_default_na', 'na_filter', 'verbose', 'header']
EXPP: ['IMPLICIT_0', 'na_values', 'sep', 'skiprows', 'names', 'engine', 'usecols', 'skip_blank_lines', 'prefix', 'dtype', 'skipfooter', 'false_values', 'converters', 'true_values', 'squeeze', 'delimiter', 'nrows', 'skipinitialspace', 'index_col', 'mangle_dupe_cols', 'keep_default_na', 'na_filter', 'verbose', 'header']
APIDoc Candidates:
[]
All Solution Candidates:
[]
[INFO] This case cannot be fixed!


real	0m0.607s
user	0m1.699s
sys	0m4.848s
