--- Running matplotlib.use#7NN/useNN, strategy: relancer
[ERR MSG]: OrderedDict([('project', 'matplotlib.use#7NN'), ('notebook', 'useNN'), ('text', '  File "useNN.py", line 2, in <module>\n    matplotlib.use(\'Agg\',  None, force=True)\nTypeError: use() takes 1 positional argument but 2 positional arguments (and 1 keyword-only argument) were given\n')])
  File "useNN.py", line 2, in <module>
Error inducing API short name: use, line no: 2
Error inducing API fqn: matplotlib.use, line no: 2
*** TypeError: PLACEHOLDER
Repair Action: arg_name
Key Params: ['IMPLICIT_0', 'IMPLICIT_1', 'force']
Prev Params: None
Prev Repair Action: None
Line No: 2
Prev Line No: 0
GitHub Candidates:
[]
KP:['IMPLICIT_0', 'IMPLICIT_1', 'force']
EXPP: ['IMPLICIT_0', 'IMPLICIT_1', 'force']
APIDoc Candidates:
[]
All Solution Candidates:
[]
[INFO] This case cannot be fixed!


real	0m0.590s
user	0m1.722s
sys	0m5.703s
