--- Running read_csv#89NN/read_csvNN, strategy: relancer
[ERR MSG]: OrderedDict([('project', 'read_csv#89NN'), ('notebook', 'read_csvNN'), ('text', '  File "read_csvNN.py", line 2, in <module>\n    pd.read_csv(\'/home/zhang/Packages/tensorflow_file/dev.csv\', skiprows=None, false_values=None, parse_dates=None, decimal=\'.\', usecols=None, skipfooter=0, true_values=None, names=None, nrows=None, verbose=False, cache_dates=True, quoting=0, sep=\',\', lineterminator=None, skip_blank_lines=True, chunksize=None, dayfirst=False, dtype=None, keep_date_col=False, infer_datetime_format=False, na_values=None, na_filter=True, index_col=None, thousands=None, header=\'infer\', quotechar=\'"\', doublequote=True, engine=None, converters=None, iterator=False, keep_default_na=True, date_parser=None, prefix=None, mangle_dupe_cols=True, squeeze=None, delimiter=None, skipinitialspace=False, compression=\'infer\')\nTypeError: read_csv() got an unexpected keyword argument \'prefix\'\n')])
  File "read_csvNN.py", line 2, in <module>
Error inducing API short name: read_csv, line no: 2
Error inducing API fqn: pandas.read_csv, line no: 2
*** TypeError: PLACEHOLDER
Repair Action: arg_name
Key Params: ['IMPLICIT_0', 'skiprows', 'false_values', 'parse_dates', 'decimal', 'usecols', 'skipfooter', 'true_values', 'names', 'nrows', 'verbose', 'cache_dates', 'quoting', 'sep', 'lineterminator', 'skip_blank_lines', 'chunksize', 'dayfirst', 'dtype', 'keep_date_col', 'infer_datetime_format', 'na_values', 'na_filter', 'index_col', 'thousands', 'header', 'quotechar', 'doublequote', 'engine', 'converters', 'iterator', 'keep_default_na', 'date_parser', 'prefix', 'mangle_dupe_cols', 'squeeze', 'delimiter', 'skipinitialspace', 'compression']
Prev Params: None
Prev Repair Action: None
Line No: 2
Prev Line No: 0
GitHub Candidates:
[]
KP:['IMPLICIT_0', 'skiprows', 'false_values', 'parse_dates', 'decimal', 'usecols', 'skipfooter', 'true_values', 'names', 'nrows', 'verbose', 'cache_dates', 'quoting', 'sep', 'lineterminator', 'skip_blank_lines', 'chunksize', 'dayfirst', 'dtype', 'keep_date_col', 'infer_datetime_format', 'na_values', 'na_filter', 'index_col', 'thousands', 'header', 'quotechar', 'doublequote', 'engine', 'converters', 'iterator', 'keep_default_na', 'date_parser', 'prefix', 'mangle_dupe_cols', 'squeeze', 'delimiter', 'skipinitialspace', 'compression']
EXPP: ['IMPLICIT_0', 'skiprows', 'false_values', 'parse_dates', 'decimal', 'usecols', 'skipfooter', 'true_values', 'names', 'nrows', 'verbose', 'cache_dates', 'quoting', 'sep', 'lineterminator', 'skip_blank_lines', 'chunksize', 'dayfirst', 'dtype', 'keep_date_col', 'infer_datetime_format', 'na_values', 'na_filter', 'index_col', 'thousands', 'header', 'quotechar', 'doublequote', 'engine', 'converters', 'iterator', 'keep_default_na', 'date_parser', 'prefix', 'mangle_dupe_cols', 'squeeze', 'delimiter', 'skipinitialspace', 'compression']
APIDoc Candidates:
[]
All Solution Candidates:
[]
[INFO] This case cannot be fixed!


real	0m0.608s
user	0m1.579s
sys	0m5.366s
