--- Running gensim.models.word2vec.Word2Vec.train#3NN/trainNN, strategy: relancer
[ERR MSG]: OrderedDict([('project', 'gensim.models.word2vec.Word2Vec.train#3NN'), ('notebook', 'trainNN'), ('text', '  File "trainNN.py", line 5, in <module>\n    model.train(sentences,  None)\n  File "/dataset/zhang/anaconda3/envs/Rgensim2.0.0/lib/python3.6/site-packages/gensim/models/word2vec.py", line 813, in train\n    raise ValueError("You must specify either total_examples or total_words, for proper alpha and progress calculations. The usual value is total_examples=model.corpus_count.")\nValueError: You must specify either total_examples or total_words, for proper alpha and progress calculations. The usual value is total_examples=model.corpus_count.\n')])
  File "trainNN.py", line 5, in <module>
Error inducing API short name: train, line no: 5
Error inducing API fqn: UNKNOWN, line no: 5
*** ValueError: PLACEHOLDER
All known params: []
All known params' names: []
Error line tokens: ['valueerror', 'placeholder']
Repair Action: arg_value
Key Params: []
Prev Params: None
Prev Repair Action: None
Line No: 5
Prev Line No: 0
GitHub Candidates:
[]
APIDoc Candidates:
[]
All Solution Candidates:
[]
[INFO] This case cannot be fixed!


real	0m0.720s
user	0m1.776s
sys	0m5.751s
