--- Running httpx.delete#19NN/deleteNN, strategy: relancer
[ERR MSG]: OrderedDict([('project', 'httpx.delete#19NN'), ('notebook', 'deleteNN'), ('text', '  File "deleteNN.py", line 2, in <module>\n    delete(\'https://example.com/resource\', params=None, json=None, headers=None, files=None, data=None)\nTypeError: delete() got an unexpected keyword argument \'json\'\n')])
  File "deleteNN.py", line 2, in <module>
Error inducing API short name: delete, line no: 2
Error inducing API fqn: httpx.delete, line no: 2
*** TypeError: PLACEHOLDER
Repair Action: arg_name
Key Params: ['IMPLICIT_0', 'params', 'json', 'headers', 'files', 'data']
Prev Params: None
Prev Repair Action: None
Line No: 2
Prev Line No: 0
GitHub Candidates:
[]
KP:['IMPLICIT_0', 'params', 'json', 'headers', 'files', 'data']
EXPP: ['IMPLICIT_0', 'params', 'json', 'headers', 'files', 'data']
APIDoc Candidates:
[]
All Solution Candidates:
[]
[INFO] This case cannot be fixed!


real	0m0.433s
user	0m0.396s
sys	0m0.037s
