--- Running networkx.min_weight_matching#9NN/min_weight_matchingNN, strategy: relancer
[ERR MSG]: OrderedDict([('project', 'networkx.min_weight_matching#9NN'), ('notebook', 'min_weight_matchingNN'), ('text', '  File "min_weight_matchingNN.py", line 4, in <module>\n    matching = nx.min_weight_matching(G=G, maxcardinality=None, weight=\'weight\')\n  File "/dataset/zhang/anaconda3/envs/Rnetworkx3.0/lib/python3.8/site-packages/networkx/utils/decorators.py", line 766, in func\n    return argmap._lazy_compile(__wrapper)(*args, **kwargs)\nTypeError: argmap_min_weight_matching_1() got an unexpected keyword argument \'maxcardinality\'\n')])
  File "min_weight_matchingNN.py", line 4, in <module>
Error inducing API short name: min_weight_matching, line no: 4
Error inducing API fqn: networkx.min_weight_matching, line no: 4
*** TypeError: PLACEHOLDER
Repair Action: arg_name
Key Params: ['G', 'maxcardinality', 'weight']
Prev Params: None
Prev Repair Action: None
Line No: 4
Prev Line No: 0
GitHub Candidates:
[]
KP:['G', 'maxcardinality', 'weight']
EXPP: ['G', 'maxcardinality', 'weight']
APIDoc Candidates:
[]
All Solution Candidates:
[]
[INFO] This case cannot be fixed!


real	0m0.431s
user	0m0.361s
sys	0m0.071s
