--- Running read_csv#176NN/read_csvNN, strategy: relancer
[ERR MSG]: OrderedDict([('project', 'read_csv#176NN'), ('notebook', 'read_csvNN'), ('text', '  File "read_csvNN.py", line 2, in <module>\n    pd.read_csv(converters=None, false_values=None, keep_default_na=True, dtype=None, squeeze=None, sep=\',\', prefix=None, header=\'infer\', skiprows=None, skipfooter=0, usecols=None, names=None, true_values=None, na_values=None, delimiter=None, verbose=False, nrows=None, index_col=None, na_filter=True, mangle_dupe_cols=True, skip_blank_lines=True, engine=None, filepath_or_buffer=\'/home/zhang/Packages/tensorflow_file/dev.csv\', skipinitialspace=False)\nTypeError: read_csv() got an unexpected keyword argument \'squeeze\'\n')])
  File "read_csvNN.py", line 2, in <module>
Error inducing API short name: read_csv, line no: 2
Error inducing API fqn: pandas.read_csv, line no: 2
*** TypeError: PLACEHOLDER
Repair Action: arg_name
Key Params: ['converters', 'false_values', 'keep_default_na', 'dtype', 'squeeze', 'sep', 'prefix', 'header', 'skiprows', 'skipfooter', 'usecols', 'names', 'true_values', 'na_values', 'delimiter', 'verbose', 'nrows', 'index_col', 'na_filter', 'mangle_dupe_cols', 'skip_blank_lines', 'engine', 'filepath_or_buffer', 'skipinitialspace']
Prev Params: None
Prev Repair Action: None
Line No: 2
Prev Line No: 0
GitHub Candidates:
[]
KP:['converters', 'false_values', 'keep_default_na', 'dtype', 'squeeze', 'sep', 'prefix', 'header', 'skiprows', 'skipfooter', 'usecols', 'names', 'true_values', 'na_values', 'delimiter', 'verbose', 'nrows', 'index_col', 'na_filter', 'mangle_dupe_cols', 'skip_blank_lines', 'engine', 'filepath_or_buffer', 'skipinitialspace']
EXPP: ['converters', 'false_values', 'keep_default_na', 'dtype', 'squeeze', 'sep', 'prefix', 'header', 'skiprows', 'skipfooter', 'usecols', 'names', 'true_values', 'na_values', 'delimiter', 'verbose', 'nrows', 'index_col', 'na_filter', 'mangle_dupe_cols', 'skip_blank_lines', 'engine', 'filepath_or_buffer', 'skipinitialspace']
APIDoc Candidates:
[]
All Solution Candidates:
[]
[INFO] This case cannot be fixed!


real	0m0.605s
user	0m1.682s
sys	0m5.714s
