--- Running tornado.autoreload.start#4NN/startNN, strategy: relancer
[ERR MSG]: OrderedDict([('project', 'tornado.autoreload.start#4NN'), ('notebook', 'startNN'), ('text', '  File "startNN.py", line 3, in <module>\n    tornado.autoreload.start(None,  500)\nTypeError: start() takes from 0 to 1 positional arguments but 2 were given\n')])
  File "startNN.py", line 3, in <module>
Error inducing API short name: start, line no: 3
Error inducing API fqn: tornado.autoreload.start, line no: 3
*** TypeError: PLACEHOLDER
Repair Action: arg_name
Key Params: ['IMPLICIT_0', 'IMPLICIT_1']
Prev Params: None
Prev Repair Action: None
Line No: 3
Prev Line No: 0
GitHub Candidates:
[]
KP:['IMPLICIT_0', 'IMPLICIT_1']
EXPP: ['IMPLICIT_0', 'IMPLICIT_1']
APIDoc Candidates:
[]
All Solution Candidates:
[]
[INFO] This case cannot be fixed!


real	0m0.455s
user	0m0.415s
sys	0m0.029s
