--- Running Series.groupby#46NN/groupbyNN, strategy: relancer
[ERR MSG]: OrderedDict([('project', 'Series.groupby#46NN'), ('notebook', 'groupbyNN'), ('text', '  File "groupbyNN.py", line 3, in <module>\n    ser.groupby([\'a\', \'b\', \'a\', \'b\'],  0,  None,  True,  True,  False,  False,  False, dropna=True).mean()\nTypeError: groupby() got multiple values for argument \'dropna\'\n')])
  File "groupbyNN.py", line 3, in <module>
Error inducing API short name: groupby, line no: 3
Error inducing API fqn: UNKNOWN, line no: 3
*** TypeError: PLACEHOLDER
Repair Action: arg_name
Key Params: []
Prev Params: None
Prev Repair Action: None
Line No: 3
Prev Line No: 0
GitHub Candidates:
[]
KP:[]
EXPP: []
APIDoc Candidates:
[]
All Solution Candidates:
[]
[INFO] This case cannot be fixed!


real	0m0.635s
user	0m1.700s
sys	0m5.707s
