--- Running read_csv#187NN/read_csvNN, strategy: relancer
[ERR MSG]: OrderedDict([('project', 'read_csv#187NN'), ('notebook', 'read_csvNN'), ('text', '  File "read_csvNN.py", line 2, in <module>\n    pd.read_csv(date_parser=None, usecols=None, names=None, parse_dates=None, delimiter=None, keep_date_col=False, dtype=None, filepath_or_buffer=\'/home/zhang/Packages/tensorflow_file/dev.csv\', verbose=False, skipinitialspace=False, false_values=None, na_filter=True, skip_blank_lines=True, index_col=None, squeeze=None, converters=None, skipfooter=0, engine=None, iterator=False, nrows=None, mangle_dupe_cols=True, chunksize=None, compression=\'infer\', keep_default_na=True, sep=\',\', cache_dates=True, dayfirst=False, na_values=None, true_values=None, prefix=None, thousands=None, header=\'infer\', skiprows=None, infer_datetime_format=False, decimal=\'.\')\nTypeError: read_csv() got an unexpected keyword argument \'squeeze\'\n')])
  File "read_csvNN.py", line 2, in <module>
Error inducing API short name: read_csv, line no: 2
Error inducing API fqn: pandas.read_csv, line no: 2
*** TypeError: PLACEHOLDER
Repair Action: arg_name
Key Params: ['date_parser', 'usecols', 'names', 'parse_dates', 'delimiter', 'keep_date_col', 'dtype', 'filepath_or_buffer', 'verbose', 'skipinitialspace', 'false_values', 'na_filter', 'skip_blank_lines', 'index_col', 'squeeze', 'converters', 'skipfooter', 'engine', 'iterator', 'nrows', 'mangle_dupe_cols', 'chunksize', 'compression', 'keep_default_na', 'sep', 'cache_dates', 'dayfirst', 'na_values', 'true_values', 'prefix', 'thousands', 'header', 'skiprows', 'infer_datetime_format', 'decimal']
Prev Params: None
Prev Repair Action: None
Line No: 2
Prev Line No: 0
GitHub Candidates:
[]
KP:['date_parser', 'usecols', 'names', 'parse_dates', 'delimiter', 'keep_date_col', 'dtype', 'filepath_or_buffer', 'verbose', 'skipinitialspace', 'false_values', 'na_filter', 'skip_blank_lines', 'index_col', 'squeeze', 'converters', 'skipfooter', 'engine', 'iterator', 'nrows', 'mangle_dupe_cols', 'chunksize', 'compression', 'keep_default_na', 'sep', 'cache_dates', 'dayfirst', 'na_values', 'true_values', 'prefix', 'thousands', 'header', 'skiprows', 'infer_datetime_format', 'decimal']
EXPP: ['date_parser', 'usecols', 'names', 'parse_dates', 'delimiter', 'keep_date_col', 'dtype', 'filepath_or_buffer', 'verbose', 'skipinitialspace', 'false_values', 'na_filter', 'skip_blank_lines', 'index_col', 'squeeze', 'converters', 'skipfooter', 'engine', 'iterator', 'nrows', 'mangle_dupe_cols', 'chunksize', 'compression', 'keep_default_na', 'sep', 'cache_dates', 'dayfirst', 'na_values', 'true_values', 'prefix', 'thousands', 'header', 'skiprows', 'infer_datetime_format', 'decimal']
APIDoc Candidates:
[]
All Solution Candidates:
[]
[INFO] This case cannot be fixed!


real	0m0.630s
user	0m1.531s
sys	0m5.485s
