--- Running httpx.delete#47NN/deleteNN, strategy: relancer
[ERR MSG]: OrderedDict([('project', 'httpx.delete#47NN'), ('notebook', 'deleteNN'), ('text', '  File "deleteNN.py", line 2, in <module>\n    delete(json=None, files=None, data=None, headers=None, url=\'https://example.com/resource\', params=None)\nTypeError: delete() got an unexpected keyword argument \'json\'\n')])
  File "deleteNN.py", line 2, in <module>
Error inducing API short name: delete, line no: 2
Error inducing API fqn: httpx.delete, line no: 2
*** TypeError: PLACEHOLDER
Repair Action: arg_name
Key Params: ['json', 'files', 'data', 'headers', 'url', 'params']
Prev Params: None
Prev Repair Action: None
Line No: 2
Prev Line No: 0
GitHub Candidates:
[]
KP:['json', 'files', 'data', 'headers', 'url', 'params']
EXPP: ['json', 'files', 'data', 'headers', 'url', 'params']
APIDoc Candidates:
[]
All Solution Candidates:
[]
[INFO] This case cannot be fixed!


real	0m0.417s
user	0m0.377s
sys	0m0.040s
