--- Running sklearn.cluster.SpectralClustering#30NN/SpectralClusteringNN, strategy: relancer
[ERR MSG]: OrderedDict([('project', 'sklearn.cluster.SpectralClustering#30NN'), ('notebook', 'SpectralClusteringNN'), ('text', '  File "SpectralClusteringNN.py", line 4, in <module>\n    clustering = SpectralClustering(5,  None,  None,  10,  1.0, affinity=\'rbf\', n_neighbors=10).fit(X)\n  File "/dataset/zhang/anaconda3/envs/Rsklearn0.22/lib/python3.6/site-packages/sklearn/cluster/_spectral.py", line 520, in fit\n    assign_labels=self.assign_labels)\n  File "/dataset/zhang/anaconda3/envs/Rsklearn0.22/lib/python3.6/site-packages/sklearn/cluster/_spectral.py", line 268, in spectral_clustering\n    n_init=n_init)\n  File "/dataset/zhang/anaconda3/envs/Rsklearn0.22/lib/python3.6/site-packages/sklearn/cluster/_k_means.py", line 296, in k_means\n    ).fit(X, sample_weight=sample_weight)\n  File "/dataset/zhang/anaconda3/envs/Rsklearn0.22/lib/python3.6/site-packages/sklearn/cluster/_k_means.py", line 925, in fit\n    seeds = random_state.randint(np.iinfo(np.int32).max, size=n_init)\n  File "mtrand.pyx", line 746, in numpy.random.mtrand.RandomState.randint\n  File "_bounded_integers.pyx", line 1263, in numpy.random._bounded_integers._rand_int64\nTypeError: \'float\' object cannot be interpreted as an integer\n')])
  File "SpectralClusteringNN.py", line 4, in <module>
Error inducing API short name: SpectralClustering, line no: 4
Error inducing API fqn: sklearn.cluster.SpectralClustering, line no: 4
*** TypeError: PLACEHOLDER
Repair Action: arg_name
Key Params: ['IMPLICIT_0', 'IMPLICIT_1', 'IMPLICIT_2', 'IMPLICIT_3', 'IMPLICIT_4', 'affinity', 'n_neighbors']
Prev Params: None
Prev Repair Action: None
Line No: 4
Prev Line No: 0
GitHub Candidates:
[]
KP:['IMPLICIT_0', 'IMPLICIT_1', 'IMPLICIT_2', 'IMPLICIT_3', 'IMPLICIT_4', 'affinity', 'n_neighbors']
EXPP: ['IMPLICIT_0', 'IMPLICIT_1', 'IMPLICIT_2', 'IMPLICIT_3', 'IMPLICIT_4', 'affinity', 'n_neighbors']
APIDoc Candidates:
[]
All Solution Candidates:
[]
[INFO] This case cannot be fixed!


real	0m0.889s
user	0m3.317s
sys	0m11.112s
