--- Running URL#4NN/URLNN, strategy: relancer
[ERR MSG]: OrderedDict([('project', 'URL#4NN'), ('notebook', 'URLNN'), ('text', '  File "URLNN.py", line 4, in <module>\n    url = httpx.URL(url_str, allow_relative=False)\nTypeError: __init__() got an unexpected keyword argument \'allow_relative\'\n')])
  File "URLNN.py", line 4, in <module>
Error inducing API short name: URL, line no: 4
Error inducing API fqn: httpx.URL, line no: 4
*** TypeError: PLACEHOLDER
Repair Action: arg_name
Key Params: ['IMPLICIT_0', 'allow_relative']
Prev Params: None
Prev Repair Action: None
Line No: 4
Prev Line No: 0
GitHub Candidates:
[]
KP:['IMPLICIT_0', 'allow_relative']
EXPP: ['IMPLICIT_0', 'allow_relative']
APIDoc Candidates:
[]
All Solution Candidates:
[]
[INFO] This case cannot be fixed!


real	0m1.119s
user	0m0.602s
sys	0m0.079s
