--- Running shortest_path_length#13NN/shortest_path_lengthNN, strategy: relancer
[ERR MSG]: OrderedDict([('project', 'shortest_path_length#13NN'), ('notebook', 'shortest_path_lengthNN'), ('text', '  File "shortest_path_lengthNN.py", line 4, in <module>\n    length = nx.shortest_path_length(G, source=1, target=5, weighted=False)\nTypeError: shortest_path_length() got an unexpected keyword argument \'weighted\'\n')])
  File "shortest_path_lengthNN.py", line 4, in <module>
Error inducing API short name: shortest_path_length, line no: 4
Error inducing API fqn: networkx.shortest_path_length, line no: 4
*** TypeError: PLACEHOLDER
Repair Action: arg_name
Key Params: ['IMPLICIT_0', 'source', 'target', 'weighted']
Prev Params: None
Prev Repair Action: None
Line No: 4
Prev Line No: 0
GitHub Candidates:
[]
KP:['IMPLICIT_0', 'source', 'target', 'weighted']
EXPP: ['IMPLICIT_0', 'source', 'target', 'weighted']
APIDoc Candidates:
[]
All Solution Candidates:
[]
[INFO] This case cannot be fixed!


real	0m0.366s
user	0m0.331s
sys	0m0.036s
