--- Running jax.experimental.jax2tf.convert#25NN/convertNN, strategy: relancer
[ERR MSG]: OrderedDict([('project', 'jax.experimental.jax2tf.convert#25NN'), ('notebook', 'convertNN'), ('text', '  File "convertNN.py", line 7, in <module>\n    jax2tf.convert(polymorphic_shapes=None, fun_jax=sum_of_squares, experimental_native_lowering=\'default\', enable_xla=True, with_gradient=True)\nTypeError: convert() got an unexpected keyword argument \'experimental_native_lowering\'\n')])
  File "convertNN.py", line 7, in <module>
Error inducing API short name: convert, line no: 7
Error inducing API fqn: jax.experimental.jax2tf.convert, line no: 7
*** TypeError: PLACEHOLDER
Repair Action: arg_name
Key Params: ['polymorphic_shapes', 'fun_jax', 'experimental_native_lowering', 'enable_xla', 'with_gradient']
Prev Params: None
Prev Repair Action: None
Line No: 7
Prev Line No: 0
GitHub Candidates:
[]
KP:['polymorphic_shapes', 'fun_jax', 'experimental_native_lowering', 'enable_xla', 'with_gradient']
EXPP: ['polymorphic_shapes', 'fun_jax', 'experimental_native_lowering', 'enable_xla', 'with_gradient']
APIDoc Candidates:
[]
All Solution Candidates:
[]
[INFO] This case cannot be fixed!


real	0m2.593s
user	0m4.717s
sys	0m12.169s
