--- Running DataFrame.rolling#36NN/rollingNN, strategy: relancer
[ERR MSG]: OrderedDict([('project', 'DataFrame.rolling#36NN'), ('notebook', 'rollingNN'), ('text', '  File "rollingNN.py", line 4, in <module>\n    df.rolling(2,  None,  False,  None,  None,  0,  None,  \'single\').sum()\n  File "/dataset/zhang/anaconda3/envs/Rpandas1.5.0/lib/python3.8/site-packages/pandas/core/generic.py", line 12008, in rolling\n    return Rolling(\n  File "/dataset/zhang/anaconda3/envs/Rpandas1.5.0/lib/python3.8/site-packages/pandas/core/window/rolling.py", line 165, in __init__\n    self._validate()\n  File "/dataset/zhang/anaconda3/envs/Rpandas1.5.0/lib/python3.8/site-packages/pandas/core/window/rolling.py", line 1822, in _validate\n    super()._validate()\n  File "/dataset/zhang/anaconda3/envs/Rpandas1.5.0/lib/python3.8/site-packages/pandas/core/window/rolling.py", line 235, in _validate\n    raise ValueError("step must be an integer")\nValueError: step must be an integer\n')])
  File "rollingNN.py", line 4, in <module>
Error inducing API short name: rolling, line no: 4
Error inducing API fqn: UNKNOWN, line no: 4
*** ValueError: PLACEHOLDER
All known params: []
All known params' names: []
Error line tokens: ['valueerror', 'placeholder']
Repair Action: arg_value
Key Params: []
Prev Params: None
Prev Repair Action: None
Line No: 4
Prev Line No: 0
GitHub Candidates:
[]
APIDoc Candidates:
[]
All Solution Candidates:
[]
[INFO] This case cannot be fixed!


real	0m0.636s
user	0m1.102s
sys	0m2.284s
