--- Running read_csv#45NN/read_csvNN, strategy: relancer
[ERR MSG]: OrderedDict([('project', 'read_csv#45NN'), ('notebook', 'read_csvNN'), ('text', '  File "read_csvNN.py", line 2, in <module>\n    pd.read_csv(\'/home/zhang/Packages/tensorflow_file/dev.csv\', error_bad_lines=None)\nTypeError: read_csv() got an unexpected keyword argument \'error_bad_lines\'\n')])
  File "read_csvNN.py", line 2, in <module>
Error inducing API short name: read_csv, line no: 2
Error inducing API fqn: pandas.read_csv, line no: 2
*** TypeError: PLACEHOLDER
Repair Action: arg_name
Key Params: ['IMPLICIT_0', 'error_bad_lines']
Prev Params: None
Prev Repair Action: None
Line No: 2
Prev Line No: 0
GitHub Candidates:
[]
KP:['IMPLICIT_0', 'error_bad_lines']
EXPP: ['IMPLICIT_0', 'error_bad_lines']
APIDoc Candidates:
[]
All Solution Candidates:
[]
[INFO] This case cannot be fixed!


real	0m0.686s
user	0m1.558s
sys	0m4.964s
