--- Running geographical_threshold_graph#33NN/geographical_threshold_graphNN, strategy: relancer
[ERR MSG]: OrderedDict([('project', 'geographical_threshold_graph#33NN'), ('notebook', 'geographical_threshold_graphNN'), ('text', '  File "geographical_threshold_graphNN.py", line 2, in <module>\n    G = nx.geographical_threshold_graph(n=10, theta=0.1, alpha=2, dim=2, pos=None, weight=None, metric=None)\n  File "/dataset/zhang/anaconda3/envs/Rnetworkx2.1/lib/python3.8/site-packages/decorator.py", line 231, in fun\n    args, kw = fix(args, kw, sig)\n  File "/dataset/zhang/anaconda3/envs/Rnetworkx2.1/lib/python3.8/site-packages/decorator.py", line 203, in fix\n    ba = sig.bind(*args, **kwargs)\n  File "/dataset/zhang/anaconda3/envs/Rnetworkx2.1/lib/python3.8/inspect.py", line 3037, in bind\n    return self._bind(args, kwargs)\n  File "/dataset/zhang/anaconda3/envs/Rnetworkx2.1/lib/python3.8/inspect.py", line 3026, in _bind\n    raise TypeError(\nTypeError: got an unexpected keyword argument \'alpha\'\n')])
  File "geographical_threshold_graphNN.py", line 2, in <module>
Error inducing API short name: geographical_threshold_graph, line no: 2
Error inducing API fqn: networkx.geographical_threshold_graph, line no: 2
*** TypeError: PLACEHOLDER
Repair Action: arg_name
Key Params: ['n', 'theta', 'alpha', 'dim', 'pos', 'weight', 'metric']
Prev Params: None
Prev Repair Action: None
Line No: 2
Prev Line No: 0
GitHub Candidates:
[]
KP:['n', 'theta', 'alpha', 'dim', 'pos', 'weight', 'metric']
EXPP: ['n', 'theta', 'alpha', 'dim', 'pos', 'weight', 'metric']
APIDoc Candidates:
[]
All Solution Candidates:
[]
[INFO] This case cannot be fixed!


real	0m0.465s
user	0m0.424s
sys	0m0.042s
