--- Running polars.DataFrame.write_json#29NN/write_jsonNN, strategy: relancer
[ERR MSG]: OrderedDict([('project', 'polars.DataFrame.write_json#29NN'), ('notebook', 'write_jsonNN'), ('text', '  File "write_jsonNN.py", line 3, in <module>\n    df.write_json(file=\'output.json\', pretty=False, row_oriented=False, json_lines=None)\nTypeError: write_json() got an unexpected keyword argument \'json_lines\'\n')])
  File "write_jsonNN.py", line 3, in <module>
Error inducing API short name: write_json, line no: 3
Error inducing API fqn: UNKNOWN, line no: 3
*** TypeError: PLACEHOLDER
Repair Action: arg_name
Key Params: []
Prev Params: None
Prev Repair Action: None
Line No: 3
Prev Line No: 0
GitHub Candidates:
[]
KP:[]
EXPP: []
APIDoc Candidates:
[]
All Solution Candidates:
[]
[INFO] This case cannot be fixed!


real	0m0.441s
user	0m0.369s
sys	0m0.051s
