--- Running scipy.sparse.linalg.qmr#44NN/qmrNN, strategy: relancer
[ERR MSG]: OrderedDict([('project', 'scipy.sparse.linalg.qmr#44NN'), ('notebook', 'qmrNN'), ('text', '  File "qmrNN.py", line 6, in <module>\n    result = qmr(A,  b,  x0,  1e-05,  None,  None,  None,  None, callback=None)\nTypeError: qmr() got multiple values for argument \'callback\'\n')])
  File "qmrNN.py", line 6, in <module>
Error inducing API short name: qmr, line no: 6
Error inducing API fqn: scipy.sparse.linalg.qmr, line no: 6
*** TypeError: PLACEHOLDER
Repair Action: arg_name
Key Params: ['IMPLICIT_0', 'IMPLICIT_1', 'IMPLICIT_2', 'IMPLICIT_3', 'IMPLICIT_4', 'IMPLICIT_5', 'IMPLICIT_6', 'IMPLICIT_7', 'callback']
Prev Params: None
Prev Repair Action: None
Line No: 6
Prev Line No: 0
GitHub Candidates:
[]
KP:['IMPLICIT_0', 'IMPLICIT_1', 'IMPLICIT_2', 'IMPLICIT_3', 'IMPLICIT_4', 'IMPLICIT_5', 'IMPLICIT_6', 'IMPLICIT_7', 'callback']
EXPP: ['IMPLICIT_0', 'IMPLICIT_1', 'IMPLICIT_2', 'IMPLICIT_3', 'IMPLICIT_4', 'IMPLICIT_5', 'IMPLICIT_6', 'IMPLICIT_7', 'callback']
APIDoc Candidates:
[]
All Solution Candidates:
[]
[INFO] This case cannot be fixed!


real	0m0.841s
user	0m1.823s
sys	0m6.517s
