--- Running Response#29NN/ResponseNN, strategy: relancer
[ERR MSG]: OrderedDict([('project', 'Response#29NN'), ('notebook', 'ResponseNN'), ('text', '  File "ResponseNN.py", line 2, in <module>\n    Response(status_code=1, ext=None)\nTypeError: __init__() got an unexpected keyword argument \'ext\'\n')])
  File "ResponseNN.py", line 2, in <module>
Error inducing API short name: Response, line no: 2
Error inducing API fqn: httpx.Response, line no: 2
*** TypeError: PLACEHOLDER
Repair Action: arg_name
Key Params: ['status_code', 'ext']
Prev Params: None
Prev Repair Action: None
Line No: 2
Prev Line No: 0
GitHub Candidates:
[]
KP:['status_code', 'ext']
EXPP: ['status_code', 'ext']
APIDoc Candidates:
[]
All Solution Candidates:
[]
[INFO] This case cannot be fixed!


real	0m0.420s
user	0m0.377s
sys	0m0.043s
