--- Running spectral_layout#12NN/spectral_layoutNN, strategy: relancer
[ERR MSG]: OrderedDict([('project', 'spectral_layout#12NN'), ('notebook', 'spectral_layoutNN'), ('text', '  File "spectral_layoutNN.py", line 4, in <module>\n    pos = nx.spectral_layout(G,  2, weighted=True, scale=1)\nTypeError: spectral_layout() got an unexpected keyword argument \'weighted\'\n')])
  File "spectral_layoutNN.py", line 4, in <module>
Error inducing API short name: spectral_layout, line no: 4
Error inducing API fqn: networkx.spectral_layout, line no: 4
*** TypeError: PLACEHOLDER
Repair Action: arg_name
Key Params: ['IMPLICIT_0', 'IMPLICIT_1', 'weighted', 'scale']
Prev Params: None
Prev Repair Action: None
Line No: 4
Prev Line No: 0
GitHub Candidates:
[]
KP:['IMPLICIT_0', 'IMPLICIT_1', 'weighted', 'scale']
EXPP: ['IMPLICIT_0', 'IMPLICIT_1', 'weighted', 'scale']
APIDoc Candidates:
[]
All Solution Candidates:
[]
[INFO] This case cannot be fixed!


real	0m0.406s
user	0m0.350s
sys	0m0.057s
