--- Running polars.arg_where#3NN/arg_whereNN, strategy: relancer
[ERR MSG]: OrderedDict([('project', 'polars.arg_where#3NN'), ('notebook', 'arg_whereNN'), ('text', '  File "arg_whereNN.py", line 2, in <module>\n    pl.arg_where(pl.col(\'a\') % 2 == 0,  False)\nTypeError: arg_where() takes 1 positional argument but 2 were given\n')])
  File "arg_whereNN.py", line 2, in <module>
Error inducing API short name: arg_where, line no: 2
Error inducing API fqn: polars.arg_where, line no: 2
*** TypeError: PLACEHOLDER
Repair Action: arg_name
Key Params: ['IMPLICIT_0', 'IMPLICIT_1']
Prev Params: None
Prev Repair Action: None
Line No: 2
Prev Line No: 0
GitHub Candidates:
[]
KP:['IMPLICIT_0', 'IMPLICIT_1']
EXPP: ['IMPLICIT_0', 'IMPLICIT_1']
APIDoc Candidates:
[]
All Solution Candidates:
[]
[INFO] This case cannot be fixed!


real	0m0.387s
user	0m0.341s
sys	0m0.046s
