--- Running ensemble.GradientBoostingRegressor#44NN/GradientBoostingRegressorNN, strategy: relancer
[ERR MSG]: OrderedDict([('project', 'ensemble.GradientBoostingRegressor#44NN'), ('notebook', 'GradientBoostingRegressorNN'), ('text', '  File "GradientBoostingRegressorNN.py", line 6, in <module>\n    reg = GradientBoostingRegressor(init=None, min_impurity_decrease=0.0, verbose=0, warm_start=False, learning_rate=0.1, criterion=\'friedman_mse\', min_samples_split=2, n_iter_no_change=None, max_features=None, alpha=0.9, random_state=0, presort=\'deprecated\', max_depth=3, max_leaf_nodes=None, min_weight_fraction_leaf=0.0, loss=\'ls\', n_estimators=100, min_samples_leaf=1, validation_fraction=0.1, min_impurity_split=None, subsample=1.0)\n  File "/dataset/zhang/anaconda3/envs/Rsklearn0.24.0/lib/python3.6/site-packages/sklearn/utils/validation.py", line 63, in inner_f\n    return f(*args, **kwargs)\nTypeError: __init__() got an unexpected keyword argument \'presort\'\n')])
  File "GradientBoostingRegressorNN.py", line 6, in <module>
Error inducing API short name: GradientBoostingRegressor, line no: 6
Error inducing API fqn: sklearn.ensemble.GradientBoostingRegressor, line no: 6
*** TypeError: PLACEHOLDER
Repair Action: arg_name
Key Params: ['init', 'min_impurity_decrease', 'verbose', 'warm_start', 'learning_rate', 'criterion', 'min_samples_split', 'n_iter_no_change', 'max_features', 'alpha', 'random_state', 'presort', 'max_depth', 'max_leaf_nodes', 'min_weight_fraction_leaf', 'loss', 'n_estimators', 'min_samples_leaf', 'validation_fraction', 'min_impurity_split', 'subsample']
Prev Params: None
Prev Repair Action: None
Line No: 6
Prev Line No: 0
GitHub Candidates:
[]
KP:['init', 'min_impurity_decrease', 'verbose', 'warm_start', 'learning_rate', 'criterion', 'min_samples_split', 'n_iter_no_change', 'max_features', 'alpha', 'random_state', 'presort', 'max_depth', 'max_leaf_nodes', 'min_weight_fraction_leaf', 'loss', 'n_estimators', 'min_samples_leaf', 'validation_fraction', 'min_impurity_split', 'subsample']
EXPP: ['init', 'min_impurity_decrease', 'verbose', 'warm_start', 'learning_rate', 'criterion', 'min_samples_split', 'n_iter_no_change', 'max_features', 'alpha', 'random_state', 'presort', 'max_depth', 'max_leaf_nodes', 'min_weight_fraction_leaf', 'loss', 'n_estimators', 'min_samples_leaf', 'validation_fraction', 'min_impurity_split', 'subsample']
APIDoc Candidates:
[]
All Solution Candidates:
[]
[INFO] This case cannot be fixed!


real	0m0.991s
user	0m4.099s
sys	0m14.889s
