--- Running matplotlib.cbook.normalize_kwargs#14NN/normalize_kwargsNN, strategy: relancer
[ERR MSG]: OrderedDict([('project', 'matplotlib.cbook.normalize_kwargs#14NN'), ('notebook', 'normalize_kwargsNN'), ('text', '  File "normalize_kwargsNN.py", line 4, in <module>\n    result = normalize_kwargs(kw=kw, alias_mapping=alias_mapping, required=[\'alpha\', \'linestyle\', \'linewidth\'], forbidden=[])\nTypeError: normalize_kwargs() got an unexpected keyword argument \'required\'\n')])
  File "normalize_kwargsNN.py", line 4, in <module>
Error inducing API short name: normalize_kwargs, line no: 4
Error inducing API fqn: matplotlib.cbook.normalize_kwargs, line no: 4
*** TypeError: PLACEHOLDER
Repair Action: arg_name
Key Params: ['kw', 'alias_mapping', 'required', 'forbidden']
Prev Params: None
Prev Repair Action: None
Line No: 4
Prev Line No: 0
GitHub Candidates:
[]
KP:['kw', 'alias_mapping', 'required', 'forbidden']
EXPP: ['kw', 'alias_mapping', 'required', 'forbidden']
APIDoc Candidates:
[]
All Solution Candidates:
[]
[INFO] This case cannot be fixed!


real	0m0.525s
user	0m1.541s
sys	0m5.598s
