--- Running rich.syntax.Syntax#63NN/SyntaxNN, strategy: relancer
[ERR MSG]: OrderedDict([('project', 'rich.syntax.Syntax#63NN'), ('notebook', 'SyntaxNN'), ('text', '  File "SyntaxNN.py", line 2, in <module>\n    syntax = Syntax(theme=\'monokai\', line_range=(1, 5), highlight_lines={2, 3}, code="print(\'hello world\')", line_numbers=True, start_line=1, lexer_name=\'python\', dedent=False, tab_size=4, code_width=50)\nTypeError: __init__() got an unexpected keyword argument \'lexer_name\'\n')])
  File "SyntaxNN.py", line 2, in <module>
Error inducing API short name: 50), line no: 2
Error inducing API fqn: UNKNOWN, line no: 2
*** TypeError: PLACEHOLDER
Repair Action: arg_name
Key Params: []
Prev Params: None
Prev Repair Action: None
Line No: 2
Prev Line No: 0
GitHub Candidates:
[]
KP:[]
EXPP: []
APIDoc Candidates:
[]
All Solution Candidates:
[]
[INFO] This case cannot be fixed!


real	0m0.372s
user	0m0.355s
sys	0m0.016s
