--- Running read_csv#83NN/read_csvNN, strategy: relancer
[ERR MSG]: OrderedDict([('project', 'read_csv#83NN'), ('notebook', 'read_csvNN'), ('text', '  File "read_csvNN.py", line 2, in <module>\n    pd.read_csv(\'/home/zhang/Packages/tensorflow_file/dev.csv\', true_values=None, keep_default_na=True, index_col=None, sep=\',\', dayfirst=False, converters=None, compression=\'infer\', keep_date_col=False, usecols=None, date_parser=None, iterator=False, delimiter=None, skipfooter=0, parse_dates=None, chunksize=None, nrows=None, verbose=False, mangle_dupe_cols=True, skip_blank_lines=True, cache_dates=True, infer_datetime_format=False, na_filter=True, names=None, engine=None, false_values=None, prefix=None, na_values=None, skipinitialspace=False, squeeze=None, header=\'infer\', skiprows=None, dtype=None)\nTypeError: read_csv() got an unexpected keyword argument \'mangle_dupe_cols\'\n')])
  File "read_csvNN.py", line 2, in <module>
Error inducing API short name: read_csv, line no: 2
Error inducing API fqn: pandas.read_csv, line no: 2
*** TypeError: PLACEHOLDER
Repair Action: arg_name
Key Params: ['IMPLICIT_0', 'true_values', 'keep_default_na', 'index_col', 'sep', 'dayfirst', 'converters', 'compression', 'keep_date_col', 'usecols', 'date_parser', 'iterator', 'delimiter', 'skipfooter', 'parse_dates', 'chunksize', 'nrows', 'verbose', 'mangle_dupe_cols', 'skip_blank_lines', 'cache_dates', 'infer_datetime_format', 'na_filter', 'names', 'engine', 'false_values', 'prefix', 'na_values', 'skipinitialspace', 'squeeze', 'header', 'skiprows', 'dtype']
Prev Params: None
Prev Repair Action: None
Line No: 2
Prev Line No: 0
GitHub Candidates:
[]
KP:['IMPLICIT_0', 'true_values', 'keep_default_na', 'index_col', 'sep', 'dayfirst', 'converters', 'compression', 'keep_date_col', 'usecols', 'date_parser', 'iterator', 'delimiter', 'skipfooter', 'parse_dates', 'chunksize', 'nrows', 'verbose', 'mangle_dupe_cols', 'skip_blank_lines', 'cache_dates', 'infer_datetime_format', 'na_filter', 'names', 'engine', 'false_values', 'prefix', 'na_values', 'skipinitialspace', 'squeeze', 'header', 'skiprows', 'dtype']
EXPP: ['IMPLICIT_0', 'true_values', 'keep_default_na', 'index_col', 'sep', 'dayfirst', 'converters', 'compression', 'keep_date_col', 'usecols', 'date_parser', 'iterator', 'delimiter', 'skipfooter', 'parse_dates', 'chunksize', 'nrows', 'verbose', 'mangle_dupe_cols', 'skip_blank_lines', 'cache_dates', 'infer_datetime_format', 'na_filter', 'names', 'engine', 'false_values', 'prefix', 'na_values', 'skipinitialspace', 'squeeze', 'header', 'skiprows', 'dtype']
APIDoc Candidates:
[]
All Solution Candidates:
[]
[INFO] This case cannot be fixed!


real	0m0.647s
user	0m1.662s
sys	0m5.609s
