--- Running is_isomorphic#5NN/is_isomorphicNN, strategy: relancer
[ERR MSG]: OrderedDict([('project', 'is_isomorphic#5NN'), ('notebook', 'is_isomorphicNN'), ('text', '  File "is_isomorphicNN.py", line 6, in <module>\n    isomorphic = nx.is_isomorphic(G1,  G2, weighted=False)\nTypeError: is_isomorphic() got an unexpected keyword argument \'weighted\'\n')])
  File "is_isomorphicNN.py", line 6, in <module>
Error inducing API short name: is_isomorphic, line no: 6
Error inducing API fqn: networkx.is_isomorphic, line no: 6
*** TypeError: PLACEHOLDER
Repair Action: arg_name
Key Params: ['IMPLICIT_0', 'IMPLICIT_1', 'weighted']
Prev Params: None
Prev Repair Action: None
Line No: 6
Prev Line No: 0
GitHub Candidates:
[]
KP:['IMPLICIT_0', 'IMPLICIT_1', 'weighted']
EXPP: ['IMPLICIT_0', 'IMPLICIT_1', 'weighted']
APIDoc Candidates:
[]
All Solution Candidates:
[]
[INFO] This case cannot be fixed!


real	0m0.408s
user	0m0.370s
sys	0m0.039s
