--- Running sklearn.feature_selection.RFECV#22NN/RFECVNN, strategy: relancer
[ERR MSG]: OrderedDict([('project', 'sklearn.feature_selection.RFECV#22NN'), ('notebook', 'RFECVNN'), ('text', '  File "RFECVNN.py", line 6, in <module>\n    selector = RFECV(estimator,  5,  None,  None,  None, verbose=0)\nTypeError: __init__() got multiple values for argument \'verbose\'\n')])
  File "RFECVNN.py", line 6, in <module>
Error inducing API short name: RFECV, line no: 6
Error inducing API fqn: sklearn.feature_selection.RFECV, line no: 6
*** TypeError: PLACEHOLDER
Repair Action: arg_name
Key Params: ['IMPLICIT_0', 'IMPLICIT_1', 'IMPLICIT_2', 'IMPLICIT_3', 'IMPLICIT_4', 'verbose']
Prev Params: None
Prev Repair Action: None
Line No: 6
Prev Line No: 0
GitHub Candidates:
[]
KP:['IMPLICIT_0', 'IMPLICIT_1', 'IMPLICIT_2', 'IMPLICIT_3', 'IMPLICIT_4', 'verbose']
EXPP: ['IMPLICIT_0', 'IMPLICIT_1', 'IMPLICIT_2', 'IMPLICIT_3', 'IMPLICIT_4', 'verbose']
APIDoc Candidates:
[]
All Solution Candidates:
[]
[INFO] This case cannot be fixed!


real	0m0.688s
user	0m1.985s
sys	0m4.893s
