--- Running Response#11NN/ResponseNN, strategy: relancer
[ERR MSG]: OrderedDict([('project', 'Response#11NN'), ('notebook', 'ResponseNN'), ('text', '  File "ResponseNN.py", line 2, in <module>\n    Response(1, on_close=None)\nTypeError: __init__() got an unexpected keyword argument \'on_close\'\n')])
  File "ResponseNN.py", line 2, in <module>
Error inducing API short name: Response, line no: 2
Error inducing API fqn: httpx.Response, line no: 2
*** TypeError: PLACEHOLDER
Repair Action: arg_name
Key Params: ['IMPLICIT_0', 'on_close']
Prev Params: None
Prev Repair Action: None
Line No: 2
Prev Line No: 0
GitHub Candidates:
[]
KP:['IMPLICIT_0', 'on_close']
EXPP: ['IMPLICIT_0', 'on_close']
APIDoc Candidates:
[]
All Solution Candidates:
[]
[INFO] This case cannot be fixed!


real	0m0.413s
user	0m0.386s
sys	0m0.027s
