--- Running fastapi.encoders.jsonable_encoder#45NN/jsonable_encoderNN, strategy: relancer
[ERR MSG]: OrderedDict([('project', 'fastapi.encoders.jsonable_encoder#45NN'), ('notebook', 'jsonable_encoderNN'), ('text', '  File "jsonable_encoderNN.py", line 14, in <module>\n    json_compatible_item_data = jsonable_encoder(item,  {\'name\', \'description\', \'price\'},  {\'tax\'},  True,  None,  False,  False,  False,  custom_encoders)\nTypeError: jsonable_encoder() takes from 1 to 8 positional arguments but 9 were given\n')])
  File "jsonable_encoderNN.py", line 14, in <module>
Error inducing API short name: jsonable_encoder, line no: 14
Error inducing API fqn: fastapi.encoders.jsonable_encoder, line no: 14
*** TypeError: PLACEHOLDER
Repair Action: arg_name
Key Params: ['IMPLICIT_0', 'IMPLICIT_1', 'IMPLICIT_2', 'IMPLICIT_3', 'IMPLICIT_4', 'IMPLICIT_5', 'IMPLICIT_6', 'IMPLICIT_7', 'IMPLICIT_8']
Prev Params: None
Prev Repair Action: None
Line No: 14
Prev Line No: 0
GitHub Candidates:
[]
KP:['IMPLICIT_0', 'IMPLICIT_1', 'IMPLICIT_2', 'IMPLICIT_3', 'IMPLICIT_4', 'IMPLICIT_5', 'IMPLICIT_6', 'IMPLICIT_7', 'IMPLICIT_8']
EXPP: ['IMPLICIT_0', 'IMPLICIT_1', 'IMPLICIT_2', 'IMPLICIT_3', 'IMPLICIT_4', 'IMPLICIT_5', 'IMPLICIT_6', 'IMPLICIT_7', 'IMPLICIT_8']
APIDoc Candidates:
[]
All Solution Candidates:
[]
[INFO] This case cannot be fixed!


real	0m0.480s
user	0m0.453s
sys	0m0.028s
