--- Running dask.dataframe.core.drop#4NN/dropNN, strategy: relancer
[ERR MSG]: OrderedDict([('project', 'dask.dataframe.core.drop#4NN'), ('notebook', 'dropNN'), ('text', '  File "dropNN.py", line 5, in <module>\n    ddf = ddf.drop(\'B\',  1,  \'raise\')\n  File "/dataset/zhang/anaconda3/envs/Rdask2.3.0/lib/python3.6/site-packages/dask/dataframe/core.py", line 3659, in drop\n    M.drop, labels=labels, axis=axis, columns=columns, errors=errors\n  File "/dataset/zhang/anaconda3/envs/Rdask2.3.0/lib/python3.6/site-packages/dask/dataframe/core.py", line 620, in map_partitions\n    return map_partitions(func, self, *args, **kwargs)\n  File "/dataset/zhang/anaconda3/envs/Rdask2.3.0/lib/python3.6/site-packages/dask/dataframe/core.py", line 4767, in map_partitions\n    meta = _emulate(func, *args, udf=True, **kwargs)\n  File "/dataset/zhang/anaconda3/envs/Rdask2.3.0/lib/python3.6/site-packages/dask/dataframe/core.py", line 4726, in _emulate\n    return func(*_extract_meta(args, True), **_extract_meta(kwargs, True))\n  File "/dataset/zhang/anaconda3/envs/Rdask2.3.0/lib/python3.6/contextlib.py", line 99, in __exit__\n    self.gen.throw(type, value, traceback)\n  File "/dataset/zhang/anaconda3/envs/Rdask2.3.0/lib/python3.6/site-packages/dask/dataframe/utils.py", line 191, in raise_on_meta_error\n    raise ValueError(msg)\nValueError: Metadata inference failed in `drop`.\n')])
  File "dropNN.py", line 5, in <module>
Error inducing API short name: drop, line no: 5
Error inducing API fqn: UNKNOWN, line no: 5
*** ValueError: PLACEHOLDER
All known params: []
All known params' names: []
Error line tokens: ['valueerror', 'placeholder']
Repair Action: arg_value
Key Params: []
Prev Params: None
Prev Repair Action: None
Line No: 5
Prev Line No: 0
GitHub Candidates:
[]
APIDoc Candidates:
[]
All Solution Candidates:
[]
[INFO] This case cannot be fixed!


real	0m0.879s
user	0m1.902s
sys	0m5.436s
