--- Running gensim.models.hdpmodel.HdpModel.print_topics#3NN/print_topicsNN, strategy: relancer
[ERR MSG]: OrderedDict([('project', 'gensim.models.hdpmodel.HdpModel.print_topics#3NN'), ('notebook', 'print_topicsNN'), ('text', '  File "print_topicsNN.py", line 7, in <module>\n    hdp.print_topics(topics=20)\nTypeError: print_topics() got an unexpected keyword argument \'topics\'\n')])
  File "print_topicsNN.py", line 7, in <module>
Error inducing API short name: print_topics, line no: 7
Error inducing API fqn: UNKNOWN, line no: 7
*** TypeError: PLACEHOLDER
Repair Action: arg_name
Key Params: []
Prev Params: None
Prev Repair Action: None
Line No: 7
Prev Line No: 0
GitHub Candidates:
[]
KP:[]
EXPP: []
APIDoc Candidates:
[]
All Solution Candidates:
[]
[INFO] This case cannot be fixed!


real	0m0.800s
user	0m2.286s
sys	0m5.523s
