--- Running loguru.logger.configure#5NN/configureNN, strategy: relancer
[ERR MSG]: OrderedDict([('project', 'loguru.logger.configure#5NN'), ('notebook', 'configureNN'), ('text', '  File "configureNN.py", line 2, in <module>\n    logger.configure(patch=None)\nTypeError: configure() got an unexpected keyword argument \'patch\'\n')])
  File "configureNN.py", line 2, in <module>
Error inducing API short name: configure, line no: 2
Error inducing API fqn: loguru.logger.configure, line no: 2
*** TypeError: PLACEHOLDER
Repair Action: arg_name
Key Params: ['patch']
Prev Params: None
Prev Repair Action: None
Line No: 2
Prev Line No: 0
GitHub Candidates:
[]
KP:['patch']
EXPP: ['patch']
APIDoc Candidates:
[]
All Solution Candidates:
[]
[INFO] This case cannot be fixed!


real	0m0.432s
user	0m0.398s
sys	0m0.034s
