--- Running average_clustering#5NN/average_clusteringNN, strategy: relancer
[ERR MSG]: OrderedDict([('project', 'average_clustering#5NN'), ('notebook', 'average_clusteringNN'), ('text', '  File "average_clusteringNN.py", line 4, in <module>\n    avg_clust = nx.average_clustering(G=G, weighted=False)\nTypeError: average_clustering() got an unexpected keyword argument \'weighted\'\n')])
  File "average_clusteringNN.py", line 4, in <module>
Error inducing API short name: average_clustering, line no: 4
Error inducing API fqn: networkx.average_clustering, line no: 4
*** TypeError: PLACEHOLDER
Repair Action: arg_name
Key Params: ['G', 'weighted']
Prev Params: None
Prev Repair Action: None
Line No: 4
Prev Line No: 0
GitHub Candidates:
[]
KP:['G', 'weighted']
EXPP: ['G', 'weighted']
APIDoc Candidates:
[]
All Solution Candidates:
[]
[INFO] This case cannot be fixed!


real	0m0.396s
user	0m0.374s
sys	0m0.022s
