--- Running httpx.delete#28NN/deleteNN, strategy: relancer
[ERR MSG]: OrderedDict([('project', 'httpx.delete#28NN'), ('notebook', 'deleteNN'), ('text', '  File "deleteNN.py", line 2, in <module>\n    delete(\'https://example.com/resource\', stream=False, data=None, cert=None, timeout=None, headers=None, cookies=None, params=None, verify=True, proxies=None, auth=None, files=None, allow_redirects=True, json=None, trust_env=None)\nTypeError: delete() got an unexpected keyword argument \'data\'\n')])
  File "deleteNN.py", line 2, in <module>
Error inducing API short name: delete, line no: 2
Error inducing API fqn: httpx.delete, line no: 2
*** TypeError: PLACEHOLDER
Repair Action: arg_name
Key Params: ['IMPLICIT_0', 'stream', 'data', 'cert', 'timeout', 'headers', 'cookies', 'params', 'verify', 'proxies', 'auth', 'files', 'allow_redirects', 'json', 'trust_env']
Prev Params: None
Prev Repair Action: None
Line No: 2
Prev Line No: 0
GitHub Candidates:
[]
KP:['IMPLICIT_0', 'stream', 'data', 'cert', 'timeout', 'headers', 'cookies', 'params', 'verify', 'proxies', 'auth', 'files', 'allow_redirects', 'json', 'trust_env']
EXPP: ['IMPLICIT_0', 'stream', 'data', 'cert', 'timeout', 'headers', 'cookies', 'params', 'verify', 'proxies', 'auth', 'files', 'allow_redirects', 'json', 'trust_env']
APIDoc Candidates:
[]
All Solution Candidates:
[]
[INFO] This case cannot be fixed!


real	0m0.444s
user	0m0.414s
sys	0m0.030s
