--- Running scipy.sparse.linalg.splu#22NN/spluNN, strategy: relancer
[ERR MSG]: OrderedDict([('project', 'scipy.sparse.linalg.splu#22NN'), ('notebook', 'spluNN'), ('text', '  File "spluNN.py", line 4, in <module>\n    lu = splu(A,  \'MMD_AT_PLUS_A\',  0.1,  0.2,  1.0, panel_size=10)\nTypeError: splu() got multiple values for argument \'panel_size\'\n')])
  File "spluNN.py", line 4, in <module>
Error inducing API short name: splu, line no: 4
Error inducing API fqn: scipy.sparse.linalg.splu, line no: 4
*** TypeError: PLACEHOLDER
Repair Action: arg_name
Key Params: ['IMPLICIT_0', 'IMPLICIT_1', 'IMPLICIT_2', 'IMPLICIT_3', 'IMPLICIT_4', 'panel_size']
Prev Params: None
Prev Repair Action: None
Line No: 4
Prev Line No: 0
GitHub Candidates:
[]
KP:['IMPLICIT_0', 'IMPLICIT_1', 'IMPLICIT_2', 'IMPLICIT_3', 'IMPLICIT_4', 'panel_size']
EXPP: ['IMPLICIT_0', 'IMPLICIT_1', 'IMPLICIT_2', 'IMPLICIT_3', 'IMPLICIT_4', 'panel_size']
APIDoc Candidates:
[]
All Solution Candidates:
[]
[INFO] This case cannot be fixed!


real	0m0.548s
user	0m1.754s
sys	0m5.815s
