--- Running networkx.closeness_centrality#7NN/closeness_centralityNN, strategy: relancer
[ERR MSG]: OrderedDict([('project', 'networkx.closeness_centrality#7NN'), ('notebook', 'closeness_centralityNN'), ('text', '  File "closeness_centralityNN.py", line 3, in <module>\n    closeness = nx.closeness_centrality(G,  None, weighted_edges=False)\nTypeError: closeness_centrality() got an unexpected keyword argument \'weighted_edges\'\n')])
  File "closeness_centralityNN.py", line 3, in <module>
Error inducing API short name: closeness_centrality, line no: 3
Error inducing API fqn: networkx.closeness_centrality, line no: 3
*** TypeError: PLACEHOLDER
Repair Action: arg_name
Key Params: ['IMPLICIT_0', 'IMPLICIT_1', 'weighted_edges']
Prev Params: None
Prev Repair Action: None
Line No: 3
Prev Line No: 0
GitHub Candidates:
[]
KP:['IMPLICIT_0', 'IMPLICIT_1', 'weighted_edges']
EXPP: ['IMPLICIT_0', 'IMPLICIT_1', 'weighted_edges']
APIDoc Candidates:
[]
All Solution Candidates:
[]
[INFO] This case cannot be fixed!


real	0m0.376s
user	0m0.345s
sys	0m0.032s
