--- Running scipy.linalg.solve_banded#17NN/solve_bandedNN, strategy: relancer
[ERR MSG]: OrderedDict([('project', 'scipy.linalg.solve_banded#17NN'), ('notebook', 'solve_bandedNN'), ('text', '  File "solve_bandedNN.py", line 6, in <module>\n    result = solve_banded(l_and_u,  ab,  b,  False,  False, debug=None)\nTypeError: solve_banded() got an unexpected keyword argument \'debug\'\n')])
  File "solve_bandedNN.py", line 6, in <module>
Error inducing API short name: solve_banded, line no: 6
Error inducing API fqn: scipy.linalg.solve_banded, line no: 6
*** TypeError: PLACEHOLDER
Repair Action: arg_name
Key Params: ['IMPLICIT_0', 'IMPLICIT_1', 'IMPLICIT_2', 'IMPLICIT_3', 'IMPLICIT_4', 'debug']
Prev Params: None
Prev Repair Action: None
Line No: 6
Prev Line No: 0
GitHub Candidates:
[]
KP:['IMPLICIT_0', 'IMPLICIT_1', 'IMPLICIT_2', 'IMPLICIT_3', 'IMPLICIT_4', 'debug']
EXPP: ['IMPLICIT_0', 'IMPLICIT_1', 'IMPLICIT_2', 'IMPLICIT_3', 'IMPLICIT_4', 'debug']
APIDoc Candidates:
[]
All Solution Candidates:
[]
[INFO] This case cannot be fixed!


real	0m0.560s
user	0m1.984s
sys	0m7.451s
