--- Running sympy.physics.units.quantities.Quantity#47NN/QuantityNN, strategy: relancer
[ERR MSG]: OrderedDict([('project', 'sympy.physics.units.quantities.Quantity#47NN'), ('notebook', 'QuantityNN'), ('text', '  File "QuantityNN.py", line 2, in <module>\n    velocity = Quantity(\'velocity\',  None,  None,  None,  None,  None,  None, mathml_presentation_repr=None, is_prefixed=False)\nTypeError: __new__() got multiple values for argument \'mathml_presentation_repr\'\n')])
  File "QuantityNN.py", line 2, in <module>
Error inducing API short name: Quantity, line no: 2
Error inducing API fqn: sympy.physics.units.Quantity, line no: 2
*** TypeError: PLACEHOLDER
Repair Action: arg_name
Key Params: ['IMPLICIT_0', 'IMPLICIT_1', 'IMPLICIT_2', 'IMPLICIT_3', 'IMPLICIT_4', 'IMPLICIT_5', 'IMPLICIT_6', 'mathml_presentation_repr', 'is_prefixed']
Prev Params: None
Prev Repair Action: None
Line No: 2
Prev Line No: 0
GitHub Candidates:
[]
KP:['IMPLICIT_0', 'IMPLICIT_1', 'IMPLICIT_2', 'IMPLICIT_3', 'IMPLICIT_4', 'IMPLICIT_5', 'IMPLICIT_6', 'mathml_presentation_repr', 'is_prefixed']
EXPP: ['IMPLICIT_0', 'IMPLICIT_1', 'IMPLICIT_2', 'IMPLICIT_3', 'IMPLICIT_4', 'IMPLICIT_5', 'IMPLICIT_6', 'mathml_presentation_repr', 'is_prefixed']
APIDoc Candidates:
[]
All Solution Candidates:
[]
[INFO] This case cannot be fixed!


real	0m0.800s
user	0m0.717s
sys	0m0.084s
