--- Running numpy.histogram#23NN/histogramNN, strategy: relancer
[ERR MSG]: OrderedDict([('project', 'numpy.histogram#23NN'), ('notebook', 'histogramNN'), ('text', '  File "histogramNN.py", line 8, in <module>\n    (hist, bin_edges) = np.histogram(a,  bins,  range,  normed, weights=weights, density=density)\n  File "<__array_function__ internals>", line 198, in histogram\nTypeError: histogram() got multiple values for argument \'density\'\n')])
  File "histogramNN.py", line 8, in <module>
Error inducing API short name: , line no: 8
Error inducing API fqn: numpy.histogram, line no: 8
*** TypeError: PLACEHOLDER
Repair Action: arg_name
Key Params: ['IMPLICIT_0', 'IMPLICIT_1', 'IMPLICIT_2', 'IMPLICIT_3', 'weights', 'density']
Prev Params: None
Prev Repair Action: None
Line No: 8
Prev Line No: 0
GitHub Candidates:
[]
KP:['IMPLICIT_0', 'IMPLICIT_1', 'IMPLICIT_2', 'IMPLICIT_3', 'weights', 'density']
EXPP: ['IMPLICIT_0', 'IMPLICIT_1', 'IMPLICIT_2', 'IMPLICIT_3', 'weights', 'density']
APIDoc Candidates:
[]
All Solution Candidates:
[]
[INFO] This case cannot be fixed!


real	0m0.472s
user	0m1.433s
sys	0m5.458s
