--- Running read_csv#174NN/read_csvNN, strategy: relancer
[ERR MSG]: OrderedDict([('project', 'read_csv#174NN'), ('notebook', 'read_csvNN'), ('text', '  File "read_csvNN.py", line 2, in <module>\n    pd.read_csv(names=None, filepath_or_buffer=\'/home/zhang/Packages/tensorflow_file/dev.csv\', usecols=None, nrows=None, index_col=None, na_filter=True, delimiter=None, skipfooter=0, na_values=None, keep_default_na=True, dtype=None, sep=\',\', true_values=None, engine=None, mangle_dupe_cols=True, false_values=None, header=\'infer\', squeeze=None, converters=None, skipinitialspace=False, prefix=None, skiprows=None)\nTypeError: read_csv() got an unexpected keyword argument \'mangle_dupe_cols\'\n')])
  File "read_csvNN.py", line 2, in <module>
Error inducing API short name: read_csv, line no: 2
Error inducing API fqn: pandas.read_csv, line no: 2
*** TypeError: PLACEHOLDER
Repair Action: arg_name
Key Params: ['names', 'filepath_or_buffer', 'usecols', 'nrows', 'index_col', 'na_filter', 'delimiter', 'skipfooter', 'na_values', 'keep_default_na', 'dtype', 'sep', 'true_values', 'engine', 'mangle_dupe_cols', 'false_values', 'header', 'squeeze', 'converters', 'skipinitialspace', 'prefix', 'skiprows']
Prev Params: None
Prev Repair Action: None
Line No: 2
Prev Line No: 0
GitHub Candidates:
[]
KP:['names', 'filepath_or_buffer', 'usecols', 'nrows', 'index_col', 'na_filter', 'delimiter', 'skipfooter', 'na_values', 'keep_default_na', 'dtype', 'sep', 'true_values', 'engine', 'mangle_dupe_cols', 'false_values', 'header', 'squeeze', 'converters', 'skipinitialspace', 'prefix', 'skiprows']
EXPP: ['names', 'filepath_or_buffer', 'usecols', 'nrows', 'index_col', 'na_filter', 'delimiter', 'skipfooter', 'na_values', 'keep_default_na', 'dtype', 'sep', 'true_values', 'engine', 'mangle_dupe_cols', 'false_values', 'header', 'squeeze', 'converters', 'skipinitialspace', 'prefix', 'skiprows']
APIDoc Candidates:
[]
All Solution Candidates:
[]
[INFO] This case cannot be fixed!


real	0m0.624s
user	0m1.523s
sys	0m4.791s
