--- Running PIL.ImagePalette.ImagePalette#7NN/ImagePaletteNN, strategy: relancer
[ERR MSG]: OrderedDict([('project', 'PIL.ImagePalette.ImagePalette#7NN'), ('notebook', 'ImagePaletteNN'), ('text', '  File "ImagePaletteNN.py", line 2, in <module>\n    palette = ImagePalette.ImagePalette(\'RGB\',  None,  0)\nTypeError: __init__() takes from 1 to 3 positional arguments but 4 were given\n')])
  File "ImagePaletteNN.py", line 2, in <module>
Error inducing API short name: ImagePalette, line no: 2
Error inducing API fqn: PIL.ImagePalette.ImagePalette, line no: 2
*** TypeError: PLACEHOLDER
Repair Action: arg_name
Key Params: ['IMPLICIT_0', 'IMPLICIT_1', 'IMPLICIT_2']
Prev Params: None
Prev Repair Action: None
Line No: 2
Prev Line No: 0
GitHub Candidates:
[]
KP:['IMPLICIT_0', 'IMPLICIT_1', 'IMPLICIT_2']
EXPP: ['IMPLICIT_0', 'IMPLICIT_1', 'IMPLICIT_2']
APIDoc Candidates:
[]
All Solution Candidates:
[]
[INFO] This case cannot be fixed!


real	0m0.346s
user	0m0.317s
sys	0m0.029s
