--- Running aiohttp.TCPConnector#23NN/TCPConnectorNN, strategy: relancer
[ERR MSG]: OrderedDict([('project', 'aiohttp.TCPConnector#23NN'), ('notebook', 'TCPConnectorNN'), ('text', '  File "TCPConnectorNN.py", line 14, in <module>\n    loop.run_until_complete(main())\n  File "/dataset/zhang/anaconda3/envs/Raiohttp3.0.0/lib/python3.6/asyncio/base_events.py", line 488, in run_until_complete\n    return future.result()\n  File "TCPConnectorNN.py", line 9, in main\n    connector = aiohttp.TCPConnector(family=0, local_addr=None, ssl_context=None, resolve=object(), fingerprint=None, use_dns_cache=True, ttl_dns_cache=10, verify_ssl=True)\nTypeError: __init__() got an unexpected keyword argument \'resolve\'\n')])
  File "TCPConnectorNN.py", line 14, in <module>
Error inducing API short name: run_until_complete, line no: 14
  File "TCPConnectorNN.py", line 9, in main
Error inducing API short name: TCPConnector, line no: 9
Error inducing API fqn: aiohttp.TCPConnector, line no: 9
*** TypeError: PLACEHOLDER
Repair Action: arg_name
Key Params: ['family', 'local_addr', 'ssl_context', 'resolve', 'fingerprint', 'use_dns_cache', 'ttl_dns_cache', 'verify_ssl']
Prev Params: None
Prev Repair Action: None
Line No: 9
Prev Line No: 0
GitHub Candidates:
[]
KP:['family', 'local_addr', 'ssl_context', 'resolve', 'fingerprint', 'use_dns_cache', 'ttl_dns_cache', 'verify_ssl']
EXPP: ['family', 'local_addr', 'ssl_context', 'resolve', 'fingerprint', 'use_dns_cache', 'ttl_dns_cache', 'verify_ssl']
APIDoc Candidates:
[]
All Solution Candidates:
[]
[INFO] This case cannot be fixed!


real	0m0.558s
user	0m0.497s
sys	0m0.055s
