--- Running jax.experimental.jax2tf.convert#8NN/convertNN, strategy: relancer
[ERR MSG]: OrderedDict([('project', 'jax.experimental.jax2tf.convert#8NN'), ('notebook', 'convertNN'), ('text', '  File "convertNN.py", line 7, in <module>\n    jax2tf.convert(sum_of_squares, native_serialization_strict_checks=True)\nTypeError: convert() got an unexpected keyword argument \'native_serialization_strict_checks\'\n')])
  File "convertNN.py", line 7, in <module>
Error inducing API short name: convert, line no: 7
Error inducing API fqn: jax.experimental.jax2tf.convert, line no: 7
*** TypeError: PLACEHOLDER
Repair Action: arg_name
Key Params: ['IMPLICIT_0', 'native_serialization_strict_checks']
Prev Params: None
Prev Repair Action: None
Line No: 7
Prev Line No: 0
GitHub Candidates:
[]
KP:['IMPLICIT_0', 'native_serialization_strict_checks']
EXPP: ['IMPLICIT_0', 'native_serialization_strict_checks']
APIDoc Candidates:
[]
All Solution Candidates:
[]
[INFO] This case cannot be fixed!


real	0m2.602s
user	0m4.916s
sys	0m13.176s
