--- Running rich.syntax.Syntax#43NN/SyntaxNN, strategy: relancer
[ERR MSG]: OrderedDict([('project', 'rich.syntax.Syntax#43NN'), ('notebook', 'SyntaxNN'), ('text', '  File "SyntaxNN.py", line 2, in <module>\n    syntax = Syntax("print(\'hello world\')", lexer_name=\'python\', start_line=1, line_numbers=True, highlight_lines={2, 3}, tab_size=4, line_range=(1, 5), background_color=\'yellow\', dedent=False, theme=\'monokai\', code_width=50, word_wrap=True)\nTypeError: __init__() got an unexpected keyword argument \'lexer_name\'\n')])
  File "SyntaxNN.py", line 2, in <module>
Error inducing API short name: , line no: 2
Error inducing API fqn: rich.syntax.Syntax, line no: 2
*** TypeError: PLACEHOLDER
Repair Action: arg_name
Key Params: ['IMPLICIT_0', 'lexer_name', 'start_line', 'line_numbers', 'highlight_lines', 'tab_size', 'line_range', 'background_color', 'dedent', 'theme', 'code_width', 'word_wrap']
Prev Params: None
Prev Repair Action: None
Line No: 2
Prev Line No: 0
GitHub Candidates:
[]
KP:['IMPLICIT_0', 'lexer_name', 'start_line', 'line_numbers', 'highlight_lines', 'tab_size', 'line_range', 'background_color', 'dedent', 'theme', 'code_width', 'word_wrap']
EXPP: ['IMPLICIT_0', 'lexer_name', 'start_line', 'line_numbers', 'highlight_lines', 'tab_size', 'line_range', 'background_color', 'dedent', 'theme', 'code_width', 'word_wrap']
APIDoc Candidates:
[]
All Solution Candidates:
[]
[INFO] This case cannot be fixed!


real	0m0.388s
user	0m0.352s
sys	0m0.036s
