--- Running read_csv#87NN/read_csvNN, strategy: relancer
[ERR MSG]: OrderedDict([('project', 'read_csv#87NN'), ('notebook', 'read_csvNN'), ('text', '  File "read_csvNN.py", line 2, in <module>\n    pd.read_csv(\'/home/zhang/Packages/tensorflow_file/dev.csv\', chunksize=None, dtype=None, skipinitialspace=False, infer_datetime_format=False, keep_default_na=True, engine=None, prefix=None, date_parser=None, usecols=None, dayfirst=False, keep_date_col=False, false_values=None, skiprows=None, iterator=False, skip_blank_lines=True, decimal=\'.\', na_filter=True, quotechar=\'"\', compression=\'infer\', nrows=None, squeeze=None, na_values=None, thousands=None, mangle_dupe_cols=True, names=None, delimiter=None, skipfooter=0, lineterminator=None, converters=None, cache_dates=True, parse_dates=None, verbose=False, sep=\',\', index_col=None, true_values=None, header=\'infer\')\nTypeError: read_csv() got an unexpected keyword argument \'prefix\'\n')])
  File "read_csvNN.py", line 2, in <module>
Error inducing API short name: read_csv, line no: 2
Error inducing API fqn: pandas.read_csv, line no: 2
*** TypeError: PLACEHOLDER
Repair Action: arg_name
Key Params: ['IMPLICIT_0', 'chunksize', 'dtype', 'skipinitialspace', 'infer_datetime_format', 'keep_default_na', 'engine', 'prefix', 'date_parser', 'usecols', 'dayfirst', 'keep_date_col', 'false_values', 'skiprows', 'iterator', 'skip_blank_lines', 'decimal', 'na_filter', 'quotechar', 'compression', 'nrows', 'squeeze', 'na_values', 'thousands', 'mangle_dupe_cols', 'names', 'delimiter', 'skipfooter', 'lineterminator', 'converters', 'cache_dates', 'parse_dates', 'verbose', 'sep', 'index_col', 'true_values', 'header']
Prev Params: None
Prev Repair Action: None
Line No: 2
Prev Line No: 0
GitHub Candidates:
[]
KP:['IMPLICIT_0', 'chunksize', 'dtype', 'skipinitialspace', 'infer_datetime_format', 'keep_default_na', 'engine', 'prefix', 'date_parser', 'usecols', 'dayfirst', 'keep_date_col', 'false_values', 'skiprows', 'iterator', 'skip_blank_lines', 'decimal', 'na_filter', 'quotechar', 'compression', 'nrows', 'squeeze', 'na_values', 'thousands', 'mangle_dupe_cols', 'names', 'delimiter', 'skipfooter', 'lineterminator', 'converters', 'cache_dates', 'parse_dates', 'verbose', 'sep', 'index_col', 'true_values', 'header']
EXPP: ['IMPLICIT_0', 'chunksize', 'dtype', 'skipinitialspace', 'infer_datetime_format', 'keep_default_na', 'engine', 'prefix', 'date_parser', 'usecols', 'dayfirst', 'keep_date_col', 'false_values', 'skiprows', 'iterator', 'skip_blank_lines', 'decimal', 'na_filter', 'quotechar', 'compression', 'nrows', 'squeeze', 'na_values', 'thousands', 'mangle_dupe_cols', 'names', 'delimiter', 'skipfooter', 'lineterminator', 'converters', 'cache_dates', 'parse_dates', 'verbose', 'sep', 'index_col', 'true_values', 'header']
APIDoc Candidates:
[]
All Solution Candidates:
[]
[INFO] This case cannot be fixed!


real	0m0.629s
user	0m1.546s
sys	0m5.032s
