--- Running networkx.to_pandas_edgelist#28NN/to_pandas_edgelistNN, strategy: relancer
[ERR MSG]: OrderedDict([('project', 'networkx.to_pandas_edgelist#28NN'), ('notebook', 'to_pandas_edgelistNN'), ('text', '  File "to_pandas_edgelistNN.py", line 7, in <module>\n    edgelist = nx.to_pandas_edgelist(G,  \'source\',  \'target\',  None,  None,  None,  None)\nTypeError: to_pandas_edgelist() takes from 1 to 6 positional arguments but 7 were given\n')])
  File "to_pandas_edgelistNN.py", line 7, in <module>
Error inducing API short name: to_pandas_edgelist, line no: 7
Error inducing API fqn: networkx.to_pandas_edgelist, line no: 7
*** TypeError: PLACEHOLDER
Repair Action: arg_name
Key Params: ['IMPLICIT_0', 'IMPLICIT_1', 'IMPLICIT_2', 'IMPLICIT_3', 'IMPLICIT_4', 'IMPLICIT_5', 'IMPLICIT_6']
Prev Params: None
Prev Repair Action: None
Line No: 7
Prev Line No: 0
GitHub Candidates:
[]
KP:['IMPLICIT_0', 'IMPLICIT_1', 'IMPLICIT_2', 'IMPLICIT_3', 'IMPLICIT_4', 'IMPLICIT_5', 'IMPLICIT_6']
EXPP: ['IMPLICIT_0', 'IMPLICIT_1', 'IMPLICIT_2', 'IMPLICIT_3', 'IMPLICIT_4', 'IMPLICIT_5', 'IMPLICIT_6']
APIDoc Candidates:
[]
All Solution Candidates:
[]
[INFO] This case cannot be fixed!


real	0m0.437s
user	0m0.378s
sys	0m0.060s
