--- Running linear_model.lasso_path#92NN/lasso_pathNN, strategy: relancer
[ERR MSG]: OrderedDict([('project', 'linear_model.lasso_path#92NN'), ('notebook', 'lasso_pathNN'), ('text', '  File "lasso_pathNN.py", line 5, in <module>\n    coef_path = lasso_path(X,  y,  0.001,  100,  [5.0, 1.0, 0.5],  \'auto\',  None,  None,  None,  True, coef_init=None, verbose=False, return_models=False)\nTypeError: lasso_path() got multiple values for argument \'coef_init\'\n')])
  File "lasso_pathNN.py", line 5, in <module>
Error inducing API short name: lasso_path, line no: 5
Error inducing API fqn: sklearn.linear_model.lasso_path, line no: 5
*** TypeError: PLACEHOLDER
Repair Action: arg_name
Key Params: ['IMPLICIT_0', 'IMPLICIT_1', 'IMPLICIT_2', 'IMPLICIT_3', 'IMPLICIT_4', 'IMPLICIT_5', 'IMPLICIT_6', 'IMPLICIT_7', 'IMPLICIT_8', 'IMPLICIT_9', 'coef_init', 'verbose', 'return_models']
Prev Params: None
Prev Repair Action: None
Line No: 5
Prev Line No: 0
GitHub Candidates:
[]
KP:['IMPLICIT_0', 'IMPLICIT_1', 'IMPLICIT_2', 'IMPLICIT_3', 'IMPLICIT_4', 'IMPLICIT_5', 'IMPLICIT_6', 'IMPLICIT_7', 'IMPLICIT_8', 'IMPLICIT_9', 'coef_init', 'verbose', 'return_models']
EXPP: ['IMPLICIT_0', 'IMPLICIT_1', 'IMPLICIT_2', 'IMPLICIT_3', 'IMPLICIT_4', 'IMPLICIT_5', 'IMPLICIT_6', 'IMPLICIT_7', 'IMPLICIT_8', 'IMPLICIT_9', 'coef_init', 'verbose', 'return_models']
APIDoc Candidates:
[]
All Solution Candidates:
[]
[INFO] This case cannot be fixed!


real	0m0.953s
user	0m4.114s
sys	0m13.717s
