--- Running tornado.httpclient.AsyncHTTPClient#7NN/AsyncHTTPClientNN, strategy: relancer
[ERR MSG]: OrderedDict([('project', 'tornado.httpclient.AsyncHTTPClient#7NN'), ('notebook', 'AsyncHTTPClientNN'), ('text', '  File "AsyncHTTPClientNN.py", line 2, in <module>\n    http_client = tornado.httpclient.AsyncHTTPClient(None,  10,  False)\nTypeError: __new__() takes from 1 to 3 positional arguments but 4 were given\n')])
  File "AsyncHTTPClientNN.py", line 2, in <module>
Error inducing API short name: AsyncHTTPClient, line no: 2
Error inducing API fqn: tornado.httpclient.AsyncHTTPClient, line no: 2
*** TypeError: PLACEHOLDER
Repair Action: arg_name
Key Params: ['IMPLICIT_0', 'IMPLICIT_1', 'IMPLICIT_2']
Prev Params: None
Prev Repair Action: None
Line No: 2
Prev Line No: 0
GitHub Candidates:
[]
KP:['IMPLICIT_0', 'IMPLICIT_1', 'IMPLICIT_2']
EXPP: ['IMPLICIT_0', 'IMPLICIT_1', 'IMPLICIT_2']
APIDoc Candidates:
[]
All Solution Candidates:
[]
[INFO] This case cannot be fixed!


real	0m0.383s
user	0m0.327s
sys	0m0.057s
