--- Running Timestamp#130NN/TimestampNN, strategy: relancer
[ERR MSG]: OrderedDict([('project', 'Timestamp#130NN'), ('notebook', 'TimestampNN'), ('text', '  File "TimestampNN.py", line 2, in <module>\n    pd.Timestamp(ts_input=\'2017-01-01T12\', freq=None, unit=None, fold=None, minute=None, year=None, hour=None, day=None, month=None, tz=None, second=None)\n  File "pandas/_libs/tslibs/timestamps.pyx", line 1523, in pandas._libs.tslibs.timestamps.Timestamp.__new__\nTypeError: __new__() got an unexpected keyword argument \'freq\'\n')])
  File "TimestampNN.py", line 2, in <module>
Error inducing API short name: Timestamp, line no: 2
Error inducing API fqn: pandas.Timestamp, line no: 2
*** TypeError: PLACEHOLDER
Repair Action: arg_name
Key Params: ['ts_input', 'freq', 'unit', 'fold', 'minute', 'year', 'hour', 'day', 'month', 'tz', 'second']
Prev Params: None
Prev Repair Action: None
Line No: 2
Prev Line No: 0
GitHub Candidates:
[]
KP:['ts_input', 'freq', 'unit', 'fold', 'minute', 'year', 'hour', 'day', 'month', 'tz', 'second']
EXPP: ['ts_input', 'freq', 'unit', 'fold', 'minute', 'year', 'hour', 'day', 'month', 'tz', 'second']
APIDoc Candidates:
[]
All Solution Candidates:
[]
[INFO] This case cannot be fixed!


real	0m0.622s
user	0m1.446s
sys	0m4.538s
