--- Running read_csv#186NN/read_csvNN, strategy: relancer
[ERR MSG]: OrderedDict([('project', 'read_csv#186NN'), ('notebook', 'read_csvNN'), ('text', '  File "read_csvNN.py", line 2, in <module>\n    pd.read_csv(filepath_or_buffer=\'/home/zhang/Packages/tensorflow_file/dev.csv\', keep_default_na=True, engine=None, delimiter=None, compression=\'infer\', squeeze=None, parse_dates=None, thousands=None, skiprows=None, names=None, sep=\',\', skipfooter=0, index_col=None, keep_date_col=False, usecols=None, infer_datetime_format=False, verbose=False, skip_blank_lines=True, true_values=None, na_filter=True, prefix=None, cache_dates=True, iterator=False, converters=None, false_values=None, dayfirst=False, na_values=None, header=\'infer\', chunksize=None, nrows=None, dtype=None, date_parser=None, mangle_dupe_cols=True, skipinitialspace=False)\nTypeError: read_csv() got an unexpected keyword argument \'squeeze\'\n')])
  File "read_csvNN.py", line 2, in <module>
Error inducing API short name: read_csv, line no: 2
Error inducing API fqn: pandas.read_csv, line no: 2
*** TypeError: PLACEHOLDER
Repair Action: arg_name
Key Params: ['filepath_or_buffer', 'keep_default_na', 'engine', 'delimiter', 'compression', 'squeeze', 'parse_dates', 'thousands', 'skiprows', 'names', 'sep', 'skipfooter', 'index_col', 'keep_date_col', 'usecols', 'infer_datetime_format', 'verbose', 'skip_blank_lines', 'true_values', 'na_filter', 'prefix', 'cache_dates', 'iterator', 'converters', 'false_values', 'dayfirst', 'na_values', 'header', 'chunksize', 'nrows', 'dtype', 'date_parser', 'mangle_dupe_cols', 'skipinitialspace']
Prev Params: None
Prev Repair Action: None
Line No: 2
Prev Line No: 0
GitHub Candidates:
[]
KP:['filepath_or_buffer', 'keep_default_na', 'engine', 'delimiter', 'compression', 'squeeze', 'parse_dates', 'thousands', 'skiprows', 'names', 'sep', 'skipfooter', 'index_col', 'keep_date_col', 'usecols', 'infer_datetime_format', 'verbose', 'skip_blank_lines', 'true_values', 'na_filter', 'prefix', 'cache_dates', 'iterator', 'converters', 'false_values', 'dayfirst', 'na_values', 'header', 'chunksize', 'nrows', 'dtype', 'date_parser', 'mangle_dupe_cols', 'skipinitialspace']
EXPP: ['filepath_or_buffer', 'keep_default_na', 'engine', 'delimiter', 'compression', 'squeeze', 'parse_dates', 'thousands', 'skiprows', 'names', 'sep', 'skipfooter', 'index_col', 'keep_date_col', 'usecols', 'infer_datetime_format', 'verbose', 'skip_blank_lines', 'true_values', 'na_filter', 'prefix', 'cache_dates', 'iterator', 'converters', 'false_values', 'dayfirst', 'na_values', 'header', 'chunksize', 'nrows', 'dtype', 'date_parser', 'mangle_dupe_cols', 'skipinitialspace']
APIDoc Candidates:
[]
All Solution Candidates:
[]
[INFO] This case cannot be fixed!


real	0m0.651s
user	0m1.802s
sys	0m5.283s
