--- Running read_csv#100NN/read_csvNN, strategy: relancer
[ERR MSG]: OrderedDict([('project', 'read_csv#100NN'), ('notebook', 'read_csvNN'), ('text', '  File "read_csvNN.py", line 2, in <module>\n    pd.read_csv(\'/home/zhang/Packages/tensorflow_file/dev.csv\', sep=\',\', delimiter=None, mangle_dupe_cols=True, false_values=None, keep_date_col=False, engine=None, skipinitialspace=False, low_memory=True, infer_datetime_format=False, date_parser=None, keep_default_na=True, skiprows=None, error_bad_lines=None, compression=\'infer\', chunksize=None, na_filter=True, dtype=None, delim_whitespace=False, warn_bad_lines=None, memory_map=False, skip_blank_lines=True, nrows=None, header=\'infer\', decimal=\'.\', dialect=None, thousands=None, usecols=None, na_values=None, converters=None, doublequote=True, index_col=None, squeeze=None, dayfirst=False, verbose=False, quoting=0, prefix=None, comment=None, cache_dates=True, encoding_errors=\'strict\', on_bad_lines=None, names=None, iterator=False, parse_dates=None, encoding=None, escapechar=None, skipfooter=0, lineterminator=None, quotechar=\'"\', true_values=None)\nTypeError: read_csv() got an unexpected keyword argument \'mangle_dupe_cols\'\n')])
  File "read_csvNN.py", line 2, in <module>
Error inducing API short name: read_csv, line no: 2
Error inducing API fqn: pandas.read_csv, line no: 2
*** TypeError: PLACEHOLDER
Repair Action: arg_name
Key Params: ['IMPLICIT_0', 'sep', 'delimiter', 'mangle_dupe_cols', 'false_values', 'keep_date_col', 'engine', 'skipinitialspace', 'low_memory', 'infer_datetime_format', 'date_parser', 'keep_default_na', 'skiprows', 'error_bad_lines', 'compression', 'chunksize', 'na_filter', 'dtype', 'delim_whitespace', 'warn_bad_lines', 'memory_map', 'skip_blank_lines', 'nrows', 'header', 'decimal', 'dialect', 'thousands', 'usecols', 'na_values', 'converters', 'doublequote', 'index_col', 'squeeze', 'dayfirst', 'verbose', 'quoting', 'prefix', 'comment', 'cache_dates', 'encoding_errors', 'on_bad_lines', 'names', 'iterator', 'parse_dates', 'encoding', 'escapechar', 'skipfooter', 'lineterminator', 'quotechar', 'true_values']
Prev Params: None
Prev Repair Action: None
Line No: 2
Prev Line No: 0
GitHub Candidates:
[]
KP:['IMPLICIT_0', 'sep', 'delimiter', 'mangle_dupe_cols', 'false_values', 'keep_date_col', 'engine', 'skipinitialspace', 'low_memory', 'infer_datetime_format', 'date_parser', 'keep_default_na', 'skiprows', 'error_bad_lines', 'compression', 'chunksize', 'na_filter', 'dtype', 'delim_whitespace', 'warn_bad_lines', 'memory_map', 'skip_blank_lines', 'nrows', 'header', 'decimal', 'dialect', 'thousands', 'usecols', 'na_values', 'converters', 'doublequote', 'index_col', 'squeeze', 'dayfirst', 'verbose', 'quoting', 'prefix', 'comment', 'cache_dates', 'encoding_errors', 'on_bad_lines', 'names', 'iterator', 'parse_dates', 'encoding', 'escapechar', 'skipfooter', 'lineterminator', 'quotechar', 'true_values']
EXPP: ['IMPLICIT_0', 'sep', 'delimiter', 'mangle_dupe_cols', 'false_values', 'keep_date_col', 'engine', 'skipinitialspace', 'low_memory', 'infer_datetime_format', 'date_parser', 'keep_default_na', 'skiprows', 'error_bad_lines', 'compression', 'chunksize', 'na_filter', 'dtype', 'delim_whitespace', 'warn_bad_lines', 'memory_map', 'skip_blank_lines', 'nrows', 'header', 'decimal', 'dialect', 'thousands', 'usecols', 'na_values', 'converters', 'doublequote', 'index_col', 'squeeze', 'dayfirst', 'verbose', 'quoting', 'prefix', 'comment', 'cache_dates', 'encoding_errors', 'on_bad_lines', 'names', 'iterator', 'parse_dates', 'encoding', 'escapechar', 'skipfooter', 'lineterminator', 'quotechar', 'true_values']
APIDoc Candidates:
[]
All Solution Candidates:
[]
[INFO] This case cannot be fixed!


real	0m0.659s
user	0m1.736s
sys	0m6.064s
