--- Running flask.json.load#4NN/loadNN, strategy: relancer
[ERR MSG]: OrderedDict([('project', 'flask.json.load#4NN'), ('notebook', 'loadNN'), ('text', '  File "loadNN.py", line 4, in <module>\n    flask.json.load(fp=text_file, app=None)\n  File "/dataset/zhang/anaconda3/envs/Rflask2.3.0/lib/python3.8/site-packages/flask/json/__init__.py", line 135, in load\n    return _json.load(fp, **kwargs)\n  File "/dataset/zhang/anaconda3/envs/Rflask2.3.0/lib/python3.8/json/__init__.py", line 293, in load\n    return loads(fp.read(),\n  File "/dataset/zhang/anaconda3/envs/Rflask2.3.0/lib/python3.8/json/__init__.py", line 370, in loads\n    return cls(**kw).decode(s)\nTypeError: __init__() got an unexpected keyword argument \'app\'\n')])
  File "loadNN.py", line 4, in <module>
Error inducing API short name: load, line no: 4
Error inducing API fqn: flask.json.load, line no: 4
*** TypeError: PLACEHOLDER
Repair Action: arg_name
Key Params: ['fp', 'app']
Prev Params: None
Prev Repair Action: None
Line No: 4
Prev Line No: 0
GitHub Candidates:
[]
KP:['fp', 'app']
EXPP: ['fp', 'app']
APIDoc Candidates:
[]
All Solution Candidates:
[]
[INFO] This case cannot be fixed!


real	0m0.471s
user	0m0.418s
sys	0m0.034s
