--- Running linear_model.RANSACRegressor#61NN/RANSACRegressorNN, strategy: relancer
[ERR MSG]: OrderedDict([('project', 'linear_model.RANSACRegressor#61NN'), ('notebook', 'RANSACRegressorNN'), ('text', '  File "RANSACRegressorNN.py", line 4, in <module>\n    reg = RANSACRegressor(base_estimator=\'deprecated\', estimator=None)\nTypeError: __init__() got an unexpected keyword argument \'base_estimator\'\n')])
  File "RANSACRegressorNN.py", line 4, in <module>
Error inducing API short name: RANSACRegressor, line no: 4
Error inducing API fqn: sklearn.linear_model.RANSACRegressor, line no: 4
*** TypeError: PLACEHOLDER
Repair Action: arg_name
Key Params: ['base_estimator', 'estimator']
Prev Params: None
Prev Repair Action: None
Line No: 4
Prev Line No: 0
GitHub Candidates:
[]
KP:['base_estimator', 'estimator']
EXPP: ['base_estimator', 'estimator']
APIDoc Candidates:
[]
All Solution Candidates:
[]
[INFO] This case cannot be fixed!


real	0m0.851s
user	0m2.056s
sys	0m6.783s
