--- Running numpy.genfromtxt#210NN/genfromtxtNN, strategy: relancer
[ERR MSG]: OrderedDict([('project', 'numpy.genfromtxt#210NN'), ('notebook', 'genfromtxtNN'), ('text', '  File "genfromtxtNN.py", line 4, in <module>\n    data = np.genfromtxt(f,  float,  \'#\',  \',\',  0,  0,  0,  None,  \'\',  None,  None,  None,  None,  None,  None,  \'_\',  False,  True,  \'f%i\',  None)\n  File "/dataset/zhang/anaconda3/envs/Rnumpy1.10.0/lib/python3.6/site-packages/numpy/lib/npyio.py", line 1464, in genfromtxt\n    replace_space=replace_space)\n  File "/dataset/zhang/anaconda3/envs/Rnumpy1.10.0/lib/python3.6/site-packages/numpy/lib/_iotools.py", line 329, in __init__\n    raise ValueError(msg)\nValueError: unrecognized case_sensitive value _.\n')])
  File "genfromtxtNN.py", line 4, in <module>
Error inducing API short name: genfromtxt, line no: 4
Error inducing API fqn: numpy.genfromtxt, line no: 4
*** ValueError: PLACEHOLDER
All known params: []
All known params' names: []
Error line tokens: ['valueerror', 'placeholder']
Repair Action: arg_value
Key Params: []
Prev Params: None
Prev Repair Action: None
Line No: 4
Prev Line No: 0
GitHub Candidates:
[]
APIDoc Candidates:
[]
All Solution Candidates:
[]
[INFO] This case cannot be fixed!


real	0m0.488s
user	0m1.795s
sys	0m4.624s
