--- Running dask.dataframe.read_parquet#67NN/read_parquetNN, strategy: relancer
[ERR MSG]: OrderedDict([('project', 'dask.dataframe.read_parquet#67NN'), ('notebook', 'read_parquetNN'), ('text', '  File "read_parquetNN.py", line 2, in <module>\n    ddf = dd.read_parquet(\'/home/zhang/Documents/example.parquet\',  None,  None,  None,  None,  None,  \'auto\',  None,  False,  None, split_row_groups=None)\n  File "/dataset/zhang/anaconda3/envs/Rdask2022.4.2/lib/python3.8/site-packages/dask/dataframe/io/parquet/core.py", line 429, in read_parquet\n    read_metadata_result = engine.read_metadata(\n  File "/dataset/zhang/anaconda3/envs/Rdask2022.4.2/lib/python3.8/site-packages/dask/dataframe/io/parquet/arrow.py", line 358, in read_metadata\n    parts, stats, common_kwargs = cls._construct_collection_plan(dataset_info)\n  File "/dataset/zhang/anaconda3/envs/Rdask2022.4.2/lib/python3.8/site-packages/dask/dataframe/io/parquet/arrow.py", line 1143, in _construct_collection_plan\n    gather_statistics = _set_gather_statistics(\n  File "/dataset/zhang/anaconda3/envs/Rdask2022.4.2/lib/python3.8/site-packages/dask/dataframe/io/parquet/utils.py", line 753, in _set_gather_statistics\n    or (int(split_row_groups) > 1 and aggregation_depth)\nTypeError: int() argument must be a string, a bytes-like object or a number, not \'NoneType\'\n')])
  File "read_parquetNN.py", line 2, in <module>
Error inducing API short name: read_parquet, line no: 2
Error inducing API fqn: dask.dataframe.read_parquet, line no: 2
*** TypeError: PLACEHOLDER
Repair Action: arg_name
Key Params: ['IMPLICIT_0', 'IMPLICIT_1', 'IMPLICIT_2', 'IMPLICIT_3', 'IMPLICIT_4', 'IMPLICIT_5', 'IMPLICIT_6', 'IMPLICIT_7', 'IMPLICIT_8', 'IMPLICIT_9', 'split_row_groups']
Prev Params: None
Prev Repair Action: None
Line No: 2
Prev Line No: 0
GitHub Candidates:
[]
KP:['IMPLICIT_0', 'IMPLICIT_1', 'IMPLICIT_2', 'IMPLICIT_3', 'IMPLICIT_4', 'IMPLICIT_5', 'IMPLICIT_6', 'IMPLICIT_7', 'IMPLICIT_8', 'IMPLICIT_9', 'split_row_groups']
EXPP: ['IMPLICIT_0', 'IMPLICIT_1', 'IMPLICIT_2', 'IMPLICIT_3', 'IMPLICIT_4', 'IMPLICIT_5', 'IMPLICIT_6', 'IMPLICIT_7', 'IMPLICIT_8', 'IMPLICIT_9', 'split_row_groups']
APIDoc Candidates:
[]
All Solution Candidates:
[]
[INFO] This case cannot be fixed!


real	0m0.835s
user	0m1.924s
sys	0m5.925s
