--- Running read_csv#96NN/read_csvNN, strategy: relancer
[ERR MSG]: OrderedDict([('project', 'read_csv#96NN'), ('notebook', 'read_csvNN'), ('text', '  File "read_csvNN.py", line 2, in <module>\n    pd.read_csv(\'/home/zhang/Packages/tensorflow_file/dev.csv\', sep=\',\', dialect=None, header=\'infer\', dayfirst=False, na_filter=True, cache_dates=True, thousands=None, warn_bad_lines=None, mangle_dupe_cols=True, quotechar=\'"\', iterator=False, skip_blank_lines=True, decimal=\'.\', skipinitialspace=False, doublequote=True, false_values=None, skipfooter=0, na_values=None, compression=\'infer\', delimiter=None, true_values=None, lineterminator=None, verbose=False, prefix=None, encoding_errors=\'strict\', usecols=None, date_parser=None, error_bad_lines=None, parse_dates=None, escapechar=None, keep_date_col=False, keep_default_na=True, nrows=None, dtype=None, squeeze=None, quoting=0, encoding=None, engine=None, skiprows=None, comment=None, index_col=None, chunksize=None, names=None, infer_datetime_format=False, converters=None)\nTypeError: read_csv() got an unexpected keyword argument \'warn_bad_lines\'\n')])
  File "read_csvNN.py", line 2, in <module>
Error inducing API short name: read_csv, line no: 2
Error inducing API fqn: pandas.read_csv, line no: 2
*** TypeError: PLACEHOLDER
Repair Action: arg_name
Key Params: ['IMPLICIT_0', 'sep', 'dialect', 'header', 'dayfirst', 'na_filter', 'cache_dates', 'thousands', 'warn_bad_lines', 'mangle_dupe_cols', 'quotechar', 'iterator', 'skip_blank_lines', 'decimal', 'skipinitialspace', 'doublequote', 'false_values', 'skipfooter', 'na_values', 'compression', 'delimiter', 'true_values', 'lineterminator', 'verbose', 'prefix', 'encoding_errors', 'usecols', 'date_parser', 'error_bad_lines', 'parse_dates', 'escapechar', 'keep_date_col', 'keep_default_na', 'nrows', 'dtype', 'squeeze', 'quoting', 'encoding', 'engine', 'skiprows', 'comment', 'index_col', 'chunksize', 'names', 'infer_datetime_format', 'converters']
Prev Params: None
Prev Repair Action: None
Line No: 2
Prev Line No: 0
GitHub Candidates:
[]
KP:['IMPLICIT_0', 'sep', 'dialect', 'header', 'dayfirst', 'na_filter', 'cache_dates', 'thousands', 'warn_bad_lines', 'mangle_dupe_cols', 'quotechar', 'iterator', 'skip_blank_lines', 'decimal', 'skipinitialspace', 'doublequote', 'false_values', 'skipfooter', 'na_values', 'compression', 'delimiter', 'true_values', 'lineterminator', 'verbose', 'prefix', 'encoding_errors', 'usecols', 'date_parser', 'error_bad_lines', 'parse_dates', 'escapechar', 'keep_date_col', 'keep_default_na', 'nrows', 'dtype', 'squeeze', 'quoting', 'encoding', 'engine', 'skiprows', 'comment', 'index_col', 'chunksize', 'names', 'infer_datetime_format', 'converters']
EXPP: ['IMPLICIT_0', 'sep', 'dialect', 'header', 'dayfirst', 'na_filter', 'cache_dates', 'thousands', 'warn_bad_lines', 'mangle_dupe_cols', 'quotechar', 'iterator', 'skip_blank_lines', 'decimal', 'skipinitialspace', 'doublequote', 'false_values', 'skipfooter', 'na_values', 'compression', 'delimiter', 'true_values', 'lineterminator', 'verbose', 'prefix', 'encoding_errors', 'usecols', 'date_parser', 'error_bad_lines', 'parse_dates', 'escapechar', 'keep_date_col', 'keep_default_na', 'nrows', 'dtype', 'squeeze', 'quoting', 'encoding', 'engine', 'skiprows', 'comment', 'index_col', 'chunksize', 'names', 'infer_datetime_format', 'converters']
APIDoc Candidates:
[]
All Solution Candidates:
[]
[INFO] This case cannot be fixed!


real	0m0.669s
user	0m1.691s
sys	0m6.149s
