--- Running read_csv#73NN/read_csvNN, strategy: relancer
[ERR MSG]: OrderedDict([('project', 'read_csv#73NN'), ('notebook', 'read_csvNN'), ('text', '  File "read_csvNN.py", line 2, in <module>\n    pd.read_csv(\'/home/zhang/Packages/tensorflow_file/dev.csv\', squeeze=None, delimiter=None, index_col=None, skiprows=None, names=None, skipinitialspace=False, na_values=None, false_values=None, mangle_dupe_cols=True, skipfooter=0, na_filter=True, verbose=False, engine=None, header=\'infer\', prefix=None, nrows=None, true_values=None, usecols=None, dtype=None, keep_default_na=True, sep=\',\', converters=None)\nTypeError: read_csv() got an unexpected keyword argument \'squeeze\'\n')])
  File "read_csvNN.py", line 2, in <module>
Error inducing API short name: read_csv, line no: 2
Error inducing API fqn: pandas.read_csv, line no: 2
*** TypeError: PLACEHOLDER
Repair Action: arg_name
Key Params: ['IMPLICIT_0', 'squeeze', 'delimiter', 'index_col', 'skiprows', 'names', 'skipinitialspace', 'na_values', 'false_values', 'mangle_dupe_cols', 'skipfooter', 'na_filter', 'verbose', 'engine', 'header', 'prefix', 'nrows', 'true_values', 'usecols', 'dtype', 'keep_default_na', 'sep', 'converters']
Prev Params: None
Prev Repair Action: None
Line No: 2
Prev Line No: 0
GitHub Candidates:
[]
KP:['IMPLICIT_0', 'squeeze', 'delimiter', 'index_col', 'skiprows', 'names', 'skipinitialspace', 'na_values', 'false_values', 'mangle_dupe_cols', 'skipfooter', 'na_filter', 'verbose', 'engine', 'header', 'prefix', 'nrows', 'true_values', 'usecols', 'dtype', 'keep_default_na', 'sep', 'converters']
EXPP: ['IMPLICIT_0', 'squeeze', 'delimiter', 'index_col', 'skiprows', 'names', 'skipinitialspace', 'na_values', 'false_values', 'mangle_dupe_cols', 'skipfooter', 'na_filter', 'verbose', 'engine', 'header', 'prefix', 'nrows', 'true_values', 'usecols', 'dtype', 'keep_default_na', 'sep', 'converters']
APIDoc Candidates:
[]
All Solution Candidates:
[]
[INFO] This case cannot be fixed!


real	0m0.631s
user	0m1.803s
sys	0m6.676s
