--- Running plotly.express.strip#157NN/stripNN, strategy: relancer
[ERR MSG]: OrderedDict([('project', 'plotly.express.strip#157NN'), ('notebook', 'stripNN'), ('text', '  File "stripNN.py", line 3, in <module>\n    fig = px.strip(df,  \'total_bill\',  \'day\',  None,  None,  None,  None,  None,  None,  None,  None,  {},  {},  None, color_discrete_map={}, orientation=\'v\', stripmode=\'group\')\n  File "/dataset/zhang/anaconda3/envs/Rplotly4.3.0/lib/python3.6/site-packages/plotly/express/_chart_types.py", line 529, in strip\n    layout_patch=dict(boxmode=stripmode),\n  File "/dataset/zhang/anaconda3/envs/Rplotly4.3.0/lib/python3.6/site-packages/plotly/express/_core.py", line 1095, in make_figure\n    args, constructor, trace_patch\n  File "/dataset/zhang/anaconda3/envs/Rplotly4.3.0/lib/python3.6/site-packages/plotly/express/_core.py", line 971, in infer_config\n    args = build_dataframe(args, all_attrables, array_attrables)\n  File "/dataset/zhang/anaconda3/envs/Rplotly4.3.0/lib/python3.6/site-packages/plotly/express/_core.py", line 940, in build_dataframe\n    % (field, len(argument), str(list(df_output.columns)), length)\nValueError: All arguments should have the same length. The length of argument `animation_group` is 0, whereas the length of previous arguments [\'total_bill\', \'day\'] is 244\n')])
  File "stripNN.py", line 3, in <module>
Error inducing API short name: strip, line no: 3
Error inducing API fqn: plotly.express.strip, line no: 3
*** ValueError: PLACEHOLDER
All known params: []
All known params' names: []
Error line tokens: ['valueerror', 'placeholder']
Repair Action: arg_value
Key Params: []
Prev Params: None
Prev Repair Action: None
Line No: 3
Prev Line No: 0
GitHub Candidates:
[]
APIDoc Candidates:
[]
All Solution Candidates:
[]
[INFO] This case cannot be fixed!


real	0m1.130s
user	0m2.085s
sys	0m5.646s
