--- Running scipy.sparse.linalg.bicgstab#36NN/bicgstabNN, strategy: relancer
[ERR MSG]: OrderedDict([('project', 'scipy.sparse.linalg.bicgstab#36NN'), ('notebook', 'bicgstabNN'), ('text', '  File "bicgstabNN.py", line 8, in <module>\n    (x, info) = bicgstab(A,  b,  x0,  tol,  maxiter,  None, M=None, callback=None)\nTypeError: bicgstab() got multiple values for argument \'M\'\n')])
  File "bicgstabNN.py", line 8, in <module>
Error inducing API short name: , line no: 8
Error inducing API fqn: scipy.sparse.linalg.bicgstab, line no: 8
*** TypeError: PLACEHOLDER
Repair Action: arg_name
Key Params: ['IMPLICIT_0', 'IMPLICIT_1', 'IMPLICIT_2', 'IMPLICIT_3', 'IMPLICIT_4', 'IMPLICIT_5', 'M', 'callback']
Prev Params: None
Prev Repair Action: None
Line No: 8
Prev Line No: 0
GitHub Candidates:
[]
KP:['IMPLICIT_0', 'IMPLICIT_1', 'IMPLICIT_2', 'IMPLICIT_3', 'IMPLICIT_4', 'IMPLICIT_5', 'M', 'callback']
EXPP: ['IMPLICIT_0', 'IMPLICIT_1', 'IMPLICIT_2', 'IMPLICIT_3', 'IMPLICIT_4', 'IMPLICIT_5', 'M', 'callback']
APIDoc Candidates:
[]
All Solution Candidates:
[]
[INFO] This case cannot be fixed!


real	0m0.571s
user	0m1.525s
sys	0m5.019s
