--- Running matplotlib.colorbar.Colorbar.set_ticks#8NN/set_ticksNN, strategy: relancer
[ERR MSG]: OrderedDict([('project', 'matplotlib.colorbar.Colorbar.set_ticks#8NN'), ('notebook', 'set_ticksNN'), ('text', '  File "set_ticksNN.py", line 7, in <module>\n    cbar.set_ticks(ticks, update_ticks=None, minor=False)\n  File "/dataset/zhang/anaconda3/envs/Rmatplotlib3.7.0/lib/python3.8/site-packages/matplotlib/colorbar.py", line 895, in set_ticks\n    self._long_axis().set_ticks(ticks, labels=labels, minor=minor,\n  File "/dataset/zhang/anaconda3/envs/Rmatplotlib3.7.0/lib/python3.8/site-packages/matplotlib/axis.py", line 2076, in set_ticks\n    raise ValueError(\'labels argument cannot be None when \'\nValueError: labels argument cannot be None when kwargs are passed\n')])
  File "set_ticksNN.py", line 7, in <module>
Error inducing API short name: set_ticks, line no: 7
Error inducing API fqn: UNKNOWN, line no: 7
*** ValueError: PLACEHOLDER
All known params: []
All known params' names: []
Error line tokens: ['valueerror', 'placeholder']
Repair Action: arg_value
Key Params: []
Prev Params: None
Prev Repair Action: None
Line No: 7
Prev Line No: 0
GitHub Candidates:
[]
APIDoc Candidates:
[]
All Solution Candidates:
[]
[INFO] This case cannot be fixed!


real	0m0.773s
user	0m1.909s
sys	0m6.257s
