--- Running read_csv#85NN/read_csvNN, strategy: relancer
[ERR MSG]: OrderedDict([('project', 'read_csv#85NN'), ('notebook', 'read_csvNN'), ('text', '  File "read_csvNN.py", line 2, in <module>\n    pd.read_csv(\'/home/zhang/Packages/tensorflow_file/dev.csv\', mangle_dupe_cols=True, nrows=None, chunksize=None, skiprows=None, iterator=False, keep_date_col=False, sep=\',\', na_filter=True, parse_dates=None, date_parser=None, delimiter=None, compression=\'infer\', infer_datetime_format=False, engine=None, usecols=None, true_values=None, skipfooter=0, thousands=None, skipinitialspace=False, keep_default_na=True, verbose=False, index_col=None, false_values=None, dayfirst=False, header=\'infer\', na_values=None, converters=None, names=None, squeeze=None, decimal=\'.\', skip_blank_lines=True, cache_dates=True, dtype=None, prefix=None)\nTypeError: read_csv() got an unexpected keyword argument \'mangle_dupe_cols\'\n')])
  File "read_csvNN.py", line 2, in <module>
Error inducing API short name: read_csv, line no: 2
Error inducing API fqn: pandas.read_csv, line no: 2
*** TypeError: PLACEHOLDER
Repair Action: arg_name
Key Params: ['IMPLICIT_0', 'mangle_dupe_cols', 'nrows', 'chunksize', 'skiprows', 'iterator', 'keep_date_col', 'sep', 'na_filter', 'parse_dates', 'date_parser', 'delimiter', 'compression', 'infer_datetime_format', 'engine', 'usecols', 'true_values', 'skipfooter', 'thousands', 'skipinitialspace', 'keep_default_na', 'verbose', 'index_col', 'false_values', 'dayfirst', 'header', 'na_values', 'converters', 'names', 'squeeze', 'decimal', 'skip_blank_lines', 'cache_dates', 'dtype', 'prefix']
Prev Params: None
Prev Repair Action: None
Line No: 2
Prev Line No: 0
GitHub Candidates:
[]
KP:['IMPLICIT_0', 'mangle_dupe_cols', 'nrows', 'chunksize', 'skiprows', 'iterator', 'keep_date_col', 'sep', 'na_filter', 'parse_dates', 'date_parser', 'delimiter', 'compression', 'infer_datetime_format', 'engine', 'usecols', 'true_values', 'skipfooter', 'thousands', 'skipinitialspace', 'keep_default_na', 'verbose', 'index_col', 'false_values', 'dayfirst', 'header', 'na_values', 'converters', 'names', 'squeeze', 'decimal', 'skip_blank_lines', 'cache_dates', 'dtype', 'prefix']
EXPP: ['IMPLICIT_0', 'mangle_dupe_cols', 'nrows', 'chunksize', 'skiprows', 'iterator', 'keep_date_col', 'sep', 'na_filter', 'parse_dates', 'date_parser', 'delimiter', 'compression', 'infer_datetime_format', 'engine', 'usecols', 'true_values', 'skipfooter', 'thousands', 'skipinitialspace', 'keep_default_na', 'verbose', 'index_col', 'false_values', 'dayfirst', 'header', 'na_values', 'converters', 'names', 'squeeze', 'decimal', 'skip_blank_lines', 'cache_dates', 'dtype', 'prefix']
APIDoc Candidates:
[]
All Solution Candidates:
[]
[INFO] This case cannot be fixed!


real	0m0.627s
user	0m1.784s
sys	0m5.471s
