--- Running scipy.sparse.linalg.bicgstab#22NN/bicgstabNN, strategy: relancer
[ERR MSG]: OrderedDict([('project', 'scipy.sparse.linalg.bicgstab#22NN'), ('notebook', 'bicgstabNN'), ('text', '  File "bicgstabNN.py", line 8, in <module>\n    (x, info) = bicgstab(A,  b,  x0, tol=tol, maxiter=maxiter, xtype=None)\nTypeError: bicgstab() got an unexpected keyword argument \'xtype\'\n')])
  File "bicgstabNN.py", line 8, in <module>
Error inducing API short name: , line no: 8
Error inducing API fqn: scipy.sparse.linalg.bicgstab, line no: 8
*** TypeError: PLACEHOLDER
Repair Action: arg_name
Key Params: ['IMPLICIT_0', 'IMPLICIT_1', 'IMPLICIT_2', 'tol', 'maxiter', 'xtype']
Prev Params: None
Prev Repair Action: None
Line No: 8
Prev Line No: 0
GitHub Candidates:
[]
KP:['IMPLICIT_0', 'IMPLICIT_1', 'IMPLICIT_2', 'tol', 'maxiter', 'xtype']
EXPP: ['IMPLICIT_0', 'IMPLICIT_1', 'IMPLICIT_2', 'tol', 'maxiter', 'xtype']
APIDoc Candidates:
[]
All Solution Candidates:
[]
[INFO] This case cannot be fixed!


real	0m0.573s
user	0m1.600s
sys	0m5.725s
