--- Running httpx.delete#56NN/deleteNN, strategy: relancer
[ERR MSG]: OrderedDict([('project', 'httpx.delete#56NN'), ('notebook', 'deleteNN'), ('text', '  File "deleteNN.py", line 2, in <module>\n    delete(cookies=None, data=None, verify=True, allow_redirects=True, proxies=None, headers=None, timeout=None, trust_env=None, params=None, files=None, cert=None, stream=False, auth=None, json=None, url=\'https://example.com/resource\')\nTypeError: delete() got an unexpected keyword argument \'data\'\n')])
  File "deleteNN.py", line 2, in <module>
Error inducing API short name: delete, line no: 2
Error inducing API fqn: httpx.delete, line no: 2
*** TypeError: PLACEHOLDER
Repair Action: arg_name
Key Params: ['cookies', 'data', 'verify', 'allow_redirects', 'proxies', 'headers', 'timeout', 'trust_env', 'params', 'files', 'cert', 'stream', 'auth', 'json', 'url']
Prev Params: None
Prev Repair Action: None
Line No: 2
Prev Line No: 0
GitHub Candidates:
[]
KP:['cookies', 'data', 'verify', 'allow_redirects', 'proxies', 'headers', 'timeout', 'trust_env', 'params', 'files', 'cert', 'stream', 'auth', 'json', 'url']
EXPP: ['cookies', 'data', 'verify', 'allow_redirects', 'proxies', 'headers', 'timeout', 'trust_env', 'params', 'files', 'cert', 'stream', 'auth', 'json', 'url']
APIDoc Candidates:
[]
All Solution Candidates:
[]
[INFO] This case cannot be fixed!


real	0m0.423s
user	0m0.399s
sys	0m0.024s
