--- Running scipy.stats.rv_discrete#67NN/rv_discreteNN, strategy: relancer
[ERR MSG]: OrderedDict([('project', 'scipy.stats.rv_discrete#67NN'), ('notebook', 'rv_discreteNN'), ('text', '  File "/home/zhang/CC/Python/RepairTool/ToolCompare/relancer/relancer-exp/fixed_notebooks/relancer/scipy.stats.rv_discrete#67NN/rv_discreteNN.py", line 2, in <module>\n    data = rv_discrete(0,  float(\'inf\'),  None,  None,  1e-08,  None,  1,  None,  None,  None,  None)\nTypeError: __new__() takes from 1 to 11 positional arguments but 12 were given\n')])
  File "/home/zhang/CC/Python/RepairTool/ToolCompare/relancer/relancer-exp/fixed_notebooks/relancer/scipy.stats.rv_discrete#67NN/rv_discreteNN.py", line 2, in <module>
Error inducing API short name: rv_discrete, line no: 2
Error inducing API fqn: scipy.stats.rv_discrete, line no: 2
*** TypeError: PLACEHOLDER
Repair Action: arg_name
Key Params: ['IMPLICIT_0', 'IMPLICIT_1', 'IMPLICIT_2', 'IMPLICIT_3', 'IMPLICIT_4', 'IMPLICIT_5', 'IMPLICIT_6', 'IMPLICIT_7', 'IMPLICIT_8', 'IMPLICIT_9', 'IMPLICIT_10']
Prev Params: None
Prev Repair Action: None
Line No: 2
Prev Line No: 0
GitHub Candidates:
[]
KP:['IMPLICIT_0', 'IMPLICIT_1', 'IMPLICIT_2', 'IMPLICIT_3', 'IMPLICIT_4', 'IMPLICIT_5', 'IMPLICIT_6', 'IMPLICIT_7', 'IMPLICIT_8', 'IMPLICIT_9', 'IMPLICIT_10']
EXPP: ['IMPLICIT_0', 'IMPLICIT_1', 'IMPLICIT_2', 'IMPLICIT_3', 'IMPLICIT_4', 'IMPLICIT_5', 'IMPLICIT_6', 'IMPLICIT_7', 'IMPLICIT_8', 'IMPLICIT_9', 'IMPLICIT_10']
APIDoc Candidates:
[]
All Solution Candidates:
[]
[INFO] This case cannot be fixed!


real	0m0.799s
user	0m2.893s
sys	0m11.920s
