--- Running jax.experimental.jax2tf.convert#28NN/convertNN, strategy: relancer
[ERR MSG]: OrderedDict([('project', 'jax.experimental.jax2tf.convert#28NN'), ('notebook', 'convertNN'), ('text', '  File "convertNN.py", line 7, in <module>\n    jax2tf.convert(experimental_native_lowering=\'default\', fun_jax=sum_of_squares, polymorphic_shapes=None, with_gradient=True, native_serialization=\'default\', enable_xla=True, native_serialization_platforms=(), native_serialization_strict_checks=True)\nTypeError: convert() got an unexpected keyword argument \'experimental_native_lowering\'\n')])
  File "convertNN.py", line 7, in <module>
Error inducing API short name: convert, line no: 7
Error inducing API fqn: jax.experimental.jax2tf.convert, line no: 7
*** TypeError: PLACEHOLDER
Repair Action: arg_name
Key Params: ['experimental_native_lowering', 'fun_jax', 'polymorphic_shapes', 'with_gradient', 'native_serialization', 'enable_xla', 'native_serialization_platforms', 'native_serialization_strict_checks']
Prev Params: None
Prev Repair Action: None
Line No: 7
Prev Line No: 0
GitHub Candidates:
[]
KP:['experimental_native_lowering', 'fun_jax', 'polymorphic_shapes', 'with_gradient', 'native_serialization', 'enable_xla', 'native_serialization_platforms', 'native_serialization_strict_checks']
EXPP: ['experimental_native_lowering', 'fun_jax', 'polymorphic_shapes', 'with_gradient', 'native_serialization', 'enable_xla', 'native_serialization_platforms', 'native_serialization_strict_checks']
APIDoc Candidates:
[]
All Solution Candidates:
[]
[INFO] This case cannot be fixed!


real	0m2.601s
user	0m4.676s
sys	0m11.767s
