--- Running polars.any#2NN/anyNN, strategy: relancer
[ERR MSG]: OrderedDict([('project', 'polars.any#2NN'), ('notebook', 'anyNN'), ('text', '  File "anyNN.py", line 2, in <module>\n    pl.any(name=\'a\')\nTypeError: any() got an unexpected keyword argument \'name\'\n')])
  File "anyNN.py", line 2, in <module>
Error inducing API short name: any, line no: 2
Error inducing API fqn: polars.any, line no: 2
*** TypeError: PLACEHOLDER
Repair Action: arg_name
Key Params: ['name']
Prev Params: None
Prev Repair Action: None
Line No: 2
Prev Line No: 0
GitHub Candidates:
[]
KP:['name']
EXPP: ['name']
APIDoc Candidates:
[]
All Solution Candidates:
[]
[INFO] This case cannot be fixed!


real	0m0.386s
user	0m0.314s
sys	0m0.071s
