--- Running scipy.linalg.solve_banded#18NN/solve_bandedNN, strategy: relancer
[ERR MSG]: OrderedDict([('project', 'scipy.linalg.solve_banded#18NN'), ('notebook', 'solve_bandedNN'), ('text', '  File "solve_bandedNN.py", line 6, in <module>\n    result = solve_banded(l_and_u,  ab,  b,  False, overwrite_b=False, debug=None)\nTypeError: solve_banded() got an unexpected keyword argument \'debug\'\n')])
  File "solve_bandedNN.py", line 6, in <module>
Error inducing API short name: solve_banded, line no: 6
Error inducing API fqn: scipy.linalg.solve_banded, line no: 6
*** TypeError: PLACEHOLDER
Repair Action: arg_name
Key Params: ['IMPLICIT_0', 'IMPLICIT_1', 'IMPLICIT_2', 'IMPLICIT_3', 'overwrite_b', 'debug']
Prev Params: None
Prev Repair Action: None
Line No: 6
Prev Line No: 0
GitHub Candidates:
[]
KP:['IMPLICIT_0', 'IMPLICIT_1', 'IMPLICIT_2', 'IMPLICIT_3', 'overwrite_b', 'debug']
EXPP: ['IMPLICIT_0', 'IMPLICIT_1', 'IMPLICIT_2', 'IMPLICIT_3', 'overwrite_b', 'debug']
APIDoc Candidates:
[]
All Solution Candidates:
[]
[INFO] This case cannot be fixed!


real	0m0.570s
user	0m2.073s
sys	0m8.083s
