--- Running Index.copy#14NN/copyNN, strategy: relancer
[ERR MSG]: OrderedDict([('project', 'Index.copy#14NN'), ('notebook', 'copyNN'), ('text', '  File "copyNN.py", line 3, in <module>\n    index_copy = index.copy(None, deep=False, dtype=None, names=None)\nTypeError: copy() got an unexpected keyword argument \'dtype\'\n')])
  File "copyNN.py", line 3, in <module>
Error inducing API short name: copy, line no: 3
Error inducing API fqn: UNKNOWN, line no: 3
*** TypeError: PLACEHOLDER
Repair Action: arg_name
Key Params: []
Prev Params: None
Prev Repair Action: None
Line No: 3
Prev Line No: 0
GitHub Candidates:
[]
KP:[]
EXPP: []
APIDoc Candidates:
[]
All Solution Candidates:
[]
[INFO] This case cannot be fixed!


real	0m0.629s
user	0m1.715s
sys	0m6.059s
