--- Running DataFrame.describe#15NN/describeNN, strategy: relancer
[ERR MSG]: OrderedDict([('project', 'DataFrame.describe#15NN'), ('notebook', 'describeNN'), ('text', '  File "describeNN.py", line 3, in <module>\n    df.describe(percentiles=None, include=None, exclude=None, datetime_is_numeric=False)\nTypeError: describe() got an unexpected keyword argument \'datetime_is_numeric\'\n')])
  File "describeNN.py", line 3, in <module>
Error inducing API short name: describe, line no: 3
Error inducing API fqn: UNKNOWN, line no: 3
*** TypeError: PLACEHOLDER
Repair Action: arg_name
Key Params: []
Prev Params: None
Prev Repair Action: None
Line No: 3
Prev Line No: 0
GitHub Candidates:
[]
KP:[]
EXPP: []
APIDoc Candidates:
[]
All Solution Candidates:
[]
[INFO] This case cannot be fixed!


real	0m0.618s
user	0m1.582s
sys	0m4.682s
