--- Running scipy.stats.shapiro#4NN/shapiroNN, strategy: relancer
[ERR MSG]: OrderedDict([('project', 'scipy.stats.shapiro#4NN'), ('notebook', 'shapiroNN'), ('text', '  File "shapiroNN.py", line 3, in <module>\n    (statistic, p_value) = stats.shapiro(x, a=None)\nTypeError: shapiro() got an unexpected keyword argument \'a\'\n')])
  File "shapiroNN.py", line 3, in <module>
Error inducing API short name: , line no: 3
Error inducing API fqn: scipy.stats.shapiro, line no: 3
*** TypeError: PLACEHOLDER
Repair Action: arg_name
Key Params: ['IMPLICIT_0', 'a']
Prev Params: None
Prev Repair Action: None
Line No: 3
Prev Line No: 0
GitHub Candidates:
[]
KP:['IMPLICIT_0', 'a']
EXPP: ['IMPLICIT_0', 'a']
APIDoc Candidates:
[]
All Solution Candidates:
[]
[INFO] This case cannot be fixed!


real	0m0.629s
user	0m1.660s
sys	0m5.507s
