--- Running read_csv#188NN/read_csvNN, strategy: relancer
[ERR MSG]: OrderedDict([('project', 'read_csv#188NN'), ('notebook', 'read_csvNN'), ('text', '  File "read_csvNN.py", line 2, in <module>\n    pd.read_csv(delimiter=None, true_values=None, keep_default_na=True, skipfooter=0, chunksize=None, squeeze=None, parse_dates=None, filepath_or_buffer=\'/home/zhang/Packages/tensorflow_file/dev.csv\', dtype=None, names=None, dayfirst=False, nrows=None, decimal=\'.\', false_values=None, skipinitialspace=False, index_col=None, keep_date_col=False, date_parser=None, sep=\',\', infer_datetime_format=False, prefix=None, cache_dates=True, converters=None, na_values=None, lineterminator=None, iterator=False, thousands=None, mangle_dupe_cols=True, skip_blank_lines=True, usecols=None, na_filter=True, engine=None, verbose=False, skiprows=None, header=\'infer\', compression=\'infer\')\nTypeError: read_csv() got an unexpected keyword argument \'squeeze\'\n')])
  File "read_csvNN.py", line 2, in <module>
Error inducing API short name: read_csv, line no: 2
Error inducing API fqn: pandas.read_csv, line no: 2
*** TypeError: PLACEHOLDER
Repair Action: arg_name
Key Params: ['delimiter', 'true_values', 'keep_default_na', 'skipfooter', 'chunksize', 'squeeze', 'parse_dates', 'filepath_or_buffer', 'dtype', 'names', 'dayfirst', 'nrows', 'decimal', 'false_values', 'skipinitialspace', 'index_col', 'keep_date_col', 'date_parser', 'sep', 'infer_datetime_format', 'prefix', 'cache_dates', 'converters', 'na_values', 'lineterminator', 'iterator', 'thousands', 'mangle_dupe_cols', 'skip_blank_lines', 'usecols', 'na_filter', 'engine', 'verbose', 'skiprows', 'header', 'compression']
Prev Params: None
Prev Repair Action: None
Line No: 2
Prev Line No: 0
GitHub Candidates:
[]
KP:['delimiter', 'true_values', 'keep_default_na', 'skipfooter', 'chunksize', 'squeeze', 'parse_dates', 'filepath_or_buffer', 'dtype', 'names', 'dayfirst', 'nrows', 'decimal', 'false_values', 'skipinitialspace', 'index_col', 'keep_date_col', 'date_parser', 'sep', 'infer_datetime_format', 'prefix', 'cache_dates', 'converters', 'na_values', 'lineterminator', 'iterator', 'thousands', 'mangle_dupe_cols', 'skip_blank_lines', 'usecols', 'na_filter', 'engine', 'verbose', 'skiprows', 'header', 'compression']
EXPP: ['delimiter', 'true_values', 'keep_default_na', 'skipfooter', 'chunksize', 'squeeze', 'parse_dates', 'filepath_or_buffer', 'dtype', 'names', 'dayfirst', 'nrows', 'decimal', 'false_values', 'skipinitialspace', 'index_col', 'keep_date_col', 'date_parser', 'sep', 'infer_datetime_format', 'prefix', 'cache_dates', 'converters', 'na_values', 'lineterminator', 'iterator', 'thousands', 'mangle_dupe_cols', 'skip_blank_lines', 'usecols', 'na_filter', 'engine', 'verbose', 'skiprows', 'header', 'compression']
APIDoc Candidates:
[]
All Solution Candidates:
[]
[INFO] This case cannot be fixed!


real	0m0.618s
user	0m1.691s
sys	0m5.250s
