--- Running read_csv#78NN/read_csvNN, strategy: relancer
[ERR MSG]: OrderedDict([('project', 'read_csv#78NN'), ('notebook', 'read_csvNN'), ('text', '  File "read_csvNN.py", line 2, in <module>\n    pd.read_csv(\'/home/zhang/Packages/tensorflow_file/dev.csv\', false_values=None, index_col=None, names=None, squeeze=None, prefix=None, converters=None, keep_date_col=False, verbose=False, skipinitialspace=False, mangle_dupe_cols=True, skip_blank_lines=True, na_values=None, parse_dates=None, engine=None, skiprows=None, usecols=None, infer_datetime_format=False, keep_default_na=True, skipfooter=0, nrows=None, delimiter=None, true_values=None, sep=\',\', na_filter=True, header=\'infer\', date_parser=None, dtype=None)\nTypeError: read_csv() got an unexpected keyword argument \'squeeze\'\n')])
  File "read_csvNN.py", line 2, in <module>
Error inducing API short name: read_csv, line no: 2
Error inducing API fqn: pandas.read_csv, line no: 2
*** TypeError: PLACEHOLDER
Repair Action: arg_name
Key Params: ['IMPLICIT_0', 'false_values', 'index_col', 'names', 'squeeze', 'prefix', 'converters', 'keep_date_col', 'verbose', 'skipinitialspace', 'mangle_dupe_cols', 'skip_blank_lines', 'na_values', 'parse_dates', 'engine', 'skiprows', 'usecols', 'infer_datetime_format', 'keep_default_na', 'skipfooter', 'nrows', 'delimiter', 'true_values', 'sep', 'na_filter', 'header', 'date_parser', 'dtype']
Prev Params: None
Prev Repair Action: None
Line No: 2
Prev Line No: 0
GitHub Candidates:
[]
KP:['IMPLICIT_0', 'false_values', 'index_col', 'names', 'squeeze', 'prefix', 'converters', 'keep_date_col', 'verbose', 'skipinitialspace', 'mangle_dupe_cols', 'skip_blank_lines', 'na_values', 'parse_dates', 'engine', 'skiprows', 'usecols', 'infer_datetime_format', 'keep_default_na', 'skipfooter', 'nrows', 'delimiter', 'true_values', 'sep', 'na_filter', 'header', 'date_parser', 'dtype']
EXPP: ['IMPLICIT_0', 'false_values', 'index_col', 'names', 'squeeze', 'prefix', 'converters', 'keep_date_col', 'verbose', 'skipinitialspace', 'mangle_dupe_cols', 'skip_blank_lines', 'na_values', 'parse_dates', 'engine', 'skiprows', 'usecols', 'infer_datetime_format', 'keep_default_na', 'skipfooter', 'nrows', 'delimiter', 'true_values', 'sep', 'na_filter', 'header', 'date_parser', 'dtype']
APIDoc Candidates:
[]
All Solution Candidates:
[]
[INFO] This case cannot be fixed!


real	0m0.656s
user	0m1.754s
sys	0m5.308s
