--- Running Index.slice_locs#12NN/slice_locsNN, strategy: relancer
[ERR MSG]: OrderedDict([('project', 'Index.slice_locs#12NN'), ('notebook', 'slice_locsNN'), ('text', '  File "slice_locsNN.py", line 3, in <module>\n    idx.slice_locs(\'b\',  \'c\',  None, kind=None)\nTypeError: slice_locs() got an unexpected keyword argument \'kind\'\n')])
  File "slice_locsNN.py", line 3, in <module>
Error inducing API short name: slice_locs, line no: 3
Error inducing API fqn: UNKNOWN, line no: 3
*** TypeError: PLACEHOLDER
Repair Action: arg_name
Key Params: []
Prev Params: None
Prev Repair Action: None
Line No: 3
Prev Line No: 0
GitHub Candidates:
[]
KP:[]
EXPP: []
APIDoc Candidates:
[]
All Solution Candidates:
[]
[INFO] This case cannot be fixed!


real	0m0.604s
user	0m1.466s
sys	0m4.667s
