--- Running DataFrame.to_latex#163NN/to_latexNN, strategy: relancer
[ERR MSG]: OrderedDict([('project', 'DataFrame.to_latex#163NN'), ('notebook', 'to_latexNN'), ('text', '  File "to_latexNN.py", line 3, in <module>\n    print(df.to_latex(None,  None,  None,  True,  True,  \'NaN\',  None,  None, sparsify=None, index_names=True, bold_rows=False, column_format=None, longtable=None, escape=None, encoding=None, decimal=\'.\', multicolumn=None))\nTypeError: to_latex() got multiple values for argument \'sparsify\'\n')])
  File "to_latexNN.py", line 3, in <module>
Error inducing API short name: to_latex, line no: 3
Error inducing API fqn: UNKNOWN, line no: 3
*** TypeError: PLACEHOLDER
Repair Action: arg_name
Key Params: []
Prev Params: None
Prev Repair Action: None
Line No: 3
Prev Line No: 0
GitHub Candidates:
[]
KP:[]
EXPP: []
APIDoc Candidates:
[]
All Solution Candidates:
[]
[INFO] This case cannot be fixed!


real	0m0.593s
user	0m1.707s
sys	0m5.760s
