--- Running polars.DataFrame.fill_nan#2NN/fill_nanNN, strategy: relancer
[ERR MSG]: OrderedDict([('project', 'polars.DataFrame.fill_nan#2NN'), ('notebook', 'fill_nanNN'), ('text', '  File "fill_nanNN.py", line 3, in <module>\n    df.fill_nan(fill_value=99)\nTypeError: fill_nan() got an unexpected keyword argument \'fill_value\'\n')])
  File "fill_nanNN.py", line 3, in <module>
Error inducing API short name: fill_nan, line no: 3
Error inducing API fqn: UNKNOWN, line no: 3
*** TypeError: PLACEHOLDER
Repair Action: arg_name
Key Params: []
Prev Params: None
Prev Repair Action: None
Line No: 3
Prev Line No: 0
GitHub Candidates:
[]
KP:[]
EXPP: []
APIDoc Candidates:
[]
All Solution Candidates:
[]
[INFO] This case cannot be fixed!


real	0m0.383s
user	0m0.341s
sys	0m0.042s
