--- Running torch.btrifact#9NN/btrifactNN, strategy: relancer
[ERR MSG]: OrderedDict([('project', 'torch.btrifact#9NN'), ('notebook', 'btrifactNN'), ('text', '  File "btrifactNN.py", line 3, in <module>\n    (A_LU, pivots) = torch.btrifact(A=A, info=None, pivot=True)\nTypeError: btrifact() got an unexpected keyword argument \'info\'\n')])
  File "btrifactNN.py", line 3, in <module>
Error inducing API short name: , line no: 3
Error inducing API fqn: torch.btrifact, line no: 3
*** TypeError: PLACEHOLDER
Repair Action: arg_name
Key Params: ['A', 'info', 'pivot']
Prev Params: None
Prev Repair Action: None
Line No: 3
Prev Line No: 0
GitHub Candidates:
[]
KP:['A', 'info', 'pivot']
EXPP: ['A', 'info', 'pivot']
APIDoc Candidates:
[]
All Solution Candidates:
[]
[INFO] This case cannot be fixed!


real	0m0.675s
user	0m0.956s
sys	0m2.321s
