--- Running gensim.models.doc2vec.Doc2Vec.infer_vector#15NN/infer_vectorNN, strategy: relancer
[ERR MSG]: OrderedDict([('project', 'gensim.models.doc2vec.Doc2Vec.infer_vector#15NN'), ('notebook', 'infer_vectorNN'), ('text', '  File "infer_vectorNN.py", line 6, in <module>\n    vector = model.infer_vector(doc_words,  0.025,  0.0001,  1,  None)\nTypeError: infer_vector() takes from 2 to 5 positional arguments but 6 were given\n')])
  File "infer_vectorNN.py", line 6, in <module>
Error inducing API short name: infer_vector, line no: 6
Error inducing API fqn: UNKNOWN, line no: 6
*** TypeError: PLACEHOLDER
Repair Action: arg_name
Key Params: []
Prev Params: None
Prev Repair Action: None
Line No: 6
Prev Line No: 0
GitHub Candidates:
[]
KP:[]
EXPP: []
APIDoc Candidates:
[]
All Solution Candidates:
[]
[INFO] This case cannot be fixed!


real	0m1.073s
user	0m3.072s
sys	0m9.455s
