--- Running aiohttp.TCPConnector#28NN/TCPConnectorNN, strategy: relancer
[ERR MSG]: OrderedDict([('project', 'aiohttp.TCPConnector#28NN'), ('notebook', 'TCPConnectorNN'), ('text', '  File "TCPConnectorNN.py", line 14, in <module>\n    loop.run_until_complete(main())\n  File "/dataset/zhang/anaconda3/envs/Raiohttp3.0.0/lib/python3.6/asyncio/base_events.py", line 488, in run_until_complete\n    return future.result()\n  File "TCPConnectorNN.py", line 9, in main\n    connector = aiohttp.TCPConnector(use_dns_cache=True, keepalive_timeout=30, limit=100, force_close=False, ttl_dns_cache=10, verify_ssl=True, local_addr=None, fingerprint=None, family=0, limit_per_host=0, resolver=None, ssl_context=None, resolve=object())\nTypeError: __init__() got an unexpected keyword argument \'resolve\'\n')])
  File "TCPConnectorNN.py", line 14, in <module>
Error inducing API short name: run_until_complete, line no: 14
  File "TCPConnectorNN.py", line 9, in main
Error inducing API short name: TCPConnector, line no: 9
Error inducing API fqn: aiohttp.TCPConnector, line no: 9
*** TypeError: PLACEHOLDER
Repair Action: arg_name
Key Params: ['use_dns_cache', 'keepalive_timeout', 'limit', 'force_close', 'ttl_dns_cache', 'verify_ssl', 'local_addr', 'fingerprint', 'family', 'limit_per_host', 'resolver', 'ssl_context', 'resolve']
Prev Params: None
Prev Repair Action: None
Line No: 9
Prev Line No: 0
GitHub Candidates:
[]
KP:['use_dns_cache', 'keepalive_timeout', 'limit', 'force_close', 'ttl_dns_cache', 'verify_ssl', 'local_addr', 'fingerprint', 'family', 'limit_per_host', 'resolver', 'ssl_context', 'resolve']
EXPP: ['use_dns_cache', 'keepalive_timeout', 'limit', 'force_close', 'ttl_dns_cache', 'verify_ssl', 'local_addr', 'fingerprint', 'family', 'limit_per_host', 'resolver', 'ssl_context', 'resolve']
APIDoc Candidates:
[]
All Solution Candidates:
[]
[INFO] This case cannot be fixed!


real	0m0.540s
user	0m0.497s
sys	0m0.043s
