--- Running scipy.linalg.solve_triangular#27NN/solve_triangularNN, strategy: relancer
[ERR MSG]: OrderedDict([('project', 'scipy.linalg.solve_triangular#27NN'), ('notebook', 'solve_triangularNN'), ('text', '  File "solve_triangularNN.py", line 5, in <module>\n    x = solve_triangular(a,  b,  0,  True,  True,  True, debug=None)\nTypeError: solve_triangular() got an unexpected keyword argument \'debug\'\n')])
  File "solve_triangularNN.py", line 5, in <module>
Error inducing API short name: solve_triangular, line no: 5
Error inducing API fqn: scipy.linalg.solve_triangular, line no: 5
*** TypeError: PLACEHOLDER
Repair Action: arg_name
Key Params: ['IMPLICIT_0', 'IMPLICIT_1', 'IMPLICIT_2', 'IMPLICIT_3', 'IMPLICIT_4', 'IMPLICIT_5', 'debug']
Prev Params: None
Prev Repair Action: None
Line No: 5
Prev Line No: 0
GitHub Candidates:
[]
KP:['IMPLICIT_0', 'IMPLICIT_1', 'IMPLICIT_2', 'IMPLICIT_3', 'IMPLICIT_4', 'IMPLICIT_5', 'debug']
EXPP: ['IMPLICIT_0', 'IMPLICIT_1', 'IMPLICIT_2', 'IMPLICIT_3', 'IMPLICIT_4', 'IMPLICIT_5', 'debug']
APIDoc Candidates:
[]
All Solution Candidates:
[]
[INFO] This case cannot be fixed!


real	0m0.522s
user	0m1.879s
sys	0m7.088s
