--- Running closeness_vitality#8NN/closeness_vitalityNN, strategy: relancer
[ERR MSG]: OrderedDict([('project', 'closeness_vitality#8NN'), ('notebook', 'closeness_vitalityNN'), ('text', '  File "closeness_vitalityNN.py", line 4, in <module>\n    vitality = nx.closeness_vitality(G, v=None, weighted_edges=False)\nTypeError: closeness_vitality() got an unexpected keyword argument \'weighted_edges\'\n')])
  File "closeness_vitalityNN.py", line 4, in <module>
Error inducing API short name: closeness_vitality, line no: 4
Error inducing API fqn: networkx.closeness_vitality, line no: 4
*** TypeError: PLACEHOLDER
Repair Action: arg_name
Key Params: ['IMPLICIT_0', 'v', 'weighted_edges']
Prev Params: None
Prev Repair Action: None
Line No: 4
Prev Line No: 0
GitHub Candidates:
[]
KP:['IMPLICIT_0', 'v', 'weighted_edges']
EXPP: ['IMPLICIT_0', 'v', 'weighted_edges']
APIDoc Candidates:
[]
All Solution Candidates:
[]
[INFO] This case cannot be fixed!


real	0m0.364s
user	0m0.308s
sys	0m0.057s
