--- Running Series.where#45NN/whereNN, strategy: relancer
[ERR MSG]: OrderedDict([('project', 'Series.where#45NN'), ('notebook', 'whereNN'), ('text', '  File "whereNN.py", line 3, in <module>\n    s.where(other=False, errors=\'raise\', cond=s > 0)\nTypeError: where() got an unexpected keyword argument \'errors\'\n')])
  File "whereNN.py", line 3, in <module>
Error inducing API short name: where, line no: 3
Error inducing API fqn: UNKNOWN, line no: 3
*** TypeError: PLACEHOLDER
Repair Action: arg_name
Key Params: []
Prev Params: None
Prev Repair Action: None
Line No: 3
Prev Line No: 0
GitHub Candidates:
[]
KP:[]
EXPP: []
APIDoc Candidates:
[]
All Solution Candidates:
[]
[INFO] This case cannot be fixed!


real	0m0.580s
user	0m1.602s
sys	0m5.347s
