--- Running Table.add_column#39NN/add_columnNN, strategy: relancer
[ERR MSG]: OrderedDict([('project', 'Table.add_column#39NN'), ('notebook', 'add_columnNN'), ('text', '  File "add_columnNN.py", line 3, in <module>\n    table.add_column(\'\',  \'\',  None,  None,  None,  \'left\', overflow=\'ellipsis\', width=None)\nTypeError: add_column() takes from 1 to 3 positional arguments but 7 positional arguments (and 2 keyword-only arguments) were given\n')])
  File "add_columnNN.py", line 3, in <module>
Error inducing API short name: add_column, line no: 3
Error inducing API fqn: UNKNOWN, line no: 3
*** TypeError: PLACEHOLDER
Repair Action: arg_name
Key Params: []
Prev Params: None
Prev Repair Action: None
Line No: 3
Prev Line No: 0
GitHub Candidates:
[]
KP:[]
EXPP: []
APIDoc Candidates:
[]
All Solution Candidates:
[]
[INFO] This case cannot be fixed!


real	0m0.357s
user	0m0.320s
sys	0m0.031s
