--- Running gensim.models.fasttext.FastText#378NN/FastTextNN, strategy: relancer
[ERR MSG]: OrderedDict([('project', 'gensim.models.fasttext.FastText#378NN'), ('notebook', 'FastTextNN'), ('text', '  File "FastTextNN.py", line 2, in <module>\n    FastText(sentences=None, corpus_file=None, sg=0, hs=0, size=100, alpha=0.025, window=5, min_count=5, max_vocab_size=None, word_ngrams=1, sample=0.001, seed=1, workers=3, min_alpha=0.0001, negative=5, ns_exponent=0.75, cbow_mean=1, hashfxn=hash, iter=1, null_word=0, min_n=3, max_n=6, sorted_vocab=1, bucket=2000000, trim_rule=None, batch_words=10000)\nTypeError: __init__() got an unexpected keyword argument \'size\'\n')])
  File "FastTextNN.py", line 2, in <module>
Error inducing API short name: FastText, line no: 2
Error inducing API fqn: gensim.models.FastText, line no: 2
*** TypeError: PLACEHOLDER
Repair Action: arg_name
Key Params: ['sentences', 'corpus_file', 'sg', 'hs', 'size', 'alpha', 'window', 'min_count', 'max_vocab_size', 'word_ngrams', 'sample', 'seed', 'workers', 'min_alpha', 'negative', 'ns_exponent', 'cbow_mean', 'hashfxn', 'iter', 'null_word', 'min_n', 'max_n', 'sorted_vocab', 'bucket', 'trim_rule', 'batch_words']
Prev Params: None
Prev Repair Action: None
Line No: 2
Prev Line No: 0
GitHub Candidates:
[]
KP:['sentences', 'corpus_file', 'sg', 'hs', 'size', 'alpha', 'window', 'min_count', 'max_vocab_size', 'word_ngrams', 'sample', 'seed', 'workers', 'min_alpha', 'negative', 'ns_exponent', 'cbow_mean', 'hashfxn', 'iter', 'null_word', 'min_n', 'max_n', 'sorted_vocab', 'bucket', 'trim_rule', 'batch_words']
EXPP: ['sentences', 'corpus_file', 'sg', 'hs', 'size', 'alpha', 'window', 'min_count', 'max_vocab_size', 'word_ngrams', 'sample', 'seed', 'workers', 'min_alpha', 'negative', 'ns_exponent', 'cbow_mean', 'hashfxn', 'iter', 'null_word', 'min_n', 'max_n', 'sorted_vocab', 'bucket', 'trim_rule', 'batch_words']
APIDoc Candidates:
[]
All Solution Candidates:
[]
[INFO] This case cannot be fixed!


real	0m0.883s
user	0m2.774s
sys	0m10.281s
